[1.113s] DEBUG:colcon:Command line arguments: ['/usr/bin/colcon', 'build', '--symlink-install']
[1.113s] DEBUG:colcon:Parsed command line arguments: Namespace(log_base=None, log_level=None, verb_name='build', build_base='build', install_base='install', merge_install=False, symlink_install=True, test_result_base=None, continue_on_error=False, executor='parallel', parallel_workers=16, event_handlers=None, ignore_user_meta=False, metas=['./colcon.meta'], base_paths=['.'], packages_ignore=None, packages_ignore_regex=None, paths=None, packages_up_to=None, packages_up_to_regex=None, packages_above=None, packages_above_and_dependencies=None, packages_above_depth=None, packages_select_by_dep=None, packages_skip_by_dep=None, packages_skip_up_to=None, packages_select_build_failed=False, packages_skip_build_finished=False, packages_select_test_failures=False, packages_skip_test_passed=False, packages_select=None, packages_skip=None, packages_select_regex=None, packages_skip_regex=None, packages_start=None, packages_end=None, allow_overriding=[], cmake_args=None, cmake_target=None, cmake_target_skip_unavailable=False, cmake_clean_cache=False, cmake_clean_first=False, cmake_force_configure=False, ament_cmake_args=None, catkin_cmake_args=None, catkin_skip_building_tests=False, mixin_files=None, mixin=None, verb_parser=<colcon_mixin.mixin.mixin_argument.MixinArgumentDecorator object at 0x7f178bd4b320>, verb_extension=<colcon_core.verb.build.BuildVerb object at 0x7f178bd4a600>, main=<bound method BuildVerb.main of <colcon_core.verb.build.BuildVerb object at 0x7f178bd4a600>>, mixin_verb=('build',))
[1.151s] Level 1:colcon.colcon_core.package_discovery:discover_packages(colcon_meta) check parameters
[1.151s] Level 1:colcon.colcon_core.package_discovery:discover_packages(recursive) check parameters
[1.151s] Level 1:colcon.colcon_core.package_discovery:discover_packages(ignore) check parameters
[1.151s] Level 1:colcon.colcon_core.package_discovery:discover_packages(path) check parameters
[1.151s] Level 1:colcon.colcon_core.package_discovery:discover_packages(colcon_meta) discover
[1.151s] Level 1:colcon.colcon_core.package_discovery:discover_packages(recursive) discover
[1.151s] INFO:colcon.colcon_core.package_discovery:Crawling recursively for packages in '/home/golf1234_pc/manipurator_ws'
[1.151s] Level 1:colcon.colcon_core.package_identification:_identify(.) by extensions ['ignore', 'ignore_ament_install']
[1.151s] Level 1:colcon.colcon_core.package_identification:_identify(.) by extension 'ignore'
[1.151s] Level 1:colcon.colcon_core.package_identification:_identify(.) by extension 'ignore_ament_install'
[1.151s] Level 1:colcon.colcon_core.package_identification:_identify(.) by extensions ['colcon_pkg']
[1.151s] Level 1:colcon.colcon_core.package_identification:_identify(.) by extension 'colcon_pkg'
[1.151s] Level 1:colcon.colcon_core.package_identification:_identify(.) by extensions ['colcon_meta']
[1.151s] Level 1:colcon.colcon_core.package_identification:_identify(.) by extension 'colcon_meta'
[1.151s] Level 1:colcon.colcon_core.package_identification:_identify(.) by extensions ['ros']
[1.151s] Level 1:colcon.colcon_core.package_identification:_identify(.) by extension 'ros'
[1.177s] Level 1:colcon.colcon_core.package_identification:_identify(.) by extensions ['cmake', 'python']
[1.177s] Level 1:colcon.colcon_core.package_identification:_identify(.) by extension 'cmake'
[1.177s] Level 1:colcon.colcon_core.package_identification:_identify(.) by extension 'python'
[1.177s] Level 1:colcon.colcon_core.package_identification:_identify(.) by extensions ['python_setup_py']
[1.177s] Level 1:colcon.colcon_core.package_identification:_identify(.) by extension 'python_setup_py'
[1.178s] Level 1:colcon.colcon_core.package_identification:_identify(UI) by extensions ['ignore', 'ignore_ament_install']
[1.178s] Level 1:colcon.colcon_core.package_identification:_identify(UI) by extension 'ignore'
[1.178s] Level 1:colcon.colcon_core.package_identification:_identify(UI) by extension 'ignore_ament_install'
[1.178s] Level 1:colcon.colcon_core.package_identification:_identify(UI) by extensions ['colcon_pkg']
[1.178s] Level 1:colcon.colcon_core.package_identification:_identify(UI) by extension 'colcon_pkg'
[1.178s] Level 1:colcon.colcon_core.package_identification:_identify(UI) by extensions ['colcon_meta']
[1.178s] Level 1:colcon.colcon_core.package_identification:_identify(UI) by extension 'colcon_meta'
[1.178s] Level 1:colcon.colcon_core.package_identification:_identify(UI) by extensions ['ros']
[1.178s] Level 1:colcon.colcon_core.package_identification:_identify(UI) by extension 'ros'
[1.178s] Level 1:colcon.colcon_core.package_identification:_identify(UI) by extensions ['cmake', 'python']
[1.178s] Level 1:colcon.colcon_core.package_identification:_identify(UI) by extension 'cmake'
[1.178s] Level 1:colcon.colcon_core.package_identification:_identify(UI) by extension 'python'
[1.178s] Level 1:colcon.colcon_core.package_identification:_identify(UI) by extensions ['python_setup_py']
[1.178s] Level 1:colcon.colcon_core.package_identification:_identify(UI) by extension 'python_setup_py'
[1.178s] Level 1:colcon.colcon_core.package_identification:_identify(build) by extensions ['ignore', 'ignore_ament_install']
[1.178s] Level 1:colcon.colcon_core.package_identification:_identify(build) by extension 'ignore'
[1.178s] Level 1:colcon.colcon_core.package_identification:_identify(build) ignored
[1.179s] Level 1:colcon.colcon_core.package_identification:_identify(install) by extensions ['ignore', 'ignore_ament_install']
[1.179s] Level 1:colcon.colcon_core.package_identification:_identify(install) by extension 'ignore'
[1.179s] Level 1:colcon.colcon_core.package_identification:_identify(install) ignored
[1.179s] Level 1:colcon.colcon_core.package_identification:_identify(log) by extensions ['ignore', 'ignore_ament_install']
[1.179s] Level 1:colcon.colcon_core.package_identification:_identify(log) by extension 'ignore'
[1.179s] Level 1:colcon.colcon_core.package_identification:_identify(log) ignored
[1.179s] Level 1:colcon.colcon_core.package_identification:_identify(src) by extensions ['ignore', 'ignore_ament_install']
[1.179s] Level 1:colcon.colcon_core.package_identification:_identify(src) by extension 'ignore'
[1.179s] Level 1:colcon.colcon_core.package_identification:_identify(src) by extension 'ignore_ament_install'
[1.179s] Level 1:colcon.colcon_core.package_identification:_identify(src) by extensions ['colcon_pkg']
[1.179s] Level 1:colcon.colcon_core.package_identification:_identify(src) by extension 'colcon_pkg'
[1.179s] Level 1:colcon.colcon_core.package_identification:_identify(src) by extensions ['colcon_meta']
[1.179s] Level 1:colcon.colcon_core.package_identification:_identify(src) by extension 'colcon_meta'
[1.179s] Level 1:colcon.colcon_core.package_identification:_identify(src) by extensions ['ros']
[1.179s] Level 1:colcon.colcon_core.package_identification:_identify(src) by extension 'ros'
[1.179s] Level 1:colcon.colcon_core.package_identification:_identify(src) by extensions ['cmake', 'python']
[1.179s] Level 1:colcon.colcon_core.package_identification:_identify(src) by extension 'cmake'
[1.179s] Level 1:colcon.colcon_core.package_identification:_identify(src) by extension 'python'
[1.179s] Level 1:colcon.colcon_core.package_identification:_identify(src) by extensions ['python_setup_py']
[1.179s] Level 1:colcon.colcon_core.package_identification:_identify(src) by extension 'python_setup_py'
[1.180s] Level 1:colcon.colcon_core.package_identification:_identify(src/config1) by extensions ['ignore', 'ignore_ament_install']
[1.180s] Level 1:colcon.colcon_core.package_identification:_identify(src/config1) by extension 'ignore'
[1.180s] Level 1:colcon.colcon_core.package_identification:_identify(src/config1) by extension 'ignore_ament_install'
[1.180s] Level 1:colcon.colcon_core.package_identification:_identify(src/config1) by extensions ['colcon_pkg']
[1.180s] Level 1:colcon.colcon_core.package_identification:_identify(src/config1) by extension 'colcon_pkg'
[1.180s] Level 1:colcon.colcon_core.package_identification:_identify(src/config1) by extensions ['colcon_meta']
[1.180s] Level 1:colcon.colcon_core.package_identification:_identify(src/config1) by extension 'colcon_meta'
[1.180s] Level 1:colcon.colcon_core.package_identification:_identify(src/config1) by extensions ['ros']
[1.180s] Level 1:colcon.colcon_core.package_identification:_identify(src/config1) by extension 'ros'
[1.183s] DEBUG:colcon.colcon_core.package_identification:Package 'src/config1' with type 'ros.ament_cmake' and name 'config1'
[1.183s] Level 1:colcon.colcon_core.package_identification:_identify(src/mtc_config1) by extensions ['ignore', 'ignore_ament_install']
[1.183s] Level 1:colcon.colcon_core.package_identification:_identify(src/mtc_config1) by extension 'ignore'
[1.183s] Level 1:colcon.colcon_core.package_identification:_identify(src/mtc_config1) by extension 'ignore_ament_install'
[1.183s] Level 1:colcon.colcon_core.package_identification:_identify(src/mtc_config1) by extensions ['colcon_pkg']
[1.183s] Level 1:colcon.colcon_core.package_identification:_identify(src/mtc_config1) by extension 'colcon_pkg'
[1.183s] Level 1:colcon.colcon_core.package_identification:_identify(src/mtc_config1) by extensions ['colcon_meta']
[1.183s] Level 1:colcon.colcon_core.package_identification:_identify(src/mtc_config1) by extension 'colcon_meta'
[1.183s] Level 1:colcon.colcon_core.package_identification:_identify(src/mtc_config1) by extensions ['ros']
[1.183s] Level 1:colcon.colcon_core.package_identification:_identify(src/mtc_config1) by extension 'ros'
[1.184s] DEBUG:colcon.colcon_core.package_identification:Package 'src/mtc_config1' with type 'ros.ament_cmake' and name 'mtc_config1'
[1.184s] Level 1:colcon.colcon_core.package_identification:_identify(src/urdf1) by extensions ['ignore', 'ignore_ament_install']
[1.184s] Level 1:colcon.colcon_core.package_identification:_identify(src/urdf1) by extension 'ignore'
[1.184s] Level 1:colcon.colcon_core.package_identification:_identify(src/urdf1) by extension 'ignore_ament_install'
[1.184s] Level 1:colcon.colcon_core.package_identification:_identify(src/urdf1) by extensions ['colcon_pkg']
[1.184s] Level 1:colcon.colcon_core.package_identification:_identify(src/urdf1) by extension 'colcon_pkg'
[1.184s] Level 1:colcon.colcon_core.package_identification:_identify(src/urdf1) by extensions ['colcon_meta']
[1.184s] Level 1:colcon.colcon_core.package_identification:_identify(src/urdf1) by extension 'colcon_meta'
[1.184s] Level 1:colcon.colcon_core.package_identification:_identify(src/urdf1) by extensions ['ros']
[1.184s] Level 1:colcon.colcon_core.package_identification:_identify(src/urdf1) by extension 'ros'
[1.185s] DEBUG:colcon.colcon_core.package_identification:Package 'src/urdf1' with type 'ros.ament_cmake' and name 'urdf1'
[1.185s] Level 1:colcon.colcon_core.package_discovery:discover_packages(recursive) using defaults
[1.185s] Level 1:colcon.colcon_core.package_discovery:discover_packages(ignore) discover
[1.185s] Level 1:colcon.colcon_core.package_discovery:discover_packages(ignore) using defaults
[1.185s] Level 1:colcon.colcon_core.package_discovery:discover_packages(path) discover
[1.185s] Level 1:colcon.colcon_core.package_discovery:discover_packages(path) using defaults
[1.202s] Level 1:colcon.colcon_core.package_discovery:discover_packages(prefix_path) check parameters
[1.202s] Level 1:colcon.colcon_core.package_discovery:discover_packages(prefix_path) discover
[1.208s] DEBUG:colcon.colcon_installed_package_information.package_discovery:Found 3 installed packages in /home/golf1234_pc/manipurator_ws/install
[1.209s] DEBUG:colcon.colcon_installed_package_information.package_discovery:Found 73 installed packages in /home/golf1234_pc/ws_moveit/install
[1.211s] DEBUG:colcon.colcon_installed_package_information.package_discovery:Found 33 installed packages in /home/golf1234_pc/project1_ws/install
[1.211s] DEBUG:colcon.colcon_installed_package_information.package_discovery:Found 2 installed packages in /home/golf1234_pc/test1_ws/install
[1.211s] DEBUG:colcon.colcon_installed_package_information.package_discovery:Found 4 installed packages in /home/golf1234_pc/moveit2_obb/install
[1.213s] DEBUG:colcon.colcon_installed_package_information.package_discovery:Found 418 installed packages in /opt/ros/jazzy
[1.215s] Level 1:colcon.colcon_core.package_discovery:discover_packages(prefix_path) using defaults
[1.298s] Level 5:colcon.colcon_core.verb:set package 'mtc_config1' build argument 'cmake_args' from command line to 'None'
[1.298s] Level 5:colcon.colcon_core.verb:set package 'mtc_config1' build argument 'cmake_target' from command line to 'None'
[1.298s] Level 5:colcon.colcon_core.verb:set package 'mtc_config1' build argument 'cmake_target_skip_unavailable' from command line to 'False'
[1.298s] Level 5:colcon.colcon_core.verb:set package 'mtc_config1' build argument 'cmake_clean_cache' from command line to 'False'
[1.298s] Level 5:colcon.colcon_core.verb:set package 'mtc_config1' build argument 'cmake_clean_first' from command line to 'False'
[1.298s] Level 5:colcon.colcon_core.verb:set package 'mtc_config1' build argument 'cmake_force_configure' from command line to 'False'
[1.298s] Level 5:colcon.colcon_core.verb:set package 'mtc_config1' build argument 'ament_cmake_args' from command line to 'None'
[1.298s] Level 5:colcon.colcon_core.verb:set package 'mtc_config1' build argument 'catkin_cmake_args' from command line to 'None'
[1.298s] Level 5:colcon.colcon_core.verb:set package 'mtc_config1' build argument 'catkin_skip_building_tests' from command line to 'False'
[1.298s] DEBUG:colcon.colcon_core.verb:Building package 'mtc_config1' with the following arguments: {'ament_cmake_args': None, 'build_base': '/home/golf1234_pc/manipurator_ws/build/mtc_config1', 'catkin_cmake_args': None, 'catkin_skip_building_tests': False, 'cmake_args': None, 'cmake_clean_cache': False, 'cmake_clean_first': False, 'cmake_force_configure': False, 'cmake_target': None, 'cmake_target_skip_unavailable': False, 'install_base': '/home/golf1234_pc/manipurator_ws/install/mtc_config1', 'merge_install': False, 'path': '/home/golf1234_pc/manipurator_ws/src/mtc_config1', 'symlink_install': True, 'test_result_base': None}
[1.299s] Level 5:colcon.colcon_core.verb:set package 'urdf1' build argument 'cmake_args' from command line to 'None'
[1.299s] Level 5:colcon.colcon_core.verb:set package 'urdf1' build argument 'cmake_target' from command line to 'None'
[1.299s] Level 5:colcon.colcon_core.verb:set package 'urdf1' build argument 'cmake_target_skip_unavailable' from command line to 'False'
[1.299s] Level 5:colcon.colcon_core.verb:set package 'urdf1' build argument 'cmake_clean_cache' from command line to 'False'
[1.299s] Level 5:colcon.colcon_core.verb:set package 'urdf1' build argument 'cmake_clean_first' from command line to 'False'
[1.299s] Level 5:colcon.colcon_core.verb:set package 'urdf1' build argument 'cmake_force_configure' from command line to 'False'
[1.299s] Level 5:colcon.colcon_core.verb:set package 'urdf1' build argument 'ament_cmake_args' from command line to 'None'
[1.299s] Level 5:colcon.colcon_core.verb:set package 'urdf1' build argument 'catkin_cmake_args' from command line to 'None'
[1.299s] Level 5:colcon.colcon_core.verb:set package 'urdf1' build argument 'catkin_skip_building_tests' from command line to 'False'
[1.299s] DEBUG:colcon.colcon_core.verb:Building package 'urdf1' with the following arguments: {'ament_cmake_args': None, 'build_base': '/home/golf1234_pc/manipurator_ws/build/urdf1', 'catkin_cmake_args': None, 'catkin_skip_building_tests': False, 'cmake_args': None, 'cmake_clean_cache': False, 'cmake_clean_first': False, 'cmake_force_configure': False, 'cmake_target': None, 'cmake_target_skip_unavailable': False, 'install_base': '/home/golf1234_pc/manipurator_ws/install/urdf1', 'merge_install': False, 'path': '/home/golf1234_pc/manipurator_ws/src/urdf1', 'symlink_install': True, 'test_result_base': None}
[1.300s] Level 5:colcon.colcon_core.verb:set package 'config1' build argument 'cmake_args' from command line to 'None'
[1.300s] Level 5:colcon.colcon_core.verb:set package 'config1' build argument 'cmake_target' from command line to 'None'
[1.300s] Level 5:colcon.colcon_core.verb:set package 'config1' build argument 'cmake_target_skip_unavailable' from command line to 'False'
[1.300s] Level 5:colcon.colcon_core.verb:set package 'config1' build argument 'cmake_clean_cache' from command line to 'False'
[1.300s] Level 5:colcon.colcon_core.verb:set package 'config1' build argument 'cmake_clean_first' from command line to 'False'
[1.300s] Level 5:colcon.colcon_core.verb:set package 'config1' build argument 'cmake_force_configure' from command line to 'False'
[1.300s] Level 5:colcon.colcon_core.verb:set package 'config1' build argument 'ament_cmake_args' from command line to 'None'
[1.300s] Level 5:colcon.colcon_core.verb:set package 'config1' build argument 'catkin_cmake_args' from command line to 'None'
[1.300s] Level 5:colcon.colcon_core.verb:set package 'config1' build argument 'catkin_skip_building_tests' from command line to 'False'
[1.300s] DEBUG:colcon.colcon_core.verb:Building package 'config1' with the following arguments: {'ament_cmake_args': None, 'build_base': '/home/golf1234_pc/manipurator_ws/build/config1', 'catkin_cmake_args': None, 'catkin_skip_building_tests': False, 'cmake_args': None, 'cmake_clean_cache': False, 'cmake_clean_first': False, 'cmake_force_configure': False, 'cmake_target': None, 'cmake_target_skip_unavailable': False, 'install_base': '/home/golf1234_pc/manipurator_ws/install/config1', 'merge_install': False, 'path': '/home/golf1234_pc/manipurator_ws/src/config1', 'symlink_install': True, 'test_result_base': None}
[1.300s] INFO:colcon.colcon_core.executor:Executing jobs using 'parallel' executor
[1.301s] DEBUG:colcon.colcon_parallel_executor.executor.parallel:run_until_complete
[1.302s] INFO:colcon.colcon_ros.task.ament_cmake.build:Building ROS package in '/home/golf1234_pc/manipurator_ws/src/urdf1' with build type 'ament_cmake'
[1.302s] INFO:colcon.colcon_cmake.task.cmake.build:Building CMake package in '/home/golf1234_pc/manipurator_ws/src/urdf1'
[1.304s] INFO:colcon.colcon_core.plugin_system:Skipping extension 'colcon_core.shell.bat': Not used on non-Windows systems
[1.304s] INFO:colcon.colcon_core.shell:Skip shell extension 'powershell' for command environment: Not usable outside of PowerShell
[1.304s] DEBUG:colcon.colcon_core.shell:Skip shell extension 'dsv' for command environment
[1.315s] INFO:colcon.colcon_ros.task.ament_cmake.build:Building ROS package in '/home/golf1234_pc/manipurator_ws/src/mtc_config1' with build type 'ament_cmake'
[1.315s] INFO:colcon.colcon_cmake.task.cmake.build:Building CMake package in '/home/golf1234_pc/manipurator_ws/src/mtc_config1'
[1.316s] INFO:colcon.colcon_core.shell:Skip shell extension 'powershell' for command environment: Not usable outside of PowerShell
[1.316s] DEBUG:colcon.colcon_core.shell:Skip shell extension 'dsv' for command environment
[1.333s] DEBUG:colcon.colcon_core.event_handler.log_command:Invoking command in '/home/golf1234_pc/manipurator_ws/build/urdf1': CMAKE_PREFIX_PATH=${CMAKE_PREFIX_PATH}:/home/golf1234_pc/ws_moveit/install/moveit_configs_utils:/home/golf1234_pc/project1_ws/install/server_controllers:/home/golf1234_pc/project1_ws/install/mobile_manipurator:/home/golf1234_pc/project1_ws/install/camera2_ros:/home/golf1234_pc/test1_ws/install/test1:/opt/ros/jazzy DEBUGINFOD_URLS=https://debuginfod.ubuntu.com /usr/bin/cmake --build /home/golf1234_pc/manipurator_ws/build/urdf1 -- -j16 -l16
[1.340s] DEBUG:colcon.colcon_core.event_handler.log_command:Invoking command in '/home/golf1234_pc/manipurator_ws/build/mtc_config1': CMAKE_PREFIX_PATH=${CMAKE_PREFIX_PATH}:/home/golf1234_pc/ws_moveit/install/moveit_configs_utils:/home/golf1234_pc/project1_ws/install/server_controllers:/home/golf1234_pc/project1_ws/install/mobile_manipurator:/home/golf1234_pc/project1_ws/install/camera2_ros:/home/golf1234_pc/test1_ws/install/test1:/opt/ros/jazzy DEBUGINFOD_URLS=https://debuginfod.ubuntu.com /usr/bin/cmake --build /home/golf1234_pc/manipurator_ws/build/mtc_config1 -- -j16 -l16
[1.395s] DEBUG:colcon.colcon_core.event_handler.log_command:Invoked command in '/home/golf1234_pc/manipurator_ws/build/urdf1' returned '0': CMAKE_PREFIX_PATH=${CMAKE_PREFIX_PATH}:/home/golf1234_pc/ws_moveit/install/moveit_configs_utils:/home/golf1234_pc/project1_ws/install/server_controllers:/home/golf1234_pc/project1_ws/install/mobile_manipurator:/home/golf1234_pc/project1_ws/install/camera2_ros:/home/golf1234_pc/test1_ws/install/test1:/opt/ros/jazzy DEBUGINFOD_URLS=https://debuginfod.ubuntu.com /usr/bin/cmake --build /home/golf1234_pc/manipurator_ws/build/urdf1 -- -j16 -l16
[1.412s] DEBUG:colcon.colcon_core.event_handler.log_command:Invoking command in '/home/golf1234_pc/manipurator_ws/build/urdf1': CMAKE_PREFIX_PATH=${CMAKE_PREFIX_PATH}:/home/golf1234_pc/ws_moveit/install/moveit_configs_utils:/home/golf1234_pc/project1_ws/install/server_controllers:/home/golf1234_pc/project1_ws/install/mobile_manipurator:/home/golf1234_pc/project1_ws/install/camera2_ros:/home/golf1234_pc/test1_ws/install/test1:/opt/ros/jazzy DEBUGINFOD_URLS=https://debuginfod.ubuntu.com /usr/bin/cmake --install /home/golf1234_pc/manipurator_ws/build/urdf1
[1.449s] Level 1:colcon.colcon_core.environment:create_environment_scripts_only(urdf1)
[1.449s] DEBUG:colcon.colcon_core.event_handler.log_command:Invoked command in '/home/golf1234_pc/manipurator_ws/build/urdf1' returned '0': CMAKE_PREFIX_PATH=${CMAKE_PREFIX_PATH}:/home/golf1234_pc/ws_moveit/install/moveit_configs_utils:/home/golf1234_pc/project1_ws/install/server_controllers:/home/golf1234_pc/project1_ws/install/mobile_manipurator:/home/golf1234_pc/project1_ws/install/camera2_ros:/home/golf1234_pc/test1_ws/install/test1:/opt/ros/jazzy DEBUGINFOD_URLS=https://debuginfod.ubuntu.com /usr/bin/cmake --install /home/golf1234_pc/manipurator_ws/build/urdf1
[1.451s] Level 1:colcon.colcon_core.environment:checking '/home/golf1234_pc/manipurator_ws/install/urdf1' for CMake module files
[1.452s] Level 1:colcon.colcon_core.environment:checking '/home/golf1234_pc/manipurator_ws/install/urdf1' for CMake config files
[1.452s] Level 1:colcon.colcon_core.shell:create_environment_hook('urdf1', 'cmake_prefix_path')
[1.452s] INFO:colcon.colcon_core.shell:Creating environment hook '/home/golf1234_pc/manipurator_ws/install/urdf1/share/urdf1/hook/cmake_prefix_path.ps1'
[1.453s] INFO:colcon.colcon_core.shell:Creating environment descriptor '/home/golf1234_pc/manipurator_ws/install/urdf1/share/urdf1/hook/cmake_prefix_path.dsv'
[1.453s] INFO:colcon.colcon_core.shell:Creating environment hook '/home/golf1234_pc/manipurator_ws/install/urdf1/share/urdf1/hook/cmake_prefix_path.sh'
[1.454s] Level 1:colcon.colcon_core.environment:checking '/home/golf1234_pc/manipurator_ws/install/urdf1/bin'
[1.454s] Level 1:colcon.colcon_core.environment:checking '/home/golf1234_pc/manipurator_ws/install/urdf1/lib/pkgconfig/urdf1.pc'
[1.454s] Level 1:colcon.colcon_core.environment:checking '/home/golf1234_pc/manipurator_ws/install/urdf1/lib/python3.12/site-packages'
[1.454s] Level 1:colcon.colcon_core.environment:checking '/home/golf1234_pc/manipurator_ws/install/urdf1/bin'
[1.454s] INFO:colcon.colcon_core.shell:Creating package script '/home/golf1234_pc/manipurator_ws/install/urdf1/share/urdf1/package.ps1'
[1.455s] INFO:colcon.colcon_core.shell:Creating package descriptor '/home/golf1234_pc/manipurator_ws/install/urdf1/share/urdf1/package.dsv'
[1.455s] INFO:colcon.colcon_core.shell:Creating package script '/home/golf1234_pc/manipurator_ws/install/urdf1/share/urdf1/package.sh'
[1.456s] INFO:colcon.colcon_core.shell:Creating package script '/home/golf1234_pc/manipurator_ws/install/urdf1/share/urdf1/package.bash'
[1.456s] INFO:colcon.colcon_core.shell:Creating package script '/home/golf1234_pc/manipurator_ws/install/urdf1/share/urdf1/package.zsh'
[1.457s] Level 1:colcon.colcon_core.environment:create_file_with_runtime_dependencies(/home/golf1234_pc/manipurator_ws/install/urdf1/share/colcon-core/packages/urdf1)
[1.458s] Level 1:colcon.colcon_core.environment:create_environment_scripts_only(urdf1)
[1.458s] Level 1:colcon.colcon_core.environment:checking '/home/golf1234_pc/manipurator_ws/install/urdf1' for CMake module files
[1.458s] Level 1:colcon.colcon_core.environment:checking '/home/golf1234_pc/manipurator_ws/install/urdf1' for CMake config files
[1.458s] Level 1:colcon.colcon_core.shell:create_environment_hook('urdf1', 'cmake_prefix_path')
[1.459s] INFO:colcon.colcon_core.shell:Creating environment hook '/home/golf1234_pc/manipurator_ws/install/urdf1/share/urdf1/hook/cmake_prefix_path.ps1'
[1.459s] INFO:colcon.colcon_core.shell:Creating environment descriptor '/home/golf1234_pc/manipurator_ws/install/urdf1/share/urdf1/hook/cmake_prefix_path.dsv'
[1.459s] INFO:colcon.colcon_core.shell:Creating environment hook '/home/golf1234_pc/manipurator_ws/install/urdf1/share/urdf1/hook/cmake_prefix_path.sh'
[1.460s] Level 1:colcon.colcon_core.environment:checking '/home/golf1234_pc/manipurator_ws/install/urdf1/bin'
[1.460s] Level 1:colcon.colcon_core.environment:checking '/home/golf1234_pc/manipurator_ws/install/urdf1/lib/pkgconfig/urdf1.pc'
[1.460s] Level 1:colcon.colcon_core.environment:checking '/home/golf1234_pc/manipurator_ws/install/urdf1/lib/python3.12/site-packages'
[1.460s] Level 1:colcon.colcon_core.environment:checking '/home/golf1234_pc/manipurator_ws/install/urdf1/bin'
[1.461s] INFO:colcon.colcon_core.shell:Creating package script '/home/golf1234_pc/manipurator_ws/install/urdf1/share/urdf1/package.ps1'
[1.461s] INFO:colcon.colcon_core.shell:Creating package descriptor '/home/golf1234_pc/manipurator_ws/install/urdf1/share/urdf1/package.dsv'
[1.462s] INFO:colcon.colcon_core.shell:Creating package script '/home/golf1234_pc/manipurator_ws/install/urdf1/share/urdf1/package.sh'
[1.462s] INFO:colcon.colcon_core.shell:Creating package script '/home/golf1234_pc/manipurator_ws/install/urdf1/share/urdf1/package.bash'
[1.462s] INFO:colcon.colcon_core.shell:Creating package script '/home/golf1234_pc/manipurator_ws/install/urdf1/share/urdf1/package.zsh'
[1.463s] Level 1:colcon.colcon_core.environment:create_file_with_runtime_dependencies(/home/golf1234_pc/manipurator_ws/install/urdf1/share/colcon-core/packages/urdf1)
[1.463s] INFO:colcon.colcon_ros.task.ament_cmake.build:Building ROS package in '/home/golf1234_pc/manipurator_ws/src/config1' with build type 'ament_cmake'
[1.463s] INFO:colcon.colcon_cmake.task.cmake.build:Building CMake package in '/home/golf1234_pc/manipurator_ws/src/config1'
[1.463s] INFO:colcon.colcon_core.shell:Skip shell extension 'powershell' for command environment: Not usable outside of PowerShell
[1.463s] DEBUG:colcon.colcon_core.shell:Skip shell extension 'dsv' for command environment
[1.528s] DEBUG:colcon.colcon_core.event_handler.log_command:Invoking command in '/home/golf1234_pc/manipurator_ws/build/config1': CMAKE_PREFIX_PATH=/home/golf1234_pc/manipurator_ws/install/urdf1:/home/golf1234_pc/manipurator_ws/install/config1:/home/golf1234_pc/manipurator_ws/install/mtc_config1:/home/golf1234_pc/moveit2_obb/install/yolov8_obb:/home/golf1234_pc/moveit2_obb/install/yolov8_msgs:/home/golf1234_pc/moveit2_obb/install/robot_description:/home/golf1234_pc/moveit2_obb/install/panda_moveit_config:/home/golf1234_pc/ws_moveit/install/robotiq_hardware_tests:/home/golf1234_pc/ws_moveit/install/robotiq_driver:/home/golf1234_pc/ws_moveit/install/serial:/home/golf1234_pc/ws_moveit/install/moveit2_tutorials:/home/golf1234_pc/ws_moveit/install/moveit_visual_tools:/home/golf1234_pc/ws_moveit/install/rviz_visual_tools:/home/golf1234_pc/ws_moveit/install/mtc_tutorial:/home/golf1234_pc/ws_moveit/install/moveit_task_constructor_visualization:/home/golf1234_pc/ws_moveit/install/moveit_task_constructor_demo:/home/golf1234_pc/ws_moveit/install/moveit_task_constructor_capabilities:/home/golf1234_pc/ws_moveit/install/moveit_task_constructor_core:/home/golf1234_pc/ws_moveit/install/rviz_marker_tools:/home/golf1234_pc/ws_moveit/install/kortex_bringup:/home/golf1234_pc/ws_moveit/install/kinova_gen3_lite_moveit_config:/home/golf1234_pc/ws_moveit/install/kinova_gen3_7dof_robotiq_2f_85_moveit_config:/home/golf1234_pc/ws_moveit/install/kinova_gen3_6dof_robotiq_2f_85_moveit_config:/home/golf1234_pc/ws_moveit/install/kortex_description:/home/golf1234_pc/ws_moveit/install/robotiq_description:/home/golf1234_pc/ws_moveit/install/robotiq_controllers:/home/golf1234_pc/ws_moveit/install/pilz_industrial_motion_planner_testutils:/home/golf1234_pc/ws_moveit/install/moveit_runtime:/home/golf1234_pc/ws_moveit/install/moveit:/home/golf1234_pc/ws_moveit/install/moveit_planners:/home/golf1234_pc/ws_moveit/install/pilz_industrial_motion_planner:/home/golf1234_pc/ws_moveit/install/picknik_twist_controller:/home/golf1234_pc/ws_moveit/install/picknik_reset_fault_controller:/home/golf1234_pc/ws_moveit/install/moveit_task_constructor_msgs:/home/golf1234_pc/ws_moveit/install/moveit_ros_control_interface:/home/golf1234_pc/ws_moveit/install/moveit_plugins:/home/golf1234_pc/ws_moveit/install/moveit_simple_controller_manager:/home/golf1234_pc/ws_moveit/install/moveit_setup_assistant:/home/golf1234_pc/ws_moveit/install/moveit_setup_srdf_plugins:/home/golf1234_pc/ws_moveit/install/moveit_setup_core_plugins:/home/golf1234_pc/ws_moveit/install/moveit_setup_controllers:/home/golf1234_pc/ws_moveit/install/moveit_setup_app_plugins:/home/golf1234_pc/ws_moveit/install/moveit_setup_framework:/home/golf1234_pc/ws_moveit/install/moveit_servo:/home/golf1234_pc/ws_moveit/install/moveit_ros_trajectory_cache:/home/golf1234_pc/ws_moveit/install/moveit_ros:/home/golf1234_pc/ws_moveit/install/moveit_ros_visualization:/home/golf1234_pc/ws_moveit/install/moveit_py:/home/golf1234_pc/ws_moveit/install/moveit_hybrid_planning:/home/golf1234_pc/ws_moveit/install/moveit_ros_planning_interface:/home/golf1234_pc/ws_moveit/install/moveit_ros_benchmarks:/home/golf1234_pc/ws_moveit/install/moveit_ros_warehouse:/home/golf1234_pc/ws_moveit/install/moveit_ros_robot_interaction:/home/golf1234_pc/ws_moveit/install/moveit_ros_perception:/home/golf1234_pc/ws_moveit/install/moveit_resources_prbt_pg70_support:/home/golf1234_pc/ws_moveit/install/moveit_resources_prbt_moveit_config:/home/golf1234_pc/ws_moveit/install/moveit_ros_move_group:/home/golf1234_pc/ws_moveit/install/moveit_planners_ompl:/home/golf1234_pc/ws_moveit/install/moveit_kinematics:/home/golf1234_pc/ws_moveit/install/moveit_ros_planning:/home/golf1234_pc/ws_moveit/install/moveit_ros_occupancy_map_monitor:/home/golf1234_pc/ws_moveit/install/moveit_resources_prbt_support:/home/golf1234_pc/ws_moveit/install/moveit_resources_prbt_ikfast_manipulator_plugin:/home/golf1234_pc/ws_moveit/install/moveit_resources:/home/golf1234_pc/ws_moveit/install/moveit_resources_pr2_description:/home/golf1234_pc/ws_moveit/install/moveit_resources_panda_moveit_config:/home/golf1234_pc/ws_moveit/install/dual_arm_panda_moveit_config:/home/golf1234_pc/ws_moveit/install/moveit_resources_panda_description:/home/golf1234_pc/ws_moveit/install/moveit_resources_fanuc_moveit_config:/home/golf1234_pc/ws_moveit/install/moveit_resources_fanuc_description:/home/golf1234_pc/ws_moveit/install/moveit_planners_stomp:/home/golf1234_pc/ws_moveit/install/moveit_planners_chomp:/home/golf1234_pc/ws_moveit/install/chomp_motion_planner:/home/golf1234_pc/ws_moveit/install/moveit_core:/home/golf1234_pc/ws_moveit/install/moveit_msgs:/home/golf1234_pc/ws_moveit/install/moveit_common:/home/golf1234_pc/ws_moveit/install/kortex_driver:/home/golf1234_pc/ws_moveit/install/kortex_api:/home/golf1234_pc/project1_ws/install/project_assem_urdf_meshes:/home/golf1234_pc/project1_ws/install/p9_config:/home/golf1234_pc/project1_ws/install/p8_config:/home/golf1234_pc/project1_ws/install/p7_config:/home/golf1234_pc/project1_ws/install/p6_config:/home/golf1234_pc/project1_ws/install/p5_config:/home/golf1234_pc/project1_ws/install/p4_config:/home/golf1234_pc/project1_ws/install/p3_config:/home/golf1234_pc/project1_ws/install/p2_config:/home/golf1234_pc/project1_ws/install/p1_config:/home/golf1234_pc/project1_ws/install/p18_config:/home/golf1234_pc/project1_ws/install/p17_config:/home/golf1234_pc/project1_ws/install/p15_config:/home/golf1234_pc/project1_ws/install/p14_config:/home/golf1234_pc/project1_ws/install/p13_config:/home/golf1234_pc/project1_ws/install/p12_config:/home/golf1234_pc/project1_ws/install/p11_config:/home/golf1234_pc/project1_ws/install/p10_config:/home/golf1234_pc/project1_ws/install/mtc_p18_real:/home/golf1234_pc/project1_ws/install/mtc_p18_config:/home/golf1234_pc/project1_ws/install/mtc_p17_config:/home/golf1234_pc/project1_ws/install/mtc_p14_config:/home/golf1234_pc/project1_ws/install/for_test:/home/golf1234_pc/project1_ws/install/ffinall:/home/golf1234_pc/project1_ws/install/f2:/home/golf1234_pc/project1_ws/install/f17:/home/golf1234_pc/project1_ws/install/f16:/home/golf1234_pc/project1_ws/install/f15:/home/golf1234_pc/project1_ws/install/f10:/home/golf1234_pc/project1_ws/install/car1:/home/golf1234_pc/test1_ws/install/cpp_pubsub:/opt/ros/jazzy/opt/gz_sim_vendor:/opt/ros/jazzy/opt/gz_sensors_vendor:/opt/ros/jazzy/opt/gz_physics_vendor:/opt/ros/jazzy/opt/sdformat_vendor:/opt/ros/jazzy/opt/gz_gui_vendor:/opt/ros/jazzy/opt/gz_transport_vendor:/opt/ros/jazzy/opt/gz_rendering_vendor:/opt/ros/jazzy/opt/gz_plugin_vendor:/opt/ros/jazzy/opt/gz_fuel_tools_vendor:/opt/ros/jazzy/opt/gz_msgs_vendor:/opt/ros/jazzy/opt/gz_common_vendor:/opt/ros/jazzy/opt/gz_math_vendor:/opt/ros/jazzy/opt/gz_utils_vendor:/opt/ros/jazzy/opt/gz_tools_vendor:/opt/ros/jazzy/opt/gz_ogre_next_vendor:/opt/ros/jazzy/opt/gz_dartsim_vendor:/opt/ros/jazzy/opt/gz_cmake_vendor:/home/golf1234_pc/ws_moveit/install/moveit_configs_utils:/home/golf1234_pc/project1_ws/install/server_controllers:/home/golf1234_pc/project1_ws/install/mobile_manipurator:/home/golf1234_pc/project1_ws/install/camera2_ros:/home/golf1234_pc/test1_ws/install/test1:/opt/ros/jazzy DEBUGINFOD_URLS=https://debuginfod.ubuntu.com /usr/bin/cmake --build /home/golf1234_pc/manipurator_ws/build/config1 -- -j16 -l16
[1.587s] DEBUG:colcon.colcon_core.event_handler.log_command:Invoked command in '/home/golf1234_pc/manipurator_ws/build/config1' returned '0': CMAKE_PREFIX_PATH=/home/golf1234_pc/manipurator_ws/install/urdf1:/home/golf1234_pc/manipurator_ws/install/config1:/home/golf1234_pc/manipurator_ws/install/mtc_config1:/home/golf1234_pc/moveit2_obb/install/yolov8_obb:/home/golf1234_pc/moveit2_obb/install/yolov8_msgs:/home/golf1234_pc/moveit2_obb/install/robot_description:/home/golf1234_pc/moveit2_obb/install/panda_moveit_config:/home/golf1234_pc/ws_moveit/install/robotiq_hardware_tests:/home/golf1234_pc/ws_moveit/install/robotiq_driver:/home/golf1234_pc/ws_moveit/install/serial:/home/golf1234_pc/ws_moveit/install/moveit2_tutorials:/home/golf1234_pc/ws_moveit/install/moveit_visual_tools:/home/golf1234_pc/ws_moveit/install/rviz_visual_tools:/home/golf1234_pc/ws_moveit/install/mtc_tutorial:/home/golf1234_pc/ws_moveit/install/moveit_task_constructor_visualization:/home/golf1234_pc/ws_moveit/install/moveit_task_constructor_demo:/home/golf1234_pc/ws_moveit/install/moveit_task_constructor_capabilities:/home/golf1234_pc/ws_moveit/install/moveit_task_constructor_core:/home/golf1234_pc/ws_moveit/install/rviz_marker_tools:/home/golf1234_pc/ws_moveit/install/kortex_bringup:/home/golf1234_pc/ws_moveit/install/kinova_gen3_lite_moveit_config:/home/golf1234_pc/ws_moveit/install/kinova_gen3_7dof_robotiq_2f_85_moveit_config:/home/golf1234_pc/ws_moveit/install/kinova_gen3_6dof_robotiq_2f_85_moveit_config:/home/golf1234_pc/ws_moveit/install/kortex_description:/home/golf1234_pc/ws_moveit/install/robotiq_description:/home/golf1234_pc/ws_moveit/install/robotiq_controllers:/home/golf1234_pc/ws_moveit/install/pilz_industrial_motion_planner_testutils:/home/golf1234_pc/ws_moveit/install/moveit_runtime:/home/golf1234_pc/ws_moveit/install/moveit:/home/golf1234_pc/ws_moveit/install/moveit_planners:/home/golf1234_pc/ws_moveit/install/pilz_industrial_motion_planner:/home/golf1234_pc/ws_moveit/install/picknik_twist_controller:/home/golf1234_pc/ws_moveit/install/picknik_reset_fault_controller:/home/golf1234_pc/ws_moveit/install/moveit_task_constructor_msgs:/home/golf1234_pc/ws_moveit/install/moveit_ros_control_interface:/home/golf1234_pc/ws_moveit/install/moveit_plugins:/home/golf1234_pc/ws_moveit/install/moveit_simple_controller_manager:/home/golf1234_pc/ws_moveit/install/moveit_setup_assistant:/home/golf1234_pc/ws_moveit/install/moveit_setup_srdf_plugins:/home/golf1234_pc/ws_moveit/install/moveit_setup_core_plugins:/home/golf1234_pc/ws_moveit/install/moveit_setup_controllers:/home/golf1234_pc/ws_moveit/install/moveit_setup_app_plugins:/home/golf1234_pc/ws_moveit/install/moveit_setup_framework:/home/golf1234_pc/ws_moveit/install/moveit_servo:/home/golf1234_pc/ws_moveit/install/moveit_ros_trajectory_cache:/home/golf1234_pc/ws_moveit/install/moveit_ros:/home/golf1234_pc/ws_moveit/install/moveit_ros_visualization:/home/golf1234_pc/ws_moveit/install/moveit_py:/home/golf1234_pc/ws_moveit/install/moveit_hybrid_planning:/home/golf1234_pc/ws_moveit/install/moveit_ros_planning_interface:/home/golf1234_pc/ws_moveit/install/moveit_ros_benchmarks:/home/golf1234_pc/ws_moveit/install/moveit_ros_warehouse:/home/golf1234_pc/ws_moveit/install/moveit_ros_robot_interaction:/home/golf1234_pc/ws_moveit/install/moveit_ros_perception:/home/golf1234_pc/ws_moveit/install/moveit_resources_prbt_pg70_support:/home/golf1234_pc/ws_moveit/install/moveit_resources_prbt_moveit_config:/home/golf1234_pc/ws_moveit/install/moveit_ros_move_group:/home/golf1234_pc/ws_moveit/install/moveit_planners_ompl:/home/golf1234_pc/ws_moveit/install/moveit_kinematics:/home/golf1234_pc/ws_moveit/install/moveit_ros_planning:/home/golf1234_pc/ws_moveit/install/moveit_ros_occupancy_map_monitor:/home/golf1234_pc/ws_moveit/install/moveit_resources_prbt_support:/home/golf1234_pc/ws_moveit/install/moveit_resources_prbt_ikfast_manipulator_plugin:/home/golf1234_pc/ws_moveit/install/moveit_resources:/home/golf1234_pc/ws_moveit/install/moveit_resources_pr2_description:/home/golf1234_pc/ws_moveit/install/moveit_resources_panda_moveit_config:/home/golf1234_pc/ws_moveit/install/dual_arm_panda_moveit_config:/home/golf1234_pc/ws_moveit/install/moveit_resources_panda_description:/home/golf1234_pc/ws_moveit/install/moveit_resources_fanuc_moveit_config:/home/golf1234_pc/ws_moveit/install/moveit_resources_fanuc_description:/home/golf1234_pc/ws_moveit/install/moveit_planners_stomp:/home/golf1234_pc/ws_moveit/install/moveit_planners_chomp:/home/golf1234_pc/ws_moveit/install/chomp_motion_planner:/home/golf1234_pc/ws_moveit/install/moveit_core:/home/golf1234_pc/ws_moveit/install/moveit_msgs:/home/golf1234_pc/ws_moveit/install/moveit_common:/home/golf1234_pc/ws_moveit/install/kortex_driver:/home/golf1234_pc/ws_moveit/install/kortex_api:/home/golf1234_pc/project1_ws/install/project_assem_urdf_meshes:/home/golf1234_pc/project1_ws/install/p9_config:/home/golf1234_pc/project1_ws/install/p8_config:/home/golf1234_pc/project1_ws/install/p7_config:/home/golf1234_pc/project1_ws/install/p6_config:/home/golf1234_pc/project1_ws/install/p5_config:/home/golf1234_pc/project1_ws/install/p4_config:/home/golf1234_pc/project1_ws/install/p3_config:/home/golf1234_pc/project1_ws/install/p2_config:/home/golf1234_pc/project1_ws/install/p1_config:/home/golf1234_pc/project1_ws/install/p18_config:/home/golf1234_pc/project1_ws/install/p17_config:/home/golf1234_pc/project1_ws/install/p15_config:/home/golf1234_pc/project1_ws/install/p14_config:/home/golf1234_pc/project1_ws/install/p13_config:/home/golf1234_pc/project1_ws/install/p12_config:/home/golf1234_pc/project1_ws/install/p11_config:/home/golf1234_pc/project1_ws/install/p10_config:/home/golf1234_pc/project1_ws/install/mtc_p18_real:/home/golf1234_pc/project1_ws/install/mtc_p18_config:/home/golf1234_pc/project1_ws/install/mtc_p17_config:/home/golf1234_pc/project1_ws/install/mtc_p14_config:/home/golf1234_pc/project1_ws/install/for_test:/home/golf1234_pc/project1_ws/install/ffinall:/home/golf1234_pc/project1_ws/install/f2:/home/golf1234_pc/project1_ws/install/f17:/home/golf1234_pc/project1_ws/install/f16:/home/golf1234_pc/project1_ws/install/f15:/home/golf1234_pc/project1_ws/install/f10:/home/golf1234_pc/project1_ws/install/car1:/home/golf1234_pc/test1_ws/install/cpp_pubsub:/opt/ros/jazzy/opt/gz_sim_vendor:/opt/ros/jazzy/opt/gz_sensors_vendor:/opt/ros/jazzy/opt/gz_physics_vendor:/opt/ros/jazzy/opt/sdformat_vendor:/opt/ros/jazzy/opt/gz_gui_vendor:/opt/ros/jazzy/opt/gz_transport_vendor:/opt/ros/jazzy/opt/gz_rendering_vendor:/opt/ros/jazzy/opt/gz_plugin_vendor:/opt/ros/jazzy/opt/gz_fuel_tools_vendor:/opt/ros/jazzy/opt/gz_msgs_vendor:/opt/ros/jazzy/opt/gz_common_vendor:/opt/ros/jazzy/opt/gz_math_vendor:/opt/ros/jazzy/opt/gz_utils_vendor:/opt/ros/jazzy/opt/gz_tools_vendor:/opt/ros/jazzy/opt/gz_ogre_next_vendor:/opt/ros/jazzy/opt/gz_dartsim_vendor:/opt/ros/jazzy/opt/gz_cmake_vendor:/home/golf1234_pc/ws_moveit/install/moveit_configs_utils:/home/golf1234_pc/project1_ws/install/server_controllers:/home/golf1234_pc/project1_ws/install/mobile_manipurator:/home/golf1234_pc/project1_ws/install/camera2_ros:/home/golf1234_pc/test1_ws/install/test1:/opt/ros/jazzy DEBUGINFOD_URLS=https://debuginfod.ubuntu.com /usr/bin/cmake --build /home/golf1234_pc/manipurator_ws/build/config1 -- -j16 -l16
[1.588s] DEBUG:colcon.colcon_core.event_handler.log_command:Invoking command in '/home/golf1234_pc/manipurator_ws/build/config1': CMAKE_PREFIX_PATH=/home/golf1234_pc/manipurator_ws/install/urdf1:/home/golf1234_pc/manipurator_ws/install/config1:/home/golf1234_pc/manipurator_ws/install/mtc_config1:/home/golf1234_pc/moveit2_obb/install/yolov8_obb:/home/golf1234_pc/moveit2_obb/install/yolov8_msgs:/home/golf1234_pc/moveit2_obb/install/robot_description:/home/golf1234_pc/moveit2_obb/install/panda_moveit_config:/home/golf1234_pc/ws_moveit/install/robotiq_hardware_tests:/home/golf1234_pc/ws_moveit/install/robotiq_driver:/home/golf1234_pc/ws_moveit/install/serial:/home/golf1234_pc/ws_moveit/install/moveit2_tutorials:/home/golf1234_pc/ws_moveit/install/moveit_visual_tools:/home/golf1234_pc/ws_moveit/install/rviz_visual_tools:/home/golf1234_pc/ws_moveit/install/mtc_tutorial:/home/golf1234_pc/ws_moveit/install/moveit_task_constructor_visualization:/home/golf1234_pc/ws_moveit/install/moveit_task_constructor_demo:/home/golf1234_pc/ws_moveit/install/moveit_task_constructor_capabilities:/home/golf1234_pc/ws_moveit/install/moveit_task_constructor_core:/home/golf1234_pc/ws_moveit/install/rviz_marker_tools:/home/golf1234_pc/ws_moveit/install/kortex_bringup:/home/golf1234_pc/ws_moveit/install/kinova_gen3_lite_moveit_config:/home/golf1234_pc/ws_moveit/install/kinova_gen3_7dof_robotiq_2f_85_moveit_config:/home/golf1234_pc/ws_moveit/install/kinova_gen3_6dof_robotiq_2f_85_moveit_config:/home/golf1234_pc/ws_moveit/install/kortex_description:/home/golf1234_pc/ws_moveit/install/robotiq_description:/home/golf1234_pc/ws_moveit/install/robotiq_controllers:/home/golf1234_pc/ws_moveit/install/pilz_industrial_motion_planner_testutils:/home/golf1234_pc/ws_moveit/install/moveit_runtime:/home/golf1234_pc/ws_moveit/install/moveit:/home/golf1234_pc/ws_moveit/install/moveit_planners:/home/golf1234_pc/ws_moveit/install/pilz_industrial_motion_planner:/home/golf1234_pc/ws_moveit/install/picknik_twist_controller:/home/golf1234_pc/ws_moveit/install/picknik_reset_fault_controller:/home/golf1234_pc/ws_moveit/install/moveit_task_constructor_msgs:/home/golf1234_pc/ws_moveit/install/moveit_ros_control_interface:/home/golf1234_pc/ws_moveit/install/moveit_plugins:/home/golf1234_pc/ws_moveit/install/moveit_simple_controller_manager:/home/golf1234_pc/ws_moveit/install/moveit_setup_assistant:/home/golf1234_pc/ws_moveit/install/moveit_setup_srdf_plugins:/home/golf1234_pc/ws_moveit/install/moveit_setup_core_plugins:/home/golf1234_pc/ws_moveit/install/moveit_setup_controllers:/home/golf1234_pc/ws_moveit/install/moveit_setup_app_plugins:/home/golf1234_pc/ws_moveit/install/moveit_setup_framework:/home/golf1234_pc/ws_moveit/install/moveit_servo:/home/golf1234_pc/ws_moveit/install/moveit_ros_trajectory_cache:/home/golf1234_pc/ws_moveit/install/moveit_ros:/home/golf1234_pc/ws_moveit/install/moveit_ros_visualization:/home/golf1234_pc/ws_moveit/install/moveit_py:/home/golf1234_pc/ws_moveit/install/moveit_hybrid_planning:/home/golf1234_pc/ws_moveit/install/moveit_ros_planning_interface:/home/golf1234_pc/ws_moveit/install/moveit_ros_benchmarks:/home/golf1234_pc/ws_moveit/install/moveit_ros_warehouse:/home/golf1234_pc/ws_moveit/install/moveit_ros_robot_interaction:/home/golf1234_pc/ws_moveit/install/moveit_ros_perception:/home/golf1234_pc/ws_moveit/install/moveit_resources_prbt_pg70_support:/home/golf1234_pc/ws_moveit/install/moveit_resources_prbt_moveit_config:/home/golf1234_pc/ws_moveit/install/moveit_ros_move_group:/home/golf1234_pc/ws_moveit/install/moveit_planners_ompl:/home/golf1234_pc/ws_moveit/install/moveit_kinematics:/home/golf1234_pc/ws_moveit/install/moveit_ros_planning:/home/golf1234_pc/ws_moveit/install/moveit_ros_occupancy_map_monitor:/home/golf1234_pc/ws_moveit/install/moveit_resources_prbt_support:/home/golf1234_pc/ws_moveit/install/moveit_resources_prbt_ikfast_manipulator_plugin:/home/golf1234_pc/ws_moveit/install/moveit_resources:/home/golf1234_pc/ws_moveit/install/moveit_resources_pr2_description:/home/golf1234_pc/ws_moveit/install/moveit_resources_panda_moveit_config:/home/golf1234_pc/ws_moveit/install/dual_arm_panda_moveit_config:/home/golf1234_pc/ws_moveit/install/moveit_resources_panda_description:/home/golf1234_pc/ws_moveit/install/moveit_resources_fanuc_moveit_config:/home/golf1234_pc/ws_moveit/install/moveit_resources_fanuc_description:/home/golf1234_pc/ws_moveit/install/moveit_planners_stomp:/home/golf1234_pc/ws_moveit/install/moveit_planners_chomp:/home/golf1234_pc/ws_moveit/install/chomp_motion_planner:/home/golf1234_pc/ws_moveit/install/moveit_core:/home/golf1234_pc/ws_moveit/install/moveit_msgs:/home/golf1234_pc/ws_moveit/install/moveit_common:/home/golf1234_pc/ws_moveit/install/kortex_driver:/home/golf1234_pc/ws_moveit/install/kortex_api:/home/golf1234_pc/project1_ws/install/project_assem_urdf_meshes:/home/golf1234_pc/project1_ws/install/p9_config:/home/golf1234_pc/project1_ws/install/p8_config:/home/golf1234_pc/project1_ws/install/p7_config:/home/golf1234_pc/project1_ws/install/p6_config:/home/golf1234_pc/project1_ws/install/p5_config:/home/golf1234_pc/project1_ws/install/p4_config:/home/golf1234_pc/project1_ws/install/p3_config:/home/golf1234_pc/project1_ws/install/p2_config:/home/golf1234_pc/project1_ws/install/p1_config:/home/golf1234_pc/project1_ws/install/p18_config:/home/golf1234_pc/project1_ws/install/p17_config:/home/golf1234_pc/project1_ws/install/p15_config:/home/golf1234_pc/project1_ws/install/p14_config:/home/golf1234_pc/project1_ws/install/p13_config:/home/golf1234_pc/project1_ws/install/p12_config:/home/golf1234_pc/project1_ws/install/p11_config:/home/golf1234_pc/project1_ws/install/p10_config:/home/golf1234_pc/project1_ws/install/mtc_p18_real:/home/golf1234_pc/project1_ws/install/mtc_p18_config:/home/golf1234_pc/project1_ws/install/mtc_p17_config:/home/golf1234_pc/project1_ws/install/mtc_p14_config:/home/golf1234_pc/project1_ws/install/for_test:/home/golf1234_pc/project1_ws/install/ffinall:/home/golf1234_pc/project1_ws/install/f2:/home/golf1234_pc/project1_ws/install/f17:/home/golf1234_pc/project1_ws/install/f16:/home/golf1234_pc/project1_ws/install/f15:/home/golf1234_pc/project1_ws/install/f10:/home/golf1234_pc/project1_ws/install/car1:/home/golf1234_pc/test1_ws/install/cpp_pubsub:/opt/ros/jazzy/opt/gz_sim_vendor:/opt/ros/jazzy/opt/gz_sensors_vendor:/opt/ros/jazzy/opt/gz_physics_vendor:/opt/ros/jazzy/opt/sdformat_vendor:/opt/ros/jazzy/opt/gz_gui_vendor:/opt/ros/jazzy/opt/gz_transport_vendor:/opt/ros/jazzy/opt/gz_rendering_vendor:/opt/ros/jazzy/opt/gz_plugin_vendor:/opt/ros/jazzy/opt/gz_fuel_tools_vendor:/opt/ros/jazzy/opt/gz_msgs_vendor:/opt/ros/jazzy/opt/gz_common_vendor:/opt/ros/jazzy/opt/gz_math_vendor:/opt/ros/jazzy/opt/gz_utils_vendor:/opt/ros/jazzy/opt/gz_tools_vendor:/opt/ros/jazzy/opt/gz_ogre_next_vendor:/opt/ros/jazzy/opt/gz_dartsim_vendor:/opt/ros/jazzy/opt/gz_cmake_vendor:/home/golf1234_pc/ws_moveit/install/moveit_configs_utils:/home/golf1234_pc/project1_ws/install/server_controllers:/home/golf1234_pc/project1_ws/install/mobile_manipurator:/home/golf1234_pc/project1_ws/install/camera2_ros:/home/golf1234_pc/test1_ws/install/test1:/opt/ros/jazzy DEBUGINFOD_URLS=https://debuginfod.ubuntu.com /usr/bin/cmake --install /home/golf1234_pc/manipurator_ws/build/config1
[1.623s] Level 1:colcon.colcon_core.environment:create_environment_scripts_only(config1)
[1.624s] Level 1:colcon.colcon_core.environment:checking '/home/golf1234_pc/manipurator_ws/install/config1' for CMake module files
[1.624s] DEBUG:colcon.colcon_core.event_handler.log_command:Invoked command in '/home/golf1234_pc/manipurator_ws/build/config1' returned '0': CMAKE_PREFIX_PATH=/home/golf1234_pc/manipurator_ws/install/urdf1:/home/golf1234_pc/manipurator_ws/install/config1:/home/golf1234_pc/manipurator_ws/install/mtc_config1:/home/golf1234_pc/moveit2_obb/install/yolov8_obb:/home/golf1234_pc/moveit2_obb/install/yolov8_msgs:/home/golf1234_pc/moveit2_obb/install/robot_description:/home/golf1234_pc/moveit2_obb/install/panda_moveit_config:/home/golf1234_pc/ws_moveit/install/robotiq_hardware_tests:/home/golf1234_pc/ws_moveit/install/robotiq_driver:/home/golf1234_pc/ws_moveit/install/serial:/home/golf1234_pc/ws_moveit/install/moveit2_tutorials:/home/golf1234_pc/ws_moveit/install/moveit_visual_tools:/home/golf1234_pc/ws_moveit/install/rviz_visual_tools:/home/golf1234_pc/ws_moveit/install/mtc_tutorial:/home/golf1234_pc/ws_moveit/install/moveit_task_constructor_visualization:/home/golf1234_pc/ws_moveit/install/moveit_task_constructor_demo:/home/golf1234_pc/ws_moveit/install/moveit_task_constructor_capabilities:/home/golf1234_pc/ws_moveit/install/moveit_task_constructor_core:/home/golf1234_pc/ws_moveit/install/rviz_marker_tools:/home/golf1234_pc/ws_moveit/install/kortex_bringup:/home/golf1234_pc/ws_moveit/install/kinova_gen3_lite_moveit_config:/home/golf1234_pc/ws_moveit/install/kinova_gen3_7dof_robotiq_2f_85_moveit_config:/home/golf1234_pc/ws_moveit/install/kinova_gen3_6dof_robotiq_2f_85_moveit_config:/home/golf1234_pc/ws_moveit/install/kortex_description:/home/golf1234_pc/ws_moveit/install/robotiq_description:/home/golf1234_pc/ws_moveit/install/robotiq_controllers:/home/golf1234_pc/ws_moveit/install/pilz_industrial_motion_planner_testutils:/home/golf1234_pc/ws_moveit/install/moveit_runtime:/home/golf1234_pc/ws_moveit/install/moveit:/home/golf1234_pc/ws_moveit/install/moveit_planners:/home/golf1234_pc/ws_moveit/install/pilz_industrial_motion_planner:/home/golf1234_pc/ws_moveit/install/picknik_twist_controller:/home/golf1234_pc/ws_moveit/install/picknik_reset_fault_controller:/home/golf1234_pc/ws_moveit/install/moveit_task_constructor_msgs:/home/golf1234_pc/ws_moveit/install/moveit_ros_control_interface:/home/golf1234_pc/ws_moveit/install/moveit_plugins:/home/golf1234_pc/ws_moveit/install/moveit_simple_controller_manager:/home/golf1234_pc/ws_moveit/install/moveit_setup_assistant:/home/golf1234_pc/ws_moveit/install/moveit_setup_srdf_plugins:/home/golf1234_pc/ws_moveit/install/moveit_setup_core_plugins:/home/golf1234_pc/ws_moveit/install/moveit_setup_controllers:/home/golf1234_pc/ws_moveit/install/moveit_setup_app_plugins:/home/golf1234_pc/ws_moveit/install/moveit_setup_framework:/home/golf1234_pc/ws_moveit/install/moveit_servo:/home/golf1234_pc/ws_moveit/install/moveit_ros_trajectory_cache:/home/golf1234_pc/ws_moveit/install/moveit_ros:/home/golf1234_pc/ws_moveit/install/moveit_ros_visualization:/home/golf1234_pc/ws_moveit/install/moveit_py:/home/golf1234_pc/ws_moveit/install/moveit_hybrid_planning:/home/golf1234_pc/ws_moveit/install/moveit_ros_planning_interface:/home/golf1234_pc/ws_moveit/install/moveit_ros_benchmarks:/home/golf1234_pc/ws_moveit/install/moveit_ros_warehouse:/home/golf1234_pc/ws_moveit/install/moveit_ros_robot_interaction:/home/golf1234_pc/ws_moveit/install/moveit_ros_perception:/home/golf1234_pc/ws_moveit/install/moveit_resources_prbt_pg70_support:/home/golf1234_pc/ws_moveit/install/moveit_resources_prbt_moveit_config:/home/golf1234_pc/ws_moveit/install/moveit_ros_move_group:/home/golf1234_pc/ws_moveit/install/moveit_planners_ompl:/home/golf1234_pc/ws_moveit/install/moveit_kinematics:/home/golf1234_pc/ws_moveit/install/moveit_ros_planning:/home/golf1234_pc/ws_moveit/install/moveit_ros_occupancy_map_monitor:/home/golf1234_pc/ws_moveit/install/moveit_resources_prbt_support:/home/golf1234_pc/ws_moveit/install/moveit_resources_prbt_ikfast_manipulator_plugin:/home/golf1234_pc/ws_moveit/install/moveit_resources:/home/golf1234_pc/ws_moveit/install/moveit_resources_pr2_description:/home/golf1234_pc/ws_moveit/install/moveit_resources_panda_moveit_config:/home/golf1234_pc/ws_moveit/install/dual_arm_panda_moveit_config:/home/golf1234_pc/ws_moveit/install/moveit_resources_panda_description:/home/golf1234_pc/ws_moveit/install/moveit_resources_fanuc_moveit_config:/home/golf1234_pc/ws_moveit/install/moveit_resources_fanuc_description:/home/golf1234_pc/ws_moveit/install/moveit_planners_stomp:/home/golf1234_pc/ws_moveit/install/moveit_planners_chomp:/home/golf1234_pc/ws_moveit/install/chomp_motion_planner:/home/golf1234_pc/ws_moveit/install/moveit_core:/home/golf1234_pc/ws_moveit/install/moveit_msgs:/home/golf1234_pc/ws_moveit/install/moveit_common:/home/golf1234_pc/ws_moveit/install/kortex_driver:/home/golf1234_pc/ws_moveit/install/kortex_api:/home/golf1234_pc/project1_ws/install/project_assem_urdf_meshes:/home/golf1234_pc/project1_ws/install/p9_config:/home/golf1234_pc/project1_ws/install/p8_config:/home/golf1234_pc/project1_ws/install/p7_config:/home/golf1234_pc/project1_ws/install/p6_config:/home/golf1234_pc/project1_ws/install/p5_config:/home/golf1234_pc/project1_ws/install/p4_config:/home/golf1234_pc/project1_ws/install/p3_config:/home/golf1234_pc/project1_ws/install/p2_config:/home/golf1234_pc/project1_ws/install/p1_config:/home/golf1234_pc/project1_ws/install/p18_config:/home/golf1234_pc/project1_ws/install/p17_config:/home/golf1234_pc/project1_ws/install/p15_config:/home/golf1234_pc/project1_ws/install/p14_config:/home/golf1234_pc/project1_ws/install/p13_config:/home/golf1234_pc/project1_ws/install/p12_config:/home/golf1234_pc/project1_ws/install/p11_config:/home/golf1234_pc/project1_ws/install/p10_config:/home/golf1234_pc/project1_ws/install/mtc_p18_real:/home/golf1234_pc/project1_ws/install/mtc_p18_config:/home/golf1234_pc/project1_ws/install/mtc_p17_config:/home/golf1234_pc/project1_ws/install/mtc_p14_config:/home/golf1234_pc/project1_ws/install/for_test:/home/golf1234_pc/project1_ws/install/ffinall:/home/golf1234_pc/project1_ws/install/f2:/home/golf1234_pc/project1_ws/install/f17:/home/golf1234_pc/project1_ws/install/f16:/home/golf1234_pc/project1_ws/install/f15:/home/golf1234_pc/project1_ws/install/f10:/home/golf1234_pc/project1_ws/install/car1:/home/golf1234_pc/test1_ws/install/cpp_pubsub:/opt/ros/jazzy/opt/gz_sim_vendor:/opt/ros/jazzy/opt/gz_sensors_vendor:/opt/ros/jazzy/opt/gz_physics_vendor:/opt/ros/jazzy/opt/sdformat_vendor:/opt/ros/jazzy/opt/gz_gui_vendor:/opt/ros/jazzy/opt/gz_transport_vendor:/opt/ros/jazzy/opt/gz_rendering_vendor:/opt/ros/jazzy/opt/gz_plugin_vendor:/opt/ros/jazzy/opt/gz_fuel_tools_vendor:/opt/ros/jazzy/opt/gz_msgs_vendor:/opt/ros/jazzy/opt/gz_common_vendor:/opt/ros/jazzy/opt/gz_math_vendor:/opt/ros/jazzy/opt/gz_utils_vendor:/opt/ros/jazzy/opt/gz_tools_vendor:/opt/ros/jazzy/opt/gz_ogre_next_vendor:/opt/ros/jazzy/opt/gz_dartsim_vendor:/opt/ros/jazzy/opt/gz_cmake_vendor:/home/golf1234_pc/ws_moveit/install/moveit_configs_utils:/home/golf1234_pc/project1_ws/install/server_controllers:/home/golf1234_pc/project1_ws/install/mobile_manipurator:/home/golf1234_pc/project1_ws/install/camera2_ros:/home/golf1234_pc/test1_ws/install/test1:/opt/ros/jazzy DEBUGINFOD_URLS=https://debuginfod.ubuntu.com /usr/bin/cmake --install /home/golf1234_pc/manipurator_ws/build/config1
[1.625s] Level 1:colcon.colcon_core.environment:checking '/home/golf1234_pc/manipurator_ws/install/config1' for CMake config files
[1.625s] Level 1:colcon.colcon_core.shell:create_environment_hook('config1', 'cmake_prefix_path')
[1.625s] INFO:colcon.colcon_core.shell:Creating environment hook '/home/golf1234_pc/manipurator_ws/install/config1/share/config1/hook/cmake_prefix_path.ps1'
[1.626s] INFO:colcon.colcon_core.shell:Creating environment descriptor '/home/golf1234_pc/manipurator_ws/install/config1/share/config1/hook/cmake_prefix_path.dsv'
[1.626s] INFO:colcon.colcon_core.shell:Creating environment hook '/home/golf1234_pc/manipurator_ws/install/config1/share/config1/hook/cmake_prefix_path.sh'
[1.626s] Level 1:colcon.colcon_core.environment:checking '/home/golf1234_pc/manipurator_ws/install/config1/bin'
[1.626s] Level 1:colcon.colcon_core.environment:checking '/home/golf1234_pc/manipurator_ws/install/config1/lib/pkgconfig/config1.pc'
[1.627s] Level 1:colcon.colcon_core.environment:checking '/home/golf1234_pc/manipurator_ws/install/config1/lib/python3.12/site-packages'
[1.627s] Level 1:colcon.colcon_core.environment:checking '/home/golf1234_pc/manipurator_ws/install/config1/bin'
[1.627s] INFO:colcon.colcon_core.shell:Creating package script '/home/golf1234_pc/manipurator_ws/install/config1/share/config1/package.ps1'
[1.627s] INFO:colcon.colcon_core.shell:Creating package descriptor '/home/golf1234_pc/manipurator_ws/install/config1/share/config1/package.dsv'
[1.627s] INFO:colcon.colcon_core.shell:Creating package script '/home/golf1234_pc/manipurator_ws/install/config1/share/config1/package.sh'
[1.628s] INFO:colcon.colcon_core.shell:Creating package script '/home/golf1234_pc/manipurator_ws/install/config1/share/config1/package.bash'
[1.628s] INFO:colcon.colcon_core.shell:Creating package script '/home/golf1234_pc/manipurator_ws/install/config1/share/config1/package.zsh'
[1.628s] Level 1:colcon.colcon_core.environment:create_file_with_runtime_dependencies(/home/golf1234_pc/manipurator_ws/install/config1/share/colcon-core/packages/config1)
[1.629s] Level 1:colcon.colcon_core.environment:create_environment_scripts_only(config1)
[1.629s] Level 1:colcon.colcon_core.environment:checking '/home/golf1234_pc/manipurator_ws/install/config1' for CMake module files
[1.629s] Level 1:colcon.colcon_core.environment:checking '/home/golf1234_pc/manipurator_ws/install/config1' for CMake config files
[1.629s] Level 1:colcon.colcon_core.shell:create_environment_hook('config1', 'cmake_prefix_path')
[1.630s] INFO:colcon.colcon_core.shell:Creating environment hook '/home/golf1234_pc/manipurator_ws/install/config1/share/config1/hook/cmake_prefix_path.ps1'
[1.630s] INFO:colcon.colcon_core.shell:Creating environment descriptor '/home/golf1234_pc/manipurator_ws/install/config1/share/config1/hook/cmake_prefix_path.dsv'
[1.630s] INFO:colcon.colcon_core.shell:Creating environment hook '/home/golf1234_pc/manipurator_ws/install/config1/share/config1/hook/cmake_prefix_path.sh'
[1.631s] Level 1:colcon.colcon_core.environment:checking '/home/golf1234_pc/manipurator_ws/install/config1/bin'
[1.631s] Level 1:colcon.colcon_core.environment:checking '/home/golf1234_pc/manipurator_ws/install/config1/lib/pkgconfig/config1.pc'
[1.631s] Level 1:colcon.colcon_core.environment:checking '/home/golf1234_pc/manipurator_ws/install/config1/lib/python3.12/site-packages'
[1.631s] Level 1:colcon.colcon_core.environment:checking '/home/golf1234_pc/manipurator_ws/install/config1/bin'
[1.632s] INFO:colcon.colcon_core.shell:Creating package script '/home/golf1234_pc/manipurator_ws/install/config1/share/config1/package.ps1'
[1.632s] INFO:colcon.colcon_core.shell:Creating package descriptor '/home/golf1234_pc/manipurator_ws/install/config1/share/config1/package.dsv'
[1.632s] INFO:colcon.colcon_core.shell:Creating package script '/home/golf1234_pc/manipurator_ws/install/config1/share/config1/package.sh'
[1.633s] INFO:colcon.colcon_core.shell:Creating package script '/home/golf1234_pc/manipurator_ws/install/config1/share/config1/package.bash'
[1.633s] INFO:colcon.colcon_core.shell:Creating package script '/home/golf1234_pc/manipurator_ws/install/config1/share/config1/package.zsh'
[1.634s] Level 1:colcon.colcon_core.environment:create_file_with_runtime_dependencies(/home/golf1234_pc/manipurator_ws/install/config1/share/colcon-core/packages/config1)
[12.671s] DEBUG:colcon.colcon_core.event_handler.log_command:Invoked command in '/home/golf1234_pc/manipurator_ws/build/mtc_config1' returned '0': CMAKE_PREFIX_PATH=${CMAKE_PREFIX_PATH}:/home/golf1234_pc/ws_moveit/install/moveit_configs_utils:/home/golf1234_pc/project1_ws/install/server_controllers:/home/golf1234_pc/project1_ws/install/mobile_manipurator:/home/golf1234_pc/project1_ws/install/camera2_ros:/home/golf1234_pc/test1_ws/install/test1:/opt/ros/jazzy DEBUGINFOD_URLS=https://debuginfod.ubuntu.com /usr/bin/cmake --build /home/golf1234_pc/manipurator_ws/build/mtc_config1 -- -j16 -l16
[12.672s] DEBUG:colcon.colcon_core.event_handler.log_command:Invoking command in '/home/golf1234_pc/manipurator_ws/build/mtc_config1': CMAKE_PREFIX_PATH=${CMAKE_PREFIX_PATH}:/home/golf1234_pc/ws_moveit/install/moveit_configs_utils:/home/golf1234_pc/project1_ws/install/server_controllers:/home/golf1234_pc/project1_ws/install/mobile_manipurator:/home/golf1234_pc/project1_ws/install/camera2_ros:/home/golf1234_pc/test1_ws/install/test1:/opt/ros/jazzy DEBUGINFOD_URLS=https://debuginfod.ubuntu.com /usr/bin/cmake --install /home/golf1234_pc/manipurator_ws/build/mtc_config1
[12.701s] Level 1:colcon.colcon_core.environment:create_environment_scripts_only(mtc_config1)
[12.702s] Level 1:colcon.colcon_core.environment:checking '/home/golf1234_pc/manipurator_ws/install/mtc_config1' for CMake module files
[12.702s] DEBUG:colcon.colcon_core.event_handler.log_command:Invoked command in '/home/golf1234_pc/manipurator_ws/build/mtc_config1' returned '0': CMAKE_PREFIX_PATH=${CMAKE_PREFIX_PATH}:/home/golf1234_pc/ws_moveit/install/moveit_configs_utils:/home/golf1234_pc/project1_ws/install/server_controllers:/home/golf1234_pc/project1_ws/install/mobile_manipurator:/home/golf1234_pc/project1_ws/install/camera2_ros:/home/golf1234_pc/test1_ws/install/test1:/opt/ros/jazzy DEBUGINFOD_URLS=https://debuginfod.ubuntu.com /usr/bin/cmake --install /home/golf1234_pc/manipurator_ws/build/mtc_config1
[12.702s] Level 1:colcon.colcon_core.environment:checking '/home/golf1234_pc/manipurator_ws/install/mtc_config1' for CMake config files
[12.702s] Level 1:colcon.colcon_core.shell:create_environment_hook('mtc_config1', 'cmake_prefix_path')
[12.703s] INFO:colcon.colcon_core.shell:Creating environment hook '/home/golf1234_pc/manipurator_ws/install/mtc_config1/share/mtc_config1/hook/cmake_prefix_path.ps1'
[12.703s] INFO:colcon.colcon_core.shell:Creating environment descriptor '/home/golf1234_pc/manipurator_ws/install/mtc_config1/share/mtc_config1/hook/cmake_prefix_path.dsv'
[12.703s] INFO:colcon.colcon_core.shell:Creating environment hook '/home/golf1234_pc/manipurator_ws/install/mtc_config1/share/mtc_config1/hook/cmake_prefix_path.sh'
[12.704s] Level 1:colcon.colcon_core.environment:checking '/home/golf1234_pc/manipurator_ws/install/mtc_config1/lib'
[12.704s] Level 1:colcon.colcon_core.environment:checking '/home/golf1234_pc/manipurator_ws/install/mtc_config1/bin'
[12.704s] Level 1:colcon.colcon_core.environment:checking '/home/golf1234_pc/manipurator_ws/install/mtc_config1/lib/pkgconfig/mtc_config1.pc'
[12.704s] Level 1:colcon.colcon_core.environment:checking '/home/golf1234_pc/manipurator_ws/install/mtc_config1/lib/python3.12/site-packages'
[12.704s] Level 1:colcon.colcon_core.environment:checking '/home/golf1234_pc/manipurator_ws/install/mtc_config1/bin'
[12.704s] INFO:colcon.colcon_core.shell:Creating package script '/home/golf1234_pc/manipurator_ws/install/mtc_config1/share/mtc_config1/package.ps1'
[12.705s] INFO:colcon.colcon_core.shell:Creating package descriptor '/home/golf1234_pc/manipurator_ws/install/mtc_config1/share/mtc_config1/package.dsv'
[12.705s] INFO:colcon.colcon_core.shell:Creating package script '/home/golf1234_pc/manipurator_ws/install/mtc_config1/share/mtc_config1/package.sh'
[12.705s] INFO:colcon.colcon_core.shell:Creating package script '/home/golf1234_pc/manipurator_ws/install/mtc_config1/share/mtc_config1/package.bash'
[12.706s] INFO:colcon.colcon_core.shell:Creating package script '/home/golf1234_pc/manipurator_ws/install/mtc_config1/share/mtc_config1/package.zsh'
[12.706s] Level 1:colcon.colcon_core.environment:create_file_with_runtime_dependencies(/home/golf1234_pc/manipurator_ws/install/mtc_config1/share/colcon-core/packages/mtc_config1)
[12.706s] Level 1:colcon.colcon_core.environment:create_environment_scripts_only(mtc_config1)
[12.706s] Level 1:colcon.colcon_core.environment:checking '/home/golf1234_pc/manipurator_ws/install/mtc_config1' for CMake module files
[12.707s] Level 1:colcon.colcon_core.environment:checking '/home/golf1234_pc/manipurator_ws/install/mtc_config1' for CMake config files
[12.707s] Level 1:colcon.colcon_core.shell:create_environment_hook('mtc_config1', 'cmake_prefix_path')
[12.707s] INFO:colcon.colcon_core.shell:Creating environment hook '/home/golf1234_pc/manipurator_ws/install/mtc_config1/share/mtc_config1/hook/cmake_prefix_path.ps1'
[12.707s] INFO:colcon.colcon_core.shell:Creating environment descriptor '/home/golf1234_pc/manipurator_ws/install/mtc_config1/share/mtc_config1/hook/cmake_prefix_path.dsv'
[12.708s] INFO:colcon.colcon_core.shell:Creating environment hook '/home/golf1234_pc/manipurator_ws/install/mtc_config1/share/mtc_config1/hook/cmake_prefix_path.sh'
[12.708s] Level 1:colcon.colcon_core.environment:checking '/home/golf1234_pc/manipurator_ws/install/mtc_config1/lib'
[12.708s] Level 1:colcon.colcon_core.environment:checking '/home/golf1234_pc/manipurator_ws/install/mtc_config1/bin'
[12.708s] Level 1:colcon.colcon_core.environment:checking '/home/golf1234_pc/manipurator_ws/install/mtc_config1/lib/pkgconfig/mtc_config1.pc'
[12.708s] Level 1:colcon.colcon_core.environment:checking '/home/golf1234_pc/manipurator_ws/install/mtc_config1/lib/python3.12/site-packages'
[12.708s] Level 1:colcon.colcon_core.environment:checking '/home/golf1234_pc/manipurator_ws/install/mtc_config1/bin'
[12.708s] INFO:colcon.colcon_core.shell:Creating package script '/home/golf1234_pc/manipurator_ws/install/mtc_config1/share/mtc_config1/package.ps1'
[12.709s] INFO:colcon.colcon_core.shell:Creating package descriptor '/home/golf1234_pc/manipurator_ws/install/mtc_config1/share/mtc_config1/package.dsv'
[12.709s] INFO:colcon.colcon_core.shell:Creating package script '/home/golf1234_pc/manipurator_ws/install/mtc_config1/share/mtc_config1/package.sh'
[12.709s] INFO:colcon.colcon_core.shell:Creating package script '/home/golf1234_pc/manipurator_ws/install/mtc_config1/share/mtc_config1/package.bash'
[12.710s] INFO:colcon.colcon_core.shell:Creating package script '/home/golf1234_pc/manipurator_ws/install/mtc_config1/share/mtc_config1/package.zsh'
[12.710s] Level 1:colcon.colcon_core.environment:create_file_with_runtime_dependencies(/home/golf1234_pc/manipurator_ws/install/mtc_config1/share/colcon-core/packages/mtc_config1)
[12.711s] DEBUG:colcon.colcon_parallel_executor.executor.parallel:closing loop
[12.711s] DEBUG:colcon.colcon_parallel_executor.executor.parallel:loop closed
[12.711s] DEBUG:colcon.colcon_parallel_executor.executor.parallel:run_until_complete finished with '0'
[12.711s] DEBUG:colcon.colcon_core.event_reactor:joining thread
[12.748s] INFO:colcon.colcon_core.plugin_system:Skipping extension 'colcon_notification.desktop_notification.notify_send': Could not find 'notify-send'
[12.748s] INFO:colcon.colcon_core.plugin_system:Skipping extension 'colcon_notification.desktop_notification.terminal_notifier': Not used on non-Darwin systems
[12.748s] INFO:colcon.colcon_core.plugin_system:Skipping extension 'colcon_notification.desktop_notification.win32': Not used on non-Windows systems
[12.748s] INFO:colcon.colcon_notification.desktop_notification:Sending desktop notification using 'notify2'
[12.749s] DEBUG:colcon.colcon_notification.desktop_notification.notify2:Failed to initialize notify2: org.freedesktop.DBus.Error.ServiceUnknown: The name org.freedesktop.Notifications was not provided by any .service files
[12.749s] DEBUG:colcon.colcon_core.event_reactor:joined thread
[12.749s] INFO:colcon.colcon_core.shell:Creating prefix script '/home/golf1234_pc/manipurator_ws/install/local_setup.ps1'
[12.750s] INFO:colcon.colcon_core.shell:Creating prefix util module '/home/golf1234_pc/manipurator_ws/install/_local_setup_util_ps1.py'
[12.751s] INFO:colcon.colcon_core.shell:Creating prefix chain script '/home/golf1234_pc/manipurator_ws/install/setup.ps1'
[12.755s] INFO:colcon.colcon_core.shell:Creating prefix script '/home/golf1234_pc/manipurator_ws/install/local_setup.sh'
[12.756s] INFO:colcon.colcon_core.shell:Creating prefix util module '/home/golf1234_pc/manipurator_ws/install/_local_setup_util_sh.py'
[12.756s] INFO:colcon.colcon_core.shell:Creating prefix chain script '/home/golf1234_pc/manipurator_ws/install/setup.sh'
[12.761s] INFO:colcon.colcon_core.shell:Creating prefix script '/home/golf1234_pc/manipurator_ws/install/local_setup.bash'
[12.761s] INFO:colcon.colcon_core.shell:Creating prefix chain script '/home/golf1234_pc/manipurator_ws/install/setup.bash'
[12.765s] INFO:colcon.colcon_core.shell:Creating prefix script '/home/golf1234_pc/manipurator_ws/install/local_setup.zsh'
[12.765s] INFO:colcon.colcon_core.shell:Creating prefix chain script '/home/golf1234_pc/manipurator_ws/install/setup.zsh'
