-- The C compiler identification is GNU 13.3.0
-- The CXX compiler identification is GNU 13.3.0
-- Detecting C compiler ABI info
-- Detecting C compiler ABI info - done
-- Check for working C compiler: /usr/bin/cc - skipped
-- Detecting C compile features
-- Detecting C compile features - done
-- Detecting CXX compiler ABI info
-- Detecting CXX compiler ABI info - done
-- Check for working CXX compiler: /usr/bin/c++ - skipped
-- Detecting CXX compile features
-- Detecting CXX compile features - done
-- Found ament_cmake: 2.5.3 (/opt/ros/jazzy/share/ament_cmake/cmake)
-- Found Python3: /usr/bin/python3 (found version "3.12.3") found components: Interpreter 
-- Override CMake install command with custom implementation using symlinks instead of copying resources
-- Found rosidl_default_generators: 1.6.0 (/opt/ros/jazzy/share/rosidl_default_generators/cmake)
-- Using all available rosidl_typesupport_c: rosidl_typesupport_fastrtps_c;rosidl_typesupport_introspection_c
-- Using all available rosidl_typesupport_cpp: rosidl_typesupport_fastrtps_cpp;rosidl_typesupport_introspection_cpp
-- Found rosidl_adapter: 4.6.5 (/opt/ros/jazzy/share/rosidl_adapter/cmake)
-- Found ament_cmake_ros: 0.12.0 (/opt/ros/jazzy/share/ament_cmake_ros/cmake)
-- Using all available rosidl_typesupport_c: rosidl_typesupport_fastrtps_c;rosidl_typesupport_introspection_c
-- Using all available rosidl_typesupport_cpp: rosidl_typesupport_fastrtps_cpp;rosidl_typesupport_introspection_cpp
-- Found python_cmake_module: 0.11.1 (/opt/ros/jazzy/share/python_cmake_module/cmake)
-- Found PythonExtra: /usr/bin/python3  
-- Found Python3: /usr/bin/python3 (found version "3.12.3") found components: Interpreter Development NumPy Development.Module Development.Embed 
-- Found ament_lint_auto: 0.17.1 (/opt/ros/jazzy/share/ament_lint_auto/cmake)
-- Added test 'lint_cmake' to check CMake code style
-- Added test 'xmllint' to check XML markup files
-- Configuring done (6.5s)
-- Generating done (0.0s)
-- Build files have been written to: /home/golf1234_pc/manipurator_ws/build/interface_manipurator
[  2%] [34m[1mGenerating type hashes for ROS interfaces[0m
[  2%] Built target ament_cmake_python_symlink_interface_manipurator
[  2%] Built target interface_manipurator__rosidl_generator_type_description
[  5%] [34m[1mGenerating C code for ROS interfaces[0m
[  8%] [34m[1mGenerating C++ code for ROS interfaces[0m
running egg_info
creating interface_manipurator.egg-info
writing interface_manipurator.egg-info/PKG-INFO
writing dependency_links to interface_manipurator.egg-info/dependency_links.txt
writing top-level names to interface_manipurator.egg-info/top_level.txt
writing manifest file 'interface_manipurator.egg-info/SOURCES.txt'
reading manifest file 'interface_manipurator.egg-info/SOURCES.txt'
writing manifest file 'interface_manipurator.egg-info/SOURCES.txt'
[ 17%] [32mBuilding C object CMakeFiles/interface_manipurator__rosidl_generator_c.dir/rosidl_generator_c/interface_manipurator/msg/detail/speed_angle__functions.c.o[0m
[ 17%] [32mBuilding C object CMakeFiles/interface_manipurator__rosidl_generator_c.dir/rosidl_generator_c/interface_manipurator/msg/detail/speed_angle__description.c.o[0m
[ 17%] [32mBuilding C object CMakeFiles/interface_manipurator__rosidl_generator_c.dir/rosidl_generator_c/interface_manipurator/msg/detail/speed_angle__type_support.c.o[0m
[ 17%] Built target interface_manipurator__cpp
[ 17%] Built target ament_cmake_python_build_interface_manipurator_egg
[ 20%] [32m[1mLinking C shared library libinterface_manipurator__rosidl_generator_c.so[0m
[ 20%] Built target interface_manipurator__rosidl_generator_c
[ 32%] [34m[1mGenerating C++ type support dispatch for ROS interfaces[0m
[ 32%] [34m[1mGenerating C++ introspection for ROS interfaces[0m
[ 32%] [34m[1mGenerating C type support for eProsima Fast-RTPS[0m
[ 38%] [34m[1mGenerating C introspection for ROS interfaces[0m
[ 32%] [34m[1mGenerating C++ type support for eProsima Fast-RTPS[0m
[ 38%] [34m[1mGenerating C type support dispatch for ROS interfaces[0m
[ 41%] [32mBuilding CXX object CMakeFiles/interface_manipurator__rosidl_typesupport_c.dir/rosidl_typesupport_c/interface_manipurator/msg/speed_angle__type_support.cpp.o[0m
[ 44%] [32mBuilding CXX object CMakeFiles/interface_manipurator__rosidl_typesupport_cpp.dir/rosidl_typesupport_cpp/interface_manipurator/msg/speed_angle__type_support.cpp.o[0m
[ 47%] [32mBuilding CXX object CMakeFiles/interface_manipurator__rosidl_typesupport_introspection_cpp.dir/rosidl_typesupport_introspection_cpp/interface_manipurator/msg/detail/speed_angle__type_support.cpp.o[0m
[ 50%] [32mBuilding C object CMakeFiles/interface_manipurator__rosidl_typesupport_introspection_c.dir/rosidl_typesupport_introspection_c/interface_manipurator/msg/detail/speed_angle__type_support.c.o[0m
[ 52%] [32mBuilding CXX object CMakeFiles/interface_manipurator__rosidl_typesupport_fastrtps_c.dir/rosidl_typesupport_fastrtps_c/interface_manipurator/msg/detail/speed_angle__type_support_c.cpp.o[0m
[ 55%] [32mBuilding CXX object CMakeFiles/interface_manipurator__rosidl_typesupport_fastrtps_cpp.dir/rosidl_typesupport_fastrtps_cpp/interface_manipurator/msg/detail/dds_fastrtps/speed_angle__type_support.cpp.o[0m
[ 58%] [32m[1mLinking CXX shared library libinterface_manipurator__rosidl_typesupport_c.so[0m
[ 61%] [32m[1mLinking C shared library libinterface_manipurator__rosidl_typesupport_introspection_c.so[0m
[ 61%] Built target interface_manipurator__rosidl_typesupport_c
[ 61%] Built target interface_manipurator__rosidl_typesupport_introspection_c
[ 64%] [32m[1mLinking CXX shared library libinterface_manipurator__rosidl_typesupport_introspection_cpp.so[0m
[ 67%] [32m[1mLinking CXX shared library libinterface_manipurator__rosidl_typesupport_cpp.so[0m
[ 67%] Built target interface_manipurator__rosidl_typesupport_introspection_cpp
[ 67%] Built target interface_manipurator__rosidl_typesupport_cpp
[ 70%] [32m[1mLinking CXX shared library libinterface_manipurator__rosidl_typesupport_fastrtps_c.so[0m
[ 73%] [32m[1mLinking CXX shared library libinterface_manipurator__rosidl_typesupport_fastrtps_cpp.so[0m
[ 73%] Built target interface_manipurator__rosidl_typesupport_fastrtps_c
[ 73%] Built target interface_manipurator__rosidl_typesupport_fastrtps_cpp
[ 73%] Built target interface_manipurator
[ 76%] [34m[1mGenerating Python code for ROS interfaces[0m
[ 76%] Built target interface_manipurator__py
[ 79%] [32mBuilding C object CMakeFiles/interface_manipurator__rosidl_generator_py.dir/rosidl_generator_py/interface_manipurator/msg/_speed_angle_s.c.o[0m
[ 82%] [32m[1mLinking C shared library libinterface_manipurator__rosidl_generator_py.so[0m
[ 82%] Built target interface_manipurator__rosidl_generator_py
[ 91%] [32mBuilding C object CMakeFiles/interface_manipurator_s__rosidl_typesupport_c.dir/rosidl_generator_py/interface_manipurator/_interface_manipurator_s.ep.rosidl_typesupport_c.c.o[0m
[ 91%] [32mBuilding C object CMakeFiles/interface_manipurator_s__rosidl_typesupport_fastrtps_c.dir/rosidl_generator_py/interface_manipurator/_interface_manipurator_s.ep.rosidl_typesupport_fastrtps_c.c.o[0m
[ 91%] [32mBuilding C object CMakeFiles/interface_manipurator_s__rosidl_typesupport_introspection_c.dir/rosidl_generator_py/interface_manipurator/_interface_manipurator_s.ep.rosidl_typesupport_introspection_c.c.o[0m
[ 97%] [32m[1mLinking C shared module rosidl_generator_py/interface_manipurator/interface_manipurator_s__rosidl_typesupport_introspection_c.so[0m
[ 97%] [32m[1mLinking C shared module rosidl_generator_py/interface_manipurator/interface_manipurator_s__rosidl_typesupport_c.so[0m
[100%] [32m[1mLinking C shared module rosidl_generator_py/interface_manipurator/interface_manipurator_s__rosidl_typesupport_fastrtps_c.so[0m
[100%] Built target interface_manipurator_s__rosidl_typesupport_c
[100%] Built target interface_manipurator_s__rosidl_typesupport_introspection_c
[100%] Built target interface_manipurator_s__rosidl_typesupport_fastrtps_c
-- Install configuration: ""
-- Execute custom install script
-- Symlinking: /home/golf1234_pc/manipurator_ws/install/interface_manipurator/share/ament_index/resource_index/rosidl_interfaces/interface_manipurator
-- Symlinking: /home/golf1234_pc/manipurator_ws/install/interface_manipurator/share/interface_manipurator/msg/SpeedAngle.json
-- Symlinking: /home/golf1234_pc/manipurator_ws/install/interface_manipurator/include/interface_manipurator/interface_manipurator/msg/detail/speed_angle__functions.h
-- Symlinking: /home/golf1234_pc/manipurator_ws/install/interface_manipurator/include/interface_manipurator/interface_manipurator/msg/detail/speed_angle__struct.h
-- Symlinking: /home/golf1234_pc/manipurator_ws/install/interface_manipurator/include/interface_manipurator/interface_manipurator/msg/detail/speed_angle__type_support.h
-- Symlinking: /home/golf1234_pc/manipurator_ws/install/interface_manipurator/include/interface_manipurator/interface_manipurator/msg/rosidl_generator_c__visibility_control.h
-- Symlinking: /home/golf1234_pc/manipurator_ws/install/interface_manipurator/include/interface_manipurator/interface_manipurator/msg/speed_angle.h
-- Symlinking: /home/golf1234_pc/manipurator_ws/install/interface_manipurator/share/interface_manipurator/environment/library_path.sh
-- Symlinking: /home/golf1234_pc/manipurator_ws/install/interface_manipurator/share/interface_manipurator/environment/library_path.dsv
-- Symlinking: /home/golf1234_pc/manipurator_ws/install/interface_manipurator/include/interface_manipurator/interface_manipurator/msg/detail/speed_angle__rosidl_typesupport_fastrtps_c.h
-- Symlinking: /home/golf1234_pc/manipurator_ws/install/interface_manipurator/include/interface_manipurator/interface_manipurator/msg/rosidl_typesupport_fastrtps_c__visibility_control.h
-- Symlinking: /home/golf1234_pc/manipurator_ws/install/interface_manipurator/include/interface_manipurator/interface_manipurator/msg/detail/speed_angle__rosidl_typesupport_introspection_c.h
-- Symlinking: /home/golf1234_pc/manipurator_ws/install/interface_manipurator/include/interface_manipurator/interface_manipurator/msg/rosidl_typesupport_introspection_c__visibility_control.h
-- Symlinking: /home/golf1234_pc/manipurator_ws/install/interface_manipurator/include/interface_manipurator/interface_manipurator/msg/detail/speed_angle__builder.hpp
-- Symlinking: /home/golf1234_pc/manipurator_ws/install/interface_manipurator/include/interface_manipurator/interface_manipurator/msg/detail/speed_angle__struct.hpp
-- Symlinking: /home/golf1234_pc/manipurator_ws/install/interface_manipurator/include/interface_manipurator/interface_manipurator/msg/detail/speed_angle__traits.hpp
-- Symlinking: /home/golf1234_pc/manipurator_ws/install/interface_manipurator/include/interface_manipurator/interface_manipurator/msg/detail/speed_angle__type_support.hpp
-- Symlinking: /home/golf1234_pc/manipurator_ws/install/interface_manipurator/include/interface_manipurator/interface_manipurator/msg/rosidl_generator_cpp__visibility_control.hpp
-- Symlinking: /home/golf1234_pc/manipurator_ws/install/interface_manipurator/include/interface_manipurator/interface_manipurator/msg/speed_angle.hpp
-- Symlinking: /home/golf1234_pc/manipurator_ws/install/interface_manipurator/include/interface_manipurator/interface_manipurator/msg/detail/speed_angle__rosidl_typesupport_fastrtps_cpp.hpp
-- Symlinking: /home/golf1234_pc/manipurator_ws/install/interface_manipurator/include/interface_manipurator/interface_manipurator/msg/rosidl_typesupport_fastrtps_cpp__visibility_control.h
-- Symlinking: /home/golf1234_pc/manipurator_ws/install/interface_manipurator/include/interface_manipurator/interface_manipurator/msg/detail/speed_angle__rosidl_typesupport_introspection_cpp.hpp
-- Symlinking: /home/golf1234_pc/manipurator_ws/install/interface_manipurator/share/interface_manipurator/environment/pythonpath.sh
-- Symlinking: /home/golf1234_pc/manipurator_ws/install/interface_manipurator/share/interface_manipurator/environment/pythonpath.dsv
-- Symlinking: /home/golf1234_pc/manipurator_ws/install/interface_manipurator/lib/python3.12/site-packages/interface_manipurator-0.0.0-py3.12.egg-info/PKG-INFO
-- Symlinking: /home/golf1234_pc/manipurator_ws/install/interface_manipurator/lib/python3.12/site-packages/interface_manipurator-0.0.0-py3.12.egg-info/SOURCES.txt
-- Symlinking: /home/golf1234_pc/manipurator_ws/install/interface_manipurator/lib/python3.12/site-packages/interface_manipurator-0.0.0-py3.12.egg-info/dependency_links.txt
-- Symlinking: /home/golf1234_pc/manipurator_ws/install/interface_manipurator/lib/python3.12/site-packages/interface_manipurator-0.0.0-py3.12.egg-info/top_level.txt
-- Symlinking: /home/golf1234_pc/manipurator_ws/install/interface_manipurator/lib/python3.12/site-packages/interface_manipurator/__init__.py
-- Symlinking: /home/golf1234_pc/manipurator_ws/install/interface_manipurator/lib/python3.12/site-packages/interface_manipurator/_interface_manipurator_s.ep.rosidl_typesupport_c.c
-- Symlinking: /home/golf1234_pc/manipurator_ws/install/interface_manipurator/lib/python3.12/site-packages/interface_manipurator/_interface_manipurator_s.ep.rosidl_typesupport_fastrtps_c.c
-- Symlinking: /home/golf1234_pc/manipurator_ws/install/interface_manipurator/lib/python3.12/site-packages/interface_manipurator/_interface_manipurator_s.ep.rosidl_typesupport_introspection_c.c
-- Symlinking: /home/golf1234_pc/manipurator_ws/install/interface_manipurator/lib/python3.12/site-packages/interface_manipurator/interface_manipurator_s__rosidl_typesupport_c.so
-- Symlinking: /home/golf1234_pc/manipurator_ws/install/interface_manipurator/lib/python3.12/site-packages/interface_manipurator/interface_manipurator_s__rosidl_typesupport_fastrtps_c.so
-- Symlinking: /home/golf1234_pc/manipurator_ws/install/interface_manipurator/lib/python3.12/site-packages/interface_manipurator/interface_manipurator_s__rosidl_typesupport_introspection_c.so
-- Symlinking: /home/golf1234_pc/manipurator_ws/install/interface_manipurator/lib/python3.12/site-packages/interface_manipurator/msg/__init__.py
-- Symlinking: /home/golf1234_pc/manipurator_ws/install/interface_manipurator/lib/python3.12/site-packages/interface_manipurator/msg/_speed_angle.py
-- Symlinking: /home/golf1234_pc/manipurator_ws/install/interface_manipurator/lib/python3.12/site-packages/interface_manipurator/msg/_speed_angle_s.c
-- Up-to-date symlink: /home/golf1234_pc/manipurator_ws/install/interface_manipurator/lib/python3.12/site-packages/interface_manipurator/interface_manipurator_s__rosidl_typesupport_fastrtps_c.so
-- Up-to-date symlink: /home/golf1234_pc/manipurator_ws/install/interface_manipurator/lib/python3.12/site-packages/interface_manipurator/interface_manipurator_s__rosidl_typesupport_introspection_c.so
-- Up-to-date symlink: /home/golf1234_pc/manipurator_ws/install/interface_manipurator/lib/python3.12/site-packages/interface_manipurator/interface_manipurator_s__rosidl_typesupport_c.so
-- Symlinking: /home/golf1234_pc/manipurator_ws/install/interface_manipurator/share/interface_manipurator/msg/SpeedAngle.idl
-- Symlinking: /home/golf1234_pc/manipurator_ws/install/interface_manipurator/share/interface_manipurator/msg/SpeedAngle.msg
-- Symlinking: /home/golf1234_pc/manipurator_ws/install/interface_manipurator/share/ament_index/resource_index/package_run_dependencies/interface_manipurator
-- Symlinking: /home/golf1234_pc/manipurator_ws/install/interface_manipurator/share/ament_index/resource_index/parent_prefix_path/interface_manipurator
-- Symlinking: /home/golf1234_pc/manipurator_ws/install/interface_manipurator/share/interface_manipurator/environment/ament_prefix_path.sh
-- Symlinking: /home/golf1234_pc/manipurator_ws/install/interface_manipurator/share/interface_manipurator/environment/ament_prefix_path.dsv
-- Symlinking: /home/golf1234_pc/manipurator_ws/install/interface_manipurator/share/interface_manipurator/environment/path.sh
-- Symlinking: /home/golf1234_pc/manipurator_ws/install/interface_manipurator/share/interface_manipurator/environment/path.dsv
-- Symlinking: /home/golf1234_pc/manipurator_ws/install/interface_manipurator/share/interface_manipurator/local_setup.bash
-- Symlinking: /home/golf1234_pc/manipurator_ws/install/interface_manipurator/share/interface_manipurator/local_setup.sh
-- Symlinking: /home/golf1234_pc/manipurator_ws/install/interface_manipurator/share/interface_manipurator/local_setup.zsh
-- Symlinking: /home/golf1234_pc/manipurator_ws/install/interface_manipurator/share/interface_manipurator/local_setup.dsv
-- Symlinking: /home/golf1234_pc/manipurator_ws/install/interface_manipurator/share/interface_manipurator/package.dsv
-- Symlinking: /home/golf1234_pc/manipurator_ws/install/interface_manipurator/share/ament_index/resource_index/packages/interface_manipurator
-- Symlinking: /home/golf1234_pc/manipurator_ws/install/interface_manipurator/share/interface_manipurator/cmake/rosidl_cmake-extras.cmake
-- Symlinking: /home/golf1234_pc/manipurator_ws/install/interface_manipurator/share/interface_manipurator/cmake/ament_cmake_export_include_directories-extras.cmake
-- Symlinking: /home/golf1234_pc/manipurator_ws/install/interface_manipurator/share/interface_manipurator/cmake/ament_cmake_export_libraries-extras.cmake
-- Symlinking: /home/golf1234_pc/manipurator_ws/install/interface_manipurator/share/interface_manipurator/cmake/ament_cmake_export_targets-extras.cmake
-- Symlinking: /home/golf1234_pc/manipurator_ws/install/interface_manipurator/share/interface_manipurator/cmake/rosidl_cmake_export_typesupport_targets-extras.cmake
-- Symlinking: /home/golf1234_pc/manipurator_ws/install/interface_manipurator/share/interface_manipurator/cmake/ament_cmake_export_dependencies-extras.cmake
-- Symlinking: /home/golf1234_pc/manipurator_ws/install/interface_manipurator/share/interface_manipurator/cmake/rosidl_cmake_export_typesupport_libraries-extras.cmake
-- Symlinking: /home/golf1234_pc/manipurator_ws/install/interface_manipurator/share/interface_manipurator/cmake/interface_manipuratorConfig.cmake
-- Symlinking: /home/golf1234_pc/manipurator_ws/install/interface_manipurator/share/interface_manipurator/cmake/interface_manipuratorConfig-version.cmake
-- Symlinking: /home/golf1234_pc/manipurator_ws/install/interface_manipurator/share/interface_manipurator/package.xml
-- Installing: /home/golf1234_pc/manipurator_ws/install/interface_manipurator/lib/libinterface_manipurator__rosidl_generator_c.so
-- Set non-toolchain portion of runtime path of "/home/golf1234_pc/manipurator_ws/install/interface_manipurator/lib/libinterface_manipurator__rosidl_generator_c.so" to ""
-- Installing: /home/golf1234_pc/manipurator_ws/install/interface_manipurator/lib/libinterface_manipurator__rosidl_typesupport_fastrtps_c.so
-- Set non-toolchain portion of runtime path of "/home/golf1234_pc/manipurator_ws/install/interface_manipurator/lib/libinterface_manipurator__rosidl_typesupport_fastrtps_c.so" to ""
-- Installing: /home/golf1234_pc/manipurator_ws/install/interface_manipurator/lib/libinterface_manipurator__rosidl_typesupport_introspection_c.so
-- Set non-toolchain portion of runtime path of "/home/golf1234_pc/manipurator_ws/install/interface_manipurator/lib/libinterface_manipurator__rosidl_typesupport_introspection_c.so" to ""
-- Installing: /home/golf1234_pc/manipurator_ws/install/interface_manipurator/lib/libinterface_manipurator__rosidl_typesupport_c.so
-- Set non-toolchain portion of runtime path of "/home/golf1234_pc/manipurator_ws/install/interface_manipurator/lib/libinterface_manipurator__rosidl_typesupport_c.so" to ""
-- Installing: /home/golf1234_pc/manipurator_ws/install/interface_manipurator/lib/libinterface_manipurator__rosidl_typesupport_fastrtps_cpp.so
-- Set non-toolchain portion of runtime path of "/home/golf1234_pc/manipurator_ws/install/interface_manipurator/lib/libinterface_manipurator__rosidl_typesupport_fastrtps_cpp.so" to ""
-- Installing: /home/golf1234_pc/manipurator_ws/install/interface_manipurator/lib/libinterface_manipurator__rosidl_typesupport_introspection_cpp.so
-- Set non-toolchain portion of runtime path of "/home/golf1234_pc/manipurator_ws/install/interface_manipurator/lib/libinterface_manipurator__rosidl_typesupport_introspection_cpp.so" to ""
-- Installing: /home/golf1234_pc/manipurator_ws/install/interface_manipurator/lib/libinterface_manipurator__rosidl_typesupport_cpp.so
-- Set non-toolchain portion of runtime path of "/home/golf1234_pc/manipurator_ws/install/interface_manipurator/lib/libinterface_manipurator__rosidl_typesupport_cpp.so" to ""
Listing '/home/golf1234_pc/manipurator_ws/install/interface_manipurator/lib/python3.12/site-packages/interface_manipurator'...
Compiling '/home/golf1234_pc/manipurator_ws/install/interface_manipurator/lib/python3.12/site-packages/interface_manipurator/__init__.py'...
Listing '/home/golf1234_pc/manipurator_ws/install/interface_manipurator/lib/python3.12/site-packages/interface_manipurator/msg'...
Compiling '/home/golf1234_pc/manipurator_ws/install/interface_manipurator/lib/python3.12/site-packages/interface_manipurator/msg/__init__.py'...
Compiling '/home/golf1234_pc/manipurator_ws/install/interface_manipurator/lib/python3.12/site-packages/interface_manipurator/msg/_speed_angle.py'...
-- Installing: /home/golf1234_pc/manipurator_ws/install/interface_manipurator/lib/libinterface_manipurator__rosidl_generator_py.so
-- Set non-toolchain portion of runtime path of "/home/golf1234_pc/manipurator_ws/install/interface_manipurator/lib/libinterface_manipurator__rosidl_generator_py.so" to ""
-- Installing: /home/golf1234_pc/manipurator_ws/install/interface_manipurator/share/interface_manipurator/cmake/export_interface_manipurator__rosidl_generator_cExport.cmake
-- Installing: /home/golf1234_pc/manipurator_ws/install/interface_manipurator/share/interface_manipurator/cmake/export_interface_manipurator__rosidl_generator_cExport-noconfig.cmake
-- Installing: /home/golf1234_pc/manipurator_ws/install/interface_manipurator/share/interface_manipurator/cmake/export_interface_manipurator__rosidl_typesupport_fastrtps_cExport.cmake
-- Installing: /home/golf1234_pc/manipurator_ws/install/interface_manipurator/share/interface_manipurator/cmake/export_interface_manipurator__rosidl_typesupport_fastrtps_cExport-noconfig.cmake
-- Installing: /home/golf1234_pc/manipurator_ws/install/interface_manipurator/share/interface_manipurator/cmake/interface_manipurator__rosidl_typesupport_introspection_cExport.cmake
-- Installing: /home/golf1234_pc/manipurator_ws/install/interface_manipurator/share/interface_manipurator/cmake/interface_manipurator__rosidl_typesupport_introspection_cExport-noconfig.cmake
-- Installing: /home/golf1234_pc/manipurator_ws/install/interface_manipurator/share/interface_manipurator/cmake/interface_manipurator__rosidl_typesupport_cExport.cmake
-- Installing: /home/golf1234_pc/manipurator_ws/install/interface_manipurator/share/interface_manipurator/cmake/interface_manipurator__rosidl_typesupport_cExport-noconfig.cmake
-- Installing: /home/golf1234_pc/manipurator_ws/install/interface_manipurator/share/interface_manipurator/cmake/export_interface_manipurator__rosidl_generator_cppExport.cmake
-- Installing: /home/golf1234_pc/manipurator_ws/install/interface_manipurator/share/interface_manipurator/cmake/export_interface_manipurator__rosidl_typesupport_fastrtps_cppExport.cmake
-- Installing: /home/golf1234_pc/manipurator_ws/install/interface_manipurator/share/interface_manipurator/cmake/export_interface_manipurator__rosidl_typesupport_fastrtps_cppExport-noconfig.cmake
-- Installing: /home/golf1234_pc/manipurator_ws/install/interface_manipurator/share/interface_manipurator/cmake/interface_manipurator__rosidl_typesupport_introspection_cppExport.cmake
-- Installing: /home/golf1234_pc/manipurator_ws/install/interface_manipurator/share/interface_manipurator/cmake/interface_manipurator__rosidl_typesupport_introspection_cppExport-noconfig.cmake
-- Installing: /home/golf1234_pc/manipurator_ws/install/interface_manipurator/share/interface_manipurator/cmake/interface_manipurator__rosidl_typesupport_cppExport.cmake
-- Installing: /home/golf1234_pc/manipurator_ws/install/interface_manipurator/share/interface_manipurator/cmake/interface_manipurator__rosidl_typesupport_cppExport-noconfig.cmake
-- Installing: /home/golf1234_pc/manipurator_ws/install/interface_manipurator/share/interface_manipurator/cmake/export_interface_manipurator__rosidl_generator_pyExport.cmake
-- Installing: /home/golf1234_pc/manipurator_ws/install/interface_manipurator/share/interface_manipurator/cmake/export_interface_manipurator__rosidl_generator_pyExport-noconfig.cmake
