[0.025s] Invoking command in '/home/golf1234_pc/manipurator_ws/build/interface_manipurator': CMAKE_PREFIX_PATH=${CMAKE_PREFIX_PATH}:/home/golf1234_pc/install/moveit_configs_utils:/home/golf1234_pc/manipurator_ws/install/server_controllers:/home/golf1234_pc/manipurator_ws/install/mobile_manipurator:/home/golf1234_pc/manipurator_ws/install/camera2_ros:/home/golf1234_pc/ws_moveit/install/moveit_configs_utils:/home/golf1234_pc/project1_ws/install/server_controllers:/home/golf1234_pc/project1_ws/install/mobile_manipurator:/home/golf1234_pc/project1_ws/install/camera2_ros:/home/golf1234_pc/test1_ws/install/test1:/opt/ros/jazzy DEBUGINFOD_URLS=https://debuginfod.ubuntu.com /usr/bin/cmake /home/golf1234_pc/manipurator_ws/src/interface_manipurator -DAMENT_CMAKE_SYMLINK_INSTALL=1 -DCMAKE_INSTALL_PREFIX=/home/golf1234_pc/manipurator_ws/install/interface_manipurator
[0.274s] -- The C compiler identification is GNU 13.3.0
[0.952s] -- The CXX compiler identification is GNU 13.3.0
[1.527s] -- Detecting C compiler ABI info
[1.789s] -- Detecting C compiler ABI info - done
[1.796s] -- Check for working C compiler: /usr/bin/cc - skipped
[1.797s] -- Detecting C compile features
[1.797s] -- Detecting C compile features - done
[1.886s] -- Detecting CXX compiler ABI info
[2.178s] -- Detecting CXX compiler ABI info - done
[2.187s] -- Check for working CXX compiler: /usr/bin/c++ - skipped
[2.187s] -- Detecting CXX compile features
[2.187s] -- Detecting CXX compile features - done
[2.365s] -- Found ament_cmake: 2.5.3 (/opt/ros/jazzy/share/ament_cmake/cmake)
[2.669s] -- Found Python3: /usr/bin/python3 (found version "3.12.3") found components: Interpreter 
[2.761s] -- Override CMake install command with custom implementation using symlinks instead of copying resources
[2.994s] -- Found rosidl_default_generators: 1.6.0 (/opt/ros/jazzy/share/rosidl_default_generators/cmake)
[3.089s] -- Using all available rosidl_typesupport_c: rosidl_typesupport_fastrtps_c;rosidl_typesupport_introspection_c
[3.469s] -- Using all available rosidl_typesupport_cpp: rosidl_typesupport_fastrtps_cpp;rosidl_typesupport_introspection_cpp
[3.654s] -- Found rosidl_adapter: 4.6.5 (/opt/ros/jazzy/share/rosidl_adapter/cmake)
[4.363s] -- Found ament_cmake_ros: 0.12.0 (/opt/ros/jazzy/share/ament_cmake_ros/cmake)
[4.873s] -- Using all available rosidl_typesupport_c: rosidl_typesupport_fastrtps_c;rosidl_typesupport_introspection_c
[5.504s] -- Using all available rosidl_typesupport_cpp: rosidl_typesupport_fastrtps_cpp;rosidl_typesupport_introspection_cpp
[5.521s] -- Found python_cmake_module: 0.11.1 (/opt/ros/jazzy/share/python_cmake_module/cmake)
[5.670s] -- Found PythonExtra: /usr/bin/python3  
[6.299s] -- Found Python3: /usr/bin/python3 (found version "3.12.3") found components: Interpreter Development NumPy Development.Module Development.Embed 
[6.370s] -- Found ament_lint_auto: 0.17.1 (/opt/ros/jazzy/share/ament_lint_auto/cmake)
[6.498s] -- Added test 'lint_cmake' to check CMake code style
[6.504s] -- Added test 'xmllint' to check XML markup files
[6.515s] -- Configuring done (6.5s)
[6.560s] -- Generating done (0.0s)
[6.570s] -- Build files have been written to: /home/golf1234_pc/manipurator_ws/build/interface_manipurator
[6.586s] Invoked command in '/home/golf1234_pc/manipurator_ws/build/interface_manipurator' returned '0': CMAKE_PREFIX_PATH=${CMAKE_PREFIX_PATH}:/home/golf1234_pc/install/moveit_configs_utils:/home/golf1234_pc/manipurator_ws/install/server_controllers:/home/golf1234_pc/manipurator_ws/install/mobile_manipurator:/home/golf1234_pc/manipurator_ws/install/camera2_ros:/home/golf1234_pc/ws_moveit/install/moveit_configs_utils:/home/golf1234_pc/project1_ws/install/server_controllers:/home/golf1234_pc/project1_ws/install/mobile_manipurator:/home/golf1234_pc/project1_ws/install/camera2_ros:/home/golf1234_pc/test1_ws/install/test1:/opt/ros/jazzy DEBUGINFOD_URLS=https://debuginfod.ubuntu.com /usr/bin/cmake /home/golf1234_pc/manipurator_ws/src/interface_manipurator -DAMENT_CMAKE_SYMLINK_INSTALL=1 -DCMAKE_INSTALL_PREFIX=/home/golf1234_pc/manipurator_ws/install/interface_manipurator
[6.588s] Invoking command in '/home/golf1234_pc/manipurator_ws/build/interface_manipurator': CMAKE_PREFIX_PATH=${CMAKE_PREFIX_PATH}:/home/golf1234_pc/install/moveit_configs_utils:/home/golf1234_pc/manipurator_ws/install/server_controllers:/home/golf1234_pc/manipurator_ws/install/mobile_manipurator:/home/golf1234_pc/manipurator_ws/install/camera2_ros:/home/golf1234_pc/ws_moveit/install/moveit_configs_utils:/home/golf1234_pc/project1_ws/install/server_controllers:/home/golf1234_pc/project1_ws/install/mobile_manipurator:/home/golf1234_pc/project1_ws/install/camera2_ros:/home/golf1234_pc/test1_ws/install/test1:/opt/ros/jazzy DEBUGINFOD_URLS=https://debuginfod.ubuntu.com /usr/bin/cmake --build /home/golf1234_pc/manipurator_ws/build/interface_manipurator -- -j16 -l16
[6.662s] [  2%] [34m[1mGenerating type hashes for ROS interfaces[0m
[6.676s] [  2%] Built target ament_cmake_python_symlink_interface_manipurator
[6.849s] [  2%] Built target interface_manipurator__rosidl_generator_type_description
[6.865s] [  5%] [34m[1mGenerating C code for ROS interfaces[0m
[6.883s] [  8%] [34m[1mGenerating C++ code for ROS interfaces[0m
[6.956s] running egg_info
[6.957s] creating interface_manipurator.egg-info
[6.987s] writing interface_manipurator.egg-info/PKG-INFO
[6.987s] writing dependency_links to interface_manipurator.egg-info/dependency_links.txt
[6.987s] writing top-level names to interface_manipurator.egg-info/top_level.txt
[6.987s] writing manifest file 'interface_manipurator.egg-info/SOURCES.txt'
[7.080s] reading manifest file 'interface_manipurator.egg-info/SOURCES.txt'
[7.080s] writing manifest file 'interface_manipurator.egg-info/SOURCES.txt'
[7.136s] [ 17%] [32mBuilding C object CMakeFiles/interface_manipurator__rosidl_generator_c.dir/rosidl_generator_c/interface_manipurator/msg/detail/speed_angle__functions.c.o[0m
[7.136s] [ 17%] [32mBuilding C object CMakeFiles/interface_manipurator__rosidl_generator_c.dir/rosidl_generator_c/interface_manipurator/msg/detail/speed_angle__description.c.o[0m
[7.137s] [ 17%] [32mBuilding C object CMakeFiles/interface_manipurator__rosidl_generator_c.dir/rosidl_generator_c/interface_manipurator/msg/detail/speed_angle__type_support.c.o[0m
[7.137s] [ 17%] Built target interface_manipurator__cpp
[7.144s] [ 17%] Built target ament_cmake_python_build_interface_manipurator_egg
[7.218s] [ 20%] [32m[1mLinking C shared library libinterface_manipurator__rosidl_generator_c.so[0m
[7.335s] [ 20%] Built target interface_manipurator__rosidl_generator_c
[7.352s] [ 32%] [34m[1mGenerating C++ type support dispatch for ROS interfaces[0m
[7.352s] [ 32%] [34m[1mGenerating C++ introspection for ROS interfaces[0m
[7.352s] [ 32%] [34m[1mGenerating C type support for eProsima Fast-RTPS[0m
[7.352s] [ 38%] [34m[1mGenerating C introspection for ROS interfaces[0m
[7.352s] [ 32%] [34m[1mGenerating C++ type support for eProsima Fast-RTPS[0m
[7.353s] [ 38%] [34m[1mGenerating C type support dispatch for ROS interfaces[0m
[7.627s] [ 41%] [32mBuilding CXX object CMakeFiles/interface_manipurator__rosidl_typesupport_c.dir/rosidl_typesupport_c/interface_manipurator/msg/speed_angle__type_support.cpp.o[0m
[7.649s] [ 44%] [32mBuilding CXX object CMakeFiles/interface_manipurator__rosidl_typesupport_cpp.dir/rosidl_typesupport_cpp/interface_manipurator/msg/speed_angle__type_support.cpp.o[0m
[7.650s] [ 47%] [32mBuilding CXX object CMakeFiles/interface_manipurator__rosidl_typesupport_introspection_cpp.dir/rosidl_typesupport_introspection_cpp/interface_manipurator/msg/detail/speed_angle__type_support.cpp.o[0m
[7.656s] [ 50%] [32mBuilding C object CMakeFiles/interface_manipurator__rosidl_typesupport_introspection_c.dir/rosidl_typesupport_introspection_c/interface_manipurator/msg/detail/speed_angle__type_support.c.o[0m
[7.669s] [ 52%] [32mBuilding CXX object CMakeFiles/interface_manipurator__rosidl_typesupport_fastrtps_c.dir/rosidl_typesupport_fastrtps_c/interface_manipurator/msg/detail/speed_angle__type_support_c.cpp.o[0m
[7.669s] [ 55%] [32mBuilding CXX object CMakeFiles/interface_manipurator__rosidl_typesupport_fastrtps_cpp.dir/rosidl_typesupport_fastrtps_cpp/interface_manipurator/msg/detail/dds_fastrtps/speed_angle__type_support.cpp.o[0m
[7.692s] [ 58%] [32m[1mLinking CXX shared library libinterface_manipurator__rosidl_typesupport_c.so[0m
[7.706s] [ 61%] [32m[1mLinking C shared library libinterface_manipurator__rosidl_typesupport_introspection_c.so[0m
[7.856s] [ 61%] Built target interface_manipurator__rosidl_typesupport_c
[7.864s] [ 61%] Built target interface_manipurator__rosidl_typesupport_introspection_c
[8.039s] [ 64%] [32m[1mLinking CXX shared library libinterface_manipurator__rosidl_typesupport_introspection_cpp.so[0m
[8.044s] [ 67%] [32m[1mLinking CXX shared library libinterface_manipurator__rosidl_typesupport_cpp.so[0m
[8.165s] [ 67%] Built target interface_manipurator__rosidl_typesupport_introspection_cpp
[8.167s] [ 67%] Built target interface_manipurator__rosidl_typesupport_cpp
[8.183s] [ 70%] [32m[1mLinking CXX shared library libinterface_manipurator__rosidl_typesupport_fastrtps_c.so[0m
[8.198s] [ 73%] [32m[1mLinking CXX shared library libinterface_manipurator__rosidl_typesupport_fastrtps_cpp.so[0m
[8.331s] [ 73%] Built target interface_manipurator__rosidl_typesupport_fastrtps_c
[8.344s] [ 73%] Built target interface_manipurator__rosidl_typesupport_fastrtps_cpp
[8.386s] [ 73%] Built target interface_manipurator
[8.421s] [ 76%] [34m[1mGenerating Python code for ROS interfaces[0m
[8.679s] [ 76%] Built target interface_manipurator__py
[8.710s] [ 79%] [32mBuilding C object CMakeFiles/interface_manipurator__rosidl_generator_py.dir/rosidl_generator_py/interface_manipurator/msg/_speed_angle_s.c.o[0m
[8.869s] [ 82%] [32m[1mLinking C shared library libinterface_manipurator__rosidl_generator_py.so[0m
[8.990s] [ 82%] Built target interface_manipurator__rosidl_generator_py
[9.021s] [ 91%] [32mBuilding C object CMakeFiles/interface_manipurator_s__rosidl_typesupport_c.dir/rosidl_generator_py/interface_manipurator/_interface_manipurator_s.ep.rosidl_typesupport_c.c.o[0m
[9.021s] [ 91%] [32mBuilding C object CMakeFiles/interface_manipurator_s__rosidl_typesupport_fastrtps_c.dir/rosidl_generator_py/interface_manipurator/_interface_manipurator_s.ep.rosidl_typesupport_fastrtps_c.c.o[0m
[9.021s] [ 91%] [32mBuilding C object CMakeFiles/interface_manipurator_s__rosidl_typesupport_introspection_c.dir/rosidl_generator_py/interface_manipurator/_interface_manipurator_s.ep.rosidl_typesupport_introspection_c.c.o[0m
[9.118s] [ 97%] [32m[1mLinking C shared module rosidl_generator_py/interface_manipurator/interface_manipurator_s__rosidl_typesupport_introspection_c.so[0m
[9.118s] [ 97%] [32m[1mLinking C shared module rosidl_generator_py/interface_manipurator/interface_manipurator_s__rosidl_typesupport_c.so[0m
[9.125s] [100%] [32m[1mLinking C shared module rosidl_generator_py/interface_manipurator/interface_manipurator_s__rosidl_typesupport_fastrtps_c.so[0m
[9.210s] [100%] Built target interface_manipurator_s__rosidl_typesupport_c
[9.210s] [100%] Built target interface_manipurator_s__rosidl_typesupport_introspection_c
[9.246s] [100%] Built target interface_manipurator_s__rosidl_typesupport_fastrtps_c
[9.266s] Invoked command in '/home/golf1234_pc/manipurator_ws/build/interface_manipurator' returned '0': CMAKE_PREFIX_PATH=${CMAKE_PREFIX_PATH}:/home/golf1234_pc/install/moveit_configs_utils:/home/golf1234_pc/manipurator_ws/install/server_controllers:/home/golf1234_pc/manipurator_ws/install/mobile_manipurator:/home/golf1234_pc/manipurator_ws/install/camera2_ros:/home/golf1234_pc/ws_moveit/install/moveit_configs_utils:/home/golf1234_pc/project1_ws/install/server_controllers:/home/golf1234_pc/project1_ws/install/mobile_manipurator:/home/golf1234_pc/project1_ws/install/camera2_ros:/home/golf1234_pc/test1_ws/install/test1:/opt/ros/jazzy DEBUGINFOD_URLS=https://debuginfod.ubuntu.com /usr/bin/cmake --build /home/golf1234_pc/manipurator_ws/build/interface_manipurator -- -j16 -l16
[9.281s] Invoking command in '/home/golf1234_pc/manipurator_ws/build/interface_manipurator': CMAKE_PREFIX_PATH=${CMAKE_PREFIX_PATH}:/home/golf1234_pc/install/moveit_configs_utils:/home/golf1234_pc/manipurator_ws/install/server_controllers:/home/golf1234_pc/manipurator_ws/install/mobile_manipurator:/home/golf1234_pc/manipurator_ws/install/camera2_ros:/home/golf1234_pc/ws_moveit/install/moveit_configs_utils:/home/golf1234_pc/project1_ws/install/server_controllers:/home/golf1234_pc/project1_ws/install/mobile_manipurator:/home/golf1234_pc/project1_ws/install/camera2_ros:/home/golf1234_pc/test1_ws/install/test1:/opt/ros/jazzy DEBUGINFOD_URLS=https://debuginfod.ubuntu.com /usr/bin/cmake --install /home/golf1234_pc/manipurator_ws/build/interface_manipurator
[9.294s] -- Install configuration: ""
[9.294s] -- Execute custom install script
[9.295s] -- Symlinking: /home/golf1234_pc/manipurator_ws/install/interface_manipurator/share/ament_index/resource_index/rosidl_interfaces/interface_manipurator
[9.310s] -- Symlinking: /home/golf1234_pc/manipurator_ws/install/interface_manipurator/share/interface_manipurator/msg/SpeedAngle.json
[9.325s] -- Symlinking: /home/golf1234_pc/manipurator_ws/install/interface_manipurator/include/interface_manipurator/interface_manipurator/msg/detail/speed_angle__functions.h
[9.339s] -- Symlinking: /home/golf1234_pc/manipurator_ws/install/interface_manipurator/include/interface_manipurator/interface_manipurator/msg/detail/speed_angle__struct.h
[9.355s] -- Symlinking: /home/golf1234_pc/manipurator_ws/install/interface_manipurator/include/interface_manipurator/interface_manipurator/msg/detail/speed_angle__type_support.h
[9.370s] -- Symlinking: /home/golf1234_pc/manipurator_ws/install/interface_manipurator/include/interface_manipurator/interface_manipurator/msg/rosidl_generator_c__visibility_control.h
[9.384s] -- Symlinking: /home/golf1234_pc/manipurator_ws/install/interface_manipurator/include/interface_manipurator/interface_manipurator/msg/speed_angle.h
[9.398s] -- Symlinking: /home/golf1234_pc/manipurator_ws/install/interface_manipurator/share/interface_manipurator/environment/library_path.sh
[9.413s] -- Symlinking: /home/golf1234_pc/manipurator_ws/install/interface_manipurator/share/interface_manipurator/environment/library_path.dsv
[9.427s] -- Symlinking: /home/golf1234_pc/manipurator_ws/install/interface_manipurator/include/interface_manipurator/interface_manipurator/msg/detail/speed_angle__rosidl_typesupport_fastrtps_c.h
[9.441s] -- Symlinking: /home/golf1234_pc/manipurator_ws/install/interface_manipurator/include/interface_manipurator/interface_manipurator/msg/rosidl_typesupport_fastrtps_c__visibility_control.h
[9.456s] -- Symlinking: /home/golf1234_pc/manipurator_ws/install/interface_manipurator/include/interface_manipurator/interface_manipurator/msg/detail/speed_angle__rosidl_typesupport_introspection_c.h
[9.471s] -- Symlinking: /home/golf1234_pc/manipurator_ws/install/interface_manipurator/include/interface_manipurator/interface_manipurator/msg/rosidl_typesupport_introspection_c__visibility_control.h
[9.486s] -- Symlinking: /home/golf1234_pc/manipurator_ws/install/interface_manipurator/include/interface_manipurator/interface_manipurator/msg/detail/speed_angle__builder.hpp
[9.501s] -- Symlinking: /home/golf1234_pc/manipurator_ws/install/interface_manipurator/include/interface_manipurator/interface_manipurator/msg/detail/speed_angle__struct.hpp
[9.517s] -- Symlinking: /home/golf1234_pc/manipurator_ws/install/interface_manipurator/include/interface_manipurator/interface_manipurator/msg/detail/speed_angle__traits.hpp
[9.532s] -- Symlinking: /home/golf1234_pc/manipurator_ws/install/interface_manipurator/include/interface_manipurator/interface_manipurator/msg/detail/speed_angle__type_support.hpp
[9.547s] -- Symlinking: /home/golf1234_pc/manipurator_ws/install/interface_manipurator/include/interface_manipurator/interface_manipurator/msg/rosidl_generator_cpp__visibility_control.hpp
[9.560s] -- Symlinking: /home/golf1234_pc/manipurator_ws/install/interface_manipurator/include/interface_manipurator/interface_manipurator/msg/speed_angle.hpp
[9.575s] -- Symlinking: /home/golf1234_pc/manipurator_ws/install/interface_manipurator/include/interface_manipurator/interface_manipurator/msg/detail/speed_angle__rosidl_typesupport_fastrtps_cpp.hpp
[9.590s] -- Symlinking: /home/golf1234_pc/manipurator_ws/install/interface_manipurator/include/interface_manipurator/interface_manipurator/msg/rosidl_typesupport_fastrtps_cpp__visibility_control.h
[9.604s] -- Symlinking: /home/golf1234_pc/manipurator_ws/install/interface_manipurator/include/interface_manipurator/interface_manipurator/msg/detail/speed_angle__rosidl_typesupport_introspection_cpp.hpp
[9.618s] -- Symlinking: /home/golf1234_pc/manipurator_ws/install/interface_manipurator/share/interface_manipurator/environment/pythonpath.sh
[9.632s] -- Symlinking: /home/golf1234_pc/manipurator_ws/install/interface_manipurator/share/interface_manipurator/environment/pythonpath.dsv
[9.647s] -- Symlinking: /home/golf1234_pc/manipurator_ws/install/interface_manipurator/lib/python3.12/site-packages/interface_manipurator-0.0.0-py3.12.egg-info/PKG-INFO
[9.661s] -- Symlinking: /home/golf1234_pc/manipurator_ws/install/interface_manipurator/lib/python3.12/site-packages/interface_manipurator-0.0.0-py3.12.egg-info/SOURCES.txt
[9.676s] -- Symlinking: /home/golf1234_pc/manipurator_ws/install/interface_manipurator/lib/python3.12/site-packages/interface_manipurator-0.0.0-py3.12.egg-info/dependency_links.txt
[9.692s] -- Symlinking: /home/golf1234_pc/manipurator_ws/install/interface_manipurator/lib/python3.12/site-packages/interface_manipurator-0.0.0-py3.12.egg-info/top_level.txt
[9.709s] -- Symlinking: /home/golf1234_pc/manipurator_ws/install/interface_manipurator/lib/python3.12/site-packages/interface_manipurator/__init__.py
[9.724s] -- Symlinking: /home/golf1234_pc/manipurator_ws/install/interface_manipurator/lib/python3.12/site-packages/interface_manipurator/_interface_manipurator_s.ep.rosidl_typesupport_c.c
[9.738s] -- Symlinking: /home/golf1234_pc/manipurator_ws/install/interface_manipurator/lib/python3.12/site-packages/interface_manipurator/_interface_manipurator_s.ep.rosidl_typesupport_fastrtps_c.c
[9.753s] -- Symlinking: /home/golf1234_pc/manipurator_ws/install/interface_manipurator/lib/python3.12/site-packages/interface_manipurator/_interface_manipurator_s.ep.rosidl_typesupport_introspection_c.c
[9.771s] -- Symlinking: /home/golf1234_pc/manipurator_ws/install/interface_manipurator/lib/python3.12/site-packages/interface_manipurator/interface_manipurator_s__rosidl_typesupport_c.so
[9.787s] -- Symlinking: /home/golf1234_pc/manipurator_ws/install/interface_manipurator/lib/python3.12/site-packages/interface_manipurator/interface_manipurator_s__rosidl_typesupport_fastrtps_c.so
[9.802s] -- Symlinking: /home/golf1234_pc/manipurator_ws/install/interface_manipurator/lib/python3.12/site-packages/interface_manipurator/interface_manipurator_s__rosidl_typesupport_introspection_c.so
[9.816s] -- Symlinking: /home/golf1234_pc/manipurator_ws/install/interface_manipurator/lib/python3.12/site-packages/interface_manipurator/msg/__init__.py
[9.830s] -- Symlinking: /home/golf1234_pc/manipurator_ws/install/interface_manipurator/lib/python3.12/site-packages/interface_manipurator/msg/_speed_angle.py
[9.846s] -- Symlinking: /home/golf1234_pc/manipurator_ws/install/interface_manipurator/lib/python3.12/site-packages/interface_manipurator/msg/_speed_angle_s.c
[9.861s] -- Up-to-date symlink: /home/golf1234_pc/manipurator_ws/install/interface_manipurator/lib/python3.12/site-packages/interface_manipurator/interface_manipurator_s__rosidl_typesupport_fastrtps_c.so
[9.861s] -- Up-to-date symlink: /home/golf1234_pc/manipurator_ws/install/interface_manipurator/lib/python3.12/site-packages/interface_manipurator/interface_manipurator_s__rosidl_typesupport_introspection_c.so
[9.861s] -- Up-to-date symlink: /home/golf1234_pc/manipurator_ws/install/interface_manipurator/lib/python3.12/site-packages/interface_manipurator/interface_manipurator_s__rosidl_typesupport_c.so
[9.861s] -- Symlinking: /home/golf1234_pc/manipurator_ws/install/interface_manipurator/share/interface_manipurator/msg/SpeedAngle.idl
[9.877s] -- Symlinking: /home/golf1234_pc/manipurator_ws/install/interface_manipurator/share/interface_manipurator/msg/SpeedAngle.msg
[9.892s] -- Symlinking: /home/golf1234_pc/manipurator_ws/install/interface_manipurator/share/ament_index/resource_index/package_run_dependencies/interface_manipurator
[9.907s] -- Symlinking: /home/golf1234_pc/manipurator_ws/install/interface_manipurator/share/ament_index/resource_index/parent_prefix_path/interface_manipurator
[9.923s] -- Symlinking: /home/golf1234_pc/manipurator_ws/install/interface_manipurator/share/interface_manipurator/environment/ament_prefix_path.sh
[9.938s] -- Symlinking: /home/golf1234_pc/manipurator_ws/install/interface_manipurator/share/interface_manipurator/environment/ament_prefix_path.dsv
[9.954s] -- Symlinking: /home/golf1234_pc/manipurator_ws/install/interface_manipurator/share/interface_manipurator/environment/path.sh
[9.970s] -- Symlinking: /home/golf1234_pc/manipurator_ws/install/interface_manipurator/share/interface_manipurator/environment/path.dsv
[9.984s] -- Symlinking: /home/golf1234_pc/manipurator_ws/install/interface_manipurator/share/interface_manipurator/local_setup.bash
[9.998s] -- Symlinking: /home/golf1234_pc/manipurator_ws/install/interface_manipurator/share/interface_manipurator/local_setup.sh
[10.012s] -- Symlinking: /home/golf1234_pc/manipurator_ws/install/interface_manipurator/share/interface_manipurator/local_setup.zsh
[10.026s] -- Symlinking: /home/golf1234_pc/manipurator_ws/install/interface_manipurator/share/interface_manipurator/local_setup.dsv
[10.040s] -- Symlinking: /home/golf1234_pc/manipurator_ws/install/interface_manipurator/share/interface_manipurator/package.dsv
[10.057s] -- Symlinking: /home/golf1234_pc/manipurator_ws/install/interface_manipurator/share/ament_index/resource_index/packages/interface_manipurator
[10.074s] -- Symlinking: /home/golf1234_pc/manipurator_ws/install/interface_manipurator/share/interface_manipurator/cmake/rosidl_cmake-extras.cmake
[10.089s] -- Symlinking: /home/golf1234_pc/manipurator_ws/install/interface_manipurator/share/interface_manipurator/cmake/ament_cmake_export_include_directories-extras.cmake
[10.103s] -- Symlinking: /home/golf1234_pc/manipurator_ws/install/interface_manipurator/share/interface_manipurator/cmake/ament_cmake_export_libraries-extras.cmake
[10.117s] -- Symlinking: /home/golf1234_pc/manipurator_ws/install/interface_manipurator/share/interface_manipurator/cmake/ament_cmake_export_targets-extras.cmake
[10.132s] -- Symlinking: /home/golf1234_pc/manipurator_ws/install/interface_manipurator/share/interface_manipurator/cmake/rosidl_cmake_export_typesupport_targets-extras.cmake
[10.146s] -- Symlinking: /home/golf1234_pc/manipurator_ws/install/interface_manipurator/share/interface_manipurator/cmake/ament_cmake_export_dependencies-extras.cmake
[10.161s] -- Symlinking: /home/golf1234_pc/manipurator_ws/install/interface_manipurator/share/interface_manipurator/cmake/rosidl_cmake_export_typesupport_libraries-extras.cmake
[10.176s] -- Symlinking: /home/golf1234_pc/manipurator_ws/install/interface_manipurator/share/interface_manipurator/cmake/interface_manipuratorConfig.cmake
[10.189s] -- Symlinking: /home/golf1234_pc/manipurator_ws/install/interface_manipurator/share/interface_manipurator/cmake/interface_manipuratorConfig-version.cmake
[10.206s] -- Symlinking: /home/golf1234_pc/manipurator_ws/install/interface_manipurator/share/interface_manipurator/package.xml
[10.220s] -- Installing: /home/golf1234_pc/manipurator_ws/install/interface_manipurator/lib/libinterface_manipurator__rosidl_generator_c.so
[10.221s] -- Set non-toolchain portion of runtime path of "/home/golf1234_pc/manipurator_ws/install/interface_manipurator/lib/libinterface_manipurator__rosidl_generator_c.so" to ""
[10.221s] -- Installing: /home/golf1234_pc/manipurator_ws/install/interface_manipurator/lib/libinterface_manipurator__rosidl_typesupport_fastrtps_c.so
[10.221s] -- Set non-toolchain portion of runtime path of "/home/golf1234_pc/manipurator_ws/install/interface_manipurator/lib/libinterface_manipurator__rosidl_typesupport_fastrtps_c.so" to ""
[10.222s] -- Installing: /home/golf1234_pc/manipurator_ws/install/interface_manipurator/lib/libinterface_manipurator__rosidl_typesupport_introspection_c.so
[10.222s] -- Set non-toolchain portion of runtime path of "/home/golf1234_pc/manipurator_ws/install/interface_manipurator/lib/libinterface_manipurator__rosidl_typesupport_introspection_c.so" to ""
[10.222s] -- Installing: /home/golf1234_pc/manipurator_ws/install/interface_manipurator/lib/libinterface_manipurator__rosidl_typesupport_c.so
[10.222s] -- Set non-toolchain portion of runtime path of "/home/golf1234_pc/manipurator_ws/install/interface_manipurator/lib/libinterface_manipurator__rosidl_typesupport_c.so" to ""
[10.222s] -- Installing: /home/golf1234_pc/manipurator_ws/install/interface_manipurator/lib/libinterface_manipurator__rosidl_typesupport_fastrtps_cpp.so
[10.223s] -- Set non-toolchain portion of runtime path of "/home/golf1234_pc/manipurator_ws/install/interface_manipurator/lib/libinterface_manipurator__rosidl_typesupport_fastrtps_cpp.so" to ""
[10.223s] -- Installing: /home/golf1234_pc/manipurator_ws/install/interface_manipurator/lib/libinterface_manipurator__rosidl_typesupport_introspection_cpp.so
[10.223s] -- Set non-toolchain portion of runtime path of "/home/golf1234_pc/manipurator_ws/install/interface_manipurator/lib/libinterface_manipurator__rosidl_typesupport_introspection_cpp.so" to ""
[10.223s] -- Installing: /home/golf1234_pc/manipurator_ws/install/interface_manipurator/lib/libinterface_manipurator__rosidl_typesupport_cpp.so
[10.223s] -- Set non-toolchain portion of runtime path of "/home/golf1234_pc/manipurator_ws/install/interface_manipurator/lib/libinterface_manipurator__rosidl_typesupport_cpp.so" to ""
[10.277s] Listing '/home/golf1234_pc/manipurator_ws/install/interface_manipurator/lib/python3.12/site-packages/interface_manipurator'...
[10.277s] Compiling '/home/golf1234_pc/manipurator_ws/install/interface_manipurator/lib/python3.12/site-packages/interface_manipurator/__init__.py'...
[10.278s] Listing '/home/golf1234_pc/manipurator_ws/install/interface_manipurator/lib/python3.12/site-packages/interface_manipurator/msg'...
[10.278s] Compiling '/home/golf1234_pc/manipurator_ws/install/interface_manipurator/lib/python3.12/site-packages/interface_manipurator/msg/__init__.py'...
[10.278s] Compiling '/home/golf1234_pc/manipurator_ws/install/interface_manipurator/lib/python3.12/site-packages/interface_manipurator/msg/_speed_angle.py'...
[10.289s] -- Installing: /home/golf1234_pc/manipurator_ws/install/interface_manipurator/lib/libinterface_manipurator__rosidl_generator_py.so
[10.290s] -- Set non-toolchain portion of runtime path of "/home/golf1234_pc/manipurator_ws/install/interface_manipurator/lib/libinterface_manipurator__rosidl_generator_py.so" to ""
[10.290s] -- Installing: /home/golf1234_pc/manipurator_ws/install/interface_manipurator/share/interface_manipurator/cmake/export_interface_manipurator__rosidl_generator_cExport.cmake
[10.290s] -- Installing: /home/golf1234_pc/manipurator_ws/install/interface_manipurator/share/interface_manipurator/cmake/export_interface_manipurator__rosidl_generator_cExport-noconfig.cmake
[10.290s] -- Installing: /home/golf1234_pc/manipurator_ws/install/interface_manipurator/share/interface_manipurator/cmake/export_interface_manipurator__rosidl_typesupport_fastrtps_cExport.cmake
[10.291s] -- Installing: /home/golf1234_pc/manipurator_ws/install/interface_manipurator/share/interface_manipurator/cmake/export_interface_manipurator__rosidl_typesupport_fastrtps_cExport-noconfig.cmake
[10.291s] -- Installing: /home/golf1234_pc/manipurator_ws/install/interface_manipurator/share/interface_manipurator/cmake/interface_manipurator__rosidl_typesupport_introspection_cExport.cmake
[10.291s] -- Installing: /home/golf1234_pc/manipurator_ws/install/interface_manipurator/share/interface_manipurator/cmake/interface_manipurator__rosidl_typesupport_introspection_cExport-noconfig.cmake
[10.292s] -- Installing: /home/golf1234_pc/manipurator_ws/install/interface_manipurator/share/interface_manipurator/cmake/interface_manipurator__rosidl_typesupport_cExport.cmake
[10.292s] -- Installing: /home/golf1234_pc/manipurator_ws/install/interface_manipurator/share/interface_manipurator/cmake/interface_manipurator__rosidl_typesupport_cExport-noconfig.cmake
[10.292s] -- Installing: /home/golf1234_pc/manipurator_ws/install/interface_manipurator/share/interface_manipurator/cmake/export_interface_manipurator__rosidl_generator_cppExport.cmake
[10.292s] -- Installing: /home/golf1234_pc/manipurator_ws/install/interface_manipurator/share/interface_manipurator/cmake/export_interface_manipurator__rosidl_typesupport_fastrtps_cppExport.cmake
[10.292s] -- Installing: /home/golf1234_pc/manipurator_ws/install/interface_manipurator/share/interface_manipurator/cmake/export_interface_manipurator__rosidl_typesupport_fastrtps_cppExport-noconfig.cmake
[10.293s] -- Installing: /home/golf1234_pc/manipurator_ws/install/interface_manipurator/share/interface_manipurator/cmake/interface_manipurator__rosidl_typesupport_introspection_cppExport.cmake
[10.293s] -- Installing: /home/golf1234_pc/manipurator_ws/install/interface_manipurator/share/interface_manipurator/cmake/interface_manipurator__rosidl_typesupport_introspection_cppExport-noconfig.cmake
[10.293s] -- Installing: /home/golf1234_pc/manipurator_ws/install/interface_manipurator/share/interface_manipurator/cmake/interface_manipurator__rosidl_typesupport_cppExport.cmake
[10.293s] -- Installing: /home/golf1234_pc/manipurator_ws/install/interface_manipurator/share/interface_manipurator/cmake/interface_manipurator__rosidl_typesupport_cppExport-noconfig.cmake
[10.294s] -- Installing: /home/golf1234_pc/manipurator_ws/install/interface_manipurator/share/interface_manipurator/cmake/export_interface_manipurator__rosidl_generator_pyExport.cmake
[10.294s] -- Installing: /home/golf1234_pc/manipurator_ws/install/interface_manipurator/share/interface_manipurator/cmake/export_interface_manipurator__rosidl_generator_pyExport-noconfig.cmake
[10.298s] Invoked command in '/home/golf1234_pc/manipurator_ws/build/interface_manipurator' returned '0': CMAKE_PREFIX_PATH=${CMAKE_PREFIX_PATH}:/home/golf1234_pc/install/moveit_configs_utils:/home/golf1234_pc/manipurator_ws/install/server_controllers:/home/golf1234_pc/manipurator_ws/install/mobile_manipurator:/home/golf1234_pc/manipurator_ws/install/camera2_ros:/home/golf1234_pc/ws_moveit/install/moveit_configs_utils:/home/golf1234_pc/project1_ws/install/server_controllers:/home/golf1234_pc/project1_ws/install/mobile_manipurator:/home/golf1234_pc/project1_ws/install/camera2_ros:/home/golf1234_pc/test1_ws/install/test1:/opt/ros/jazzy DEBUGINFOD_URLS=https://debuginfod.ubuntu.com /usr/bin/cmake --install /home/golf1234_pc/manipurator_ws/build/interface_manipurator
