running egg_info
writing ../../build/server_controllers/server_controllers.egg-info/PKG-INFO
writing dependency_links to ../../build/server_controllers/server_controllers.egg-info/dependency_links.txt
writing entry points to ../../build/server_controllers/server_controllers.egg-info/entry_points.txt
writing requirements to ../../build/server_controllers/server_controllers.egg-info/requires.txt
writing top-level names to ../../build/server_controllers/server_controllers.egg-info/top_level.txt
reading manifest file '../../build/server_controllers/server_controllers.egg-info/SOURCES.txt'
writing manifest file '../../build/server_controllers/server_controllers.egg-info/SOURCES.txt'
running build
running build_py
running install
running install_lib
running install_data
running install_egg_info
removing '/home/golf1234_pc/manipurator_ws/install/server_controllers/lib/python3.12/site-packages/server_controllers-0.0.0-py3.12.egg-info' (and everything under it)
Copying ../../build/server_controllers/server_controllers.egg-info to /home/golf1234_pc/manipurator_ws/install/server_controllers/lib/python3.12/site-packages/server_controllers-0.0.0-py3.12.egg-info
running install_scripts
Installing node1 script to /home/golf1234_pc/manipurator_ws/install/server_controllers/lib/server_controllers
Installing node2 script to /home/golf1234_pc/manipurator_ws/install/server_controllers/lib/server_controllers
Installing node_manager script to /home/golf1234_pc/manipurator_ws/install/server_controllers/lib/server_controllers
writing list of installed files to '/home/golf1234_pc/manipurator_ws/build/server_controllers/install.log'
