-- The C compiler identification is GNU 13.3.0
-- The CXX compiler identification is GNU 13.3.0
-- Detecting C compiler ABI info
-- Detecting C compiler ABI info - done
-- Check for working C compiler: /usr/bin/cc - skipped
-- Detecting C compile features
-- Detecting C compile features - done
-- Detecting CXX compiler ABI info
-- Detecting CXX compiler ABI info - done
-- Check for working CXX compiler: /usr/bin/c++ - skipped
-- Detecting CXX compile features
-- Detecting CXX compile features - done
-- Found ament_cmake: 2.5.3 (/opt/ros/jazzy/share/ament_cmake/cmake)
-- Found Python3: /usr/bin/python3 (found version "3.12.3") found components: Interpreter 
-- Override CMake install command with custom implementation using symlinks instead of copying resources
-- Configuring done (2.6s)
-- Generating done (0.0s)
-- Build files have been written to: /home/golf1234_pc/manipurator_ws/build/config2
-- Install configuration: ""
-- Execute custom install script
-- Symlinking: /home/golf1234_pc/manipurator_ws/install/config2/share/ament_index/resource_index/package_run_dependencies/config2
-- Symlinking: /home/golf1234_pc/manipurator_ws/install/config2/share/ament_index/resource_index/parent_prefix_path/config2
-- Symlinking: /home/golf1234_pc/manipurator_ws/install/config2/share/config2/environment/ament_prefix_path.sh
-- Symlinking: /home/golf1234_pc/manipurator_ws/install/config2/share/config2/environment/ament_prefix_path.dsv
-- Symlinking: /home/golf1234_pc/manipurator_ws/install/config2/share/config2/environment/path.sh
-- Symlinking: /home/golf1234_pc/manipurator_ws/install/config2/share/config2/environment/path.dsv
-- Symlinking: /home/golf1234_pc/manipurator_ws/install/config2/share/config2/local_setup.bash
-- Symlinking: /home/golf1234_pc/manipurator_ws/install/config2/share/config2/local_setup.sh
-- Symlinking: /home/golf1234_pc/manipurator_ws/install/config2/share/config2/local_setup.zsh
-- Symlinking: /home/golf1234_pc/manipurator_ws/install/config2/share/config2/local_setup.dsv
-- Symlinking: /home/golf1234_pc/manipurator_ws/install/config2/share/config2/package.dsv
-- Symlinking: /home/golf1234_pc/manipurator_ws/install/config2/share/ament_index/resource_index/packages/config2
-- Symlinking: /home/golf1234_pc/manipurator_ws/install/config2/share/config2/cmake/config2Config.cmake
-- Symlinking: /home/golf1234_pc/manipurator_ws/install/config2/share/config2/cmake/config2Config-version.cmake
-- Symlinking: /home/golf1234_pc/manipurator_ws/install/config2/share/config2/package.xml
-- Symlinking: /home/golf1234_pc/manipurator_ws/install/config2/share/config2/launch/demo.launch.py
-- Symlinking: /home/golf1234_pc/manipurator_ws/install/config2/share/config2/launch/move_group.launch.py
-- Symlinking: /home/golf1234_pc/manipurator_ws/install/config2/share/config2/launch/moveit_rviz.launch.py
-- Symlinking: /home/golf1234_pc/manipurator_ws/install/config2/share/config2/launch/mtc.rviz
-- Symlinking: /home/golf1234_pc/manipurator_ws/install/config2/share/config2/launch/mtc_demo.launch.py
-- Symlinking: /home/golf1234_pc/manipurator_ws/install/config2/share/config2/launch/rsp.launch.py
-- Symlinking: /home/golf1234_pc/manipurator_ws/install/config2/share/config2/launch/setup_assistant.launch.py
-- Symlinking: /home/golf1234_pc/manipurator_ws/install/config2/share/config2/launch/spawn_controllers.launch.py
-- Symlinking: /home/golf1234_pc/manipurator_ws/install/config2/share/config2/launch/static_virtual_joint_tfs.launch.py
-- Symlinking: /home/golf1234_pc/manipurator_ws/install/config2/share/config2/launch/warehouse_db.launch.py
-- Symlinking: /home/golf1234_pc/manipurator_ws/install/config2/share/config2/config/initial_positions.yaml
-- Symlinking: /home/golf1234_pc/manipurator_ws/install/config2/share/config2/config/joint_limits.yaml
-- Symlinking: /home/golf1234_pc/manipurator_ws/install/config2/share/config2/config/kinematics.yaml
-- Symlinking: /home/golf1234_pc/manipurator_ws/install/config2/share/config2/config/moveit.rviz
-- Symlinking: /home/golf1234_pc/manipurator_ws/install/config2/share/config2/config/moveit_controllers.yaml
-- Symlinking: /home/golf1234_pc/manipurator_ws/install/config2/share/config2/config/pilz_cartesian_limits.yaml
-- Symlinking: /home/golf1234_pc/manipurator_ws/install/config2/share/config2/config/ros2_controllers.yaml
-- Symlinking: /home/golf1234_pc/manipurator_ws/install/config2/share/config2/config/urdf1.ros2_control.xacro
-- Symlinking: /home/golf1234_pc/manipurator_ws/install/config2/share/config2/config/urdf1.srdf
-- Symlinking: /home/golf1234_pc/manipurator_ws/install/config2/share/config2/config/urdf1.urdf.xacro
-- Symlinking: /home/golf1234_pc/manipurator_ws/install/config2/share/config2/.setup_assistant
