[0.209s] DEBUG:colcon:Command line arguments: ['/usr/bin/colcon', 'build', '--symlink-install']
[0.209s] DEBUG:colcon:Parsed command line arguments: Namespace(log_base=None, log_level=None, verb_name='build', build_base='build', install_base='install', merge_install=False, symlink_install=True, test_result_base=None, continue_on_error=False, executor='parallel', parallel_workers=16, event_handlers=None, ignore_user_meta=False, metas=['./colcon.meta'], base_paths=['.'], packages_ignore=None, packages_ignore_regex=None, paths=None, packages_up_to=None, packages_up_to_regex=None, packages_above=None, packages_above_and_dependencies=None, packages_above_depth=None, packages_select_by_dep=None, packages_skip_by_dep=None, packages_skip_up_to=None, packages_select_build_failed=False, packages_skip_build_finished=False, packages_select_test_failures=False, packages_skip_test_passed=False, packages_select=None, packages_skip=None, packages_select_regex=None, packages_skip_regex=None, packages_start=None, packages_end=None, allow_overriding=[], cmake_args=None, cmake_target=None, cmake_target_skip_unavailable=False, cmake_clean_cache=False, cmake_clean_first=False, cmake_force_configure=False, ament_cmake_args=None, catkin_cmake_args=None, catkin_skip_building_tests=False, mixin_files=None, mixin=None, verb_parser=<colcon_mixin.mixin.mixin_argument.MixinArgumentDecorator object at 0x7f752497b3e0>, verb_extension=<colcon_core.verb.build.BuildVerb object at 0x7f752497a570>, main=<bound method BuildVerb.main of <colcon_core.verb.build.BuildVerb object at 0x7f752497a570>>, mixin_verb=('build',))
[0.243s] Level 1:colcon.colcon_core.package_discovery:discover_packages(colcon_meta) check parameters
[0.243s] Level 1:colcon.colcon_core.package_discovery:discover_packages(recursive) check parameters
[0.243s] Level 1:colcon.colcon_core.package_discovery:discover_packages(ignore) check parameters
[0.243s] Level 1:colcon.colcon_core.package_discovery:discover_packages(path) check parameters
[0.243s] Level 1:colcon.colcon_core.package_discovery:discover_packages(colcon_meta) discover
[0.243s] Level 1:colcon.colcon_core.package_discovery:discover_packages(recursive) discover
[0.244s] INFO:colcon.colcon_core.package_discovery:Crawling recursively for packages in '/home/golf1234_pc/manipurator_ws'
[0.244s] Level 1:colcon.colcon_core.package_identification:_identify(.) by extensions ['ignore', 'ignore_ament_install']
[0.244s] Level 1:colcon.colcon_core.package_identification:_identify(.) by extension 'ignore'
[0.244s] Level 1:colcon.colcon_core.package_identification:_identify(.) by extension 'ignore_ament_install'
[0.244s] Level 1:colcon.colcon_core.package_identification:_identify(.) by extensions ['colcon_pkg']
[0.244s] Level 1:colcon.colcon_core.package_identification:_identify(.) by extension 'colcon_pkg'
[0.244s] Level 1:colcon.colcon_core.package_identification:_identify(.) by extensions ['colcon_meta']
[0.244s] Level 1:colcon.colcon_core.package_identification:_identify(.) by extension 'colcon_meta'
[0.244s] Level 1:colcon.colcon_core.package_identification:_identify(.) by extensions ['ros']
[0.244s] Level 1:colcon.colcon_core.package_identification:_identify(.) by extension 'ros'
[0.265s] Level 1:colcon.colcon_core.package_identification:_identify(.) by extensions ['cmake', 'python']
[0.265s] Level 1:colcon.colcon_core.package_identification:_identify(.) by extension 'cmake'
[0.265s] Level 1:colcon.colcon_core.package_identification:_identify(.) by extension 'python'
[0.265s] Level 1:colcon.colcon_core.package_identification:_identify(.) by extensions ['python_setup_py']
[0.265s] Level 1:colcon.colcon_core.package_identification:_identify(.) by extension 'python_setup_py'
[0.265s] Level 1:colcon.colcon_core.package_identification:_identify(UI) by extensions ['ignore', 'ignore_ament_install']
[0.265s] Level 1:colcon.colcon_core.package_identification:_identify(UI) by extension 'ignore'
[0.265s] Level 1:colcon.colcon_core.package_identification:_identify(UI) by extension 'ignore_ament_install'
[0.265s] Level 1:colcon.colcon_core.package_identification:_identify(UI) by extensions ['colcon_pkg']
[0.265s] Level 1:colcon.colcon_core.package_identification:_identify(UI) by extension 'colcon_pkg'
[0.265s] Level 1:colcon.colcon_core.package_identification:_identify(UI) by extensions ['colcon_meta']
[0.266s] Level 1:colcon.colcon_core.package_identification:_identify(UI) by extension 'colcon_meta'
[0.266s] Level 1:colcon.colcon_core.package_identification:_identify(UI) by extensions ['ros']
[0.266s] Level 1:colcon.colcon_core.package_identification:_identify(UI) by extension 'ros'
[0.266s] Level 1:colcon.colcon_core.package_identification:_identify(UI) by extensions ['cmake', 'python']
[0.266s] Level 1:colcon.colcon_core.package_identification:_identify(UI) by extension 'cmake'
[0.266s] Level 1:colcon.colcon_core.package_identification:_identify(UI) by extension 'python'
[0.266s] Level 1:colcon.colcon_core.package_identification:_identify(UI) by extensions ['python_setup_py']
[0.266s] Level 1:colcon.colcon_core.package_identification:_identify(UI) by extension 'python_setup_py'
[0.266s] Level 1:colcon.colcon_core.package_identification:_identify(build) by extensions ['ignore', 'ignore_ament_install']
[0.266s] Level 1:colcon.colcon_core.package_identification:_identify(build) by extension 'ignore'
[0.266s] Level 1:colcon.colcon_core.package_identification:_identify(build) ignored
[0.266s] Level 1:colcon.colcon_core.package_identification:_identify(install) by extensions ['ignore', 'ignore_ament_install']
[0.266s] Level 1:colcon.colcon_core.package_identification:_identify(install) by extension 'ignore'
[0.266s] Level 1:colcon.colcon_core.package_identification:_identify(install) ignored
[0.266s] Level 1:colcon.colcon_core.package_identification:_identify(log) by extensions ['ignore', 'ignore_ament_install']
[0.266s] Level 1:colcon.colcon_core.package_identification:_identify(log) by extension 'ignore'
[0.266s] Level 1:colcon.colcon_core.package_identification:_identify(log) ignored
[0.266s] Level 1:colcon.colcon_core.package_identification:_identify(src) by extensions ['ignore', 'ignore_ament_install']
[0.266s] Level 1:colcon.colcon_core.package_identification:_identify(src) by extension 'ignore'
[0.266s] Level 1:colcon.colcon_core.package_identification:_identify(src) by extension 'ignore_ament_install'
[0.267s] Level 1:colcon.colcon_core.package_identification:_identify(src) by extensions ['colcon_pkg']
[0.267s] Level 1:colcon.colcon_core.package_identification:_identify(src) by extension 'colcon_pkg'
[0.267s] Level 1:colcon.colcon_core.package_identification:_identify(src) by extensions ['colcon_meta']
[0.267s] Level 1:colcon.colcon_core.package_identification:_identify(src) by extension 'colcon_meta'
[0.267s] Level 1:colcon.colcon_core.package_identification:_identify(src) by extensions ['ros']
[0.267s] Level 1:colcon.colcon_core.package_identification:_identify(src) by extension 'ros'
[0.267s] Level 1:colcon.colcon_core.package_identification:_identify(src) by extensions ['cmake', 'python']
[0.267s] Level 1:colcon.colcon_core.package_identification:_identify(src) by extension 'cmake'
[0.267s] Level 1:colcon.colcon_core.package_identification:_identify(src) by extension 'python'
[0.267s] Level 1:colcon.colcon_core.package_identification:_identify(src) by extensions ['python_setup_py']
[0.267s] Level 1:colcon.colcon_core.package_identification:_identify(src) by extension 'python_setup_py'
[0.267s] Level 1:colcon.colcon_core.package_identification:_identify(src/config1) by extensions ['ignore', 'ignore_ament_install']
[0.267s] Level 1:colcon.colcon_core.package_identification:_identify(src/config1) by extension 'ignore'
[0.267s] Level 1:colcon.colcon_core.package_identification:_identify(src/config1) by extension 'ignore_ament_install'
[0.267s] Level 1:colcon.colcon_core.package_identification:_identify(src/config1) by extensions ['colcon_pkg']
[0.267s] Level 1:colcon.colcon_core.package_identification:_identify(src/config1) by extension 'colcon_pkg'
[0.267s] Level 1:colcon.colcon_core.package_identification:_identify(src/config1) by extensions ['colcon_meta']
[0.267s] Level 1:colcon.colcon_core.package_identification:_identify(src/config1) by extension 'colcon_meta'
[0.267s] Level 1:colcon.colcon_core.package_identification:_identify(src/config1) by extensions ['ros']
[0.267s] Level 1:colcon.colcon_core.package_identification:_identify(src/config1) by extension 'ros'
[0.270s] DEBUG:colcon.colcon_core.package_identification:Package 'src/config1' with type 'ros.ament_cmake' and name 'config1'
[0.270s] Level 1:colcon.colcon_core.package_identification:_identify(src/mtc_config1) by extensions ['ignore', 'ignore_ament_install']
[0.270s] Level 1:colcon.colcon_core.package_identification:_identify(src/mtc_config1) by extension 'ignore'
[0.270s] Level 1:colcon.colcon_core.package_identification:_identify(src/mtc_config1) by extension 'ignore_ament_install'
[0.270s] Level 1:colcon.colcon_core.package_identification:_identify(src/mtc_config1) by extensions ['colcon_pkg']
[0.270s] Level 1:colcon.colcon_core.package_identification:_identify(src/mtc_config1) by extension 'colcon_pkg'
[0.270s] Level 1:colcon.colcon_core.package_identification:_identify(src/mtc_config1) by extensions ['colcon_meta']
[0.270s] Level 1:colcon.colcon_core.package_identification:_identify(src/mtc_config1) by extension 'colcon_meta'
[0.270s] Level 1:colcon.colcon_core.package_identification:_identify(src/mtc_config1) by extensions ['ros']
[0.270s] Level 1:colcon.colcon_core.package_identification:_identify(src/mtc_config1) by extension 'ros'
[0.271s] DEBUG:colcon.colcon_core.package_identification:Package 'src/mtc_config1' with type 'ros.ament_cmake' and name 'mtc_config1'
[0.271s] Level 1:colcon.colcon_core.package_identification:_identify(src/urdf1) by extensions ['ignore', 'ignore_ament_install']
[0.271s] Level 1:colcon.colcon_core.package_identification:_identify(src/urdf1) by extension 'ignore'
[0.271s] Level 1:colcon.colcon_core.package_identification:_identify(src/urdf1) by extension 'ignore_ament_install'
[0.271s] Level 1:colcon.colcon_core.package_identification:_identify(src/urdf1) by extensions ['colcon_pkg']
[0.271s] Level 1:colcon.colcon_core.package_identification:_identify(src/urdf1) by extension 'colcon_pkg'
[0.271s] Level 1:colcon.colcon_core.package_identification:_identify(src/urdf1) by extensions ['colcon_meta']
[0.271s] Level 1:colcon.colcon_core.package_identification:_identify(src/urdf1) by extension 'colcon_meta'
[0.271s] Level 1:colcon.colcon_core.package_identification:_identify(src/urdf1) by extensions ['ros']
[0.271s] Level 1:colcon.colcon_core.package_identification:_identify(src/urdf1) by extension 'ros'
[0.272s] DEBUG:colcon.colcon_core.package_identification:Package 'src/urdf1' with type 'ros.ament_cmake' and name 'urdf1'
[0.272s] Level 1:colcon.colcon_core.package_discovery:discover_packages(recursive) using defaults
[0.272s] Level 1:colcon.colcon_core.package_discovery:discover_packages(ignore) discover
[0.272s] Level 1:colcon.colcon_core.package_discovery:discover_packages(ignore) using defaults
[0.272s] Level 1:colcon.colcon_core.package_discovery:discover_packages(path) discover
[0.272s] Level 1:colcon.colcon_core.package_discovery:discover_packages(path) using defaults
[0.289s] Level 1:colcon.colcon_core.package_discovery:discover_packages(prefix_path) check parameters
[0.289s] Level 1:colcon.colcon_core.package_discovery:discover_packages(prefix_path) discover
[0.294s] DEBUG:colcon.colcon_installed_package_information.package_discovery:Found 3 installed packages in /home/golf1234_pc/manipurator_ws/install
[0.296s] DEBUG:colcon.colcon_installed_package_information.package_discovery:Found 73 installed packages in /home/golf1234_pc/ws_moveit/install
[0.297s] DEBUG:colcon.colcon_installed_package_information.package_discovery:Found 33 installed packages in /home/golf1234_pc/project1_ws/install
[0.297s] DEBUG:colcon.colcon_installed_package_information.package_discovery:Found 2 installed packages in /home/golf1234_pc/test1_ws/install
[0.298s] DEBUG:colcon.colcon_installed_package_information.package_discovery:Found 4 installed packages in /home/golf1234_pc/moveit2_obb/install
[0.300s] DEBUG:colcon.colcon_installed_package_information.package_discovery:Found 418 installed packages in /opt/ros/jazzy
[0.303s] Level 1:colcon.colcon_core.package_discovery:discover_packages(prefix_path) using defaults
[0.381s] Level 5:colcon.colcon_core.verb:set package 'mtc_config1' build argument 'cmake_args' from command line to 'None'
[0.381s] Level 5:colcon.colcon_core.verb:set package 'mtc_config1' build argument 'cmake_target' from command line to 'None'
[0.381s] Level 5:colcon.colcon_core.verb:set package 'mtc_config1' build argument 'cmake_target_skip_unavailable' from command line to 'False'
[0.381s] Level 5:colcon.colcon_core.verb:set package 'mtc_config1' build argument 'cmake_clean_cache' from command line to 'False'
[0.381s] Level 5:colcon.colcon_core.verb:set package 'mtc_config1' build argument 'cmake_clean_first' from command line to 'False'
[0.381s] Level 5:colcon.colcon_core.verb:set package 'mtc_config1' build argument 'cmake_force_configure' from command line to 'False'
[0.381s] Level 5:colcon.colcon_core.verb:set package 'mtc_config1' build argument 'ament_cmake_args' from command line to 'None'
[0.381s] Level 5:colcon.colcon_core.verb:set package 'mtc_config1' build argument 'catkin_cmake_args' from command line to 'None'
[0.381s] Level 5:colcon.colcon_core.verb:set package 'mtc_config1' build argument 'catkin_skip_building_tests' from command line to 'False'
[0.381s] DEBUG:colcon.colcon_core.verb:Building package 'mtc_config1' with the following arguments: {'ament_cmake_args': None, 'build_base': '/home/golf1234_pc/manipurator_ws/build/mtc_config1', 'catkin_cmake_args': None, 'catkin_skip_building_tests': False, 'cmake_args': None, 'cmake_clean_cache': False, 'cmake_clean_first': False, 'cmake_force_configure': False, 'cmake_target': None, 'cmake_target_skip_unavailable': False, 'install_base': '/home/golf1234_pc/manipurator_ws/install/mtc_config1', 'merge_install': False, 'path': '/home/golf1234_pc/manipurator_ws/src/mtc_config1', 'symlink_install': True, 'test_result_base': None}
[0.382s] Level 5:colcon.colcon_core.verb:set package 'urdf1' build argument 'cmake_args' from command line to 'None'
[0.382s] Level 5:colcon.colcon_core.verb:set package 'urdf1' build argument 'cmake_target' from command line to 'None'
[0.382s] Level 5:colcon.colcon_core.verb:set package 'urdf1' build argument 'cmake_target_skip_unavailable' from command line to 'False'
[0.382s] Level 5:colcon.colcon_core.verb:set package 'urdf1' build argument 'cmake_clean_cache' from command line to 'False'
[0.382s] Level 5:colcon.colcon_core.verb:set package 'urdf1' build argument 'cmake_clean_first' from command line to 'False'
[0.382s] Level 5:colcon.colcon_core.verb:set package 'urdf1' build argument 'cmake_force_configure' from command line to 'False'
[0.382s] Level 5:colcon.colcon_core.verb:set package 'urdf1' build argument 'ament_cmake_args' from command line to 'None'
[0.382s] Level 5:colcon.colcon_core.verb:set package 'urdf1' build argument 'catkin_cmake_args' from command line to 'None'
[0.382s] Level 5:colcon.colcon_core.verb:set package 'urdf1' build argument 'catkin_skip_building_tests' from command line to 'False'
[0.382s] DEBUG:colcon.colcon_core.verb:Building package 'urdf1' with the following arguments: {'ament_cmake_args': None, 'build_base': '/home/golf1234_pc/manipurator_ws/build/urdf1', 'catkin_cmake_args': None, 'catkin_skip_building_tests': False, 'cmake_args': None, 'cmake_clean_cache': False, 'cmake_clean_first': False, 'cmake_force_configure': False, 'cmake_target': None, 'cmake_target_skip_unavailable': False, 'install_base': '/home/golf1234_pc/manipurator_ws/install/urdf1', 'merge_install': False, 'path': '/home/golf1234_pc/manipurator_ws/src/urdf1', 'symlink_install': True, 'test_result_base': None}
[0.382s] Level 5:colcon.colcon_core.verb:set package 'config1' build argument 'cmake_args' from command line to 'None'
[0.382s] Level 5:colcon.colcon_core.verb:set package 'config1' build argument 'cmake_target' from command line to 'None'
[0.382s] Level 5:colcon.colcon_core.verb:set package 'config1' build argument 'cmake_target_skip_unavailable' from command line to 'False'
[0.382s] Level 5:colcon.colcon_core.verb:set package 'config1' build argument 'cmake_clean_cache' from command line to 'False'
[0.382s] Level 5:colcon.colcon_core.verb:set package 'config1' build argument 'cmake_clean_first' from command line to 'False'
[0.382s] Level 5:colcon.colcon_core.verb:set package 'config1' build argument 'cmake_force_configure' from command line to 'False'
[0.382s] Level 5:colcon.colcon_core.verb:set package 'config1' build argument 'ament_cmake_args' from command line to 'None'
[0.382s] Level 5:colcon.colcon_core.verb:set package 'config1' build argument 'catkin_cmake_args' from command line to 'None'
[0.382s] Level 5:colcon.colcon_core.verb:set package 'config1' build argument 'catkin_skip_building_tests' from command line to 'False'
[0.382s] DEBUG:colcon.colcon_core.verb:Building package 'config1' with the following arguments: {'ament_cmake_args': None, 'build_base': '/home/golf1234_pc/manipurator_ws/build/config1', 'catkin_cmake_args': None, 'catkin_skip_building_tests': False, 'cmake_args': None, 'cmake_clean_cache': False, 'cmake_clean_first': False, 'cmake_force_configure': False, 'cmake_target': None, 'cmake_target_skip_unavailable': False, 'install_base': '/home/golf1234_pc/manipurator_ws/install/config1', 'merge_install': False, 'path': '/home/golf1234_pc/manipurator_ws/src/config1', 'symlink_install': True, 'test_result_base': None}
[0.382s] INFO:colcon.colcon_core.executor:Executing jobs using 'parallel' executor
[0.383s] DEBUG:colcon.colcon_parallel_executor.executor.parallel:run_until_complete
[0.384s] INFO:colcon.colcon_ros.task.ament_cmake.build:Building ROS package in '/home/golf1234_pc/manipurator_ws/src/urdf1' with build type 'ament_cmake'
[0.384s] INFO:colcon.colcon_cmake.task.cmake.build:Building CMake package in '/home/golf1234_pc/manipurator_ws/src/urdf1'
[0.387s] INFO:colcon.colcon_core.plugin_system:Skipping extension 'colcon_core.shell.bat': Not used on non-Windows systems
[0.387s] INFO:colcon.colcon_core.shell:Skip shell extension 'powershell' for command environment: Not usable outside of PowerShell
[0.387s] DEBUG:colcon.colcon_core.shell:Skip shell extension 'dsv' for command environment
[0.399s] INFO:colcon.colcon_ros.task.ament_cmake.build:Building ROS package in '/home/golf1234_pc/manipurator_ws/src/mtc_config1' with build type 'ament_cmake'
[0.399s] INFO:colcon.colcon_cmake.task.cmake.build:Building CMake package in '/home/golf1234_pc/manipurator_ws/src/mtc_config1'
[0.400s] INFO:colcon.colcon_core.shell:Skip shell extension 'powershell' for command environment: Not usable outside of PowerShell
[0.400s] DEBUG:colcon.colcon_core.shell:Skip shell extension 'dsv' for command environment
[0.417s] DEBUG:colcon.colcon_core.event_handler.log_command:Invoking command in '/home/golf1234_pc/manipurator_ws/build/urdf1': CMAKE_PREFIX_PATH=${CMAKE_PREFIX_PATH}:/home/golf1234_pc/ws_moveit/install/moveit_configs_utils:/home/golf1234_pc/project1_ws/install/server_controllers:/home/golf1234_pc/project1_ws/install/mobile_manipurator:/home/golf1234_pc/project1_ws/install/camera2_ros:/home/golf1234_pc/test1_ws/install/test1:/opt/ros/jazzy DEBUGINFOD_URLS=https://debuginfod.ubuntu.com /usr/bin/cmake --build /home/golf1234_pc/manipurator_ws/build/urdf1 -- -j16 -l16
[0.425s] DEBUG:colcon.colcon_core.event_handler.log_command:Invoking command in '/home/golf1234_pc/manipurator_ws/build/mtc_config1': CMAKE_PREFIX_PATH=${CMAKE_PREFIX_PATH}:/home/golf1234_pc/ws_moveit/install/moveit_configs_utils:/home/golf1234_pc/project1_ws/install/server_controllers:/home/golf1234_pc/project1_ws/install/mobile_manipurator:/home/golf1234_pc/project1_ws/install/camera2_ros:/home/golf1234_pc/test1_ws/install/test1:/opt/ros/jazzy DEBUGINFOD_URLS=https://debuginfod.ubuntu.com /usr/bin/cmake --build /home/golf1234_pc/manipurator_ws/build/mtc_config1 -- -j16 -l16
[0.481s] DEBUG:colcon.colcon_core.event_handler.log_command:Invoked command in '/home/golf1234_pc/manipurator_ws/build/urdf1' returned '0': CMAKE_PREFIX_PATH=${CMAKE_PREFIX_PATH}:/home/golf1234_pc/ws_moveit/install/moveit_configs_utils:/home/golf1234_pc/project1_ws/install/server_controllers:/home/golf1234_pc/project1_ws/install/mobile_manipurator:/home/golf1234_pc/project1_ws/install/camera2_ros:/home/golf1234_pc/test1_ws/install/test1:/opt/ros/jazzy DEBUGINFOD_URLS=https://debuginfod.ubuntu.com /usr/bin/cmake --build /home/golf1234_pc/manipurator_ws/build/urdf1 -- -j16 -l16
[0.495s] DEBUG:colcon.colcon_core.event_handler.log_command:Invoking command in '/home/golf1234_pc/manipurator_ws/build/urdf1': CMAKE_PREFIX_PATH=${CMAKE_PREFIX_PATH}:/home/golf1234_pc/ws_moveit/install/moveit_configs_utils:/home/golf1234_pc/project1_ws/install/server_controllers:/home/golf1234_pc/project1_ws/install/mobile_manipurator:/home/golf1234_pc/project1_ws/install/camera2_ros:/home/golf1234_pc/test1_ws/install/test1:/opt/ros/jazzy DEBUGINFOD_URLS=https://debuginfod.ubuntu.com /usr/bin/cmake --install /home/golf1234_pc/manipurator_ws/build/urdf1
[0.533s] Level 1:colcon.colcon_core.environment:create_environment_scripts_only(urdf1)
[0.534s] DEBUG:colcon.colcon_core.event_handler.log_command:Invoked command in '/home/golf1234_pc/manipurator_ws/build/urdf1' returned '0': CMAKE_PREFIX_PATH=${CMAKE_PREFIX_PATH}:/home/golf1234_pc/ws_moveit/install/moveit_configs_utils:/home/golf1234_pc/project1_ws/install/server_controllers:/home/golf1234_pc/project1_ws/install/mobile_manipurator:/home/golf1234_pc/project1_ws/install/camera2_ros:/home/golf1234_pc/test1_ws/install/test1:/opt/ros/jazzy DEBUGINFOD_URLS=https://debuginfod.ubuntu.com /usr/bin/cmake --install /home/golf1234_pc/manipurator_ws/build/urdf1
[0.536s] Level 1:colcon.colcon_core.environment:checking '/home/golf1234_pc/manipurator_ws/install/urdf1' for CMake module files
[0.537s] Level 1:colcon.colcon_core.environment:checking '/home/golf1234_pc/manipurator_ws/install/urdf1' for CMake config files
[0.537s] Level 1:colcon.colcon_core.shell:create_environment_hook('urdf1', 'cmake_prefix_path')
[0.537s] INFO:colcon.colcon_core.shell:Creating environment hook '/home/golf1234_pc/manipurator_ws/install/urdf1/share/urdf1/hook/cmake_prefix_path.ps1'
[0.538s] INFO:colcon.colcon_core.shell:Creating environment descriptor '/home/golf1234_pc/manipurator_ws/install/urdf1/share/urdf1/hook/cmake_prefix_path.dsv'
[0.538s] INFO:colcon.colcon_core.shell:Creating environment hook '/home/golf1234_pc/manipurator_ws/install/urdf1/share/urdf1/hook/cmake_prefix_path.sh'
[0.539s] Level 1:colcon.colcon_core.environment:checking '/home/golf1234_pc/manipurator_ws/install/urdf1/bin'
[0.539s] Level 1:colcon.colcon_core.environment:checking '/home/golf1234_pc/manipurator_ws/install/urdf1/lib/pkgconfig/urdf1.pc'
[0.539s] Level 1:colcon.colcon_core.environment:checking '/home/golf1234_pc/manipurator_ws/install/urdf1/lib/python3.12/site-packages'
[0.539s] Level 1:colcon.colcon_core.environment:checking '/home/golf1234_pc/manipurator_ws/install/urdf1/bin'
[0.540s] INFO:colcon.colcon_core.shell:Creating package script '/home/golf1234_pc/manipurator_ws/install/urdf1/share/urdf1/package.ps1'
[0.541s] INFO:colcon.colcon_core.shell:Creating package descriptor '/home/golf1234_pc/manipurator_ws/install/urdf1/share/urdf1/package.dsv'
[0.541s] INFO:colcon.colcon_core.shell:Creating package script '/home/golf1234_pc/manipurator_ws/install/urdf1/share/urdf1/package.sh'
[0.541s] INFO:colcon.colcon_core.shell:Creating package script '/home/golf1234_pc/manipurator_ws/install/urdf1/share/urdf1/package.bash'
[0.542s] INFO:colcon.colcon_core.shell:Creating package script '/home/golf1234_pc/manipurator_ws/install/urdf1/share/urdf1/package.zsh'
[0.543s] Level 1:colcon.colcon_core.environment:create_file_with_runtime_dependencies(/home/golf1234_pc/manipurator_ws/install/urdf1/share/colcon-core/packages/urdf1)
[0.543s] Level 1:colcon.colcon_core.environment:create_environment_scripts_only(urdf1)
[0.543s] Level 1:colcon.colcon_core.environment:checking '/home/golf1234_pc/manipurator_ws/install/urdf1' for CMake module files
[0.544s] Level 1:colcon.colcon_core.environment:checking '/home/golf1234_pc/manipurator_ws/install/urdf1' for CMake config files
[0.544s] Level 1:colcon.colcon_core.shell:create_environment_hook('urdf1', 'cmake_prefix_path')
[0.544s] INFO:colcon.colcon_core.shell:Creating environment hook '/home/golf1234_pc/manipurator_ws/install/urdf1/share/urdf1/hook/cmake_prefix_path.ps1'
[0.545s] INFO:colcon.colcon_core.shell:Creating environment descriptor '/home/golf1234_pc/manipurator_ws/install/urdf1/share/urdf1/hook/cmake_prefix_path.dsv'
[0.545s] INFO:colcon.colcon_core.shell:Creating environment hook '/home/golf1234_pc/manipurator_ws/install/urdf1/share/urdf1/hook/cmake_prefix_path.sh'
[0.546s] Level 1:colcon.colcon_core.environment:checking '/home/golf1234_pc/manipurator_ws/install/urdf1/bin'
[0.546s] Level 1:colcon.colcon_core.environment:checking '/home/golf1234_pc/manipurator_ws/install/urdf1/lib/pkgconfig/urdf1.pc'
[0.546s] Level 1:colcon.colcon_core.environment:checking '/home/golf1234_pc/manipurator_ws/install/urdf1/lib/python3.12/site-packages'
[0.546s] Level 1:colcon.colcon_core.environment:checking '/home/golf1234_pc/manipurator_ws/install/urdf1/bin'
[0.547s] INFO:colcon.colcon_core.shell:Creating package script '/home/golf1234_pc/manipurator_ws/install/urdf1/share/urdf1/package.ps1'
[0.547s] INFO:colcon.colcon_core.shell:Creating package descriptor '/home/golf1234_pc/manipurator_ws/install/urdf1/share/urdf1/package.dsv'
[0.548s] INFO:colcon.colcon_core.shell:Creating package script '/home/golf1234_pc/manipurator_ws/install/urdf1/share/urdf1/package.sh'
[0.548s] INFO:colcon.colcon_core.shell:Creating package script '/home/golf1234_pc/manipurator_ws/install/urdf1/share/urdf1/package.bash'
[0.548s] INFO:colcon.colcon_core.shell:Creating package script '/home/golf1234_pc/manipurator_ws/install/urdf1/share/urdf1/package.zsh'
[0.549s] Level 1:colcon.colcon_core.environment:create_file_with_runtime_dependencies(/home/golf1234_pc/manipurator_ws/install/urdf1/share/colcon-core/packages/urdf1)
[0.549s] INFO:colcon.colcon_ros.task.ament_cmake.build:Building ROS package in '/home/golf1234_pc/manipurator_ws/src/config1' with build type 'ament_cmake'
[0.549s] INFO:colcon.colcon_cmake.task.cmake.build:Building CMake package in '/home/golf1234_pc/manipurator_ws/src/config1'
[0.550s] INFO:colcon.colcon_core.shell:Skip shell extension 'powershell' for command environment: Not usable outside of PowerShell
[0.550s] DEBUG:colcon.colcon_core.shell:Skip shell extension 'dsv' for command environment
[0.605s] DEBUG:colcon.colcon_core.event_handler.log_command:Invoking command in '/home/golf1234_pc/manipurator_ws/build/config1': CMAKE_PREFIX_PATH=/home/golf1234_pc/manipurator_ws/install/urdf1:/home/golf1234_pc/manipurator_ws/install/config1:/home/golf1234_pc/manipurator_ws/install/mtc_config1:/home/golf1234_pc/moveit2_obb/install/yolov8_obb:/home/golf1234_pc/moveit2_obb/install/yolov8_msgs:/home/golf1234_pc/moveit2_obb/install/robot_description:/home/golf1234_pc/moveit2_obb/install/panda_moveit_config:/home/golf1234_pc/ws_moveit/install/robotiq_hardware_tests:/home/golf1234_pc/ws_moveit/install/robotiq_driver:/home/golf1234_pc/ws_moveit/install/serial:/home/golf1234_pc/ws_moveit/install/moveit2_tutorials:/home/golf1234_pc/ws_moveit/install/moveit_visual_tools:/home/golf1234_pc/ws_moveit/install/rviz_visual_tools:/home/golf1234_pc/ws_moveit/install/mtc_tutorial:/home/golf1234_pc/ws_moveit/install/moveit_task_constructor_visualization:/home/golf1234_pc/ws_moveit/install/moveit_task_constructor_demo:/home/golf1234_pc/ws_moveit/install/moveit_task_constructor_capabilities:/home/golf1234_pc/ws_moveit/install/moveit_task_constructor_core:/home/golf1234_pc/ws_moveit/install/rviz_marker_tools:/home/golf1234_pc/ws_moveit/install/kortex_bringup:/home/golf1234_pc/ws_moveit/install/kinova_gen3_lite_moveit_config:/home/golf1234_pc/ws_moveit/install/kinova_gen3_7dof_robotiq_2f_85_moveit_config:/home/golf1234_pc/ws_moveit/install/kinova_gen3_6dof_robotiq_2f_85_moveit_config:/home/golf1234_pc/ws_moveit/install/kortex_description:/home/golf1234_pc/ws_moveit/install/robotiq_description:/home/golf1234_pc/ws_moveit/install/robotiq_controllers:/home/golf1234_pc/ws_moveit/install/pilz_industrial_motion_planner_testutils:/home/golf1234_pc/ws_moveit/install/moveit_runtime:/home/golf1234_pc/ws_moveit/install/moveit:/home/golf1234_pc/ws_moveit/install/moveit_planners:/home/golf1234_pc/ws_moveit/install/pilz_industrial_motion_planner:/home/golf1234_pc/ws_moveit/install/picknik_twist_controller:/home/golf1234_pc/ws_moveit/install/picknik_reset_fault_controller:/home/golf1234_pc/ws_moveit/install/moveit_task_constructor_msgs:/home/golf1234_pc/ws_moveit/install/moveit_ros_control_interface:/home/golf1234_pc/ws_moveit/install/moveit_plugins:/home/golf1234_pc/ws_moveit/install/moveit_simple_controller_manager:/home/golf1234_pc/ws_moveit/install/moveit_setup_assistant:/home/golf1234_pc/ws_moveit/install/moveit_setup_srdf_plugins:/home/golf1234_pc/ws_moveit/install/moveit_setup_core_plugins:/home/golf1234_pc/ws_moveit/install/moveit_setup_controllers:/home/golf1234_pc/ws_moveit/install/moveit_setup_app_plugins:/home/golf1234_pc/ws_moveit/install/moveit_setup_framework:/home/golf1234_pc/ws_moveit/install/moveit_servo:/home/golf1234_pc/ws_moveit/install/moveit_ros_trajectory_cache:/home/golf1234_pc/ws_moveit/install/moveit_ros:/home/golf1234_pc/ws_moveit/install/moveit_ros_visualization:/home/golf1234_pc/ws_moveit/install/moveit_py:/home/golf1234_pc/ws_moveit/install/moveit_hybrid_planning:/home/golf1234_pc/ws_moveit/install/moveit_ros_planning_interface:/home/golf1234_pc/ws_moveit/install/moveit_ros_benchmarks:/home/golf1234_pc/ws_moveit/install/moveit_ros_warehouse:/home/golf1234_pc/ws_moveit/install/moveit_ros_robot_interaction:/home/golf1234_pc/ws_moveit/install/moveit_ros_perception:/home/golf1234_pc/ws_moveit/install/moveit_resources_prbt_pg70_support:/home/golf1234_pc/ws_moveit/install/moveit_resources_prbt_moveit_config:/home/golf1234_pc/ws_moveit/install/moveit_ros_move_group:/home/golf1234_pc/ws_moveit/install/moveit_planners_ompl:/home/golf1234_pc/ws_moveit/install/moveit_kinematics:/home/golf1234_pc/ws_moveit/install/moveit_ros_planning:/home/golf1234_pc/ws_moveit/install/moveit_ros_occupancy_map_monitor:/home/golf1234_pc/ws_moveit/install/moveit_resources_prbt_support:/home/golf1234_pc/ws_moveit/install/moveit_resources_prbt_ikfast_manipulator_plugin:/home/golf1234_pc/ws_moveit/install/moveit_resources:/home/golf1234_pc/ws_moveit/install/moveit_resources_pr2_description:/home/golf1234_pc/ws_moveit/install/moveit_resources_panda_moveit_config:/home/golf1234_pc/ws_moveit/install/dual_arm_panda_moveit_config:/home/golf1234_pc/ws_moveit/install/moveit_resources_panda_description:/home/golf1234_pc/ws_moveit/install/moveit_resources_fanuc_moveit_config:/home/golf1234_pc/ws_moveit/install/moveit_resources_fanuc_description:/home/golf1234_pc/ws_moveit/install/moveit_planners_stomp:/home/golf1234_pc/ws_moveit/install/moveit_planners_chomp:/home/golf1234_pc/ws_moveit/install/chomp_motion_planner:/home/golf1234_pc/ws_moveit/install/moveit_core:/home/golf1234_pc/ws_moveit/install/moveit_msgs:/home/golf1234_pc/ws_moveit/install/moveit_common:/home/golf1234_pc/ws_moveit/install/kortex_driver:/home/golf1234_pc/ws_moveit/install/kortex_api:/home/golf1234_pc/project1_ws/install/project_assem_urdf_meshes:/home/golf1234_pc/project1_ws/install/p9_config:/home/golf1234_pc/project1_ws/install/p8_config:/home/golf1234_pc/project1_ws/install/p7_config:/home/golf1234_pc/project1_ws/install/p6_config:/home/golf1234_pc/project1_ws/install/p5_config:/home/golf1234_pc/project1_ws/install/p4_config:/home/golf1234_pc/project1_ws/install/p3_config:/home/golf1234_pc/project1_ws/install/p2_config:/home/golf1234_pc/project1_ws/install/p1_config:/home/golf1234_pc/project1_ws/install/p18_config:/home/golf1234_pc/project1_ws/install/p17_config:/home/golf1234_pc/project1_ws/install/p15_config:/home/golf1234_pc/project1_ws/install/p14_config:/home/golf1234_pc/project1_ws/install/p13_config:/home/golf1234_pc/project1_ws/install/p12_config:/home/golf1234_pc/project1_ws/install/p11_config:/home/golf1234_pc/project1_ws/install/p10_config:/home/golf1234_pc/project1_ws/install/mtc_p18_real:/home/golf1234_pc/project1_ws/install/mtc_p18_config:/home/golf1234_pc/project1_ws/install/mtc_p17_config:/home/golf1234_pc/project1_ws/install/mtc_p14_config:/home/golf1234_pc/project1_ws/install/for_test:/home/golf1234_pc/project1_ws/install/ffinall:/home/golf1234_pc/project1_ws/install/f2:/home/golf1234_pc/project1_ws/install/f17:/home/golf1234_pc/project1_ws/install/f16:/home/golf1234_pc/project1_ws/install/f15:/home/golf1234_pc/project1_ws/install/f10:/home/golf1234_pc/project1_ws/install/car1:/home/golf1234_pc/test1_ws/install/cpp_pubsub:/opt/ros/jazzy/opt/gz_sim_vendor:/opt/ros/jazzy/opt/gz_sensors_vendor:/opt/ros/jazzy/opt/gz_physics_vendor:/opt/ros/jazzy/opt/sdformat_vendor:/opt/ros/jazzy/opt/gz_gui_vendor:/opt/ros/jazzy/opt/gz_transport_vendor:/opt/ros/jazzy/opt/gz_rendering_vendor:/opt/ros/jazzy/opt/gz_plugin_vendor:/opt/ros/jazzy/opt/gz_fuel_tools_vendor:/opt/ros/jazzy/opt/gz_msgs_vendor:/opt/ros/jazzy/opt/gz_common_vendor:/opt/ros/jazzy/opt/gz_math_vendor:/opt/ros/jazzy/opt/gz_utils_vendor:/opt/ros/jazzy/opt/gz_tools_vendor:/opt/ros/jazzy/opt/gz_ogre_next_vendor:/opt/ros/jazzy/opt/gz_dartsim_vendor:/opt/ros/jazzy/opt/gz_cmake_vendor:/home/golf1234_pc/ws_moveit/install/moveit_configs_utils:/home/golf1234_pc/project1_ws/install/server_controllers:/home/golf1234_pc/project1_ws/install/mobile_manipurator:/home/golf1234_pc/project1_ws/install/camera2_ros:/home/golf1234_pc/test1_ws/install/test1:/opt/ros/jazzy DEBUGINFOD_URLS=https://debuginfod.ubuntu.com /usr/bin/cmake --build /home/golf1234_pc/manipurator_ws/build/config1 -- -j16 -l16
[0.670s] DEBUG:colcon.colcon_core.event_handler.log_command:Invoked command in '/home/golf1234_pc/manipurator_ws/build/config1' returned '0': CMAKE_PREFIX_PATH=/home/golf1234_pc/manipurator_ws/install/urdf1:/home/golf1234_pc/manipurator_ws/install/config1:/home/golf1234_pc/manipurator_ws/install/mtc_config1:/home/golf1234_pc/moveit2_obb/install/yolov8_obb:/home/golf1234_pc/moveit2_obb/install/yolov8_msgs:/home/golf1234_pc/moveit2_obb/install/robot_description:/home/golf1234_pc/moveit2_obb/install/panda_moveit_config:/home/golf1234_pc/ws_moveit/install/robotiq_hardware_tests:/home/golf1234_pc/ws_moveit/install/robotiq_driver:/home/golf1234_pc/ws_moveit/install/serial:/home/golf1234_pc/ws_moveit/install/moveit2_tutorials:/home/golf1234_pc/ws_moveit/install/moveit_visual_tools:/home/golf1234_pc/ws_moveit/install/rviz_visual_tools:/home/golf1234_pc/ws_moveit/install/mtc_tutorial:/home/golf1234_pc/ws_moveit/install/moveit_task_constructor_visualization:/home/golf1234_pc/ws_moveit/install/moveit_task_constructor_demo:/home/golf1234_pc/ws_moveit/install/moveit_task_constructor_capabilities:/home/golf1234_pc/ws_moveit/install/moveit_task_constructor_core:/home/golf1234_pc/ws_moveit/install/rviz_marker_tools:/home/golf1234_pc/ws_moveit/install/kortex_bringup:/home/golf1234_pc/ws_moveit/install/kinova_gen3_lite_moveit_config:/home/golf1234_pc/ws_moveit/install/kinova_gen3_7dof_robotiq_2f_85_moveit_config:/home/golf1234_pc/ws_moveit/install/kinova_gen3_6dof_robotiq_2f_85_moveit_config:/home/golf1234_pc/ws_moveit/install/kortex_description:/home/golf1234_pc/ws_moveit/install/robotiq_description:/home/golf1234_pc/ws_moveit/install/robotiq_controllers:/home/golf1234_pc/ws_moveit/install/pilz_industrial_motion_planner_testutils:/home/golf1234_pc/ws_moveit/install/moveit_runtime:/home/golf1234_pc/ws_moveit/install/moveit:/home/golf1234_pc/ws_moveit/install/moveit_planners:/home/golf1234_pc/ws_moveit/install/pilz_industrial_motion_planner:/home/golf1234_pc/ws_moveit/install/picknik_twist_controller:/home/golf1234_pc/ws_moveit/install/picknik_reset_fault_controller:/home/golf1234_pc/ws_moveit/install/moveit_task_constructor_msgs:/home/golf1234_pc/ws_moveit/install/moveit_ros_control_interface:/home/golf1234_pc/ws_moveit/install/moveit_plugins:/home/golf1234_pc/ws_moveit/install/moveit_simple_controller_manager:/home/golf1234_pc/ws_moveit/install/moveit_setup_assistant:/home/golf1234_pc/ws_moveit/install/moveit_setup_srdf_plugins:/home/golf1234_pc/ws_moveit/install/moveit_setup_core_plugins:/home/golf1234_pc/ws_moveit/install/moveit_setup_controllers:/home/golf1234_pc/ws_moveit/install/moveit_setup_app_plugins:/home/golf1234_pc/ws_moveit/install/moveit_setup_framework:/home/golf1234_pc/ws_moveit/install/moveit_servo:/home/golf1234_pc/ws_moveit/install/moveit_ros_trajectory_cache:/home/golf1234_pc/ws_moveit/install/moveit_ros:/home/golf1234_pc/ws_moveit/install/moveit_ros_visualization:/home/golf1234_pc/ws_moveit/install/moveit_py:/home/golf1234_pc/ws_moveit/install/moveit_hybrid_planning:/home/golf1234_pc/ws_moveit/install/moveit_ros_planning_interface:/home/golf1234_pc/ws_moveit/install/moveit_ros_benchmarks:/home/golf1234_pc/ws_moveit/install/moveit_ros_warehouse:/home/golf1234_pc/ws_moveit/install/moveit_ros_robot_interaction:/home/golf1234_pc/ws_moveit/install/moveit_ros_perception:/home/golf1234_pc/ws_moveit/install/moveit_resources_prbt_pg70_support:/home/golf1234_pc/ws_moveit/install/moveit_resources_prbt_moveit_config:/home/golf1234_pc/ws_moveit/install/moveit_ros_move_group:/home/golf1234_pc/ws_moveit/install/moveit_planners_ompl:/home/golf1234_pc/ws_moveit/install/moveit_kinematics:/home/golf1234_pc/ws_moveit/install/moveit_ros_planning:/home/golf1234_pc/ws_moveit/install/moveit_ros_occupancy_map_monitor:/home/golf1234_pc/ws_moveit/install/moveit_resources_prbt_support:/home/golf1234_pc/ws_moveit/install/moveit_resources_prbt_ikfast_manipulator_plugin:/home/golf1234_pc/ws_moveit/install/moveit_resources:/home/golf1234_pc/ws_moveit/install/moveit_resources_pr2_description:/home/golf1234_pc/ws_moveit/install/moveit_resources_panda_moveit_config:/home/golf1234_pc/ws_moveit/install/dual_arm_panda_moveit_config:/home/golf1234_pc/ws_moveit/install/moveit_resources_panda_description:/home/golf1234_pc/ws_moveit/install/moveit_resources_fanuc_moveit_config:/home/golf1234_pc/ws_moveit/install/moveit_resources_fanuc_description:/home/golf1234_pc/ws_moveit/install/moveit_planners_stomp:/home/golf1234_pc/ws_moveit/install/moveit_planners_chomp:/home/golf1234_pc/ws_moveit/install/chomp_motion_planner:/home/golf1234_pc/ws_moveit/install/moveit_core:/home/golf1234_pc/ws_moveit/install/moveit_msgs:/home/golf1234_pc/ws_moveit/install/moveit_common:/home/golf1234_pc/ws_moveit/install/kortex_driver:/home/golf1234_pc/ws_moveit/install/kortex_api:/home/golf1234_pc/project1_ws/install/project_assem_urdf_meshes:/home/golf1234_pc/project1_ws/install/p9_config:/home/golf1234_pc/project1_ws/install/p8_config:/home/golf1234_pc/project1_ws/install/p7_config:/home/golf1234_pc/project1_ws/install/p6_config:/home/golf1234_pc/project1_ws/install/p5_config:/home/golf1234_pc/project1_ws/install/p4_config:/home/golf1234_pc/project1_ws/install/p3_config:/home/golf1234_pc/project1_ws/install/p2_config:/home/golf1234_pc/project1_ws/install/p1_config:/home/golf1234_pc/project1_ws/install/p18_config:/home/golf1234_pc/project1_ws/install/p17_config:/home/golf1234_pc/project1_ws/install/p15_config:/home/golf1234_pc/project1_ws/install/p14_config:/home/golf1234_pc/project1_ws/install/p13_config:/home/golf1234_pc/project1_ws/install/p12_config:/home/golf1234_pc/project1_ws/install/p11_config:/home/golf1234_pc/project1_ws/install/p10_config:/home/golf1234_pc/project1_ws/install/mtc_p18_real:/home/golf1234_pc/project1_ws/install/mtc_p18_config:/home/golf1234_pc/project1_ws/install/mtc_p17_config:/home/golf1234_pc/project1_ws/install/mtc_p14_config:/home/golf1234_pc/project1_ws/install/for_test:/home/golf1234_pc/project1_ws/install/ffinall:/home/golf1234_pc/project1_ws/install/f2:/home/golf1234_pc/project1_ws/install/f17:/home/golf1234_pc/project1_ws/install/f16:/home/golf1234_pc/project1_ws/install/f15:/home/golf1234_pc/project1_ws/install/f10:/home/golf1234_pc/project1_ws/install/car1:/home/golf1234_pc/test1_ws/install/cpp_pubsub:/opt/ros/jazzy/opt/gz_sim_vendor:/opt/ros/jazzy/opt/gz_sensors_vendor:/opt/ros/jazzy/opt/gz_physics_vendor:/opt/ros/jazzy/opt/sdformat_vendor:/opt/ros/jazzy/opt/gz_gui_vendor:/opt/ros/jazzy/opt/gz_transport_vendor:/opt/ros/jazzy/opt/gz_rendering_vendor:/opt/ros/jazzy/opt/gz_plugin_vendor:/opt/ros/jazzy/opt/gz_fuel_tools_vendor:/opt/ros/jazzy/opt/gz_msgs_vendor:/opt/ros/jazzy/opt/gz_common_vendor:/opt/ros/jazzy/opt/gz_math_vendor:/opt/ros/jazzy/opt/gz_utils_vendor:/opt/ros/jazzy/opt/gz_tools_vendor:/opt/ros/jazzy/opt/gz_ogre_next_vendor:/opt/ros/jazzy/opt/gz_dartsim_vendor:/opt/ros/jazzy/opt/gz_cmake_vendor:/home/golf1234_pc/ws_moveit/install/moveit_configs_utils:/home/golf1234_pc/project1_ws/install/server_controllers:/home/golf1234_pc/project1_ws/install/mobile_manipurator:/home/golf1234_pc/project1_ws/install/camera2_ros:/home/golf1234_pc/test1_ws/install/test1:/opt/ros/jazzy DEBUGINFOD_URLS=https://debuginfod.ubuntu.com /usr/bin/cmake --build /home/golf1234_pc/manipurator_ws/build/config1 -- -j16 -l16
[0.671s] DEBUG:colcon.colcon_core.event_handler.log_command:Invoking command in '/home/golf1234_pc/manipurator_ws/build/config1': CMAKE_PREFIX_PATH=/home/golf1234_pc/manipurator_ws/install/urdf1:/home/golf1234_pc/manipurator_ws/install/config1:/home/golf1234_pc/manipurator_ws/install/mtc_config1:/home/golf1234_pc/moveit2_obb/install/yolov8_obb:/home/golf1234_pc/moveit2_obb/install/yolov8_msgs:/home/golf1234_pc/moveit2_obb/install/robot_description:/home/golf1234_pc/moveit2_obb/install/panda_moveit_config:/home/golf1234_pc/ws_moveit/install/robotiq_hardware_tests:/home/golf1234_pc/ws_moveit/install/robotiq_driver:/home/golf1234_pc/ws_moveit/install/serial:/home/golf1234_pc/ws_moveit/install/moveit2_tutorials:/home/golf1234_pc/ws_moveit/install/moveit_visual_tools:/home/golf1234_pc/ws_moveit/install/rviz_visual_tools:/home/golf1234_pc/ws_moveit/install/mtc_tutorial:/home/golf1234_pc/ws_moveit/install/moveit_task_constructor_visualization:/home/golf1234_pc/ws_moveit/install/moveit_task_constructor_demo:/home/golf1234_pc/ws_moveit/install/moveit_task_constructor_capabilities:/home/golf1234_pc/ws_moveit/install/moveit_task_constructor_core:/home/golf1234_pc/ws_moveit/install/rviz_marker_tools:/home/golf1234_pc/ws_moveit/install/kortex_bringup:/home/golf1234_pc/ws_moveit/install/kinova_gen3_lite_moveit_config:/home/golf1234_pc/ws_moveit/install/kinova_gen3_7dof_robotiq_2f_85_moveit_config:/home/golf1234_pc/ws_moveit/install/kinova_gen3_6dof_robotiq_2f_85_moveit_config:/home/golf1234_pc/ws_moveit/install/kortex_description:/home/golf1234_pc/ws_moveit/install/robotiq_description:/home/golf1234_pc/ws_moveit/install/robotiq_controllers:/home/golf1234_pc/ws_moveit/install/pilz_industrial_motion_planner_testutils:/home/golf1234_pc/ws_moveit/install/moveit_runtime:/home/golf1234_pc/ws_moveit/install/moveit:/home/golf1234_pc/ws_moveit/install/moveit_planners:/home/golf1234_pc/ws_moveit/install/pilz_industrial_motion_planner:/home/golf1234_pc/ws_moveit/install/picknik_twist_controller:/home/golf1234_pc/ws_moveit/install/picknik_reset_fault_controller:/home/golf1234_pc/ws_moveit/install/moveit_task_constructor_msgs:/home/golf1234_pc/ws_moveit/install/moveit_ros_control_interface:/home/golf1234_pc/ws_moveit/install/moveit_plugins:/home/golf1234_pc/ws_moveit/install/moveit_simple_controller_manager:/home/golf1234_pc/ws_moveit/install/moveit_setup_assistant:/home/golf1234_pc/ws_moveit/install/moveit_setup_srdf_plugins:/home/golf1234_pc/ws_moveit/install/moveit_setup_core_plugins:/home/golf1234_pc/ws_moveit/install/moveit_setup_controllers:/home/golf1234_pc/ws_moveit/install/moveit_setup_app_plugins:/home/golf1234_pc/ws_moveit/install/moveit_setup_framework:/home/golf1234_pc/ws_moveit/install/moveit_servo:/home/golf1234_pc/ws_moveit/install/moveit_ros_trajectory_cache:/home/golf1234_pc/ws_moveit/install/moveit_ros:/home/golf1234_pc/ws_moveit/install/moveit_ros_visualization:/home/golf1234_pc/ws_moveit/install/moveit_py:/home/golf1234_pc/ws_moveit/install/moveit_hybrid_planning:/home/golf1234_pc/ws_moveit/install/moveit_ros_planning_interface:/home/golf1234_pc/ws_moveit/install/moveit_ros_benchmarks:/home/golf1234_pc/ws_moveit/install/moveit_ros_warehouse:/home/golf1234_pc/ws_moveit/install/moveit_ros_robot_interaction:/home/golf1234_pc/ws_moveit/install/moveit_ros_perception:/home/golf1234_pc/ws_moveit/install/moveit_resources_prbt_pg70_support:/home/golf1234_pc/ws_moveit/install/moveit_resources_prbt_moveit_config:/home/golf1234_pc/ws_moveit/install/moveit_ros_move_group:/home/golf1234_pc/ws_moveit/install/moveit_planners_ompl:/home/golf1234_pc/ws_moveit/install/moveit_kinematics:/home/golf1234_pc/ws_moveit/install/moveit_ros_planning:/home/golf1234_pc/ws_moveit/install/moveit_ros_occupancy_map_monitor:/home/golf1234_pc/ws_moveit/install/moveit_resources_prbt_support:/home/golf1234_pc/ws_moveit/install/moveit_resources_prbt_ikfast_manipulator_plugin:/home/golf1234_pc/ws_moveit/install/moveit_resources:/home/golf1234_pc/ws_moveit/install/moveit_resources_pr2_description:/home/golf1234_pc/ws_moveit/install/moveit_resources_panda_moveit_config:/home/golf1234_pc/ws_moveit/install/dual_arm_panda_moveit_config:/home/golf1234_pc/ws_moveit/install/moveit_resources_panda_description:/home/golf1234_pc/ws_moveit/install/moveit_resources_fanuc_moveit_config:/home/golf1234_pc/ws_moveit/install/moveit_resources_fanuc_description:/home/golf1234_pc/ws_moveit/install/moveit_planners_stomp:/home/golf1234_pc/ws_moveit/install/moveit_planners_chomp:/home/golf1234_pc/ws_moveit/install/chomp_motion_planner:/home/golf1234_pc/ws_moveit/install/moveit_core:/home/golf1234_pc/ws_moveit/install/moveit_msgs:/home/golf1234_pc/ws_moveit/install/moveit_common:/home/golf1234_pc/ws_moveit/install/kortex_driver:/home/golf1234_pc/ws_moveit/install/kortex_api:/home/golf1234_pc/project1_ws/install/project_assem_urdf_meshes:/home/golf1234_pc/project1_ws/install/p9_config:/home/golf1234_pc/project1_ws/install/p8_config:/home/golf1234_pc/project1_ws/install/p7_config:/home/golf1234_pc/project1_ws/install/p6_config:/home/golf1234_pc/project1_ws/install/p5_config:/home/golf1234_pc/project1_ws/install/p4_config:/home/golf1234_pc/project1_ws/install/p3_config:/home/golf1234_pc/project1_ws/install/p2_config:/home/golf1234_pc/project1_ws/install/p1_config:/home/golf1234_pc/project1_ws/install/p18_config:/home/golf1234_pc/project1_ws/install/p17_config:/home/golf1234_pc/project1_ws/install/p15_config:/home/golf1234_pc/project1_ws/install/p14_config:/home/golf1234_pc/project1_ws/install/p13_config:/home/golf1234_pc/project1_ws/install/p12_config:/home/golf1234_pc/project1_ws/install/p11_config:/home/golf1234_pc/project1_ws/install/p10_config:/home/golf1234_pc/project1_ws/install/mtc_p18_real:/home/golf1234_pc/project1_ws/install/mtc_p18_config:/home/golf1234_pc/project1_ws/install/mtc_p17_config:/home/golf1234_pc/project1_ws/install/mtc_p14_config:/home/golf1234_pc/project1_ws/install/for_test:/home/golf1234_pc/project1_ws/install/ffinall:/home/golf1234_pc/project1_ws/install/f2:/home/golf1234_pc/project1_ws/install/f17:/home/golf1234_pc/project1_ws/install/f16:/home/golf1234_pc/project1_ws/install/f15:/home/golf1234_pc/project1_ws/install/f10:/home/golf1234_pc/project1_ws/install/car1:/home/golf1234_pc/test1_ws/install/cpp_pubsub:/opt/ros/jazzy/opt/gz_sim_vendor:/opt/ros/jazzy/opt/gz_sensors_vendor:/opt/ros/jazzy/opt/gz_physics_vendor:/opt/ros/jazzy/opt/sdformat_vendor:/opt/ros/jazzy/opt/gz_gui_vendor:/opt/ros/jazzy/opt/gz_transport_vendor:/opt/ros/jazzy/opt/gz_rendering_vendor:/opt/ros/jazzy/opt/gz_plugin_vendor:/opt/ros/jazzy/opt/gz_fuel_tools_vendor:/opt/ros/jazzy/opt/gz_msgs_vendor:/opt/ros/jazzy/opt/gz_common_vendor:/opt/ros/jazzy/opt/gz_math_vendor:/opt/ros/jazzy/opt/gz_utils_vendor:/opt/ros/jazzy/opt/gz_tools_vendor:/opt/ros/jazzy/opt/gz_ogre_next_vendor:/opt/ros/jazzy/opt/gz_dartsim_vendor:/opt/ros/jazzy/opt/gz_cmake_vendor:/home/golf1234_pc/ws_moveit/install/moveit_configs_utils:/home/golf1234_pc/project1_ws/install/server_controllers:/home/golf1234_pc/project1_ws/install/mobile_manipurator:/home/golf1234_pc/project1_ws/install/camera2_ros:/home/golf1234_pc/test1_ws/install/test1:/opt/ros/jazzy DEBUGINFOD_URLS=https://debuginfod.ubuntu.com /usr/bin/cmake --install /home/golf1234_pc/manipurator_ws/build/config1
[0.707s] Level 1:colcon.colcon_core.environment:create_environment_scripts_only(config1)
[0.707s] Level 1:colcon.colcon_core.environment:checking '/home/golf1234_pc/manipurator_ws/install/config1' for CMake module files
[0.708s] DEBUG:colcon.colcon_core.event_handler.log_command:Invoked command in '/home/golf1234_pc/manipurator_ws/build/config1' returned '0': CMAKE_PREFIX_PATH=/home/golf1234_pc/manipurator_ws/install/urdf1:/home/golf1234_pc/manipurator_ws/install/config1:/home/golf1234_pc/manipurator_ws/install/mtc_config1:/home/golf1234_pc/moveit2_obb/install/yolov8_obb:/home/golf1234_pc/moveit2_obb/install/yolov8_msgs:/home/golf1234_pc/moveit2_obb/install/robot_description:/home/golf1234_pc/moveit2_obb/install/panda_moveit_config:/home/golf1234_pc/ws_moveit/install/robotiq_hardware_tests:/home/golf1234_pc/ws_moveit/install/robotiq_driver:/home/golf1234_pc/ws_moveit/install/serial:/home/golf1234_pc/ws_moveit/install/moveit2_tutorials:/home/golf1234_pc/ws_moveit/install/moveit_visual_tools:/home/golf1234_pc/ws_moveit/install/rviz_visual_tools:/home/golf1234_pc/ws_moveit/install/mtc_tutorial:/home/golf1234_pc/ws_moveit/install/moveit_task_constructor_visualization:/home/golf1234_pc/ws_moveit/install/moveit_task_constructor_demo:/home/golf1234_pc/ws_moveit/install/moveit_task_constructor_capabilities:/home/golf1234_pc/ws_moveit/install/moveit_task_constructor_core:/home/golf1234_pc/ws_moveit/install/rviz_marker_tools:/home/golf1234_pc/ws_moveit/install/kortex_bringup:/home/golf1234_pc/ws_moveit/install/kinova_gen3_lite_moveit_config:/home/golf1234_pc/ws_moveit/install/kinova_gen3_7dof_robotiq_2f_85_moveit_config:/home/golf1234_pc/ws_moveit/install/kinova_gen3_6dof_robotiq_2f_85_moveit_config:/home/golf1234_pc/ws_moveit/install/kortex_description:/home/golf1234_pc/ws_moveit/install/robotiq_description:/home/golf1234_pc/ws_moveit/install/robotiq_controllers:/home/golf1234_pc/ws_moveit/install/pilz_industrial_motion_planner_testutils:/home/golf1234_pc/ws_moveit/install/moveit_runtime:/home/golf1234_pc/ws_moveit/install/moveit:/home/golf1234_pc/ws_moveit/install/moveit_planners:/home/golf1234_pc/ws_moveit/install/pilz_industrial_motion_planner:/home/golf1234_pc/ws_moveit/install/picknik_twist_controller:/home/golf1234_pc/ws_moveit/install/picknik_reset_fault_controller:/home/golf1234_pc/ws_moveit/install/moveit_task_constructor_msgs:/home/golf1234_pc/ws_moveit/install/moveit_ros_control_interface:/home/golf1234_pc/ws_moveit/install/moveit_plugins:/home/golf1234_pc/ws_moveit/install/moveit_simple_controller_manager:/home/golf1234_pc/ws_moveit/install/moveit_setup_assistant:/home/golf1234_pc/ws_moveit/install/moveit_setup_srdf_plugins:/home/golf1234_pc/ws_moveit/install/moveit_setup_core_plugins:/home/golf1234_pc/ws_moveit/install/moveit_setup_controllers:/home/golf1234_pc/ws_moveit/install/moveit_setup_app_plugins:/home/golf1234_pc/ws_moveit/install/moveit_setup_framework:/home/golf1234_pc/ws_moveit/install/moveit_servo:/home/golf1234_pc/ws_moveit/install/moveit_ros_trajectory_cache:/home/golf1234_pc/ws_moveit/install/moveit_ros:/home/golf1234_pc/ws_moveit/install/moveit_ros_visualization:/home/golf1234_pc/ws_moveit/install/moveit_py:/home/golf1234_pc/ws_moveit/install/moveit_hybrid_planning:/home/golf1234_pc/ws_moveit/install/moveit_ros_planning_interface:/home/golf1234_pc/ws_moveit/install/moveit_ros_benchmarks:/home/golf1234_pc/ws_moveit/install/moveit_ros_warehouse:/home/golf1234_pc/ws_moveit/install/moveit_ros_robot_interaction:/home/golf1234_pc/ws_moveit/install/moveit_ros_perception:/home/golf1234_pc/ws_moveit/install/moveit_resources_prbt_pg70_support:/home/golf1234_pc/ws_moveit/install/moveit_resources_prbt_moveit_config:/home/golf1234_pc/ws_moveit/install/moveit_ros_move_group:/home/golf1234_pc/ws_moveit/install/moveit_planners_ompl:/home/golf1234_pc/ws_moveit/install/moveit_kinematics:/home/golf1234_pc/ws_moveit/install/moveit_ros_planning:/home/golf1234_pc/ws_moveit/install/moveit_ros_occupancy_map_monitor:/home/golf1234_pc/ws_moveit/install/moveit_resources_prbt_support:/home/golf1234_pc/ws_moveit/install/moveit_resources_prbt_ikfast_manipulator_plugin:/home/golf1234_pc/ws_moveit/install/moveit_resources:/home/golf1234_pc/ws_moveit/install/moveit_resources_pr2_description:/home/golf1234_pc/ws_moveit/install/moveit_resources_panda_moveit_config:/home/golf1234_pc/ws_moveit/install/dual_arm_panda_moveit_config:/home/golf1234_pc/ws_moveit/install/moveit_resources_panda_description:/home/golf1234_pc/ws_moveit/install/moveit_resources_fanuc_moveit_config:/home/golf1234_pc/ws_moveit/install/moveit_resources_fanuc_description:/home/golf1234_pc/ws_moveit/install/moveit_planners_stomp:/home/golf1234_pc/ws_moveit/install/moveit_planners_chomp:/home/golf1234_pc/ws_moveit/install/chomp_motion_planner:/home/golf1234_pc/ws_moveit/install/moveit_core:/home/golf1234_pc/ws_moveit/install/moveit_msgs:/home/golf1234_pc/ws_moveit/install/moveit_common:/home/golf1234_pc/ws_moveit/install/kortex_driver:/home/golf1234_pc/ws_moveit/install/kortex_api:/home/golf1234_pc/project1_ws/install/project_assem_urdf_meshes:/home/golf1234_pc/project1_ws/install/p9_config:/home/golf1234_pc/project1_ws/install/p8_config:/home/golf1234_pc/project1_ws/install/p7_config:/home/golf1234_pc/project1_ws/install/p6_config:/home/golf1234_pc/project1_ws/install/p5_config:/home/golf1234_pc/project1_ws/install/p4_config:/home/golf1234_pc/project1_ws/install/p3_config:/home/golf1234_pc/project1_ws/install/p2_config:/home/golf1234_pc/project1_ws/install/p1_config:/home/golf1234_pc/project1_ws/install/p18_config:/home/golf1234_pc/project1_ws/install/p17_config:/home/golf1234_pc/project1_ws/install/p15_config:/home/golf1234_pc/project1_ws/install/p14_config:/home/golf1234_pc/project1_ws/install/p13_config:/home/golf1234_pc/project1_ws/install/p12_config:/home/golf1234_pc/project1_ws/install/p11_config:/home/golf1234_pc/project1_ws/install/p10_config:/home/golf1234_pc/project1_ws/install/mtc_p18_real:/home/golf1234_pc/project1_ws/install/mtc_p18_config:/home/golf1234_pc/project1_ws/install/mtc_p17_config:/home/golf1234_pc/project1_ws/install/mtc_p14_config:/home/golf1234_pc/project1_ws/install/for_test:/home/golf1234_pc/project1_ws/install/ffinall:/home/golf1234_pc/project1_ws/install/f2:/home/golf1234_pc/project1_ws/install/f17:/home/golf1234_pc/project1_ws/install/f16:/home/golf1234_pc/project1_ws/install/f15:/home/golf1234_pc/project1_ws/install/f10:/home/golf1234_pc/project1_ws/install/car1:/home/golf1234_pc/test1_ws/install/cpp_pubsub:/opt/ros/jazzy/opt/gz_sim_vendor:/opt/ros/jazzy/opt/gz_sensors_vendor:/opt/ros/jazzy/opt/gz_physics_vendor:/opt/ros/jazzy/opt/sdformat_vendor:/opt/ros/jazzy/opt/gz_gui_vendor:/opt/ros/jazzy/opt/gz_transport_vendor:/opt/ros/jazzy/opt/gz_rendering_vendor:/opt/ros/jazzy/opt/gz_plugin_vendor:/opt/ros/jazzy/opt/gz_fuel_tools_vendor:/opt/ros/jazzy/opt/gz_msgs_vendor:/opt/ros/jazzy/opt/gz_common_vendor:/opt/ros/jazzy/opt/gz_math_vendor:/opt/ros/jazzy/opt/gz_utils_vendor:/opt/ros/jazzy/opt/gz_tools_vendor:/opt/ros/jazzy/opt/gz_ogre_next_vendor:/opt/ros/jazzy/opt/gz_dartsim_vendor:/opt/ros/jazzy/opt/gz_cmake_vendor:/home/golf1234_pc/ws_moveit/install/moveit_configs_utils:/home/golf1234_pc/project1_ws/install/server_controllers:/home/golf1234_pc/project1_ws/install/mobile_manipurator:/home/golf1234_pc/project1_ws/install/camera2_ros:/home/golf1234_pc/test1_ws/install/test1:/opt/ros/jazzy DEBUGINFOD_URLS=https://debuginfod.ubuntu.com /usr/bin/cmake --install /home/golf1234_pc/manipurator_ws/build/config1
[0.708s] Level 1:colcon.colcon_core.environment:checking '/home/golf1234_pc/manipurator_ws/install/config1' for CMake config files
[0.709s] Level 1:colcon.colcon_core.shell:create_environment_hook('config1', 'cmake_prefix_path')
[0.709s] INFO:colcon.colcon_core.shell:Creating environment hook '/home/golf1234_pc/manipurator_ws/install/config1/share/config1/hook/cmake_prefix_path.ps1'
[0.710s] INFO:colcon.colcon_core.shell:Creating environment descriptor '/home/golf1234_pc/manipurator_ws/install/config1/share/config1/hook/cmake_prefix_path.dsv'
[0.711s] INFO:colcon.colcon_core.shell:Creating environment hook '/home/golf1234_pc/manipurator_ws/install/config1/share/config1/hook/cmake_prefix_path.sh'
[0.711s] Level 1:colcon.colcon_core.environment:checking '/home/golf1234_pc/manipurator_ws/install/config1/bin'
[0.712s] Level 1:colcon.colcon_core.environment:checking '/home/golf1234_pc/manipurator_ws/install/config1/lib/pkgconfig/config1.pc'
[0.712s] Level 1:colcon.colcon_core.environment:checking '/home/golf1234_pc/manipurator_ws/install/config1/lib/python3.12/site-packages'
[0.712s] Level 1:colcon.colcon_core.environment:checking '/home/golf1234_pc/manipurator_ws/install/config1/bin'
[0.712s] INFO:colcon.colcon_core.shell:Creating package script '/home/golf1234_pc/manipurator_ws/install/config1/share/config1/package.ps1'
[0.713s] INFO:colcon.colcon_core.shell:Creating package descriptor '/home/golf1234_pc/manipurator_ws/install/config1/share/config1/package.dsv'
[0.713s] INFO:colcon.colcon_core.shell:Creating package script '/home/golf1234_pc/manipurator_ws/install/config1/share/config1/package.sh'
[0.714s] INFO:colcon.colcon_core.shell:Creating package script '/home/golf1234_pc/manipurator_ws/install/config1/share/config1/package.bash'
[0.714s] INFO:colcon.colcon_core.shell:Creating package script '/home/golf1234_pc/manipurator_ws/install/config1/share/config1/package.zsh'
[0.714s] Level 1:colcon.colcon_core.environment:create_file_with_runtime_dependencies(/home/golf1234_pc/manipurator_ws/install/config1/share/colcon-core/packages/config1)
[0.715s] Level 1:colcon.colcon_core.environment:create_environment_scripts_only(config1)
[0.715s] Level 1:colcon.colcon_core.environment:checking '/home/golf1234_pc/manipurator_ws/install/config1' for CMake module files
[0.715s] Level 1:colcon.colcon_core.environment:checking '/home/golf1234_pc/manipurator_ws/install/config1' for CMake config files
[0.716s] Level 1:colcon.colcon_core.shell:create_environment_hook('config1', 'cmake_prefix_path')
[0.716s] INFO:colcon.colcon_core.shell:Creating environment hook '/home/golf1234_pc/manipurator_ws/install/config1/share/config1/hook/cmake_prefix_path.ps1'
[0.716s] INFO:colcon.colcon_core.shell:Creating environment descriptor '/home/golf1234_pc/manipurator_ws/install/config1/share/config1/hook/cmake_prefix_path.dsv'
[0.716s] INFO:colcon.colcon_core.shell:Creating environment hook '/home/golf1234_pc/manipurator_ws/install/config1/share/config1/hook/cmake_prefix_path.sh'
[0.717s] Level 1:colcon.colcon_core.environment:checking '/home/golf1234_pc/manipurator_ws/install/config1/bin'
[0.717s] Level 1:colcon.colcon_core.environment:checking '/home/golf1234_pc/manipurator_ws/install/config1/lib/pkgconfig/config1.pc'
[0.717s] Level 1:colcon.colcon_core.environment:checking '/home/golf1234_pc/manipurator_ws/install/config1/lib/python3.12/site-packages'
[0.717s] Level 1:colcon.colcon_core.environment:checking '/home/golf1234_pc/manipurator_ws/install/config1/bin'
[0.718s] INFO:colcon.colcon_core.shell:Creating package script '/home/golf1234_pc/manipurator_ws/install/config1/share/config1/package.ps1'
[0.718s] INFO:colcon.colcon_core.shell:Creating package descriptor '/home/golf1234_pc/manipurator_ws/install/config1/share/config1/package.dsv'
[0.718s] INFO:colcon.colcon_core.shell:Creating package script '/home/golf1234_pc/manipurator_ws/install/config1/share/config1/package.sh'
[0.719s] INFO:colcon.colcon_core.shell:Creating package script '/home/golf1234_pc/manipurator_ws/install/config1/share/config1/package.bash'
[0.719s] INFO:colcon.colcon_core.shell:Creating package script '/home/golf1234_pc/manipurator_ws/install/config1/share/config1/package.zsh'
[0.719s] Level 1:colcon.colcon_core.environment:create_file_with_runtime_dependencies(/home/golf1234_pc/manipurator_ws/install/config1/share/colcon-core/packages/config1)
[12.455s] DEBUG:colcon.colcon_core.event_handler.log_command:Invoked command in '/home/golf1234_pc/manipurator_ws/build/mtc_config1' returned '0': CMAKE_PREFIX_PATH=${CMAKE_PREFIX_PATH}:/home/golf1234_pc/ws_moveit/install/moveit_configs_utils:/home/golf1234_pc/project1_ws/install/server_controllers:/home/golf1234_pc/project1_ws/install/mobile_manipurator:/home/golf1234_pc/project1_ws/install/camera2_ros:/home/golf1234_pc/test1_ws/install/test1:/opt/ros/jazzy DEBUGINFOD_URLS=https://debuginfod.ubuntu.com /usr/bin/cmake --build /home/golf1234_pc/manipurator_ws/build/mtc_config1 -- -j16 -l16
[12.456s] DEBUG:colcon.colcon_core.event_handler.log_command:Invoking command in '/home/golf1234_pc/manipurator_ws/build/mtc_config1': CMAKE_PREFIX_PATH=${CMAKE_PREFIX_PATH}:/home/golf1234_pc/ws_moveit/install/moveit_configs_utils:/home/golf1234_pc/project1_ws/install/server_controllers:/home/golf1234_pc/project1_ws/install/mobile_manipurator:/home/golf1234_pc/project1_ws/install/camera2_ros:/home/golf1234_pc/test1_ws/install/test1:/opt/ros/jazzy DEBUGINFOD_URLS=https://debuginfod.ubuntu.com /usr/bin/cmake --install /home/golf1234_pc/manipurator_ws/build/mtc_config1
[12.486s] Level 1:colcon.colcon_core.environment:create_environment_scripts_only(mtc_config1)
[12.486s] Level 1:colcon.colcon_core.environment:checking '/home/golf1234_pc/manipurator_ws/install/mtc_config1' for CMake module files
[12.486s] DEBUG:colcon.colcon_core.event_handler.log_command:Invoked command in '/home/golf1234_pc/manipurator_ws/build/mtc_config1' returned '0': CMAKE_PREFIX_PATH=${CMAKE_PREFIX_PATH}:/home/golf1234_pc/ws_moveit/install/moveit_configs_utils:/home/golf1234_pc/project1_ws/install/server_controllers:/home/golf1234_pc/project1_ws/install/mobile_manipurator:/home/golf1234_pc/project1_ws/install/camera2_ros:/home/golf1234_pc/test1_ws/install/test1:/opt/ros/jazzy DEBUGINFOD_URLS=https://debuginfod.ubuntu.com /usr/bin/cmake --install /home/golf1234_pc/manipurator_ws/build/mtc_config1
[12.487s] Level 1:colcon.colcon_core.environment:checking '/home/golf1234_pc/manipurator_ws/install/mtc_config1' for CMake config files
[12.487s] Level 1:colcon.colcon_core.shell:create_environment_hook('mtc_config1', 'cmake_prefix_path')
[12.487s] INFO:colcon.colcon_core.shell:Creating environment hook '/home/golf1234_pc/manipurator_ws/install/mtc_config1/share/mtc_config1/hook/cmake_prefix_path.ps1'
[12.488s] INFO:colcon.colcon_core.shell:Creating environment descriptor '/home/golf1234_pc/manipurator_ws/install/mtc_config1/share/mtc_config1/hook/cmake_prefix_path.dsv'
[12.488s] INFO:colcon.colcon_core.shell:Creating environment hook '/home/golf1234_pc/manipurator_ws/install/mtc_config1/share/mtc_config1/hook/cmake_prefix_path.sh'
[12.488s] Level 1:colcon.colcon_core.environment:checking '/home/golf1234_pc/manipurator_ws/install/mtc_config1/lib'
[12.488s] Level 1:colcon.colcon_core.environment:checking '/home/golf1234_pc/manipurator_ws/install/mtc_config1/bin'
[12.489s] Level 1:colcon.colcon_core.environment:checking '/home/golf1234_pc/manipurator_ws/install/mtc_config1/lib/pkgconfig/mtc_config1.pc'
[12.489s] Level 1:colcon.colcon_core.environment:checking '/home/golf1234_pc/manipurator_ws/install/mtc_config1/lib/python3.12/site-packages'
[12.489s] Level 1:colcon.colcon_core.environment:checking '/home/golf1234_pc/manipurator_ws/install/mtc_config1/bin'
[12.489s] INFO:colcon.colcon_core.shell:Creating package script '/home/golf1234_pc/manipurator_ws/install/mtc_config1/share/mtc_config1/package.ps1'
[12.490s] INFO:colcon.colcon_core.shell:Creating package descriptor '/home/golf1234_pc/manipurator_ws/install/mtc_config1/share/mtc_config1/package.dsv'
[12.490s] INFO:colcon.colcon_core.shell:Creating package script '/home/golf1234_pc/manipurator_ws/install/mtc_config1/share/mtc_config1/package.sh'
[12.490s] INFO:colcon.colcon_core.shell:Creating package script '/home/golf1234_pc/manipurator_ws/install/mtc_config1/share/mtc_config1/package.bash'
[12.490s] INFO:colcon.colcon_core.shell:Creating package script '/home/golf1234_pc/manipurator_ws/install/mtc_config1/share/mtc_config1/package.zsh'
[12.491s] Level 1:colcon.colcon_core.environment:create_file_with_runtime_dependencies(/home/golf1234_pc/manipurator_ws/install/mtc_config1/share/colcon-core/packages/mtc_config1)
[12.491s] Level 1:colcon.colcon_core.environment:create_environment_scripts_only(mtc_config1)
[12.491s] Level 1:colcon.colcon_core.environment:checking '/home/golf1234_pc/manipurator_ws/install/mtc_config1' for CMake module files
[12.491s] Level 1:colcon.colcon_core.environment:checking '/home/golf1234_pc/manipurator_ws/install/mtc_config1' for CMake config files
[12.492s] Level 1:colcon.colcon_core.shell:create_environment_hook('mtc_config1', 'cmake_prefix_path')
[12.492s] INFO:colcon.colcon_core.shell:Creating environment hook '/home/golf1234_pc/manipurator_ws/install/mtc_config1/share/mtc_config1/hook/cmake_prefix_path.ps1'
[12.492s] INFO:colcon.colcon_core.shell:Creating environment descriptor '/home/golf1234_pc/manipurator_ws/install/mtc_config1/share/mtc_config1/hook/cmake_prefix_path.dsv'
[12.492s] INFO:colcon.colcon_core.shell:Creating environment hook '/home/golf1234_pc/manipurator_ws/install/mtc_config1/share/mtc_config1/hook/cmake_prefix_path.sh'
[12.492s] Level 1:colcon.colcon_core.environment:checking '/home/golf1234_pc/manipurator_ws/install/mtc_config1/lib'
[12.493s] Level 1:colcon.colcon_core.environment:checking '/home/golf1234_pc/manipurator_ws/install/mtc_config1/bin'
[12.493s] Level 1:colcon.colcon_core.environment:checking '/home/golf1234_pc/manipurator_ws/install/mtc_config1/lib/pkgconfig/mtc_config1.pc'
[12.493s] Level 1:colcon.colcon_core.environment:checking '/home/golf1234_pc/manipurator_ws/install/mtc_config1/lib/python3.12/site-packages'
[12.493s] Level 1:colcon.colcon_core.environment:checking '/home/golf1234_pc/manipurator_ws/install/mtc_config1/bin'
[12.493s] INFO:colcon.colcon_core.shell:Creating package script '/home/golf1234_pc/manipurator_ws/install/mtc_config1/share/mtc_config1/package.ps1'
[12.493s] INFO:colcon.colcon_core.shell:Creating package descriptor '/home/golf1234_pc/manipurator_ws/install/mtc_config1/share/mtc_config1/package.dsv'
[12.494s] INFO:colcon.colcon_core.shell:Creating package script '/home/golf1234_pc/manipurator_ws/install/mtc_config1/share/mtc_config1/package.sh'
[12.494s] INFO:colcon.colcon_core.shell:Creating package script '/home/golf1234_pc/manipurator_ws/install/mtc_config1/share/mtc_config1/package.bash'
[12.494s] INFO:colcon.colcon_core.shell:Creating package script '/home/golf1234_pc/manipurator_ws/install/mtc_config1/share/mtc_config1/package.zsh'
[12.494s] Level 1:colcon.colcon_core.environment:create_file_with_runtime_dependencies(/home/golf1234_pc/manipurator_ws/install/mtc_config1/share/colcon-core/packages/mtc_config1)
[12.495s] DEBUG:colcon.colcon_parallel_executor.executor.parallel:closing loop
[12.495s] DEBUG:colcon.colcon_parallel_executor.executor.parallel:loop closed
[12.495s] DEBUG:colcon.colcon_parallel_executor.executor.parallel:run_until_complete finished with '0'
[12.495s] DEBUG:colcon.colcon_core.event_reactor:joining thread
[12.535s] INFO:colcon.colcon_core.plugin_system:Skipping extension 'colcon_notification.desktop_notification.notify_send': Could not find 'notify-send'
[12.535s] INFO:colcon.colcon_core.plugin_system:Skipping extension 'colcon_notification.desktop_notification.terminal_notifier': Not used on non-Darwin systems
[12.535s] INFO:colcon.colcon_core.plugin_system:Skipping extension 'colcon_notification.desktop_notification.win32': Not used on non-Windows systems
[12.536s] INFO:colcon.colcon_notification.desktop_notification:Sending desktop notification using 'notify2'
[12.536s] DEBUG:colcon.colcon_notification.desktop_notification.notify2:Failed to initialize notify2: org.freedesktop.DBus.Error.ServiceUnknown: The name org.freedesktop.Notifications was not provided by any .service files
[12.537s] DEBUG:colcon.colcon_core.event_reactor:joined thread
[12.537s] INFO:colcon.colcon_core.shell:Creating prefix script '/home/golf1234_pc/manipurator_ws/install/local_setup.ps1'
[12.537s] INFO:colcon.colcon_core.shell:Creating prefix util module '/home/golf1234_pc/manipurator_ws/install/_local_setup_util_ps1.py'
[12.538s] INFO:colcon.colcon_core.shell:Creating prefix chain script '/home/golf1234_pc/manipurator_ws/install/setup.ps1'
[12.542s] INFO:colcon.colcon_core.shell:Creating prefix script '/home/golf1234_pc/manipurator_ws/install/local_setup.sh'
[12.543s] INFO:colcon.colcon_core.shell:Creating prefix util module '/home/golf1234_pc/manipurator_ws/install/_local_setup_util_sh.py'
[12.543s] INFO:colcon.colcon_core.shell:Creating prefix chain script '/home/golf1234_pc/manipurator_ws/install/setup.sh'
[12.548s] INFO:colcon.colcon_core.shell:Creating prefix script '/home/golf1234_pc/manipurator_ws/install/local_setup.bash'
[12.548s] INFO:colcon.colcon_core.shell:Creating prefix chain script '/home/golf1234_pc/manipurator_ws/install/setup.bash'
[12.552s] INFO:colcon.colcon_core.shell:Creating prefix script '/home/golf1234_pc/manipurator_ws/install/local_setup.zsh'
[12.553s] INFO:colcon.colcon_core.shell:Creating prefix chain script '/home/golf1234_pc/manipurator_ws/install/setup.zsh'
