[0.078s] Invoking command in '/home/golf1234_pc/manipurator_ws/build/urdf1': CMAKE_PREFIX_PATH=${CMAKE_PREFIX_PATH}:/home/golf1234_pc/manipurator_ws/install/camera2_ros:/home/golf1234_pc/manipurator_ws/install/server_controllers:/home/golf1234_pc/manipurator_ws/install/mobile_manipurator:/home/golf1234_pc/install/moveit_configs_utils:/home/golf1234_pc/ws_moveit/install/moveit_configs_utils:/home/golf1234_pc/project1_ws/install/server_controllers:/home/golf1234_pc/project1_ws/install/mobile_manipurator:/home/golf1234_pc/project1_ws/install/camera2_ros:/home/golf1234_pc/test1_ws/install/test1:/opt/ros/jazzy DEBUGINFOD_URLS=https://debuginfod.ubuntu.com /usr/bin/cmake /home/golf1234_pc/manipurator_ws/src/urdf1 -DCMAKE_INSTALL_PREFIX=/home/golf1234_pc/manipurator_ws/install/urdf1
[0.573s] -- Found ament_cmake: 2.5.3 (/opt/ros/jazzy/share/ament_cmake/cmake)
[0.573s] -- Override CMake install command with custom implementation using symlinks instead of copying resources
[0.574s] -- Found ament_lint_auto: 0.17.1 (/opt/ros/jazzy/share/ament_lint_auto/cmake)
[0.574s] -- Added test 'flake8' to check Python code syntax and style conventions
[0.574s] -- Configured 'flake8' exclude dirs and/or files: 
[0.574s] -- Added test 'lint_cmake' to check CMake code style
[0.575s] -- Added test 'pep257' to check Python code against some of the docstring style conventions in PEP 257
[0.575s] -- Added test 'xmllint' to check XML markup files
[0.576s] -- Configuring done (0.3s)
[0.576s] -- Generating done (0.0s)
[0.576s] -- Build files have been written to: /home/golf1234_pc/manipurator_ws/build/urdf1
[0.577s] Invoked command in '/home/golf1234_pc/manipurator_ws/build/urdf1' returned '0': CMAKE_PREFIX_PATH=${CMAKE_PREFIX_PATH}:/home/golf1234_pc/manipurator_ws/install/camera2_ros:/home/golf1234_pc/manipurator_ws/install/server_controllers:/home/golf1234_pc/manipurator_ws/install/mobile_manipurator:/home/golf1234_pc/install/moveit_configs_utils:/home/golf1234_pc/ws_moveit/install/moveit_configs_utils:/home/golf1234_pc/project1_ws/install/server_controllers:/home/golf1234_pc/project1_ws/install/mobile_manipurator:/home/golf1234_pc/project1_ws/install/camera2_ros:/home/golf1234_pc/test1_ws/install/test1:/opt/ros/jazzy DEBUGINFOD_URLS=https://debuginfod.ubuntu.com /usr/bin/cmake /home/golf1234_pc/manipurator_ws/src/urdf1 -DCMAKE_INSTALL_PREFIX=/home/golf1234_pc/manipurator_ws/install/urdf1
[0.578s] Invoking command in '/home/golf1234_pc/manipurator_ws/build/urdf1': CMAKE_PREFIX_PATH=${CMAKE_PREFIX_PATH}:/home/golf1234_pc/manipurator_ws/install/camera2_ros:/home/golf1234_pc/manipurator_ws/install/server_controllers:/home/golf1234_pc/manipurator_ws/install/mobile_manipurator:/home/golf1234_pc/install/moveit_configs_utils:/home/golf1234_pc/ws_moveit/install/moveit_configs_utils:/home/golf1234_pc/project1_ws/install/server_controllers:/home/golf1234_pc/project1_ws/install/mobile_manipurator:/home/golf1234_pc/project1_ws/install/camera2_ros:/home/golf1234_pc/test1_ws/install/test1:/opt/ros/jazzy DEBUGINFOD_URLS=https://debuginfod.ubuntu.com /usr/bin/cmake --build /home/golf1234_pc/manipurator_ws/build/urdf1 -- -j16 -l16
[0.837s] Invoked command in '/home/golf1234_pc/manipurator_ws/build/urdf1' returned '0': CMAKE_PREFIX_PATH=${CMAKE_PREFIX_PATH}:/home/golf1234_pc/manipurator_ws/install/camera2_ros:/home/golf1234_pc/manipurator_ws/install/server_controllers:/home/golf1234_pc/manipurator_ws/install/mobile_manipurator:/home/golf1234_pc/install/moveit_configs_utils:/home/golf1234_pc/ws_moveit/install/moveit_configs_utils:/home/golf1234_pc/project1_ws/install/server_controllers:/home/golf1234_pc/project1_ws/install/mobile_manipurator:/home/golf1234_pc/project1_ws/install/camera2_ros:/home/golf1234_pc/test1_ws/install/test1:/opt/ros/jazzy DEBUGINFOD_URLS=https://debuginfod.ubuntu.com /usr/bin/cmake --build /home/golf1234_pc/manipurator_ws/build/urdf1 -- -j16 -l16
[0.850s] Invoking command in '/home/golf1234_pc/manipurator_ws/build/urdf1': CMAKE_PREFIX_PATH=${CMAKE_PREFIX_PATH}:/home/golf1234_pc/manipurator_ws/install/camera2_ros:/home/golf1234_pc/manipurator_ws/install/server_controllers:/home/golf1234_pc/manipurator_ws/install/mobile_manipurator:/home/golf1234_pc/install/moveit_configs_utils:/home/golf1234_pc/ws_moveit/install/moveit_configs_utils:/home/golf1234_pc/project1_ws/install/server_controllers:/home/golf1234_pc/project1_ws/install/mobile_manipurator:/home/golf1234_pc/project1_ws/install/camera2_ros:/home/golf1234_pc/test1_ws/install/test1:/opt/ros/jazzy DEBUGINFOD_URLS=https://debuginfod.ubuntu.com /usr/bin/cmake --install /home/golf1234_pc/manipurator_ws/build/urdf1
[0.861s] -- Install configuration: ""
[0.861s] -- Execute custom install script
[0.862s] -- Up-to-date symlink: /home/golf1234_pc/manipurator_ws/install/urdf1/share/urdf1/launch/display.launch.py
[0.862s] -- Up-to-date symlink: /home/golf1234_pc/manipurator_ws/install/urdf1/share/urdf1/urdf/urdf1.urdf
[0.862s] -- Up-to-date symlink: /home/golf1234_pc/manipurator_ws/install/urdf1/share/urdf1/meshes/arm1_link.STL
[0.862s] -- Up-to-date symlink: /home/golf1234_pc/manipurator_ws/install/urdf1/share/urdf1/meshes/arm2_link.STL
[0.862s] -- Up-to-date symlink: /home/golf1234_pc/manipurator_ws/install/urdf1/share/urdf1/meshes/base_link.STL
[0.862s] -- Up-to-date symlink: /home/golf1234_pc/manipurator_ws/install/urdf1/share/urdf1/meshes/headbase_link.STL
[0.863s] -- Up-to-date symlink: /home/golf1234_pc/manipurator_ws/install/urdf1/share/urdf1/meshes/left_Link.STL
[0.863s] -- Up-to-date symlink: /home/golf1234_pc/manipurator_ws/install/urdf1/share/urdf1/meshes/left_finger.STL
[0.863s] -- Up-to-date symlink: /home/golf1234_pc/manipurator_ws/install/urdf1/share/urdf1/meshes/left_gear.STL
[0.863s] -- Up-to-date symlink: /home/golf1234_pc/manipurator_ws/install/urdf1/share/urdf1/meshes/right_Link.STL
[0.863s] -- Up-to-date symlink: /home/golf1234_pc/manipurator_ws/install/urdf1/share/urdf1/meshes/right_finger.STL
[0.863s] -- Up-to-date symlink: /home/golf1234_pc/manipurator_ws/install/urdf1/share/urdf1/meshes/right_gear.STL
[0.864s] -- Up-to-date symlink: /home/golf1234_pc/manipurator_ws/install/urdf1/share/urdf1/meshes/rotating_base.STL
[0.864s] -- Up-to-date symlink: /home/golf1234_pc/manipurator_ws/install/urdf1/share/ament_index/resource_index/package_run_dependencies/urdf1
[0.864s] -- Up-to-date symlink: /home/golf1234_pc/manipurator_ws/install/urdf1/share/ament_index/resource_index/parent_prefix_path/urdf1
[0.864s] -- Up-to-date symlink: /home/golf1234_pc/manipurator_ws/install/urdf1/share/urdf1/environment/ament_prefix_path.sh
[0.864s] -- Up-to-date symlink: /home/golf1234_pc/manipurator_ws/install/urdf1/share/urdf1/environment/ament_prefix_path.dsv
[0.864s] -- Up-to-date symlink: /home/golf1234_pc/manipurator_ws/install/urdf1/share/urdf1/environment/path.sh
[0.864s] -- Up-to-date symlink: /home/golf1234_pc/manipurator_ws/install/urdf1/share/urdf1/environment/path.dsv
[0.865s] -- Up-to-date symlink: /home/golf1234_pc/manipurator_ws/install/urdf1/share/urdf1/local_setup.bash
[0.865s] -- Up-to-date symlink: /home/golf1234_pc/manipurator_ws/install/urdf1/share/urdf1/local_setup.sh
[0.865s] -- Up-to-date symlink: /home/golf1234_pc/manipurator_ws/install/urdf1/share/urdf1/local_setup.zsh
[0.865s] -- Up-to-date symlink: /home/golf1234_pc/manipurator_ws/install/urdf1/share/urdf1/local_setup.dsv
[0.865s] -- Symlinking: /home/golf1234_pc/manipurator_ws/install/urdf1/share/urdf1/package.dsv
[0.878s] -- Up-to-date symlink: /home/golf1234_pc/manipurator_ws/install/urdf1/share/ament_index/resource_index/packages/urdf1
[0.879s] -- Up-to-date symlink: /home/golf1234_pc/manipurator_ws/install/urdf1/share/urdf1/cmake/urdf1Config.cmake
[0.879s] -- Up-to-date symlink: /home/golf1234_pc/manipurator_ws/install/urdf1/share/urdf1/cmake/urdf1Config-version.cmake
[0.879s] -- Up-to-date symlink: /home/golf1234_pc/manipurator_ws/install/urdf1/share/urdf1/package.xml
[0.881s] Invoked command in '/home/golf1234_pc/manipurator_ws/build/urdf1' returned '0': CMAKE_PREFIX_PATH=${CMAKE_PREFIX_PATH}:/home/golf1234_pc/manipurator_ws/install/camera2_ros:/home/golf1234_pc/manipurator_ws/install/server_controllers:/home/golf1234_pc/manipurator_ws/install/mobile_manipurator:/home/golf1234_pc/install/moveit_configs_utils:/home/golf1234_pc/ws_moveit/install/moveit_configs_utils:/home/golf1234_pc/project1_ws/install/server_controllers:/home/golf1234_pc/project1_ws/install/mobile_manipurator:/home/golf1234_pc/project1_ws/install/camera2_ros:/home/golf1234_pc/test1_ws/install/test1:/opt/ros/jazzy DEBUGINFOD_URLS=https://debuginfod.ubuntu.com /usr/bin/cmake --install /home/golf1234_pc/manipurator_ws/build/urdf1
