[31mCMake Error at CMakeLists.txt:39 (add_executable):
  add_executable cannot create target "mtc_node" because another target with
  the same name already exists.  The existing target is an executable created
  in source directory "/home/golf1234_pc/manipurator_ws/src/mtc_config1".
  See documentation for policy CMP0002 for more details.

[0m
[31mCMake Error at CMakeLists.txt:40 (target_include_directories):
  Cannot specify include directories for target "mtc_pub" which is not built
  by this project.

[0m
[31mCMake Error at CMakeLists.txt:43 (target_compile_features):
  Cannot specify compile features for target "mtc_pub" which is not built by
  this project.

[0m
[31mCMake Error at /opt/ros/jazzy/share/ament_cmake_target_dependencies/cmake/ament_target_dependencies.cmake:42 (message):
  ament_target_dependencies() the first argument must be a valid target name
Call Stack (most recent call first):
  CMakeLists.txt:44 (ament_target_dependencies)

[0m
gmake: *** [Makefile:308: cmake_check_build_system] Error 1
