[1.577s] Invoking command in '/home/golf1234_pc/manipurator_ws/build/mobile_manipurator': DEBUGINFOD_URLS=https://debuginfod.ubuntu.com PYTHONPATH=/home/golf1234_pc/manipurator_ws/build/mobile_manipurator/prefix_override:/usr/lib/python3/dist-packages/colcon_core/task/python/colcon_distutils_commands:/home/golf1234_pc/manipurator_ws/install/mobile_manipurator/lib/python3.12/site-packages:${PYTHONPATH} /usr/bin/python3 -W ignore:setup.py install is deprecated -W ignore:easy_install command is deprecated setup.py develop --uninstall --editable --build-directory /home/golf1234_pc/manipurator_ws/build/mobile_manipurator/build
[1.924s] running develop
[2.192s] Removing /home/golf1234_pc/manipurator_ws/install/mobile_manipurator/lib/python3.12/site-packages/mobile-manipurator.egg-link (link to .)
[2.248s] Invoked command in '/home/golf1234_pc/manipurator_ws/build/mobile_manipurator' returned '0': DEBUGINFOD_URLS=https://debuginfod.ubuntu.com PYTHONPATH=/home/golf1234_pc/manipurator_ws/build/mobile_manipurator/prefix_override:/usr/lib/python3/dist-packages/colcon_core/task/python/colcon_distutils_commands:/home/golf1234_pc/manipurator_ws/install/mobile_manipurator/lib/python3.12/site-packages:${PYTHONPATH} /usr/bin/python3 -W ignore:setup.py install is deprecated -W ignore:easy_install command is deprecated setup.py develop --uninstall --editable --build-directory /home/golf1234_pc/manipurator_ws/build/mobile_manipurator/build
[2.250s] Invoking command in '/home/golf1234_pc/manipurator_ws/src/mobile_manipurator': DEBUGINFOD_URLS=https://debuginfod.ubuntu.com PYTHONPATH=/home/golf1234_pc/manipurator_ws/build/mobile_manipurator/prefix_override:/usr/lib/python3/dist-packages/colcon_core/task/python/colcon_distutils_commands:/home/golf1234_pc/manipurator_ws/install/mobile_manipurator/lib/python3.12/site-packages:${PYTHONPATH} /usr/bin/python3 -W ignore:setup.py install is deprecated -W ignore:easy_install command is deprecated setup.py egg_info --egg-base ../../build/mobile_manipurator build --build-base /home/golf1234_pc/manipurator_ws/build/mobile_manipurator/build install --record /home/golf1234_pc/manipurator_ws/build/mobile_manipurator/install.log --single-version-externally-managed install_data --force
[2.609s] running egg_info
[2.635s] writing ../../build/mobile_manipurator/mobile_manipurator.egg-info/PKG-INFO
[2.636s] writing dependency_links to ../../build/mobile_manipurator/mobile_manipurator.egg-info/dependency_links.txt
[2.636s] writing entry points to ../../build/mobile_manipurator/mobile_manipurator.egg-info/entry_points.txt
[2.636s] writing requirements to ../../build/mobile_manipurator/mobile_manipurator.egg-info/requires.txt
[2.636s] writing top-level names to ../../build/mobile_manipurator/mobile_manipurator.egg-info/top_level.txt
[2.689s] reading manifest file '../../build/mobile_manipurator/mobile_manipurator.egg-info/SOURCES.txt'
[2.690s] writing manifest file '../../build/mobile_manipurator/mobile_manipurator.egg-info/SOURCES.txt'
[2.690s] running build
[2.690s] running build_py
[2.691s] creating /home/golf1234_pc/manipurator_ws/build/mobile_manipurator/build
[2.691s] creating /home/golf1234_pc/manipurator_ws/build/mobile_manipurator/build/lib
[2.691s] creating /home/golf1234_pc/manipurator_ws/build/mobile_manipurator/build/lib/mobile_manipurator
[2.691s] copying mobile_manipurator/listener1.py -> /home/golf1234_pc/manipurator_ws/build/mobile_manipurator/build/lib/mobile_manipurator
[2.691s] copying mobile_manipurator/subscriber.py -> /home/golf1234_pc/manipurator_ws/build/mobile_manipurator/build/lib/mobile_manipurator
[2.691s] copying mobile_manipurator/talker.launch.py -> /home/golf1234_pc/manipurator_ws/build/mobile_manipurator/build/lib/mobile_manipurator
[2.692s] copying mobile_manipurator/subscriber1.py -> /home/golf1234_pc/manipurator_ws/build/mobile_manipurator/build/lib/mobile_manipurator
[2.692s] copying mobile_manipurator/project1.py -> /home/golf1234_pc/manipurator_ws/build/mobile_manipurator/build/lib/mobile_manipurator
[2.692s] copying mobile_manipurator/listener.launch.py -> /home/golf1234_pc/manipurator_ws/build/mobile_manipurator/build/lib/mobile_manipurator
[2.692s] copying mobile_manipurator/servo_test1.py -> /home/golf1234_pc/manipurator_ws/build/mobile_manipurator/build/lib/mobile_manipurator
[2.692s] copying mobile_manipurator/web_test1.py -> /home/golf1234_pc/manipurator_ws/build/mobile_manipurator/build/lib/mobile_manipurator
[2.692s] copying mobile_manipurator/talker1.py -> /home/golf1234_pc/manipurator_ws/build/mobile_manipurator/build/lib/mobile_manipurator
[2.692s] copying mobile_manipurator/__init__.py -> /home/golf1234_pc/manipurator_ws/build/mobile_manipurator/build/lib/mobile_manipurator
[2.692s] running install
[2.697s] running install_lib
[2.725s] creating /home/golf1234_pc/manipurator_ws/install/mobile_manipurator/lib/python3.12/site-packages/mobile_manipurator
[2.725s] copying /home/golf1234_pc/manipurator_ws/build/mobile_manipurator/build/lib/mobile_manipurator/listener1.py -> /home/golf1234_pc/manipurator_ws/install/mobile_manipurator/lib/python3.12/site-packages/mobile_manipurator
[2.726s] copying /home/golf1234_pc/manipurator_ws/build/mobile_manipurator/build/lib/mobile_manipurator/subscriber.py -> /home/golf1234_pc/manipurator_ws/install/mobile_manipurator/lib/python3.12/site-packages/mobile_manipurator
[2.726s] copying /home/golf1234_pc/manipurator_ws/build/mobile_manipurator/build/lib/mobile_manipurator/talker.launch.py -> /home/golf1234_pc/manipurator_ws/install/mobile_manipurator/lib/python3.12/site-packages/mobile_manipurator
[2.726s] copying /home/golf1234_pc/manipurator_ws/build/mobile_manipurator/build/lib/mobile_manipurator/subscriber1.py -> /home/golf1234_pc/manipurator_ws/install/mobile_manipurator/lib/python3.12/site-packages/mobile_manipurator
[2.727s] copying /home/golf1234_pc/manipurator_ws/build/mobile_manipurator/build/lib/mobile_manipurator/project1.py -> /home/golf1234_pc/manipurator_ws/install/mobile_manipurator/lib/python3.12/site-packages/mobile_manipurator
[2.727s] copying /home/golf1234_pc/manipurator_ws/build/mobile_manipurator/build/lib/mobile_manipurator/listener.launch.py -> /home/golf1234_pc/manipurator_ws/install/mobile_manipurator/lib/python3.12/site-packages/mobile_manipurator
[2.727s] copying /home/golf1234_pc/manipurator_ws/build/mobile_manipurator/build/lib/mobile_manipurator/servo_test1.py -> /home/golf1234_pc/manipurator_ws/install/mobile_manipurator/lib/python3.12/site-packages/mobile_manipurator
[2.727s] copying /home/golf1234_pc/manipurator_ws/build/mobile_manipurator/build/lib/mobile_manipurator/web_test1.py -> /home/golf1234_pc/manipurator_ws/install/mobile_manipurator/lib/python3.12/site-packages/mobile_manipurator
[2.727s] copying /home/golf1234_pc/manipurator_ws/build/mobile_manipurator/build/lib/mobile_manipurator/talker1.py -> /home/golf1234_pc/manipurator_ws/install/mobile_manipurator/lib/python3.12/site-packages/mobile_manipurator
[2.727s] copying /home/golf1234_pc/manipurator_ws/build/mobile_manipurator/build/lib/mobile_manipurator/__init__.py -> /home/golf1234_pc/manipurator_ws/install/mobile_manipurator/lib/python3.12/site-packages/mobile_manipurator
[2.727s] byte-compiling /home/golf1234_pc/manipurator_ws/install/mobile_manipurator/lib/python3.12/site-packages/mobile_manipurator/listener1.py to listener1.cpython-312.pyc
[2.728s] byte-compiling /home/golf1234_pc/manipurator_ws/install/mobile_manipurator/lib/python3.12/site-packages/mobile_manipurator/subscriber.py to subscriber.cpython-312.pyc
[2.728s] byte-compiling /home/golf1234_pc/manipurator_ws/install/mobile_manipurator/lib/python3.12/site-packages/mobile_manipurator/talker.launch.py to talker.launch.cpython-312.pyc
[2.728s] byte-compiling /home/golf1234_pc/manipurator_ws/install/mobile_manipurator/lib/python3.12/site-packages/mobile_manipurator/subscriber1.py to subscriber1.cpython-312.pyc
[2.729s] byte-compiling /home/golf1234_pc/manipurator_ws/install/mobile_manipurator/lib/python3.12/site-packages/mobile_manipurator/project1.py to project1.cpython-312.pyc
[2.729s] byte-compiling /home/golf1234_pc/manipurator_ws/install/mobile_manipurator/lib/python3.12/site-packages/mobile_manipurator/listener.launch.py to listener.launch.cpython-312.pyc
[2.729s] byte-compiling /home/golf1234_pc/manipurator_ws/install/mobile_manipurator/lib/python3.12/site-packages/mobile_manipurator/servo_test1.py to servo_test1.cpython-312.pyc
[2.730s] byte-compiling /home/golf1234_pc/manipurator_ws/install/mobile_manipurator/lib/python3.12/site-packages/mobile_manipurator/web_test1.py to web_test1.cpython-312.pyc
[2.730s] byte-compiling /home/golf1234_pc/manipurator_ws/install/mobile_manipurator/lib/python3.12/site-packages/mobile_manipurator/talker1.py to talker1.cpython-312.pyc
[2.731s] byte-compiling /home/golf1234_pc/manipurator_ws/install/mobile_manipurator/lib/python3.12/site-packages/mobile_manipurator/__init__.py to __init__.cpython-312.pyc
[2.731s] running install_data
[2.731s] copying resource/mobile_manipurator -> /home/golf1234_pc/manipurator_ws/install/mobile_manipurator/share/ament_index/resource_index/packages
[2.731s] copying package.xml -> /home/golf1234_pc/manipurator_ws/install/mobile_manipurator/share/mobile_manipurator
[2.731s] running install_egg_info
[2.759s] Copying ../../build/mobile_manipurator/mobile_manipurator.egg-info to /home/golf1234_pc/manipurator_ws/install/mobile_manipurator/lib/python3.12/site-packages/mobile_manipurator-0.0.0-py3.12.egg-info
[2.760s] running install_scripts
[2.935s] Installing listener script to /home/golf1234_pc/manipurator_ws/install/mobile_manipurator/lib/mobile_manipurator
[2.935s] Installing project1 script to /home/golf1234_pc/manipurator_ws/install/mobile_manipurator/lib/mobile_manipurator
[2.935s] Installing servo_test1 script to /home/golf1234_pc/manipurator_ws/install/mobile_manipurator/lib/mobile_manipurator
[2.935s] Installing subscriber1_node script to /home/golf1234_pc/manipurator_ws/install/mobile_manipurator/lib/mobile_manipurator
[2.936s] Installing subscriber_node script to /home/golf1234_pc/manipurator_ws/install/mobile_manipurator/lib/mobile_manipurator
[2.936s] Installing talker script to /home/golf1234_pc/manipurator_ws/install/mobile_manipurator/lib/mobile_manipurator
[2.936s] Installing web_test1_node script to /home/golf1234_pc/manipurator_ws/install/mobile_manipurator/lib/mobile_manipurator
[2.936s] writing list of installed files to '/home/golf1234_pc/manipurator_ws/build/mobile_manipurator/install.log'
[2.988s] Invoked command in '/home/golf1234_pc/manipurator_ws/src/mobile_manipurator' returned '0': DEBUGINFOD_URLS=https://debuginfod.ubuntu.com PYTHONPATH=/home/golf1234_pc/manipurator_ws/build/mobile_manipurator/prefix_override:/usr/lib/python3/dist-packages/colcon_core/task/python/colcon_distutils_commands:/home/golf1234_pc/manipurator_ws/install/mobile_manipurator/lib/python3.12/site-packages:${PYTHONPATH} /usr/bin/python3 -W ignore:setup.py install is deprecated -W ignore:easy_install command is deprecated setup.py egg_info --egg-base ../../build/mobile_manipurator build --build-base /home/golf1234_pc/manipurator_ws/build/mobile_manipurator/build install --record /home/golf1234_pc/manipurator_ws/build/mobile_manipurator/install.log --single-version-externally-managed install_data --force
