[0.104s] Invoking command in '/home/golf1234_pc/manipurator_ws/build/urdf1': CMAKE_PREFIX_PATH=${CMAKE_PREFIX_PATH}:/home/golf1234_pc/manipurator_ws/install/server_controllers:/home/golf1234_pc/manipurator_ws/install/mobile_manipurator:/home/golf1234_pc/manipurator_ws/install/camera2_ros:/home/golf1234_pc/install/moveit_configs_utils:/home/golf1234_pc/ws_moveit/install/moveit_configs_utils:/home/golf1234_pc/project1_ws/install/server_controllers:/home/golf1234_pc/project1_ws/install/mobile_manipurator:/home/golf1234_pc/project1_ws/install/camera2_ros:/home/golf1234_pc/test1_ws/install/test1:/opt/ros/jazzy DEBUGINFOD_URLS=https://debuginfod.ubuntu.com /usr/bin/cmake /home/golf1234_pc/manipurator_ws/src/urdf1 -DAMENT_CMAKE_SYMLINK_INSTALL=1 -DCMAKE_INSTALL_PREFIX=/home/golf1234_pc/manipurator_ws/install/urdf1
[0.727s] -- Found ament_cmake: 2.5.3 (/opt/ros/jazzy/share/ament_cmake/cmake)
[0.728s] -- Override CMake install command with custom implementation using symlinks instead of copying resources
[0.729s] -- Found ament_lint_auto: 0.17.1 (/opt/ros/jazzy/share/ament_lint_auto/cmake)
[0.729s] -- Added test 'flake8' to check Python code syntax and style conventions
[0.729s] -- Configured 'flake8' exclude dirs and/or files: 
[0.729s] -- Added test 'lint_cmake' to check CMake code style
[0.730s] -- Added test 'pep257' to check Python code against some of the docstring style conventions in PEP 257
[0.730s] -- Added test 'xmllint' to check XML markup files
[0.731s] -- Configuring done (0.5s)
[0.731s] -- Generating done (0.0s)
[0.733s] -- Build files have been written to: /home/golf1234_pc/manipurator_ws/build/urdf1
[0.734s] Invoked command in '/home/golf1234_pc/manipurator_ws/build/urdf1' returned '0': CMAKE_PREFIX_PATH=${CMAKE_PREFIX_PATH}:/home/golf1234_pc/manipurator_ws/install/server_controllers:/home/golf1234_pc/manipurator_ws/install/mobile_manipurator:/home/golf1234_pc/manipurator_ws/install/camera2_ros:/home/golf1234_pc/install/moveit_configs_utils:/home/golf1234_pc/ws_moveit/install/moveit_configs_utils:/home/golf1234_pc/project1_ws/install/server_controllers:/home/golf1234_pc/project1_ws/install/mobile_manipurator:/home/golf1234_pc/project1_ws/install/camera2_ros:/home/golf1234_pc/test1_ws/install/test1:/opt/ros/jazzy DEBUGINFOD_URLS=https://debuginfod.ubuntu.com /usr/bin/cmake /home/golf1234_pc/manipurator_ws/src/urdf1 -DAMENT_CMAKE_SYMLINK_INSTALL=1 -DCMAKE_INSTALL_PREFIX=/home/golf1234_pc/manipurator_ws/install/urdf1
[0.735s] Invoking command in '/home/golf1234_pc/manipurator_ws/build/urdf1': CMAKE_PREFIX_PATH=${CMAKE_PREFIX_PATH}:/home/golf1234_pc/manipurator_ws/install/server_controllers:/home/golf1234_pc/manipurator_ws/install/mobile_manipurator:/home/golf1234_pc/manipurator_ws/install/camera2_ros:/home/golf1234_pc/install/moveit_configs_utils:/home/golf1234_pc/ws_moveit/install/moveit_configs_utils:/home/golf1234_pc/project1_ws/install/server_controllers:/home/golf1234_pc/project1_ws/install/mobile_manipurator:/home/golf1234_pc/project1_ws/install/camera2_ros:/home/golf1234_pc/test1_ws/install/test1:/opt/ros/jazzy DEBUGINFOD_URLS=https://debuginfod.ubuntu.com /usr/bin/cmake --build /home/golf1234_pc/manipurator_ws/build/urdf1 -- -j16 -l16
[1.057s] Invoked command in '/home/golf1234_pc/manipurator_ws/build/urdf1' returned '0': CMAKE_PREFIX_PATH=${CMAKE_PREFIX_PATH}:/home/golf1234_pc/manipurator_ws/install/server_controllers:/home/golf1234_pc/manipurator_ws/install/mobile_manipurator:/home/golf1234_pc/manipurator_ws/install/camera2_ros:/home/golf1234_pc/install/moveit_configs_utils:/home/golf1234_pc/ws_moveit/install/moveit_configs_utils:/home/golf1234_pc/project1_ws/install/server_controllers:/home/golf1234_pc/project1_ws/install/mobile_manipurator:/home/golf1234_pc/project1_ws/install/camera2_ros:/home/golf1234_pc/test1_ws/install/test1:/opt/ros/jazzy DEBUGINFOD_URLS=https://debuginfod.ubuntu.com /usr/bin/cmake --build /home/golf1234_pc/manipurator_ws/build/urdf1 -- -j16 -l16
[1.075s] Invoking command in '/home/golf1234_pc/manipurator_ws/build/urdf1': CMAKE_PREFIX_PATH=${CMAKE_PREFIX_PATH}:/home/golf1234_pc/manipurator_ws/install/server_controllers:/home/golf1234_pc/manipurator_ws/install/mobile_manipurator:/home/golf1234_pc/manipurator_ws/install/camera2_ros:/home/golf1234_pc/install/moveit_configs_utils:/home/golf1234_pc/ws_moveit/install/moveit_configs_utils:/home/golf1234_pc/project1_ws/install/server_controllers:/home/golf1234_pc/project1_ws/install/mobile_manipurator:/home/golf1234_pc/project1_ws/install/camera2_ros:/home/golf1234_pc/test1_ws/install/test1:/opt/ros/jazzy DEBUGINFOD_URLS=https://debuginfod.ubuntu.com /usr/bin/cmake --install /home/golf1234_pc/manipurator_ws/build/urdf1
[1.114s] -- Install configuration: ""
[1.116s] -- Execute custom install script
[1.116s] -- Up-to-date symlink: /home/golf1234_pc/manipurator_ws/install/urdf1/share/urdf1/launch/display.launch.py
[1.117s] -- Up-to-date symlink: /home/golf1234_pc/manipurator_ws/install/urdf1/share/urdf1/urdf/urdf1.urdf
[1.118s] -- Up-to-date symlink: /home/golf1234_pc/manipurator_ws/install/urdf1/share/urdf1/meshes/arm1_link.STL
[1.118s] -- Up-to-date symlink: /home/golf1234_pc/manipurator_ws/install/urdf1/share/urdf1/meshes/arm2_link.STL
[1.118s] -- Up-to-date symlink: /home/golf1234_pc/manipurator_ws/install/urdf1/share/urdf1/meshes/base_link.STL
[1.118s] -- Up-to-date symlink: /home/golf1234_pc/manipurator_ws/install/urdf1/share/urdf1/meshes/headbase_link.STL
[1.119s] -- Up-to-date symlink: /home/golf1234_pc/manipurator_ws/install/urdf1/share/urdf1/meshes/left_Link.STL
[1.119s] -- Up-to-date symlink: /home/golf1234_pc/manipurator_ws/install/urdf1/share/urdf1/meshes/left_finger.STL
[1.119s] -- Up-to-date symlink: /home/golf1234_pc/manipurator_ws/install/urdf1/share/urdf1/meshes/left_gear.STL
[1.119s] -- Up-to-date symlink: /home/golf1234_pc/manipurator_ws/install/urdf1/share/urdf1/meshes/right_Link.STL
[1.119s] -- Up-to-date symlink: /home/golf1234_pc/manipurator_ws/install/urdf1/share/urdf1/meshes/right_finger.STL
[1.120s] -- Up-to-date symlink: /home/golf1234_pc/manipurator_ws/install/urdf1/share/urdf1/meshes/right_gear.STL
[1.120s] -- Up-to-date symlink: /home/golf1234_pc/manipurator_ws/install/urdf1/share/urdf1/meshes/rotating_base.STL
[1.121s] -- Up-to-date symlink: /home/golf1234_pc/manipurator_ws/install/urdf1/share/ament_index/resource_index/package_run_dependencies/urdf1
[1.121s] -- Up-to-date symlink: /home/golf1234_pc/manipurator_ws/install/urdf1/share/ament_index/resource_index/parent_prefix_path/urdf1
[1.121s] -- Up-to-date symlink: /home/golf1234_pc/manipurator_ws/install/urdf1/share/urdf1/environment/ament_prefix_path.sh
[1.121s] -- Up-to-date symlink: /home/golf1234_pc/manipurator_ws/install/urdf1/share/urdf1/environment/ament_prefix_path.dsv
[1.121s] -- Up-to-date symlink: /home/golf1234_pc/manipurator_ws/install/urdf1/share/urdf1/environment/path.sh
[1.122s] -- Up-to-date symlink: /home/golf1234_pc/manipurator_ws/install/urdf1/share/urdf1/environment/path.dsv
[1.122s] -- Up-to-date symlink: /home/golf1234_pc/manipurator_ws/install/urdf1/share/urdf1/local_setup.bash
[1.122s] -- Up-to-date symlink: /home/golf1234_pc/manipurator_ws/install/urdf1/share/urdf1/local_setup.sh
[1.122s] -- Up-to-date symlink: /home/golf1234_pc/manipurator_ws/install/urdf1/share/urdf1/local_setup.zsh
[1.122s] -- Up-to-date symlink: /home/golf1234_pc/manipurator_ws/install/urdf1/share/urdf1/local_setup.dsv
[1.122s] -- Symlinking: /home/golf1234_pc/manipurator_ws/install/urdf1/share/urdf1/package.dsv
[1.142s] -- Up-to-date symlink: /home/golf1234_pc/manipurator_ws/install/urdf1/share/ament_index/resource_index/packages/urdf1
[1.143s] -- Up-to-date symlink: /home/golf1234_pc/manipurator_ws/install/urdf1/share/urdf1/cmake/urdf1Config.cmake
[1.143s] -- Up-to-date symlink: /home/golf1234_pc/manipurator_ws/install/urdf1/share/urdf1/cmake/urdf1Config-version.cmake
[1.143s] -- Up-to-date symlink: /home/golf1234_pc/manipurator_ws/install/urdf1/share/urdf1/package.xml
[1.148s] Invoked command in '/home/golf1234_pc/manipurator_ws/build/urdf1' returned '0': CMAKE_PREFIX_PATH=${CMAKE_PREFIX_PATH}:/home/golf1234_pc/manipurator_ws/install/server_controllers:/home/golf1234_pc/manipurator_ws/install/mobile_manipurator:/home/golf1234_pc/manipurator_ws/install/camera2_ros:/home/golf1234_pc/install/moveit_configs_utils:/home/golf1234_pc/ws_moveit/install/moveit_configs_utils:/home/golf1234_pc/project1_ws/install/server_controllers:/home/golf1234_pc/project1_ws/install/mobile_manipurator:/home/golf1234_pc/project1_ws/install/camera2_ros:/home/golf1234_pc/test1_ws/install/test1:/opt/ros/jazzy DEBUGINFOD_URLS=https://debuginfod.ubuntu.com /usr/bin/cmake --install /home/golf1234_pc/manipurator_ws/build/urdf1
