[0.607s] Invoking command in '/home/golf1234_pc/manipurator_ws/build/mtc_config1': CMAKE_PREFIX_PATH=${CMAKE_PREFIX_PATH}:/home/golf1234_pc/manipurator_ws/install/server_controllers:/home/golf1234_pc/manipurator_ws/install/mobile_manipurator:/home/golf1234_pc/manipurator_ws/install/camera2_ros:/home/golf1234_pc/install/moveit_configs_utils:/home/golf1234_pc/ws_moveit/install/moveit_configs_utils:/home/golf1234_pc/project1_ws/install/server_controllers:/home/golf1234_pc/project1_ws/install/mobile_manipurator:/home/golf1234_pc/project1_ws/install/camera2_ros:/home/golf1234_pc/test1_ws/install/test1:/opt/ros/jazzy DEBUGINFOD_URLS=https://debuginfod.ubuntu.com /usr/bin/cmake --build /home/golf1234_pc/manipurator_ws/build/mtc_config1 -- -j16 -l16
[0.654s] -- Found ament_cmake: 2.5.3 (/opt/ros/jazzy/share/ament_cmake/cmake)
[0.892s] -- Override CMake install command with custom implementation using symlinks instead of copying resources
[0.908s] -- Found moveit_task_constructor_core: 0.1.3 (/home/golf1234_pc/ws_moveit/install/moveit_task_constructor_core/share/moveit_task_constructor_core/cmake)
[1.079s] -- Found rosidl_generator_c: 4.6.5 (/opt/ros/jazzy/share/rosidl_generator_c/cmake)
[1.089s] -- Found rosidl_generator_cpp: 4.6.5 (/opt/ros/jazzy/share/rosidl_generator_cpp/cmake)
[1.106s] -- Using all available rosidl_typesupport_c: rosidl_typesupport_fastrtps_c;rosidl_typesupport_introspection_c
[1.129s] -- Using all available rosidl_typesupport_cpp: rosidl_typesupport_fastrtps_cpp;rosidl_typesupport_introspection_cpp
[1.202s] -- Found Boost: /usr/lib/x86_64-linux-gnu/cmake/Boost-1.83.0/BoostConfig.cmake (found version "1.83.0") found components: chrono date_time filesystem iostreams program_options regex serialization system thread 
[2.112s] -- Found parameter_traits: 0.4.0 (/opt/ros/jazzy/share/parameter_traits/cmake)
[2.172s] -- Found rmw_implementation_cmake: 7.3.1 (/opt/ros/jazzy/share/rmw_implementation_cmake/cmake)
[2.179s] -- Found rmw_fastrtps_cpp: 8.4.1 (/opt/ros/jazzy/share/rmw_fastrtps_cpp/cmake)
[2.424s] -- Using RMW implementation 'rmw_fastrtps_cpp' as default
[2.624s] -- Found rclcpp_lifecycle: 28.1.6 (/opt/ros/jazzy/share/rclcpp_lifecycle/cmake)
[2.656s] -- Found Boost: /usr/lib/x86_64-linux-gnu/cmake/Boost-1.83.0/BoostConfig.cmake (found version "1.83.0") found components: filesystem 
[2.745s] -- Ensuring Eigen3 include directory is part of orocos-kdl CMake target
[3.054s] -- Found Boost: /usr/lib/x86_64-linux-gnu/cmake/Boost-1.83.0/BoostConfig.cmake (found version "1.83.0") found components: system filesystem date_time program_options thread chrono 
[3.101s] -- Found Boost: /usr/lib/x86_64-linux-gnu/cmake/Boost-1.83.0/BoostConfig.cmake (found version "1.83.0") found components: date_time filesystem program_options system thread 
[3.115s] -- Found Boost: /usr/lib/x86_64-linux-gnu/cmake/Boost-1.83.0/BoostConfig.cmake (found version "1.83.0") found components: thread system filesystem regex date_time program_options 
[3.139s] -- Found Boost: /usr/lib/x86_64-linux-gnu/cmake/Boost-1.83.0/BoostConfig.cmake (found version "1.83.0") found components: system filesystem date_time program_options thread 
[3.307s] -- Found ament_lint_auto: 0.17.1 (/opt/ros/jazzy/share/ament_lint_auto/cmake)
[3.406s] -- Added test 'cppcheck' to perform static code analysis on C / C++ code
[3.407s] -- Configured cppcheck include dirs: $<BUILD_INTERFACE:/home/golf1234_pc/manipurator_ws/src/mtc_config1/include>
[3.407s] -- Configured cppcheck exclude dirs and/or files: 
[3.407s] -- Added test 'flake8' to check Python code syntax and style conventions
[3.407s] -- Configured 'flake8' exclude dirs and/or files: 
[3.408s] -- Added test 'lint_cmake' to check CMake code style
[3.408s] -- Added test 'pep257' to check Python code against some of the docstring style conventions in PEP 257
[3.409s] -- Added test 'uncrustify' to check C / C++ code style
[3.409s] -- Configured uncrustify additional arguments: 
[3.410s] -- Added test 'xmllint' to check XML markup files
[3.411s] -- Configuring done (2.8s)
[3.586s] -- Generating done (0.2s)
[3.612s] -- Build files have been written to: /home/golf1234_pc/manipurator_ws/build/mtc_config1
[3.689s] [ 14%] Built target moveit_controller
[3.690s] [ 28%] Built target mtc_pub
[3.698s] [ 57%] Built target mtc_node
[3.698s] [ 57%] Built target place_node
[3.699s] [ 71%] Built target start_mtc
[3.700s] [ 85%] [32mBuilding CXX object CMakeFiles/mtc_place.dir/src/mtc_place.cpp.o[0m
[3.700s] [ 85%] [32mBuilding CXX object CMakeFiles/mtc_node_test.dir/src/mtc_node_test.cpp.o[0m
[19.315s] [100%] [32m[1mLinking CXX executable mtc_place[0m
[19.315s] [100%] [32m[1mLinking CXX executable mtc_node_test[0m
[20.189s] [100%] Built target mtc_node_test
[20.196s] [100%] Built target mtc_place
[20.213s] Invoked command in '/home/golf1234_pc/manipurator_ws/build/mtc_config1' returned '0': CMAKE_PREFIX_PATH=${CMAKE_PREFIX_PATH}:/home/golf1234_pc/manipurator_ws/install/server_controllers:/home/golf1234_pc/manipurator_ws/install/mobile_manipurator:/home/golf1234_pc/manipurator_ws/install/camera2_ros:/home/golf1234_pc/install/moveit_configs_utils:/home/golf1234_pc/ws_moveit/install/moveit_configs_utils:/home/golf1234_pc/project1_ws/install/server_controllers:/home/golf1234_pc/project1_ws/install/mobile_manipurator:/home/golf1234_pc/project1_ws/install/camera2_ros:/home/golf1234_pc/test1_ws/install/test1:/opt/ros/jazzy DEBUGINFOD_URLS=https://debuginfod.ubuntu.com /usr/bin/cmake --build /home/golf1234_pc/manipurator_ws/build/mtc_config1 -- -j16 -l16
[20.215s] Invoking command in '/home/golf1234_pc/manipurator_ws/build/mtc_config1': CMAKE_PREFIX_PATH=${CMAKE_PREFIX_PATH}:/home/golf1234_pc/manipurator_ws/install/server_controllers:/home/golf1234_pc/manipurator_ws/install/mobile_manipurator:/home/golf1234_pc/manipurator_ws/install/camera2_ros:/home/golf1234_pc/install/moveit_configs_utils:/home/golf1234_pc/ws_moveit/install/moveit_configs_utils:/home/golf1234_pc/project1_ws/install/server_controllers:/home/golf1234_pc/project1_ws/install/mobile_manipurator:/home/golf1234_pc/project1_ws/install/camera2_ros:/home/golf1234_pc/test1_ws/install/test1:/opt/ros/jazzy DEBUGINFOD_URLS=https://debuginfod.ubuntu.com /usr/bin/cmake --install /home/golf1234_pc/manipurator_ws/build/mtc_config1
[20.229s] -- Install configuration: ""
[20.229s] -- Execute custom install script
[20.230s] -- Up-to-date symlink: /home/golf1234_pc/manipurator_ws/install/mtc_config1/lib/mtc_config1/mtc_node
[20.230s] -- Up-to-date symlink: /home/golf1234_pc/manipurator_ws/install/mtc_config1/lib/mtc_config1/mtc_node_test
[20.230s] -- Up-to-date symlink: /home/golf1234_pc/manipurator_ws/install/mtc_config1/lib/mtc_config1/mtc_pub
[20.231s] -- Up-to-date symlink: /home/golf1234_pc/manipurator_ws/install/mtc_config1/lib/mtc_config1/start_mtc
[20.231s] -- Up-to-date symlink: /home/golf1234_pc/manipurator_ws/install/mtc_config1/lib/mtc_config1/place_node
[20.231s] -- Up-to-date symlink: /home/golf1234_pc/manipurator_ws/install/mtc_config1/lib/mtc_config1/moveit_controller
[20.231s] -- Up-to-date symlink: /home/golf1234_pc/manipurator_ws/install/mtc_config1/lib/mtc_config1/mtc_place
[20.231s] -- Up-to-date symlink: /home/golf1234_pc/manipurator_ws/install/mtc_config1/share/mtc_config1/launch/mtc.rviz
[20.232s] -- Up-to-date symlink: /home/golf1234_pc/manipurator_ws/install/mtc_config1/share/mtc_config1/launch/mtc_config1.launch.py
[20.232s] -- Up-to-date symlink: /home/golf1234_pc/manipurator_ws/install/mtc_config1/share/mtc_config1/launch/mtc_config1.rviz
[20.232s] -- Up-to-date symlink: /home/golf1234_pc/manipurator_ws/install/mtc_config1/share/mtc_config1/launch/mtc_demo.launch.py
[20.232s] -- Up-to-date symlink: /home/golf1234_pc/manipurator_ws/install/mtc_config1/share/mtc_config1/launch/mtc_pick.launch.py
[20.232s] -- Up-to-date symlink: /home/golf1234_pc/manipurator_ws/install/mtc_config1/share/mtc_config1/launch/mtc_place.launch.py
[20.232s] -- Up-to-date symlink: /home/golf1234_pc/manipurator_ws/install/mtc_config1/share/mtc_config1/launch/start_mtc.launch.py
[20.233s] -- Up-to-date symlink: /home/golf1234_pc/manipurator_ws/install/mtc_config1/share/ament_index/resource_index/package_run_dependencies/mtc_config1
[20.233s] -- Up-to-date symlink: /home/golf1234_pc/manipurator_ws/install/mtc_config1/share/ament_index/resource_index/parent_prefix_path/mtc_config1
[20.233s] -- Up-to-date symlink: /home/golf1234_pc/manipurator_ws/install/mtc_config1/share/mtc_config1/environment/ament_prefix_path.sh
[20.233s] -- Up-to-date symlink: /home/golf1234_pc/manipurator_ws/install/mtc_config1/share/mtc_config1/environment/ament_prefix_path.dsv
[20.233s] -- Up-to-date symlink: /home/golf1234_pc/manipurator_ws/install/mtc_config1/share/mtc_config1/environment/path.sh
[20.233s] -- Up-to-date symlink: /home/golf1234_pc/manipurator_ws/install/mtc_config1/share/mtc_config1/environment/path.dsv
[20.233s] -- Up-to-date symlink: /home/golf1234_pc/manipurator_ws/install/mtc_config1/share/mtc_config1/local_setup.bash
[20.234s] -- Up-to-date symlink: /home/golf1234_pc/manipurator_ws/install/mtc_config1/share/mtc_config1/local_setup.sh
[20.234s] -- Up-to-date symlink: /home/golf1234_pc/manipurator_ws/install/mtc_config1/share/mtc_config1/local_setup.zsh
[20.234s] -- Up-to-date symlink: /home/golf1234_pc/manipurator_ws/install/mtc_config1/share/mtc_config1/local_setup.dsv
[20.234s] -- Symlinking: /home/golf1234_pc/manipurator_ws/install/mtc_config1/share/mtc_config1/package.dsv
[20.248s] -- Up-to-date symlink: /home/golf1234_pc/manipurator_ws/install/mtc_config1/share/ament_index/resource_index/packages/mtc_config1
[20.248s] -- Up-to-date symlink: /home/golf1234_pc/manipurator_ws/install/mtc_config1/share/mtc_config1/cmake/mtc_config1Config.cmake
[20.248s] -- Up-to-date symlink: /home/golf1234_pc/manipurator_ws/install/mtc_config1/share/mtc_config1/cmake/mtc_config1Config-version.cmake
[20.248s] -- Up-to-date symlink: /home/golf1234_pc/manipurator_ws/install/mtc_config1/share/mtc_config1/package.xml
[20.251s] Invoked command in '/home/golf1234_pc/manipurator_ws/build/mtc_config1' returned '0': CMAKE_PREFIX_PATH=${CMAKE_PREFIX_PATH}:/home/golf1234_pc/manipurator_ws/install/server_controllers:/home/golf1234_pc/manipurator_ws/install/mobile_manipurator:/home/golf1234_pc/manipurator_ws/install/camera2_ros:/home/golf1234_pc/install/moveit_configs_utils:/home/golf1234_pc/ws_moveit/install/moveit_configs_utils:/home/golf1234_pc/project1_ws/install/server_controllers:/home/golf1234_pc/project1_ws/install/mobile_manipurator:/home/golf1234_pc/project1_ws/install/camera2_ros:/home/golf1234_pc/test1_ws/install/test1:/opt/ros/jazzy DEBUGINFOD_URLS=https://debuginfod.ubuntu.com /usr/bin/cmake --install /home/golf1234_pc/manipurator_ws/build/mtc_config1
