[2.637s] Invoking command in '/home/golf1234_pc/manipurator_ws/build/camera2_ros': DEBUGINFOD_URLS=https://debuginfod.ubuntu.com PYTHONPATH=/home/golf1234_pc/manipurator_ws/build/camera2_ros/prefix_override:/usr/lib/python3/dist-packages/colcon_core/task/python/colcon_distutils_commands:/home/golf1234_pc/manipurator_ws/install/camera2_ros/lib/python3.12/site-packages:${PYTHONPATH} /usr/bin/python3 -W ignore:setup.py install is deprecated -W ignore:easy_install command is deprecated setup.py develop --editable --build-directory /home/golf1234_pc/manipurator_ws/build/camera2_ros/build --no-deps symlink_data
[3.187s] running develop
[3.530s] running egg_info
[3.562s] writing camera2_ros.egg-info/PKG-INFO
[3.562s] writing dependency_links to camera2_ros.egg-info/dependency_links.txt
[3.562s] writing entry points to camera2_ros.egg-info/entry_points.txt
[3.562s] writing requirements to camera2_ros.egg-info/requires.txt
[3.563s] writing top-level names to camera2_ros.egg-info/top_level.txt
[3.643s] reading manifest file 'camera2_ros.egg-info/SOURCES.txt'
[3.644s] writing manifest file 'camera2_ros.egg-info/SOURCES.txt'
[3.681s] running build_ext
[3.681s] Creating /home/golf1234_pc/manipurator_ws/install/camera2_ros/lib/python3.12/site-packages/camera2-ros.egg-link (link to .)
[3.682s] Installing arduino_comunication script to /home/golf1234_pc/manipurator_ws/install/camera2_ros/lib/camera2_ros
[3.683s] Installing box_dectection_pick script to /home/golf1234_pc/manipurator_ws/install/camera2_ros/lib/camera2_ros
[3.683s] Installing box_dectection_place script to /home/golf1234_pc/manipurator_ws/install/camera2_ros/lib/camera2_ros
[3.683s] Installing camera2_node script to /home/golf1234_pc/manipurator_ws/install/camera2_ros/lib/camera2_ros
[3.683s] Installing lane_detection script to /home/golf1234_pc/manipurator_ws/install/camera2_ros/lib/camera2_ros
[3.684s] Installing pub_yolo script to /home/golf1234_pc/manipurator_ws/install/camera2_ros/lib/camera2_ros
[3.684s] Installing sub_yolo script to /home/golf1234_pc/manipurator_ws/install/camera2_ros/lib/camera2_ros
[3.684s] 
[3.685s] Installed /home/golf1234_pc/manipurator_ws/build/camera2_ros
[3.685s] running symlink_data
[3.814s] Invoked command in '/home/golf1234_pc/manipurator_ws/build/camera2_ros' returned '0': DEBUGINFOD_URLS=https://debuginfod.ubuntu.com PYTHONPATH=/home/golf1234_pc/manipurator_ws/build/camera2_ros/prefix_override:/usr/lib/python3/dist-packages/colcon_core/task/python/colcon_distutils_commands:/home/golf1234_pc/manipurator_ws/install/camera2_ros/lib/python3.12/site-packages:${PYTHONPATH} /usr/bin/python3 -W ignore:setup.py install is deprecated -W ignore:easy_install command is deprecated setup.py develop --editable --build-directory /home/golf1234_pc/manipurator_ws/build/camera2_ros/build --no-deps symlink_data
