running egg_info
writing ../../build/mobile_manipurator/mobile_manipurator.egg-info/PKG-INFO
writing dependency_links to ../../build/mobile_manipurator/mobile_manipurator.egg-info/dependency_links.txt
writing entry points to ../../build/mobile_manipurator/mobile_manipurator.egg-info/entry_points.txt
writing requirements to ../../build/mobile_manipurator/mobile_manipurator.egg-info/requires.txt
writing top-level names to ../../build/mobile_manipurator/mobile_manipurator.egg-info/top_level.txt
reading manifest file '../../build/mobile_manipurator/mobile_manipurator.egg-info/SOURCES.txt'
writing manifest file '../../build/mobile_manipurator/mobile_manipurator.egg-info/SOURCES.txt'
running build
running build_py
running install
running install_lib
running install_data
running install_egg_info
removing '/home/golf1234_pc/manipurator_ws/install/mobile_manipurator/lib/python3.12/site-packages/mobile_manipurator-0.0.0-py3.12.egg-info' (and everything under it)
Copying ../../build/mobile_manipurator/mobile_manipurator.egg-info to /home/golf1234_pc/manipurator_ws/install/mobile_manipurator/lib/python3.12/site-packages/mobile_manipurator-0.0.0-py3.12.egg-info
running install_scripts
Installing listener script to /home/golf1234_pc/manipurator_ws/install/mobile_manipurator/lib/mobile_manipurator
Installing project1 script to /home/golf1234_pc/manipurator_ws/install/mobile_manipurator/lib/mobile_manipurator
Installing servo_test1 script to /home/golf1234_pc/manipurator_ws/install/mobile_manipurator/lib/mobile_manipurator
Installing subscriber1_node script to /home/golf1234_pc/manipurator_ws/install/mobile_manipurator/lib/mobile_manipurator
Installing subscriber_node script to /home/golf1234_pc/manipurator_ws/install/mobile_manipurator/lib/mobile_manipurator
Installing talker script to /home/golf1234_pc/manipurator_ws/install/mobile_manipurator/lib/mobile_manipurator
Installing web_test1_node script to /home/golf1234_pc/manipurator_ws/install/mobile_manipurator/lib/mobile_manipurator
writing list of installed files to '/home/golf1234_pc/manipurator_ws/build/mobile_manipurator/install.log'
