[0.282s] DEBUG:colcon:Command line arguments: ['/usr/bin/colcon', 'build', '--symlink-install', '--packages-select', 'mtc_config1']
[0.282s] DEBUG:colcon:Parsed command line arguments: Namespace(log_base=None, log_level=None, verb_name='build', build_base='build', install_base='install', merge_install=False, symlink_install=True, test_result_base=None, continue_on_error=False, executor='parallel', parallel_workers=16, event_handlers=None, ignore_user_meta=False, metas=['./colcon.meta'], base_paths=['.'], packages_ignore=None, packages_ignore_regex=None, paths=None, packages_up_to=None, packages_up_to_regex=None, packages_above=None, packages_above_and_dependencies=None, packages_above_depth=None, packages_select_by_dep=None, packages_skip_by_dep=None, packages_skip_up_to=None, packages_select_build_failed=False, packages_skip_build_finished=False, packages_select_test_failures=False, packages_skip_test_passed=False, packages_select=['mtc_config1'], packages_skip=None, packages_select_regex=None, packages_skip_regex=None, packages_start=None, packages_end=None, allow_overriding=[], cmake_args=None, cmake_target=None, cmake_target_skip_unavailable=False, cmake_clean_cache=False, cmake_clean_first=False, cmake_force_configure=False, ament_cmake_args=None, catkin_cmake_args=None, catkin_skip_building_tests=False, mixin_files=None, mixin=None, verb_parser=<colcon_mixin.mixin.mixin_argument.MixinArgumentDecorator object at 0x7f4309ddc1d0>, verb_extension=<colcon_core.verb.build.BuildVerb object at 0x7f4309f7f290>, main=<bound method BuildVerb.main of <colcon_core.verb.build.BuildVerb object at 0x7f4309f7f290>>, mixin_verb=('build',))
[0.346s] Level 1:colcon.colcon_core.package_discovery:discover_packages(colcon_meta) check parameters
[0.346s] Level 1:colcon.colcon_core.package_discovery:discover_packages(recursive) check parameters
[0.347s] Level 1:colcon.colcon_core.package_discovery:discover_packages(ignore) check parameters
[0.347s] Level 1:colcon.colcon_core.package_discovery:discover_packages(path) check parameters
[0.347s] Level 1:colcon.colcon_core.package_discovery:discover_packages(colcon_meta) discover
[0.347s] Level 1:colcon.colcon_core.package_discovery:discover_packages(recursive) discover
[0.347s] INFO:colcon.colcon_core.package_discovery:Crawling recursively for packages in '/home/golf1234_pc/manipurator_ws'
[0.347s] Level 1:colcon.colcon_core.package_identification:_identify(.) by extensions ['ignore', 'ignore_ament_install']
[0.347s] Level 1:colcon.colcon_core.package_identification:_identify(.) by extension 'ignore'
[0.347s] Level 1:colcon.colcon_core.package_identification:_identify(.) by extension 'ignore_ament_install'
[0.347s] Level 1:colcon.colcon_core.package_identification:_identify(.) by extensions ['colcon_pkg']
[0.347s] Level 1:colcon.colcon_core.package_identification:_identify(.) by extension 'colcon_pkg'
[0.347s] Level 1:colcon.colcon_core.package_identification:_identify(.) by extensions ['colcon_meta']
[0.347s] Level 1:colcon.colcon_core.package_identification:_identify(.) by extension 'colcon_meta'
[0.347s] Level 1:colcon.colcon_core.package_identification:_identify(.) by extensions ['ros']
[0.347s] Level 1:colcon.colcon_core.package_identification:_identify(.) by extension 'ros'
[0.379s] Level 1:colcon.colcon_core.package_identification:_identify(.) by extensions ['cmake', 'python']
[0.379s] Level 1:colcon.colcon_core.package_identification:_identify(.) by extension 'cmake'
[0.379s] Level 1:colcon.colcon_core.package_identification:_identify(.) by extension 'python'
[0.379s] Level 1:colcon.colcon_core.package_identification:_identify(.) by extensions ['python_setup_py']
[0.379s] Level 1:colcon.colcon_core.package_identification:_identify(.) by extension 'python_setup_py'
[0.379s] Level 1:colcon.colcon_core.package_identification:_identify(UI) by extensions ['ignore', 'ignore_ament_install']
[0.379s] Level 1:colcon.colcon_core.package_identification:_identify(UI) by extension 'ignore'
[0.380s] Level 1:colcon.colcon_core.package_identification:_identify(UI) by extension 'ignore_ament_install'
[0.380s] Level 1:colcon.colcon_core.package_identification:_identify(UI) by extensions ['colcon_pkg']
[0.380s] Level 1:colcon.colcon_core.package_identification:_identify(UI) by extension 'colcon_pkg'
[0.380s] Level 1:colcon.colcon_core.package_identification:_identify(UI) by extensions ['colcon_meta']
[0.380s] Level 1:colcon.colcon_core.package_identification:_identify(UI) by extension 'colcon_meta'
[0.380s] Level 1:colcon.colcon_core.package_identification:_identify(UI) by extensions ['ros']
[0.380s] Level 1:colcon.colcon_core.package_identification:_identify(UI) by extension 'ros'
[0.380s] Level 1:colcon.colcon_core.package_identification:_identify(UI) by extensions ['cmake', 'python']
[0.380s] Level 1:colcon.colcon_core.package_identification:_identify(UI) by extension 'cmake'
[0.380s] Level 1:colcon.colcon_core.package_identification:_identify(UI) by extension 'python'
[0.380s] Level 1:colcon.colcon_core.package_identification:_identify(UI) by extensions ['python_setup_py']
[0.380s] Level 1:colcon.colcon_core.package_identification:_identify(UI) by extension 'python_setup_py'
[0.381s] Level 1:colcon.colcon_core.package_identification:_identify(build) by extensions ['ignore', 'ignore_ament_install']
[0.381s] Level 1:colcon.colcon_core.package_identification:_identify(build) by extension 'ignore'
[0.381s] Level 1:colcon.colcon_core.package_identification:_identify(build) ignored
[0.381s] Level 1:colcon.colcon_core.package_identification:_identify(install) by extensions ['ignore', 'ignore_ament_install']
[0.381s] Level 1:colcon.colcon_core.package_identification:_identify(install) by extension 'ignore'
[0.381s] Level 1:colcon.colcon_core.package_identification:_identify(install) ignored
[0.382s] Level 1:colcon.colcon_core.package_identification:_identify(log) by extensions ['ignore', 'ignore_ament_install']
[0.382s] Level 1:colcon.colcon_core.package_identification:_identify(log) by extension 'ignore'
[0.382s] Level 1:colcon.colcon_core.package_identification:_identify(log) ignored
[0.382s] Level 1:colcon.colcon_core.package_identification:_identify(src) by extensions ['ignore', 'ignore_ament_install']
[0.383s] Level 1:colcon.colcon_core.package_identification:_identify(src) by extension 'ignore'
[0.383s] Level 1:colcon.colcon_core.package_identification:_identify(src) by extension 'ignore_ament_install'
[0.383s] Level 1:colcon.colcon_core.package_identification:_identify(src) by extensions ['colcon_pkg']
[0.383s] Level 1:colcon.colcon_core.package_identification:_identify(src) by extension 'colcon_pkg'
[0.383s] Level 1:colcon.colcon_core.package_identification:_identify(src) by extensions ['colcon_meta']
[0.383s] Level 1:colcon.colcon_core.package_identification:_identify(src) by extension 'colcon_meta'
[0.383s] Level 1:colcon.colcon_core.package_identification:_identify(src) by extensions ['ros']
[0.383s] Level 1:colcon.colcon_core.package_identification:_identify(src) by extension 'ros'
[0.383s] Level 1:colcon.colcon_core.package_identification:_identify(src) by extensions ['cmake', 'python']
[0.383s] Level 1:colcon.colcon_core.package_identification:_identify(src) by extension 'cmake'
[0.383s] Level 1:colcon.colcon_core.package_identification:_identify(src) by extension 'python'
[0.383s] Level 1:colcon.colcon_core.package_identification:_identify(src) by extensions ['python_setup_py']
[0.383s] Level 1:colcon.colcon_core.package_identification:_identify(src) by extension 'python_setup_py'
[0.383s] Level 1:colcon.colcon_core.package_identification:_identify(src/camera2_ros) by extensions ['ignore', 'ignore_ament_install']
[0.383s] Level 1:colcon.colcon_core.package_identification:_identify(src/camera2_ros) by extension 'ignore'
[0.383s] Level 1:colcon.colcon_core.package_identification:_identify(src/camera2_ros) by extension 'ignore_ament_install'
[0.383s] Level 1:colcon.colcon_core.package_identification:_identify(src/camera2_ros) by extensions ['colcon_pkg']
[0.383s] Level 1:colcon.colcon_core.package_identification:_identify(src/camera2_ros) by extension 'colcon_pkg'
[0.384s] Level 1:colcon.colcon_core.package_identification:_identify(src/camera2_ros) by extensions ['colcon_meta']
[0.384s] Level 1:colcon.colcon_core.package_identification:_identify(src/camera2_ros) by extension 'colcon_meta'
[0.384s] Level 1:colcon.colcon_core.package_identification:_identify(src/camera2_ros) by extensions ['ros']
[0.384s] Level 1:colcon.colcon_core.package_identification:_identify(src/camera2_ros) by extension 'ros'
[0.387s] DEBUG:colcon.colcon_core.package_identification:Package 'src/camera2_ros' with type 'ros.ament_python' and name 'camera2_ros'
[0.387s] Level 1:colcon.colcon_core.package_identification:_identify(src/car_urdf) by extensions ['ignore', 'ignore_ament_install']
[0.387s] Level 1:colcon.colcon_core.package_identification:_identify(src/car_urdf) by extension 'ignore'
[0.387s] Level 1:colcon.colcon_core.package_identification:_identify(src/car_urdf) by extension 'ignore_ament_install'
[0.388s] Level 1:colcon.colcon_core.package_identification:_identify(src/car_urdf) by extensions ['colcon_pkg']
[0.388s] Level 1:colcon.colcon_core.package_identification:_identify(src/car_urdf) by extension 'colcon_pkg'
[0.388s] Level 1:colcon.colcon_core.package_identification:_identify(src/car_urdf) by extensions ['colcon_meta']
[0.388s] Level 1:colcon.colcon_core.package_identification:_identify(src/car_urdf) by extension 'colcon_meta'
[0.388s] Level 1:colcon.colcon_core.package_identification:_identify(src/car_urdf) by extensions ['ros']
[0.388s] Level 1:colcon.colcon_core.package_identification:_identify(src/car_urdf) by extension 'ros'
[0.389s] DEBUG:colcon.colcon_core.package_identification:Package 'src/car_urdf' with type 'ros.ament_cmake' and name 'car_urdf'
[0.389s] Level 1:colcon.colcon_core.package_identification:_identify(src/config1) by extensions ['ignore', 'ignore_ament_install']
[0.389s] Level 1:colcon.colcon_core.package_identification:_identify(src/config1) by extension 'ignore'
[0.389s] Level 1:colcon.colcon_core.package_identification:_identify(src/config1) by extension 'ignore_ament_install'
[0.389s] Level 1:colcon.colcon_core.package_identification:_identify(src/config1) by extensions ['colcon_pkg']
[0.389s] Level 1:colcon.colcon_core.package_identification:_identify(src/config1) by extension 'colcon_pkg'
[0.389s] Level 1:colcon.colcon_core.package_identification:_identify(src/config1) by extensions ['colcon_meta']
[0.389s] Level 1:colcon.colcon_core.package_identification:_identify(src/config1) by extension 'colcon_meta'
[0.389s] Level 1:colcon.colcon_core.package_identification:_identify(src/config1) by extensions ['ros']
[0.389s] Level 1:colcon.colcon_core.package_identification:_identify(src/config1) by extension 'ros'
[0.390s] DEBUG:colcon.colcon_core.package_identification:Package 'src/config1' with type 'ros.ament_cmake' and name 'config1'
[0.390s] Level 1:colcon.colcon_core.package_identification:_identify(src/mobile_manipurator) by extensions ['ignore', 'ignore_ament_install']
[0.391s] Level 1:colcon.colcon_core.package_identification:_identify(src/mobile_manipurator) by extension 'ignore'
[0.391s] Level 1:colcon.colcon_core.package_identification:_identify(src/mobile_manipurator) by extension 'ignore_ament_install'
[0.391s] Level 1:colcon.colcon_core.package_identification:_identify(src/mobile_manipurator) by extensions ['colcon_pkg']
[0.391s] Level 1:colcon.colcon_core.package_identification:_identify(src/mobile_manipurator) by extension 'colcon_pkg'
[0.391s] Level 1:colcon.colcon_core.package_identification:_identify(src/mobile_manipurator) by extensions ['colcon_meta']
[0.391s] Level 1:colcon.colcon_core.package_identification:_identify(src/mobile_manipurator) by extension 'colcon_meta'
[0.391s] Level 1:colcon.colcon_core.package_identification:_identify(src/mobile_manipurator) by extensions ['ros']
[0.391s] Level 1:colcon.colcon_core.package_identification:_identify(src/mobile_manipurator) by extension 'ros'
[0.392s] DEBUG:colcon.colcon_core.package_identification:Package 'src/mobile_manipurator' with type 'ros.ament_python' and name 'mobile_manipurator'
[0.392s] Level 1:colcon.colcon_core.package_identification:_identify(src/mtc_config1) by extensions ['ignore', 'ignore_ament_install']
[0.392s] Level 1:colcon.colcon_core.package_identification:_identify(src/mtc_config1) by extension 'ignore'
[0.392s] Level 1:colcon.colcon_core.package_identification:_identify(src/mtc_config1) by extension 'ignore_ament_install'
[0.392s] Level 1:colcon.colcon_core.package_identification:_identify(src/mtc_config1) by extensions ['colcon_pkg']
[0.392s] Level 1:colcon.colcon_core.package_identification:_identify(src/mtc_config1) by extension 'colcon_pkg'
[0.392s] Level 1:colcon.colcon_core.package_identification:_identify(src/mtc_config1) by extensions ['colcon_meta']
[0.392s] Level 1:colcon.colcon_core.package_identification:_identify(src/mtc_config1) by extension 'colcon_meta'
[0.392s] Level 1:colcon.colcon_core.package_identification:_identify(src/mtc_config1) by extensions ['ros']
[0.392s] Level 1:colcon.colcon_core.package_identification:_identify(src/mtc_config1) by extension 'ros'
[0.393s] DEBUG:colcon.colcon_core.package_identification:Package 'src/mtc_config1' with type 'ros.ament_cmake' and name 'mtc_config1'
[0.393s] Level 1:colcon.colcon_core.package_identification:_identify(src/server_controllers) by extensions ['ignore', 'ignore_ament_install']
[0.393s] Level 1:colcon.colcon_core.package_identification:_identify(src/server_controllers) by extension 'ignore'
[0.393s] Level 1:colcon.colcon_core.package_identification:_identify(src/server_controllers) by extension 'ignore_ament_install'
[0.393s] Level 1:colcon.colcon_core.package_identification:_identify(src/server_controllers) by extensions ['colcon_pkg']
[0.393s] Level 1:colcon.colcon_core.package_identification:_identify(src/server_controllers) by extension 'colcon_pkg'
[0.393s] Level 1:colcon.colcon_core.package_identification:_identify(src/server_controllers) by extensions ['colcon_meta']
[0.393s] Level 1:colcon.colcon_core.package_identification:_identify(src/server_controllers) by extension 'colcon_meta'
[0.393s] Level 1:colcon.colcon_core.package_identification:_identify(src/server_controllers) by extensions ['ros']
[0.393s] Level 1:colcon.colcon_core.package_identification:_identify(src/server_controllers) by extension 'ros'
[0.394s] DEBUG:colcon.colcon_core.package_identification:Package 'src/server_controllers' with type 'ros.ament_python' and name 'server_controllers'
[0.394s] Level 1:colcon.colcon_core.package_identification:_identify(src/urdf1) by extensions ['ignore', 'ignore_ament_install']
[0.394s] Level 1:colcon.colcon_core.package_identification:_identify(src/urdf1) by extension 'ignore'
[0.394s] Level 1:colcon.colcon_core.package_identification:_identify(src/urdf1) by extension 'ignore_ament_install'
[0.394s] Level 1:colcon.colcon_core.package_identification:_identify(src/urdf1) by extensions ['colcon_pkg']
[0.394s] Level 1:colcon.colcon_core.package_identification:_identify(src/urdf1) by extension 'colcon_pkg'
[0.394s] Level 1:colcon.colcon_core.package_identification:_identify(src/urdf1) by extensions ['colcon_meta']
[0.394s] Level 1:colcon.colcon_core.package_identification:_identify(src/urdf1) by extension 'colcon_meta'
[0.394s] Level 1:colcon.colcon_core.package_identification:_identify(src/urdf1) by extensions ['ros']
[0.394s] Level 1:colcon.colcon_core.package_identification:_identify(src/urdf1) by extension 'ros'
[0.395s] DEBUG:colcon.colcon_core.package_identification:Package 'src/urdf1' with type 'ros.ament_cmake' and name 'urdf1'
[0.395s] Level 1:colcon.colcon_core.package_discovery:discover_packages(recursive) using defaults
[0.395s] Level 1:colcon.colcon_core.package_discovery:discover_packages(ignore) discover
[0.395s] Level 1:colcon.colcon_core.package_discovery:discover_packages(ignore) using defaults
[0.395s] Level 1:colcon.colcon_core.package_discovery:discover_packages(path) discover
[0.395s] Level 1:colcon.colcon_core.package_discovery:discover_packages(path) using defaults
[0.424s] INFO:colcon.colcon_core.package_selection:Skipping not selected package 'camera2_ros' in 'src/camera2_ros'
[0.424s] INFO:colcon.colcon_core.package_selection:Skipping not selected package 'car_urdf' in 'src/car_urdf'
[0.424s] INFO:colcon.colcon_core.package_selection:Skipping not selected package 'mobile_manipurator' in 'src/mobile_manipurator'
[0.424s] INFO:colcon.colcon_core.package_selection:Skipping not selected package 'server_controllers' in 'src/server_controllers'
[0.424s] INFO:colcon.colcon_core.package_selection:Skipping not selected package 'urdf1' in 'src/urdf1'
[0.424s] INFO:colcon.colcon_core.package_selection:Skipping not selected package 'config1' in 'src/config1'
[0.426s] Level 1:colcon.colcon_core.package_discovery:discover_packages(prefix_path) check parameters
[0.426s] Level 1:colcon.colcon_core.package_discovery:discover_packages(prefix_path) discover
[0.467s] DEBUG:colcon.colcon_installed_package_information.package_discovery:Found 7 installed packages in /home/golf1234_pc/manipurator_ws/install
[0.468s] DEBUG:colcon.colcon_installed_package_information.package_discovery:Found 4 installed packages in /home/golf1234_pc/moveit2_obb/install
[0.470s] DEBUG:colcon.colcon_installed_package_information.package_discovery:Found 73 installed packages in /home/golf1234_pc/ws_moveit/install
[0.471s] DEBUG:colcon.colcon_installed_package_information.package_discovery:Found 33 installed packages in /home/golf1234_pc/project1_ws/install
[0.472s] DEBUG:colcon.colcon_installed_package_information.package_discovery:Found 2 installed packages in /home/golf1234_pc/test1_ws/install
[0.473s] DEBUG:colcon.colcon_installed_package_information.package_discovery:Found 1 installed packages in /home/golf1234_pc/gz_mobile/install
[0.474s] DEBUG:colcon.colcon_installed_package_information.package_discovery:Found 14 installed packages in /home/golf1234_pc/install
[0.477s] DEBUG:colcon.colcon_installed_package_information.package_discovery:Found 426 installed packages in /opt/ros/jazzy
[0.479s] Level 1:colcon.colcon_core.package_discovery:discover_packages(prefix_path) using defaults
[0.679s] Level 5:colcon.colcon_core.verb:set package 'mtc_config1' build argument 'cmake_args' from command line to 'None'
[0.679s] Level 5:colcon.colcon_core.verb:set package 'mtc_config1' build argument 'cmake_target' from command line to 'None'
[0.680s] Level 5:colcon.colcon_core.verb:set package 'mtc_config1' build argument 'cmake_target_skip_unavailable' from command line to 'False'
[0.680s] Level 5:colcon.colcon_core.verb:set package 'mtc_config1' build argument 'cmake_clean_cache' from command line to 'False'
[0.680s] Level 5:colcon.colcon_core.verb:set package 'mtc_config1' build argument 'cmake_clean_first' from command line to 'False'
[0.680s] Level 5:colcon.colcon_core.verb:set package 'mtc_config1' build argument 'cmake_force_configure' from command line to 'False'
[0.680s] Level 5:colcon.colcon_core.verb:set package 'mtc_config1' build argument 'ament_cmake_args' from command line to 'None'
[0.680s] Level 5:colcon.colcon_core.verb:set package 'mtc_config1' build argument 'catkin_cmake_args' from command line to 'None'
[0.680s] Level 5:colcon.colcon_core.verb:set package 'mtc_config1' build argument 'catkin_skip_building_tests' from command line to 'False'
[0.680s] DEBUG:colcon.colcon_core.verb:Building package 'mtc_config1' with the following arguments: {'ament_cmake_args': None, 'build_base': '/home/golf1234_pc/manipurator_ws/build/mtc_config1', 'catkin_cmake_args': None, 'catkin_skip_building_tests': False, 'cmake_args': None, 'cmake_clean_cache': False, 'cmake_clean_first': False, 'cmake_force_configure': False, 'cmake_target': None, 'cmake_target_skip_unavailable': False, 'install_base': '/home/golf1234_pc/manipurator_ws/install/mtc_config1', 'merge_install': False, 'path': '/home/golf1234_pc/manipurator_ws/src/mtc_config1', 'symlink_install': True, 'test_result_base': None}
[0.680s] INFO:colcon.colcon_core.executor:Executing jobs using 'parallel' executor
[0.681s] DEBUG:colcon.colcon_parallel_executor.executor.parallel:run_until_complete
[0.681s] INFO:colcon.colcon_ros.task.ament_cmake.build:Building ROS package in '/home/golf1234_pc/manipurator_ws/src/mtc_config1' with build type 'ament_cmake'
[0.681s] INFO:colcon.colcon_cmake.task.cmake.build:Building CMake package in '/home/golf1234_pc/manipurator_ws/src/mtc_config1'
[0.687s] INFO:colcon.colcon_core.plugin_system:Skipping extension 'colcon_core.shell.bat': Not used on non-Windows systems
[0.687s] INFO:colcon.colcon_core.shell:Skip shell extension 'powershell' for command environment: Not usable outside of PowerShell
[0.687s] DEBUG:colcon.colcon_core.shell:Skip shell extension 'dsv' for command environment
[0.708s] DEBUG:colcon.colcon_core.event_handler.log_command:Invoking command in '/home/golf1234_pc/manipurator_ws/build/mtc_config1': CMAKE_PREFIX_PATH=${CMAKE_PREFIX_PATH}:/home/golf1234_pc/manipurator_ws/install/server_controllers:/home/golf1234_pc/manipurator_ws/install/mobile_manipurator:/home/golf1234_pc/manipurator_ws/install/camera2_ros:/home/golf1234_pc/install/moveit_configs_utils:/home/golf1234_pc/ws_moveit/install/moveit_configs_utils:/home/golf1234_pc/project1_ws/install/server_controllers:/home/golf1234_pc/project1_ws/install/mobile_manipurator:/home/golf1234_pc/project1_ws/install/camera2_ros:/home/golf1234_pc/test1_ws/install/test1:/opt/ros/jazzy DEBUGINFOD_URLS=https://debuginfod.ubuntu.com /usr/bin/cmake --build /home/golf1234_pc/manipurator_ws/build/mtc_config1 -- -j16 -l16
[16.028s] DEBUG:colcon.colcon_core.event_handler.log_command:Invoked command in '/home/golf1234_pc/manipurator_ws/build/mtc_config1' returned '0': CMAKE_PREFIX_PATH=${CMAKE_PREFIX_PATH}:/home/golf1234_pc/manipurator_ws/install/server_controllers:/home/golf1234_pc/manipurator_ws/install/mobile_manipurator:/home/golf1234_pc/manipurator_ws/install/camera2_ros:/home/golf1234_pc/install/moveit_configs_utils:/home/golf1234_pc/ws_moveit/install/moveit_configs_utils:/home/golf1234_pc/project1_ws/install/server_controllers:/home/golf1234_pc/project1_ws/install/mobile_manipurator:/home/golf1234_pc/project1_ws/install/camera2_ros:/home/golf1234_pc/test1_ws/install/test1:/opt/ros/jazzy DEBUGINFOD_URLS=https://debuginfod.ubuntu.com /usr/bin/cmake --build /home/golf1234_pc/manipurator_ws/build/mtc_config1 -- -j16 -l16
[16.045s] DEBUG:colcon.colcon_core.event_handler.log_command:Invoking command in '/home/golf1234_pc/manipurator_ws/build/mtc_config1': CMAKE_PREFIX_PATH=${CMAKE_PREFIX_PATH}:/home/golf1234_pc/manipurator_ws/install/server_controllers:/home/golf1234_pc/manipurator_ws/install/mobile_manipurator:/home/golf1234_pc/manipurator_ws/install/camera2_ros:/home/golf1234_pc/install/moveit_configs_utils:/home/golf1234_pc/ws_moveit/install/moveit_configs_utils:/home/golf1234_pc/project1_ws/install/server_controllers:/home/golf1234_pc/project1_ws/install/mobile_manipurator:/home/golf1234_pc/project1_ws/install/camera2_ros:/home/golf1234_pc/test1_ws/install/test1:/opt/ros/jazzy DEBUGINFOD_URLS=https://debuginfod.ubuntu.com /usr/bin/cmake --install /home/golf1234_pc/manipurator_ws/build/mtc_config1
[16.080s] Level 1:colcon.colcon_core.environment:create_environment_scripts_only(mtc_config1)
[16.081s] DEBUG:colcon.colcon_core.event_handler.log_command:Invoked command in '/home/golf1234_pc/manipurator_ws/build/mtc_config1' returned '0': CMAKE_PREFIX_PATH=${CMAKE_PREFIX_PATH}:/home/golf1234_pc/manipurator_ws/install/server_controllers:/home/golf1234_pc/manipurator_ws/install/mobile_manipurator:/home/golf1234_pc/manipurator_ws/install/camera2_ros:/home/golf1234_pc/install/moveit_configs_utils:/home/golf1234_pc/ws_moveit/install/moveit_configs_utils:/home/golf1234_pc/project1_ws/install/server_controllers:/home/golf1234_pc/project1_ws/install/mobile_manipurator:/home/golf1234_pc/project1_ws/install/camera2_ros:/home/golf1234_pc/test1_ws/install/test1:/opt/ros/jazzy DEBUGINFOD_URLS=https://debuginfod.ubuntu.com /usr/bin/cmake --install /home/golf1234_pc/manipurator_ws/build/mtc_config1
[16.088s] Level 1:colcon.colcon_core.environment:checking '/home/golf1234_pc/manipurator_ws/install/mtc_config1' for CMake module files
[16.088s] Level 1:colcon.colcon_core.environment:checking '/home/golf1234_pc/manipurator_ws/install/mtc_config1' for CMake config files
[16.089s] Level 1:colcon.colcon_core.shell:create_environment_hook('mtc_config1', 'cmake_prefix_path')
[16.089s] INFO:colcon.colcon_core.shell:Creating environment hook '/home/golf1234_pc/manipurator_ws/install/mtc_config1/share/mtc_config1/hook/cmake_prefix_path.ps1'
[16.090s] INFO:colcon.colcon_core.shell:Creating environment descriptor '/home/golf1234_pc/manipurator_ws/install/mtc_config1/share/mtc_config1/hook/cmake_prefix_path.dsv'
[16.091s] INFO:colcon.colcon_core.shell:Creating environment hook '/home/golf1234_pc/manipurator_ws/install/mtc_config1/share/mtc_config1/hook/cmake_prefix_path.sh'
[16.092s] Level 1:colcon.colcon_core.environment:checking '/home/golf1234_pc/manipurator_ws/install/mtc_config1/lib'
[16.093s] Level 1:colcon.colcon_core.environment:checking '/home/golf1234_pc/manipurator_ws/install/mtc_config1/bin'
[16.093s] Level 1:colcon.colcon_core.environment:checking '/home/golf1234_pc/manipurator_ws/install/mtc_config1/lib/pkgconfig/mtc_config1.pc'
[16.093s] Level 1:colcon.colcon_core.environment:checking '/home/golf1234_pc/manipurator_ws/install/mtc_config1/lib/python3.12/site-packages'
[16.093s] Level 1:colcon.colcon_core.environment:checking '/home/golf1234_pc/manipurator_ws/install/mtc_config1/bin'
[16.093s] INFO:colcon.colcon_core.shell:Creating package script '/home/golf1234_pc/manipurator_ws/install/mtc_config1/share/mtc_config1/package.ps1'
[16.094s] INFO:colcon.colcon_core.shell:Creating package descriptor '/home/golf1234_pc/manipurator_ws/install/mtc_config1/share/mtc_config1/package.dsv'
[16.095s] INFO:colcon.colcon_core.shell:Creating package script '/home/golf1234_pc/manipurator_ws/install/mtc_config1/share/mtc_config1/package.sh'
[16.096s] INFO:colcon.colcon_core.shell:Creating package script '/home/golf1234_pc/manipurator_ws/install/mtc_config1/share/mtc_config1/package.bash'
[16.096s] INFO:colcon.colcon_core.shell:Creating package script '/home/golf1234_pc/manipurator_ws/install/mtc_config1/share/mtc_config1/package.zsh'
[16.097s] Level 1:colcon.colcon_core.environment:create_file_with_runtime_dependencies(/home/golf1234_pc/manipurator_ws/install/mtc_config1/share/colcon-core/packages/mtc_config1)
[16.098s] Level 1:colcon.colcon_core.environment:create_environment_scripts_only(mtc_config1)
[16.098s] Level 1:colcon.colcon_core.environment:checking '/home/golf1234_pc/manipurator_ws/install/mtc_config1' for CMake module files
[16.099s] Level 1:colcon.colcon_core.environment:checking '/home/golf1234_pc/manipurator_ws/install/mtc_config1' for CMake config files
[16.099s] Level 1:colcon.colcon_core.shell:create_environment_hook('mtc_config1', 'cmake_prefix_path')
[16.099s] INFO:colcon.colcon_core.shell:Creating environment hook '/home/golf1234_pc/manipurator_ws/install/mtc_config1/share/mtc_config1/hook/cmake_prefix_path.ps1'
[16.099s] INFO:colcon.colcon_core.shell:Creating environment descriptor '/home/golf1234_pc/manipurator_ws/install/mtc_config1/share/mtc_config1/hook/cmake_prefix_path.dsv'
[16.100s] INFO:colcon.colcon_core.shell:Creating environment hook '/home/golf1234_pc/manipurator_ws/install/mtc_config1/share/mtc_config1/hook/cmake_prefix_path.sh'
[16.100s] Level 1:colcon.colcon_core.environment:checking '/home/golf1234_pc/manipurator_ws/install/mtc_config1/lib'
[16.100s] Level 1:colcon.colcon_core.environment:checking '/home/golf1234_pc/manipurator_ws/install/mtc_config1/bin'
[16.100s] Level 1:colcon.colcon_core.environment:checking '/home/golf1234_pc/manipurator_ws/install/mtc_config1/lib/pkgconfig/mtc_config1.pc'
[16.101s] Level 1:colcon.colcon_core.environment:checking '/home/golf1234_pc/manipurator_ws/install/mtc_config1/lib/python3.12/site-packages'
[16.101s] Level 1:colcon.colcon_core.environment:checking '/home/golf1234_pc/manipurator_ws/install/mtc_config1/bin'
[16.101s] INFO:colcon.colcon_core.shell:Creating package script '/home/golf1234_pc/manipurator_ws/install/mtc_config1/share/mtc_config1/package.ps1'
[16.101s] INFO:colcon.colcon_core.shell:Creating package descriptor '/home/golf1234_pc/manipurator_ws/install/mtc_config1/share/mtc_config1/package.dsv'
[16.102s] INFO:colcon.colcon_core.shell:Creating package script '/home/golf1234_pc/manipurator_ws/install/mtc_config1/share/mtc_config1/package.sh'
[16.102s] INFO:colcon.colcon_core.shell:Creating package script '/home/golf1234_pc/manipurator_ws/install/mtc_config1/share/mtc_config1/package.bash'
[16.102s] INFO:colcon.colcon_core.shell:Creating package script '/home/golf1234_pc/manipurator_ws/install/mtc_config1/share/mtc_config1/package.zsh'
[16.103s] Level 1:colcon.colcon_core.environment:create_file_with_runtime_dependencies(/home/golf1234_pc/manipurator_ws/install/mtc_config1/share/colcon-core/packages/mtc_config1)
[16.103s] DEBUG:colcon.colcon_parallel_executor.executor.parallel:closing loop
[16.104s] DEBUG:colcon.colcon_parallel_executor.executor.parallel:loop closed
[16.104s] DEBUG:colcon.colcon_parallel_executor.executor.parallel:run_until_complete finished with '0'
[16.104s] DEBUG:colcon.colcon_core.event_reactor:joining thread
[16.151s] INFO:colcon.colcon_core.plugin_system:Skipping extension 'colcon_notification.desktop_notification.notify_send': Could not find 'notify-send'
[16.151s] INFO:colcon.colcon_core.plugin_system:Skipping extension 'colcon_notification.desktop_notification.terminal_notifier': Not used on non-Darwin systems
[16.151s] INFO:colcon.colcon_core.plugin_system:Skipping extension 'colcon_notification.desktop_notification.win32': Not used on non-Windows systems
[16.151s] INFO:colcon.colcon_notification.desktop_notification:Sending desktop notification using 'notify2'
[16.153s] DEBUG:colcon.colcon_notification.desktop_notification.notify2:Failed to initialize notify2: org.freedesktop.DBus.Error.ServiceUnknown: The name org.freedesktop.Notifications was not provided by any .service files
[16.154s] DEBUG:colcon.colcon_core.event_reactor:joined thread
[16.154s] INFO:colcon.colcon_core.shell:Creating prefix script '/home/golf1234_pc/manipurator_ws/install/local_setup.ps1'
[16.155s] INFO:colcon.colcon_core.shell:Creating prefix util module '/home/golf1234_pc/manipurator_ws/install/_local_setup_util_ps1.py'
[16.156s] INFO:colcon.colcon_core.shell:Creating prefix chain script '/home/golf1234_pc/manipurator_ws/install/setup.ps1'
[16.162s] INFO:colcon.colcon_core.shell:Creating prefix script '/home/golf1234_pc/manipurator_ws/install/local_setup.sh'
[16.163s] INFO:colcon.colcon_core.shell:Creating prefix util module '/home/golf1234_pc/manipurator_ws/install/_local_setup_util_sh.py'
[16.163s] INFO:colcon.colcon_core.shell:Creating prefix chain script '/home/golf1234_pc/manipurator_ws/install/setup.sh'
[16.168s] INFO:colcon.colcon_core.shell:Creating prefix script '/home/golf1234_pc/manipurator_ws/install/local_setup.bash'
[16.169s] INFO:colcon.colcon_core.shell:Creating prefix chain script '/home/golf1234_pc/manipurator_ws/install/setup.bash'
[16.174s] INFO:colcon.colcon_core.shell:Creating prefix script '/home/golf1234_pc/manipurator_ws/install/local_setup.zsh'
[16.175s] INFO:colcon.colcon_core.shell:Creating prefix chain script '/home/golf1234_pc/manipurator_ws/install/setup.zsh'
