[1.704s] Invoking command in '/home/golf1234_pc/manipurator_ws/build/mobile_manipurator': DEBUGINFOD_URLS=https://debuginfod.ubuntu.com PYTHONPATH=/home/golf1234_pc/manipurator_ws/build/mobile_manipurator/prefix_override:/usr/lib/python3/dist-packages/colcon_core/task/python/colcon_distutils_commands:/home/golf1234_pc/manipurator_ws/install/mobile_manipurator/lib/python3.12/site-packages:${PYTHONPATH} /usr/bin/python3 -W ignore:setup.py install is deprecated -W ignore:easy_install command is deprecated setup.py develop --editable --build-directory /home/golf1234_pc/manipurator_ws/build/mobile_manipurator/build --no-deps symlink_data
[2.113s] running develop
[2.389s] running egg_info
[2.416s] writing mobile_manipurator.egg-info/PKG-INFO
[2.417s] writing dependency_links to mobile_manipurator.egg-info/dependency_links.txt
[2.417s] writing entry points to mobile_manipurator.egg-info/entry_points.txt
[2.417s] writing requirements to mobile_manipurator.egg-info/requires.txt
[2.417s] writing top-level names to mobile_manipurator.egg-info/top_level.txt
[2.478s] reading manifest file 'mobile_manipurator.egg-info/SOURCES.txt'
[2.479s] writing manifest file 'mobile_manipurator.egg-info/SOURCES.txt'
[2.507s] running build_ext
[2.508s] Creating /home/golf1234_pc/manipurator_ws/install/mobile_manipurator/lib/python3.12/site-packages/mobile-manipurator.egg-link (link to .)
[2.508s] Installing listener script to /home/golf1234_pc/manipurator_ws/install/mobile_manipurator/lib/mobile_manipurator
[2.508s] Installing project1 script to /home/golf1234_pc/manipurator_ws/install/mobile_manipurator/lib/mobile_manipurator
[2.509s] Installing servo_test1 script to /home/golf1234_pc/manipurator_ws/install/mobile_manipurator/lib/mobile_manipurator
[2.509s] Installing subscriber1_node script to /home/golf1234_pc/manipurator_ws/install/mobile_manipurator/lib/mobile_manipurator
[2.509s] Installing subscriber_node script to /home/golf1234_pc/manipurator_ws/install/mobile_manipurator/lib/mobile_manipurator
[2.509s] Installing talker script to /home/golf1234_pc/manipurator_ws/install/mobile_manipurator/lib/mobile_manipurator
[2.509s] Installing web_test1_node script to /home/golf1234_pc/manipurator_ws/install/mobile_manipurator/lib/mobile_manipurator
[2.509s] 
[2.509s] Installed /home/golf1234_pc/manipurator_ws/build/mobile_manipurator
[2.510s] running symlink_data
[2.580s] Invoked command in '/home/golf1234_pc/manipurator_ws/build/mobile_manipurator' returned '0': DEBUGINFOD_URLS=https://debuginfod.ubuntu.com PYTHONPATH=/home/golf1234_pc/manipurator_ws/build/mobile_manipurator/prefix_override:/usr/lib/python3/dist-packages/colcon_core/task/python/colcon_distutils_commands:/home/golf1234_pc/manipurator_ws/install/mobile_manipurator/lib/python3.12/site-packages:${PYTHONPATH} /usr/bin/python3 -W ignore:setup.py install is deprecated -W ignore:easy_install command is deprecated setup.py develop --editable --build-directory /home/golf1234_pc/manipurator_ws/build/mobile_manipurator/build --no-deps symlink_data
