[0.375s] Invoking command in '/home/golf1234_pc/manipurator_ws/build/interface_manipurator': CMAKE_PREFIX_PATH=${CMAKE_PREFIX_PATH}:/home/golf1234_pc/install/moveit_configs_utils:/home/golf1234_pc/manipurator_ws/install/server_controllers:/home/golf1234_pc/manipurator_ws/install/mobile_manipurator:/home/golf1234_pc/manipurator_ws/install/camera2_ros:/home/golf1234_pc/ws_moveit/install/moveit_configs_utils:/home/golf1234_pc/project1_ws/install/server_controllers:/home/golf1234_pc/project1_ws/install/mobile_manipurator:/home/golf1234_pc/project1_ws/install/camera2_ros:/home/golf1234_pc/test1_ws/install/test1:/opt/ros/jazzy DEBUGINFOD_URLS=https://debuginfod.ubuntu.com /usr/bin/cmake --build /home/golf1234_pc/manipurator_ws/build/interface_manipurator -- -j16 -l16
[0.728s] [  2%] Built target interface_manipurator__rosidl_generator_type_description
[0.728s] [  2%] Built target ament_cmake_python_symlink_interface_manipurator
[0.729s] [  5%] Built target interface_manipurator__cpp
[0.729s] [ 20%] Built target interface_manipurator__rosidl_generator_c
[0.729s] [ 38%] Built target interface_manipurator__rosidl_typesupport_introspection_c
[0.730s] [ 38%] Built target interface_manipurator__rosidl_typesupport_c
[0.730s] [ 55%] Built target interface_manipurator__rosidl_typesupport_cpp
[0.730s] [ 55%] Built target interface_manipurator__rosidl_typesupport_introspection_cpp
[0.730s] [ 64%] Built target interface_manipurator__rosidl_typesupport_fastrtps_c
[0.730s] [ 73%] Built target interface_manipurator__rosidl_typesupport_fastrtps_cpp
[0.730s] [ 73%] Built target interface_manipurator
[0.731s] [ 76%] Built target interface_manipurator__py
[0.731s] [ 82%] Built target interface_manipurator__rosidl_generator_py
[0.746s] [ 94%] Built target interface_manipurator_s__rosidl_typesupport_c
[0.746s] [ 94%] Built target interface_manipurator_s__rosidl_typesupport_fastrtps_c
[0.747s] [100%] Built target interface_manipurator_s__rosidl_typesupport_introspection_c
[0.881s] running egg_info
[0.919s] writing interface_manipurator.egg-info/PKG-INFO
[0.919s] writing dependency_links to interface_manipurator.egg-info/dependency_links.txt
[0.919s] writing top-level names to interface_manipurator.egg-info/top_level.txt
[1.024s] reading manifest file 'interface_manipurator.egg-info/SOURCES.txt'
[1.025s] writing manifest file 'interface_manipurator.egg-info/SOURCES.txt'
[1.091s] [100%] Built target ament_cmake_python_build_interface_manipurator_egg
[1.196s] Invoked command in '/home/golf1234_pc/manipurator_ws/build/interface_manipurator' returned '0': CMAKE_PREFIX_PATH=${CMAKE_PREFIX_PATH}:/home/golf1234_pc/install/moveit_configs_utils:/home/golf1234_pc/manipurator_ws/install/server_controllers:/home/golf1234_pc/manipurator_ws/install/mobile_manipurator:/home/golf1234_pc/manipurator_ws/install/camera2_ros:/home/golf1234_pc/ws_moveit/install/moveit_configs_utils:/home/golf1234_pc/project1_ws/install/server_controllers:/home/golf1234_pc/project1_ws/install/mobile_manipurator:/home/golf1234_pc/project1_ws/install/camera2_ros:/home/golf1234_pc/test1_ws/install/test1:/opt/ros/jazzy DEBUGINFOD_URLS=https://debuginfod.ubuntu.com /usr/bin/cmake --build /home/golf1234_pc/manipurator_ws/build/interface_manipurator -- -j16 -l16
[1.198s] Invoking command in '/home/golf1234_pc/manipurator_ws/build/interface_manipurator': CMAKE_PREFIX_PATH=${CMAKE_PREFIX_PATH}:/home/golf1234_pc/install/moveit_configs_utils:/home/golf1234_pc/manipurator_ws/install/server_controllers:/home/golf1234_pc/manipurator_ws/install/mobile_manipurator:/home/golf1234_pc/manipurator_ws/install/camera2_ros:/home/golf1234_pc/ws_moveit/install/moveit_configs_utils:/home/golf1234_pc/project1_ws/install/server_controllers:/home/golf1234_pc/project1_ws/install/mobile_manipurator:/home/golf1234_pc/project1_ws/install/camera2_ros:/home/golf1234_pc/test1_ws/install/test1:/opt/ros/jazzy DEBUGINFOD_URLS=https://debuginfod.ubuntu.com /usr/bin/cmake --install /home/golf1234_pc/manipurator_ws/build/interface_manipurator
[1.218s] -- Install configuration: ""
[1.218s] -- Execute custom install script
[1.219s] -- Up-to-date symlink: /home/golf1234_pc/manipurator_ws/install/interface_manipurator/share/ament_index/resource_index/rosidl_interfaces/interface_manipurator
[1.220s] -- Up-to-date symlink: /home/golf1234_pc/manipurator_ws/install/interface_manipurator/share/interface_manipurator/msg/SpeedAngle.json
[1.221s] -- Up-to-date symlink: /home/golf1234_pc/manipurator_ws/install/interface_manipurator/include/interface_manipurator/interface_manipurator/msg/detail/speed_angle__functions.h
[1.222s] -- Up-to-date symlink: /home/golf1234_pc/manipurator_ws/install/interface_manipurator/include/interface_manipurator/interface_manipurator/msg/detail/speed_angle__struct.h
[1.222s] -- Up-to-date symlink: /home/golf1234_pc/manipurator_ws/install/interface_manipurator/include/interface_manipurator/interface_manipurator/msg/detail/speed_angle__type_support.h
[1.224s] -- Up-to-date symlink: /home/golf1234_pc/manipurator_ws/install/interface_manipurator/include/interface_manipurator/interface_manipurator/msg/rosidl_generator_c__visibility_control.h
[1.226s] -- Up-to-date symlink: /home/golf1234_pc/manipurator_ws/install/interface_manipurator/include/interface_manipurator/interface_manipurator/msg/speed_angle.h
[1.226s] -- Up-to-date symlink: /home/golf1234_pc/manipurator_ws/install/interface_manipurator/share/interface_manipurator/environment/library_path.sh
[1.226s] -- Up-to-date symlink: /home/golf1234_pc/manipurator_ws/install/interface_manipurator/share/interface_manipurator/environment/library_path.dsv
[1.226s] -- Up-to-date symlink: /home/golf1234_pc/manipurator_ws/install/interface_manipurator/include/interface_manipurator/interface_manipurator/msg/detail/speed_angle__rosidl_typesupport_fastrtps_c.h
[1.226s] -- Up-to-date symlink: /home/golf1234_pc/manipurator_ws/install/interface_manipurator/include/interface_manipurator/interface_manipurator/msg/rosidl_typesupport_fastrtps_c__visibility_control.h
[1.226s] -- Up-to-date symlink: /home/golf1234_pc/manipurator_ws/install/interface_manipurator/include/interface_manipurator/interface_manipurator/msg/detail/speed_angle__rosidl_typesupport_introspection_c.h
[1.227s] -- Up-to-date symlink: /home/golf1234_pc/manipurator_ws/install/interface_manipurator/include/interface_manipurator/interface_manipurator/msg/rosidl_typesupport_introspection_c__visibility_control.h
[1.227s] -- Up-to-date symlink: /home/golf1234_pc/manipurator_ws/install/interface_manipurator/include/interface_manipurator/interface_manipurator/msg/detail/speed_angle__builder.hpp
[1.227s] -- Up-to-date symlink: /home/golf1234_pc/manipurator_ws/install/interface_manipurator/include/interface_manipurator/interface_manipurator/msg/detail/speed_angle__struct.hpp
[1.227s] -- Up-to-date symlink: /home/golf1234_pc/manipurator_ws/install/interface_manipurator/include/interface_manipurator/interface_manipurator/msg/detail/speed_angle__traits.hpp
[1.227s] -- Up-to-date symlink: /home/golf1234_pc/manipurator_ws/install/interface_manipurator/include/interface_manipurator/interface_manipurator/msg/detail/speed_angle__type_support.hpp
[1.227s] -- Up-to-date symlink: /home/golf1234_pc/manipurator_ws/install/interface_manipurator/include/interface_manipurator/interface_manipurator/msg/rosidl_generator_cpp__visibility_control.hpp
[1.227s] -- Up-to-date symlink: /home/golf1234_pc/manipurator_ws/install/interface_manipurator/include/interface_manipurator/interface_manipurator/msg/speed_angle.hpp
[1.228s] -- Up-to-date symlink: /home/golf1234_pc/manipurator_ws/install/interface_manipurator/include/interface_manipurator/interface_manipurator/msg/detail/speed_angle__rosidl_typesupport_fastrtps_cpp.hpp
[1.228s] -- Up-to-date symlink: /home/golf1234_pc/manipurator_ws/install/interface_manipurator/include/interface_manipurator/interface_manipurator/msg/rosidl_typesupport_fastrtps_cpp__visibility_control.h
[1.228s] -- Up-to-date symlink: /home/golf1234_pc/manipurator_ws/install/interface_manipurator/include/interface_manipurator/interface_manipurator/msg/detail/speed_angle__rosidl_typesupport_introspection_cpp.hpp
[1.228s] -- Up-to-date symlink: /home/golf1234_pc/manipurator_ws/install/interface_manipurator/share/interface_manipurator/environment/pythonpath.sh
[1.229s] -- Up-to-date symlink: /home/golf1234_pc/manipurator_ws/install/interface_manipurator/share/interface_manipurator/environment/pythonpath.dsv
[1.229s] -- Up-to-date symlink: /home/golf1234_pc/manipurator_ws/install/interface_manipurator/lib/python3.12/site-packages/interface_manipurator-0.0.0-py3.12.egg-info/PKG-INFO
[1.229s] -- Up-to-date symlink: /home/golf1234_pc/manipurator_ws/install/interface_manipurator/lib/python3.12/site-packages/interface_manipurator-0.0.0-py3.12.egg-info/SOURCES.txt
[1.229s] -- Up-to-date symlink: /home/golf1234_pc/manipurator_ws/install/interface_manipurator/lib/python3.12/site-packages/interface_manipurator-0.0.0-py3.12.egg-info/dependency_links.txt
[1.229s] -- Up-to-date symlink: /home/golf1234_pc/manipurator_ws/install/interface_manipurator/lib/python3.12/site-packages/interface_manipurator-0.0.0-py3.12.egg-info/top_level.txt
[1.229s] -- Up-to-date symlink: /home/golf1234_pc/manipurator_ws/install/interface_manipurator/lib/python3.12/site-packages/interface_manipurator/__init__.py
[1.230s] -- Up-to-date symlink: /home/golf1234_pc/manipurator_ws/install/interface_manipurator/lib/python3.12/site-packages/interface_manipurator/_interface_manipurator_s.ep.rosidl_typesupport_c.c
[1.230s] -- Up-to-date symlink: /home/golf1234_pc/manipurator_ws/install/interface_manipurator/lib/python3.12/site-packages/interface_manipurator/_interface_manipurator_s.ep.rosidl_typesupport_fastrtps_c.c
[1.230s] -- Up-to-date symlink: /home/golf1234_pc/manipurator_ws/install/interface_manipurator/lib/python3.12/site-packages/interface_manipurator/_interface_manipurator_s.ep.rosidl_typesupport_introspection_c.c
[1.230s] -- Up-to-date symlink: /home/golf1234_pc/manipurator_ws/install/interface_manipurator/lib/python3.12/site-packages/interface_manipurator/interface_manipurator_s__rosidl_typesupport_c.so
[1.230s] -- Up-to-date symlink: /home/golf1234_pc/manipurator_ws/install/interface_manipurator/lib/python3.12/site-packages/interface_manipurator/interface_manipurator_s__rosidl_typesupport_fastrtps_c.so
[1.230s] -- Up-to-date symlink: /home/golf1234_pc/manipurator_ws/install/interface_manipurator/lib/python3.12/site-packages/interface_manipurator/interface_manipurator_s__rosidl_typesupport_introspection_c.so
[1.230s] -- Up-to-date symlink: /home/golf1234_pc/manipurator_ws/install/interface_manipurator/lib/python3.12/site-packages/interface_manipurator/msg/__init__.py
[1.230s] -- Up-to-date symlink: /home/golf1234_pc/manipurator_ws/install/interface_manipurator/lib/python3.12/site-packages/interface_manipurator/msg/_speed_angle.py
[1.230s] -- Up-to-date symlink: /home/golf1234_pc/manipurator_ws/install/interface_manipurator/lib/python3.12/site-packages/interface_manipurator/msg/_speed_angle_s.c
[1.231s] -- Up-to-date symlink: /home/golf1234_pc/manipurator_ws/install/interface_manipurator/lib/python3.12/site-packages/interface_manipurator/interface_manipurator_s__rosidl_typesupport_fastrtps_c.so
[1.231s] -- Up-to-date symlink: /home/golf1234_pc/manipurator_ws/install/interface_manipurator/lib/python3.12/site-packages/interface_manipurator/interface_manipurator_s__rosidl_typesupport_introspection_c.so
[1.231s] -- Up-to-date symlink: /home/golf1234_pc/manipurator_ws/install/interface_manipurator/lib/python3.12/site-packages/interface_manipurator/interface_manipurator_s__rosidl_typesupport_c.so
[1.231s] -- Up-to-date symlink: /home/golf1234_pc/manipurator_ws/install/interface_manipurator/share/interface_manipurator/msg/SpeedAngle.idl
[1.232s] -- Up-to-date symlink: /home/golf1234_pc/manipurator_ws/install/interface_manipurator/share/interface_manipurator/msg/SpeedAngle.msg
[1.232s] -- Up-to-date symlink: /home/golf1234_pc/manipurator_ws/install/interface_manipurator/share/ament_index/resource_index/package_run_dependencies/interface_manipurator
[1.232s] -- Up-to-date symlink: /home/golf1234_pc/manipurator_ws/install/interface_manipurator/share/ament_index/resource_index/parent_prefix_path/interface_manipurator
[1.232s] -- Up-to-date symlink: /home/golf1234_pc/manipurator_ws/install/interface_manipurator/share/interface_manipurator/environment/ament_prefix_path.sh
[1.232s] -- Up-to-date symlink: /home/golf1234_pc/manipurator_ws/install/interface_manipurator/share/interface_manipurator/environment/ament_prefix_path.dsv
[1.233s] -- Up-to-date symlink: /home/golf1234_pc/manipurator_ws/install/interface_manipurator/share/interface_manipurator/environment/path.sh
[1.233s] -- Up-to-date symlink: /home/golf1234_pc/manipurator_ws/install/interface_manipurator/share/interface_manipurator/environment/path.dsv
[1.233s] -- Up-to-date symlink: /home/golf1234_pc/manipurator_ws/install/interface_manipurator/share/interface_manipurator/local_setup.bash
[1.233s] -- Up-to-date symlink: /home/golf1234_pc/manipurator_ws/install/interface_manipurator/share/interface_manipurator/local_setup.sh
[1.233s] -- Up-to-date symlink: /home/golf1234_pc/manipurator_ws/install/interface_manipurator/share/interface_manipurator/local_setup.zsh
[1.234s] -- Up-to-date symlink: /home/golf1234_pc/manipurator_ws/install/interface_manipurator/share/interface_manipurator/local_setup.dsv
[1.234s] -- Symlinking: /home/golf1234_pc/manipurator_ws/install/interface_manipurator/share/interface_manipurator/package.dsv
[1.255s] -- Up-to-date symlink: /home/golf1234_pc/manipurator_ws/install/interface_manipurator/share/ament_index/resource_index/packages/interface_manipurator
[1.256s] -- Up-to-date symlink: /home/golf1234_pc/manipurator_ws/install/interface_manipurator/share/interface_manipurator/cmake/rosidl_cmake-extras.cmake
[1.256s] -- Up-to-date symlink: /home/golf1234_pc/manipurator_ws/install/interface_manipurator/share/interface_manipurator/cmake/ament_cmake_export_include_directories-extras.cmake
[1.256s] -- Up-to-date symlink: /home/golf1234_pc/manipurator_ws/install/interface_manipurator/share/interface_manipurator/cmake/ament_cmake_export_libraries-extras.cmake
[1.257s] -- Up-to-date symlink: /home/golf1234_pc/manipurator_ws/install/interface_manipurator/share/interface_manipurator/cmake/ament_cmake_export_targets-extras.cmake
[1.257s] -- Up-to-date symlink: /home/golf1234_pc/manipurator_ws/install/interface_manipurator/share/interface_manipurator/cmake/rosidl_cmake_export_typesupport_targets-extras.cmake
[1.257s] -- Up-to-date symlink: /home/golf1234_pc/manipurator_ws/install/interface_manipurator/share/interface_manipurator/cmake/ament_cmake_export_dependencies-extras.cmake
[1.258s] -- Up-to-date symlink: /home/golf1234_pc/manipurator_ws/install/interface_manipurator/share/interface_manipurator/cmake/rosidl_cmake_export_typesupport_libraries-extras.cmake
[1.258s] -- Up-to-date symlink: /home/golf1234_pc/manipurator_ws/install/interface_manipurator/share/interface_manipurator/cmake/interface_manipuratorConfig.cmake
[1.258s] -- Up-to-date symlink: /home/golf1234_pc/manipurator_ws/install/interface_manipurator/share/interface_manipurator/cmake/interface_manipuratorConfig-version.cmake
[1.258s] -- Up-to-date symlink: /home/golf1234_pc/manipurator_ws/install/interface_manipurator/share/interface_manipurator/package.xml
[1.259s] -- Up-to-date: /home/golf1234_pc/manipurator_ws/install/interface_manipurator/lib/libinterface_manipurator__rosidl_generator_c.so
[1.260s] -- Up-to-date: /home/golf1234_pc/manipurator_ws/install/interface_manipurator/lib/libinterface_manipurator__rosidl_typesupport_fastrtps_c.so
[1.260s] -- Up-to-date: /home/golf1234_pc/manipurator_ws/install/interface_manipurator/lib/libinterface_manipurator__rosidl_typesupport_introspection_c.so
[1.260s] -- Up-to-date: /home/golf1234_pc/manipurator_ws/install/interface_manipurator/lib/libinterface_manipurator__rosidl_typesupport_c.so
[1.262s] -- Up-to-date: /home/golf1234_pc/manipurator_ws/install/interface_manipurator/lib/libinterface_manipurator__rosidl_typesupport_fastrtps_cpp.so
[1.263s] -- Up-to-date: /home/golf1234_pc/manipurator_ws/install/interface_manipurator/lib/libinterface_manipurator__rosidl_typesupport_introspection_cpp.so
[1.264s] -- Up-to-date: /home/golf1234_pc/manipurator_ws/install/interface_manipurator/lib/libinterface_manipurator__rosidl_typesupport_cpp.so
[1.320s] Listing '/home/golf1234_pc/manipurator_ws/install/interface_manipurator/lib/python3.12/site-packages/interface_manipurator'...
[1.321s] Listing '/home/golf1234_pc/manipurator_ws/install/interface_manipurator/lib/python3.12/site-packages/interface_manipurator/msg'...
[1.329s] -- Up-to-date: /home/golf1234_pc/manipurator_ws/install/interface_manipurator/lib/libinterface_manipurator__rosidl_generator_py.so
[1.330s] -- Up-to-date: /home/golf1234_pc/manipurator_ws/install/interface_manipurator/share/interface_manipurator/cmake/export_interface_manipurator__rosidl_generator_cExport.cmake
[1.330s] -- Up-to-date: /home/golf1234_pc/manipurator_ws/install/interface_manipurator/share/interface_manipurator/cmake/export_interface_manipurator__rosidl_generator_cExport-noconfig.cmake
[1.331s] -- Up-to-date: /home/golf1234_pc/manipurator_ws/install/interface_manipurator/share/interface_manipurator/cmake/export_interface_manipurator__rosidl_typesupport_fastrtps_cExport.cmake
[1.331s] -- Up-to-date: /home/golf1234_pc/manipurator_ws/install/interface_manipurator/share/interface_manipurator/cmake/export_interface_manipurator__rosidl_typesupport_fastrtps_cExport-noconfig.cmake
[1.332s] -- Up-to-date: /home/golf1234_pc/manipurator_ws/install/interface_manipurator/share/interface_manipurator/cmake/interface_manipurator__rosidl_typesupport_introspection_cExport.cmake
[1.332s] -- Up-to-date: /home/golf1234_pc/manipurator_ws/install/interface_manipurator/share/interface_manipurator/cmake/interface_manipurator__rosidl_typesupport_introspection_cExport-noconfig.cmake
[1.333s] -- Up-to-date: /home/golf1234_pc/manipurator_ws/install/interface_manipurator/share/interface_manipurator/cmake/interface_manipurator__rosidl_typesupport_cExport.cmake
[1.333s] -- Up-to-date: /home/golf1234_pc/manipurator_ws/install/interface_manipurator/share/interface_manipurator/cmake/interface_manipurator__rosidl_typesupport_cExport-noconfig.cmake
[1.333s] -- Up-to-date: /home/golf1234_pc/manipurator_ws/install/interface_manipurator/share/interface_manipurator/cmake/export_interface_manipurator__rosidl_generator_cppExport.cmake
[1.334s] -- Up-to-date: /home/golf1234_pc/manipurator_ws/install/interface_manipurator/share/interface_manipurator/cmake/export_interface_manipurator__rosidl_typesupport_fastrtps_cppExport.cmake
[1.334s] -- Up-to-date: /home/golf1234_pc/manipurator_ws/install/interface_manipurator/share/interface_manipurator/cmake/export_interface_manipurator__rosidl_typesupport_fastrtps_cppExport-noconfig.cmake
[1.335s] -- Up-to-date: /home/golf1234_pc/manipurator_ws/install/interface_manipurator/share/interface_manipurator/cmake/interface_manipurator__rosidl_typesupport_introspection_cppExport.cmake
[1.335s] -- Up-to-date: /home/golf1234_pc/manipurator_ws/install/interface_manipurator/share/interface_manipurator/cmake/interface_manipurator__rosidl_typesupport_introspection_cppExport-noconfig.cmake
[1.336s] -- Up-to-date: /home/golf1234_pc/manipurator_ws/install/interface_manipurator/share/interface_manipurator/cmake/interface_manipurator__rosidl_typesupport_cppExport.cmake
[1.336s] -- Up-to-date: /home/golf1234_pc/manipurator_ws/install/interface_manipurator/share/interface_manipurator/cmake/interface_manipurator__rosidl_typesupport_cppExport-noconfig.cmake
[1.336s] -- Up-to-date: /home/golf1234_pc/manipurator_ws/install/interface_manipurator/share/interface_manipurator/cmake/export_interface_manipurator__rosidl_generator_pyExport.cmake
[1.337s] -- Up-to-date: /home/golf1234_pc/manipurator_ws/install/interface_manipurator/share/interface_manipurator/cmake/export_interface_manipurator__rosidl_generator_pyExport-noconfig.cmake
[1.340s] Invoked command in '/home/golf1234_pc/manipurator_ws/build/interface_manipurator' returned '0': CMAKE_PREFIX_PATH=${CMAKE_PREFIX_PATH}:/home/golf1234_pc/install/moveit_configs_utils:/home/golf1234_pc/manipurator_ws/install/server_controllers:/home/golf1234_pc/manipurator_ws/install/mobile_manipurator:/home/golf1234_pc/manipurator_ws/install/camera2_ros:/home/golf1234_pc/ws_moveit/install/moveit_configs_utils:/home/golf1234_pc/project1_ws/install/server_controllers:/home/golf1234_pc/project1_ws/install/mobile_manipurator:/home/golf1234_pc/project1_ws/install/camera2_ros:/home/golf1234_pc/test1_ws/install/test1:/opt/ros/jazzy DEBUGINFOD_URLS=https://debuginfod.ubuntu.com /usr/bin/cmake --install /home/golf1234_pc/manipurator_ws/build/interface_manipurator
