running develop
running egg_info
writing mobile_manipurator.egg-info/PKG-INFO
writing dependency_links to mobile_manipurator.egg-info/dependency_links.txt
writing entry points to mobile_manipurator.egg-info/entry_points.txt
writing requirements to mobile_manipurator.egg-info/requires.txt
writing top-level names to mobile_manipurator.egg-info/top_level.txt
reading manifest file 'mobile_manipurator.egg-info/SOURCES.txt'
writing manifest file 'mobile_manipurator.egg-info/SOURCES.txt'
running build_ext
Creating /home/golf1234_pc/manipurator_ws/install/mobile_manipurator/lib/python3.12/site-packages/mobile-manipurator.egg-link (link to .)
Installing listener script to /home/golf1234_pc/manipurator_ws/install/mobile_manipurator/lib/mobile_manipurator
Installing project1 script to /home/golf1234_pc/manipurator_ws/install/mobile_manipurator/lib/mobile_manipurator
Installing servo_test1 script to /home/golf1234_pc/manipurator_ws/install/mobile_manipurator/lib/mobile_manipurator
Installing subscriber1_node script to /home/golf1234_pc/manipurator_ws/install/mobile_manipurator/lib/mobile_manipurator
Installing subscriber_node script to /home/golf1234_pc/manipurator_ws/install/mobile_manipurator/lib/mobile_manipurator
Installing talker script to /home/golf1234_pc/manipurator_ws/install/mobile_manipurator/lib/mobile_manipurator
Installing web_test1_node script to /home/golf1234_pc/manipurator_ws/install/mobile_manipurator/lib/mobile_manipurator

Installed /home/golf1234_pc/manipurator_ws/build/mobile_manipurator
running symlink_data
