[2.930s] Invoking command in '/home/golf1234_pc/manipurator_ws/build/camera2_ros': DEBUGINFOD_URLS=https://debuginfod.ubuntu.com PYTHONPATH=/home/golf1234_pc/manipurator_ws/build/camera2_ros/prefix_override:/usr/lib/python3/dist-packages/colcon_core/task/python/colcon_distutils_commands:/home/golf1234_pc/manipurator_ws/install/camera2_ros/lib/python3.12/site-packages:${PYTHONPATH} /usr/bin/python3 -W ignore:setup.py install is deprecated -W ignore:easy_install command is deprecated setup.py develop --editable --build-directory /home/golf1234_pc/manipurator_ws/build/camera2_ros/build --no-deps symlink_data
[3.530s] running develop
[3.871s] running egg_info
[3.912s] writing camera2_ros.egg-info/PKG-INFO
[3.912s] writing dependency_links to camera2_ros.egg-info/dependency_links.txt
[3.913s] writing entry points to camera2_ros.egg-info/entry_points.txt
[3.913s] writing requirements to camera2_ros.egg-info/requires.txt
[3.913s] writing top-level names to camera2_ros.egg-info/top_level.txt
[3.990s] reading manifest file 'camera2_ros.egg-info/SOURCES.txt'
[3.991s] writing manifest file 'camera2_ros.egg-info/SOURCES.txt'
[4.029s] running build_ext
[4.029s] Creating /home/golf1234_pc/manipurator_ws/install/camera2_ros/lib/python3.12/site-packages/camera2-ros.egg-link (link to .)
[4.030s] Installing arduino_comunication script to /home/golf1234_pc/manipurator_ws/install/camera2_ros/lib/camera2_ros
[4.030s] Installing box_dectection_pick script to /home/golf1234_pc/manipurator_ws/install/camera2_ros/lib/camera2_ros
[4.031s] Installing box_dectection_place script to /home/golf1234_pc/manipurator_ws/install/camera2_ros/lib/camera2_ros
[4.031s] Installing camera2_node script to /home/golf1234_pc/manipurator_ws/install/camera2_ros/lib/camera2_ros
[4.031s] Installing lane_detection script to /home/golf1234_pc/manipurator_ws/install/camera2_ros/lib/camera2_ros
[4.031s] Installing pub_yolo script to /home/golf1234_pc/manipurator_ws/install/camera2_ros/lib/camera2_ros
[4.031s] Installing sub_yolo script to /home/golf1234_pc/manipurator_ws/install/camera2_ros/lib/camera2_ros
[4.032s] 
[4.032s] Installed /home/golf1234_pc/manipurator_ws/build/camera2_ros
[4.032s] running symlink_data
[4.169s] Invoked command in '/home/golf1234_pc/manipurator_ws/build/camera2_ros' returned '0': DEBUGINFOD_URLS=https://debuginfod.ubuntu.com PYTHONPATH=/home/golf1234_pc/manipurator_ws/build/camera2_ros/prefix_override:/usr/lib/python3/dist-packages/colcon_core/task/python/colcon_distutils_commands:/home/golf1234_pc/manipurator_ws/install/camera2_ros/lib/python3.12/site-packages:${PYTHONPATH} /usr/bin/python3 -W ignore:setup.py install is deprecated -W ignore:easy_install command is deprecated setup.py develop --editable --build-directory /home/golf1234_pc/manipurator_ws/build/camera2_ros/build --no-deps symlink_data
