[2.400s] Invoking command in '/home/golf1234_pc/manipurator_ws/build/server_controllers': DEBUGINFOD_URLS=https://debuginfod.ubuntu.com PYTHONPATH=/home/golf1234_pc/manipurator_ws/build/server_controllers/prefix_override:/usr/lib/python3/dist-packages/colcon_core/task/python/colcon_distutils_commands:/home/golf1234_pc/manipurator_ws/install/server_controllers/lib/python3.12/site-packages:${PYTHONPATH} /usr/bin/python3 -W ignore:setup.py install is deprecated -W ignore:easy_install command is deprecated setup.py develop --editable --build-directory /home/golf1234_pc/manipurator_ws/build/server_controllers/build --no-deps symlink_data --force
[2.851s] running develop
[3.138s] running egg_info
[3.166s] writing server_controllers.egg-info/PKG-INFO
[3.166s] writing dependency_links to server_controllers.egg-info/dependency_links.txt
[3.166s] writing entry points to server_controllers.egg-info/entry_points.txt
[3.167s] writing requirements to server_controllers.egg-info/requires.txt
[3.167s] writing top-level names to server_controllers.egg-info/top_level.txt
[3.230s] reading manifest file 'server_controllers.egg-info/SOURCES.txt'
[3.232s] writing manifest file 'server_controllers.egg-info/SOURCES.txt'
[3.263s] running build_ext
[3.263s] Creating /home/golf1234_pc/manipurator_ws/install/server_controllers/lib/python3.12/site-packages/server-controllers.egg-link (link to .)
[3.264s] Installing node1 script to /home/golf1234_pc/manipurator_ws/install/server_controllers/lib/server_controllers
[3.264s] Installing node2 script to /home/golf1234_pc/manipurator_ws/install/server_controllers/lib/server_controllers
[3.264s] Installing node_manager script to /home/golf1234_pc/manipurator_ws/install/server_controllers/lib/server_controllers
[3.265s] 
[3.265s] Installed /home/golf1234_pc/manipurator_ws/build/server_controllers
[3.265s] running symlink_data
[3.265s] symbolically linking /home/golf1234_pc/manipurator_ws/build/server_controllers/resource/server_controllers -> /home/golf1234_pc/manipurator_ws/install/server_controllers/share/ament_index/resource_index/packages
[3.265s] symbolically linking /home/golf1234_pc/manipurator_ws/build/server_controllers/package.xml -> /home/golf1234_pc/manipurator_ws/install/server_controllers/share/server_controllers
[3.350s] Invoked command in '/home/golf1234_pc/manipurator_ws/build/server_controllers' returned '0': DEBUGINFOD_URLS=https://debuginfod.ubuntu.com PYTHONPATH=/home/golf1234_pc/manipurator_ws/build/server_controllers/prefix_override:/usr/lib/python3/dist-packages/colcon_core/task/python/colcon_distutils_commands:/home/golf1234_pc/manipurator_ws/install/server_controllers/lib/python3.12/site-packages:${PYTHONPATH} /usr/bin/python3 -W ignore:setup.py install is deprecated -W ignore:easy_install command is deprecated setup.py develop --editable --build-directory /home/golf1234_pc/manipurator_ws/build/server_controllers/build --no-deps symlink_data --force
