[0.190s] DEBUG:colcon:Command line arguments: ['/usr/bin/colcon', 'build', '--symlink-install', '--packages-select', 'mtc_config1']
[0.190s] DEBUG:colcon:Parsed command line arguments: Namespace(log_base=None, log_level=None, verb_name='build', build_base='build', install_base='install', merge_install=False, symlink_install=True, test_result_base=None, continue_on_error=False, executor='parallel', parallel_workers=16, event_handlers=None, ignore_user_meta=False, metas=['./colcon.meta'], base_paths=['.'], packages_ignore=None, packages_ignore_regex=None, paths=None, packages_up_to=None, packages_up_to_regex=None, packages_above=None, packages_above_and_dependencies=None, packages_above_depth=None, packages_select_by_dep=None, packages_skip_by_dep=None, packages_skip_up_to=None, packages_select_build_failed=False, packages_skip_build_finished=False, packages_select_test_failures=False, packages_skip_test_passed=False, packages_select=['mtc_config1'], packages_skip=None, packages_select_regex=None, packages_skip_regex=None, packages_start=None, packages_end=None, allow_overriding=[], cmake_args=None, cmake_target=None, cmake_target_skip_unavailable=False, cmake_clean_cache=False, cmake_clean_first=False, cmake_force_configure=False, ament_cmake_args=None, catkin_cmake_args=None, catkin_skip_building_tests=False, mixin_files=None, mixin=None, verb_parser=<colcon_mixin.mixin.mixin_argument.MixinArgumentDecorator object at 0x7f610e685ee0>, verb_extension=<colcon_core.verb.build.BuildVerb object at 0x7f610e416810>, main=<bound method BuildVerb.main of <colcon_core.verb.build.BuildVerb object at 0x7f610e416810>>, mixin_verb=('build',))
[0.220s] Level 1:colcon.colcon_core.package_discovery:discover_packages(colcon_meta) check parameters
[0.220s] Level 1:colcon.colcon_core.package_discovery:discover_packages(recursive) check parameters
[0.220s] Level 1:colcon.colcon_core.package_discovery:discover_packages(ignore) check parameters
[0.220s] Level 1:colcon.colcon_core.package_discovery:discover_packages(path) check parameters
[0.220s] Level 1:colcon.colcon_core.package_discovery:discover_packages(colcon_meta) discover
[0.220s] Level 1:colcon.colcon_core.package_discovery:discover_packages(recursive) discover
[0.220s] INFO:colcon.colcon_core.package_discovery:Crawling recursively for packages in '/home/golf1234_pc/manipurator_ws'
[0.220s] Level 1:colcon.colcon_core.package_identification:_identify(.) by extensions ['ignore', 'ignore_ament_install']
[0.220s] Level 1:colcon.colcon_core.package_identification:_identify(.) by extension 'ignore'
[0.220s] Level 1:colcon.colcon_core.package_identification:_identify(.) by extension 'ignore_ament_install'
[0.220s] Level 1:colcon.colcon_core.package_identification:_identify(.) by extensions ['colcon_pkg']
[0.220s] Level 1:colcon.colcon_core.package_identification:_identify(.) by extension 'colcon_pkg'
[0.220s] Level 1:colcon.colcon_core.package_identification:_identify(.) by extensions ['colcon_meta']
[0.220s] Level 1:colcon.colcon_core.package_identification:_identify(.) by extension 'colcon_meta'
[0.220s] Level 1:colcon.colcon_core.package_identification:_identify(.) by extensions ['ros']
[0.220s] Level 1:colcon.colcon_core.package_identification:_identify(.) by extension 'ros'
[0.240s] Level 1:colcon.colcon_core.package_identification:_identify(.) by extensions ['cmake', 'python']
[0.240s] Level 1:colcon.colcon_core.package_identification:_identify(.) by extension 'cmake'
[0.240s] Level 1:colcon.colcon_core.package_identification:_identify(.) by extension 'python'
[0.240s] Level 1:colcon.colcon_core.package_identification:_identify(.) by extensions ['python_setup_py']
[0.240s] Level 1:colcon.colcon_core.package_identification:_identify(.) by extension 'python_setup_py'
[0.240s] Level 1:colcon.colcon_core.package_identification:_identify(UI) by extensions ['ignore', 'ignore_ament_install']
[0.240s] Level 1:colcon.colcon_core.package_identification:_identify(UI) by extension 'ignore'
[0.240s] Level 1:colcon.colcon_core.package_identification:_identify(UI) by extension 'ignore_ament_install'
[0.240s] Level 1:colcon.colcon_core.package_identification:_identify(UI) by extensions ['colcon_pkg']
[0.240s] Level 1:colcon.colcon_core.package_identification:_identify(UI) by extension 'colcon_pkg'
[0.240s] Level 1:colcon.colcon_core.package_identification:_identify(UI) by extensions ['colcon_meta']
[0.240s] Level 1:colcon.colcon_core.package_identification:_identify(UI) by extension 'colcon_meta'
[0.240s] Level 1:colcon.colcon_core.package_identification:_identify(UI) by extensions ['ros']
[0.240s] Level 1:colcon.colcon_core.package_identification:_identify(UI) by extension 'ros'
[0.240s] Level 1:colcon.colcon_core.package_identification:_identify(UI) by extensions ['cmake', 'python']
[0.240s] Level 1:colcon.colcon_core.package_identification:_identify(UI) by extension 'cmake'
[0.240s] Level 1:colcon.colcon_core.package_identification:_identify(UI) by extension 'python'
[0.240s] Level 1:colcon.colcon_core.package_identification:_identify(UI) by extensions ['python_setup_py']
[0.241s] Level 1:colcon.colcon_core.package_identification:_identify(UI) by extension 'python_setup_py'
[0.241s] Level 1:colcon.colcon_core.package_identification:_identify(build) by extensions ['ignore', 'ignore_ament_install']
[0.241s] Level 1:colcon.colcon_core.package_identification:_identify(build) by extension 'ignore'
[0.241s] Level 1:colcon.colcon_core.package_identification:_identify(build) ignored
[0.241s] Level 1:colcon.colcon_core.package_identification:_identify(install) by extensions ['ignore', 'ignore_ament_install']
[0.241s] Level 1:colcon.colcon_core.package_identification:_identify(install) by extension 'ignore'
[0.241s] Level 1:colcon.colcon_core.package_identification:_identify(install) ignored
[0.241s] Level 1:colcon.colcon_core.package_identification:_identify(log) by extensions ['ignore', 'ignore_ament_install']
[0.241s] Level 1:colcon.colcon_core.package_identification:_identify(log) by extension 'ignore'
[0.241s] Level 1:colcon.colcon_core.package_identification:_identify(log) ignored
[0.241s] Level 1:colcon.colcon_core.package_identification:_identify(src) by extensions ['ignore', 'ignore_ament_install']
[0.242s] Level 1:colcon.colcon_core.package_identification:_identify(src) by extension 'ignore'
[0.242s] Level 1:colcon.colcon_core.package_identification:_identify(src) by extension 'ignore_ament_install'
[0.242s] Level 1:colcon.colcon_core.package_identification:_identify(src) by extensions ['colcon_pkg']
[0.242s] Level 1:colcon.colcon_core.package_identification:_identify(src) by extension 'colcon_pkg'
[0.242s] Level 1:colcon.colcon_core.package_identification:_identify(src) by extensions ['colcon_meta']
[0.242s] Level 1:colcon.colcon_core.package_identification:_identify(src) by extension 'colcon_meta'
[0.242s] Level 1:colcon.colcon_core.package_identification:_identify(src) by extensions ['ros']
[0.242s] Level 1:colcon.colcon_core.package_identification:_identify(src) by extension 'ros'
[0.242s] Level 1:colcon.colcon_core.package_identification:_identify(src) by extensions ['cmake', 'python']
[0.242s] Level 1:colcon.colcon_core.package_identification:_identify(src) by extension 'cmake'
[0.242s] Level 1:colcon.colcon_core.package_identification:_identify(src) by extension 'python'
[0.242s] Level 1:colcon.colcon_core.package_identification:_identify(src) by extensions ['python_setup_py']
[0.242s] Level 1:colcon.colcon_core.package_identification:_identify(src) by extension 'python_setup_py'
[0.242s] Level 1:colcon.colcon_core.package_identification:_identify(src/camera2_ros) by extensions ['ignore', 'ignore_ament_install']
[0.242s] Level 1:colcon.colcon_core.package_identification:_identify(src/camera2_ros) by extension 'ignore'
[0.242s] Level 1:colcon.colcon_core.package_identification:_identify(src/camera2_ros) by extension 'ignore_ament_install'
[0.242s] Level 1:colcon.colcon_core.package_identification:_identify(src/camera2_ros) by extensions ['colcon_pkg']
[0.242s] Level 1:colcon.colcon_core.package_identification:_identify(src/camera2_ros) by extension 'colcon_pkg'
[0.242s] Level 1:colcon.colcon_core.package_identification:_identify(src/camera2_ros) by extensions ['colcon_meta']
[0.242s] Level 1:colcon.colcon_core.package_identification:_identify(src/camera2_ros) by extension 'colcon_meta'
[0.242s] Level 1:colcon.colcon_core.package_identification:_identify(src/camera2_ros) by extensions ['ros']
[0.243s] Level 1:colcon.colcon_core.package_identification:_identify(src/camera2_ros) by extension 'ros'
[0.245s] DEBUG:colcon.colcon_core.package_identification:Package 'src/camera2_ros' with type 'ros.ament_python' and name 'camera2_ros'
[0.245s] Level 1:colcon.colcon_core.package_identification:_identify(src/car_urdf) by extensions ['ignore', 'ignore_ament_install']
[0.245s] Level 1:colcon.colcon_core.package_identification:_identify(src/car_urdf) by extension 'ignore'
[0.245s] Level 1:colcon.colcon_core.package_identification:_identify(src/car_urdf) by extension 'ignore_ament_install'
[0.245s] Level 1:colcon.colcon_core.package_identification:_identify(src/car_urdf) by extensions ['colcon_pkg']
[0.245s] Level 1:colcon.colcon_core.package_identification:_identify(src/car_urdf) by extension 'colcon_pkg'
[0.245s] Level 1:colcon.colcon_core.package_identification:_identify(src/car_urdf) by extensions ['colcon_meta']
[0.245s] Level 1:colcon.colcon_core.package_identification:_identify(src/car_urdf) by extension 'colcon_meta'
[0.245s] Level 1:colcon.colcon_core.package_identification:_identify(src/car_urdf) by extensions ['ros']
[0.245s] Level 1:colcon.colcon_core.package_identification:_identify(src/car_urdf) by extension 'ros'
[0.245s] DEBUG:colcon.colcon_core.package_identification:Package 'src/car_urdf' with type 'ros.ament_cmake' and name 'car_urdf'
[0.246s] Level 1:colcon.colcon_core.package_identification:_identify(src/config1) by extensions ['ignore', 'ignore_ament_install']
[0.246s] Level 1:colcon.colcon_core.package_identification:_identify(src/config1) by extension 'ignore'
[0.246s] Level 1:colcon.colcon_core.package_identification:_identify(src/config1) by extension 'ignore_ament_install'
[0.246s] Level 1:colcon.colcon_core.package_identification:_identify(src/config1) by extensions ['colcon_pkg']
[0.246s] Level 1:colcon.colcon_core.package_identification:_identify(src/config1) by extension 'colcon_pkg'
[0.246s] Level 1:colcon.colcon_core.package_identification:_identify(src/config1) by extensions ['colcon_meta']
[0.246s] Level 1:colcon.colcon_core.package_identification:_identify(src/config1) by extension 'colcon_meta'
[0.246s] Level 1:colcon.colcon_core.package_identification:_identify(src/config1) by extensions ['ros']
[0.246s] Level 1:colcon.colcon_core.package_identification:_identify(src/config1) by extension 'ros'
[0.246s] DEBUG:colcon.colcon_core.package_identification:Package 'src/config1' with type 'ros.ament_cmake' and name 'config1'
[0.246s] Level 1:colcon.colcon_core.package_identification:_identify(src/mobile_manipurator) by extensions ['ignore', 'ignore_ament_install']
[0.247s] Level 1:colcon.colcon_core.package_identification:_identify(src/mobile_manipurator) by extension 'ignore'
[0.247s] Level 1:colcon.colcon_core.package_identification:_identify(src/mobile_manipurator) by extension 'ignore_ament_install'
[0.247s] Level 1:colcon.colcon_core.package_identification:_identify(src/mobile_manipurator) by extensions ['colcon_pkg']
[0.247s] Level 1:colcon.colcon_core.package_identification:_identify(src/mobile_manipurator) by extension 'colcon_pkg'
[0.247s] Level 1:colcon.colcon_core.package_identification:_identify(src/mobile_manipurator) by extensions ['colcon_meta']
[0.247s] Level 1:colcon.colcon_core.package_identification:_identify(src/mobile_manipurator) by extension 'colcon_meta'
[0.247s] Level 1:colcon.colcon_core.package_identification:_identify(src/mobile_manipurator) by extensions ['ros']
[0.247s] Level 1:colcon.colcon_core.package_identification:_identify(src/mobile_manipurator) by extension 'ros'
[0.247s] DEBUG:colcon.colcon_core.package_identification:Package 'src/mobile_manipurator' with type 'ros.ament_python' and name 'mobile_manipurator'
[0.248s] Level 1:colcon.colcon_core.package_identification:_identify(src/mtc_config1) by extensions ['ignore', 'ignore_ament_install']
[0.248s] Level 1:colcon.colcon_core.package_identification:_identify(src/mtc_config1) by extension 'ignore'
[0.248s] Level 1:colcon.colcon_core.package_identification:_identify(src/mtc_config1) by extension 'ignore_ament_install'
[0.248s] Level 1:colcon.colcon_core.package_identification:_identify(src/mtc_config1) by extensions ['colcon_pkg']
[0.248s] Level 1:colcon.colcon_core.package_identification:_identify(src/mtc_config1) by extension 'colcon_pkg'
[0.248s] Level 1:colcon.colcon_core.package_identification:_identify(src/mtc_config1) by extensions ['colcon_meta']
[0.248s] Level 1:colcon.colcon_core.package_identification:_identify(src/mtc_config1) by extension 'colcon_meta'
[0.248s] Level 1:colcon.colcon_core.package_identification:_identify(src/mtc_config1) by extensions ['ros']
[0.248s] Level 1:colcon.colcon_core.package_identification:_identify(src/mtc_config1) by extension 'ros'
[0.248s] DEBUG:colcon.colcon_core.package_identification:Package 'src/mtc_config1' with type 'ros.ament_cmake' and name 'mtc_config1'
[0.248s] Level 1:colcon.colcon_core.package_identification:_identify(src/server_controllers) by extensions ['ignore', 'ignore_ament_install']
[0.248s] Level 1:colcon.colcon_core.package_identification:_identify(src/server_controllers) by extension 'ignore'
[0.248s] Level 1:colcon.colcon_core.package_identification:_identify(src/server_controllers) by extension 'ignore_ament_install'
[0.249s] Level 1:colcon.colcon_core.package_identification:_identify(src/server_controllers) by extensions ['colcon_pkg']
[0.249s] Level 1:colcon.colcon_core.package_identification:_identify(src/server_controllers) by extension 'colcon_pkg'
[0.249s] Level 1:colcon.colcon_core.package_identification:_identify(src/server_controllers) by extensions ['colcon_meta']
[0.249s] Level 1:colcon.colcon_core.package_identification:_identify(src/server_controllers) by extension 'colcon_meta'
[0.249s] Level 1:colcon.colcon_core.package_identification:_identify(src/server_controllers) by extensions ['ros']
[0.249s] Level 1:colcon.colcon_core.package_identification:_identify(src/server_controllers) by extension 'ros'
[0.249s] DEBUG:colcon.colcon_core.package_identification:Package 'src/server_controllers' with type 'ros.ament_python' and name 'server_controllers'
[0.249s] Level 1:colcon.colcon_core.package_identification:_identify(src/urdf1) by extensions ['ignore', 'ignore_ament_install']
[0.249s] Level 1:colcon.colcon_core.package_identification:_identify(src/urdf1) by extension 'ignore'
[0.249s] Level 1:colcon.colcon_core.package_identification:_identify(src/urdf1) by extension 'ignore_ament_install'
[0.249s] Level 1:colcon.colcon_core.package_identification:_identify(src/urdf1) by extensions ['colcon_pkg']
[0.249s] Level 1:colcon.colcon_core.package_identification:_identify(src/urdf1) by extension 'colcon_pkg'
[0.249s] Level 1:colcon.colcon_core.package_identification:_identify(src/urdf1) by extensions ['colcon_meta']
[0.250s] Level 1:colcon.colcon_core.package_identification:_identify(src/urdf1) by extension 'colcon_meta'
[0.250s] Level 1:colcon.colcon_core.package_identification:_identify(src/urdf1) by extensions ['ros']
[0.250s] Level 1:colcon.colcon_core.package_identification:_identify(src/urdf1) by extension 'ros'
[0.250s] DEBUG:colcon.colcon_core.package_identification:Package 'src/urdf1' with type 'ros.ament_cmake' and name 'urdf1'
[0.250s] Level 1:colcon.colcon_core.package_discovery:discover_packages(recursive) using defaults
[0.250s] Level 1:colcon.colcon_core.package_discovery:discover_packages(ignore) discover
[0.250s] Level 1:colcon.colcon_core.package_discovery:discover_packages(ignore) using defaults
[0.250s] Level 1:colcon.colcon_core.package_discovery:discover_packages(path) discover
[0.250s] Level 1:colcon.colcon_core.package_discovery:discover_packages(path) using defaults
[0.264s] INFO:colcon.colcon_core.package_selection:Skipping not selected package 'camera2_ros' in 'src/camera2_ros'
[0.265s] INFO:colcon.colcon_core.package_selection:Skipping not selected package 'car_urdf' in 'src/car_urdf'
[0.265s] INFO:colcon.colcon_core.package_selection:Skipping not selected package 'mobile_manipurator' in 'src/mobile_manipurator'
[0.265s] INFO:colcon.colcon_core.package_selection:Skipping not selected package 'server_controllers' in 'src/server_controllers'
[0.265s] INFO:colcon.colcon_core.package_selection:Skipping not selected package 'urdf1' in 'src/urdf1'
[0.265s] INFO:colcon.colcon_core.package_selection:Skipping not selected package 'config1' in 'src/config1'
[0.265s] Level 1:colcon.colcon_core.package_discovery:discover_packages(prefix_path) check parameters
[0.265s] Level 1:colcon.colcon_core.package_discovery:discover_packages(prefix_path) discover
[0.271s] DEBUG:colcon.colcon_installed_package_information.package_discovery:Found 7 installed packages in /home/golf1234_pc/manipurator_ws/install
[0.271s] DEBUG:colcon.colcon_installed_package_information.package_discovery:Found 4 installed packages in /home/golf1234_pc/moveit2_obb/install
[0.273s] DEBUG:colcon.colcon_installed_package_information.package_discovery:Found 73 installed packages in /home/golf1234_pc/ws_moveit/install
[0.274s] DEBUG:colcon.colcon_installed_package_information.package_discovery:Found 33 installed packages in /home/golf1234_pc/project1_ws/install
[0.274s] DEBUG:colcon.colcon_installed_package_information.package_discovery:Found 2 installed packages in /home/golf1234_pc/test1_ws/install
[0.275s] DEBUG:colcon.colcon_installed_package_information.package_discovery:Found 1 installed packages in /home/golf1234_pc/gz_mobile/install
[0.275s] DEBUG:colcon.colcon_installed_package_information.package_discovery:Found 14 installed packages in /home/golf1234_pc/install
[0.277s] DEBUG:colcon.colcon_installed_package_information.package_discovery:Found 426 installed packages in /opt/ros/jazzy
[0.280s] Level 1:colcon.colcon_core.package_discovery:discover_packages(prefix_path) using defaults
[0.344s] Level 5:colcon.colcon_core.verb:set package 'mtc_config1' build argument 'cmake_args' from command line to 'None'
[0.344s] Level 5:colcon.colcon_core.verb:set package 'mtc_config1' build argument 'cmake_target' from command line to 'None'
[0.344s] Level 5:colcon.colcon_core.verb:set package 'mtc_config1' build argument 'cmake_target_skip_unavailable' from command line to 'False'
[0.344s] Level 5:colcon.colcon_core.verb:set package 'mtc_config1' build argument 'cmake_clean_cache' from command line to 'False'
[0.344s] Level 5:colcon.colcon_core.verb:set package 'mtc_config1' build argument 'cmake_clean_first' from command line to 'False'
[0.344s] Level 5:colcon.colcon_core.verb:set package 'mtc_config1' build argument 'cmake_force_configure' from command line to 'False'
[0.344s] Level 5:colcon.colcon_core.verb:set package 'mtc_config1' build argument 'ament_cmake_args' from command line to 'None'
[0.344s] Level 5:colcon.colcon_core.verb:set package 'mtc_config1' build argument 'catkin_cmake_args' from command line to 'None'
[0.344s] Level 5:colcon.colcon_core.verb:set package 'mtc_config1' build argument 'catkin_skip_building_tests' from command line to 'False'
[0.344s] DEBUG:colcon.colcon_core.verb:Building package 'mtc_config1' with the following arguments: {'ament_cmake_args': None, 'build_base': '/home/golf1234_pc/manipurator_ws/build/mtc_config1', 'catkin_cmake_args': None, 'catkin_skip_building_tests': False, 'cmake_args': None, 'cmake_clean_cache': False, 'cmake_clean_first': False, 'cmake_force_configure': False, 'cmake_target': None, 'cmake_target_skip_unavailable': False, 'install_base': '/home/golf1234_pc/manipurator_ws/install/mtc_config1', 'merge_install': False, 'path': '/home/golf1234_pc/manipurator_ws/src/mtc_config1', 'symlink_install': True, 'test_result_base': None}
[0.344s] INFO:colcon.colcon_core.executor:Executing jobs using 'parallel' executor
[0.345s] DEBUG:colcon.colcon_parallel_executor.executor.parallel:run_until_complete
[0.345s] INFO:colcon.colcon_ros.task.ament_cmake.build:Building ROS package in '/home/golf1234_pc/manipurator_ws/src/mtc_config1' with build type 'ament_cmake'
[0.345s] INFO:colcon.colcon_cmake.task.cmake.build:Building CMake package in '/home/golf1234_pc/manipurator_ws/src/mtc_config1'
[0.348s] INFO:colcon.colcon_core.plugin_system:Skipping extension 'colcon_core.shell.bat': Not used on non-Windows systems
[0.348s] INFO:colcon.colcon_core.shell:Skip shell extension 'powershell' for command environment: Not usable outside of PowerShell
[0.348s] DEBUG:colcon.colcon_core.shell:Skip shell extension 'dsv' for command environment
[0.366s] DEBUG:colcon.colcon_core.event_handler.log_command:Invoking command in '/home/golf1234_pc/manipurator_ws/build/mtc_config1': CMAKE_PREFIX_PATH=${CMAKE_PREFIX_PATH}:/home/golf1234_pc/manipurator_ws/install/camera2_ros:/home/golf1234_pc/manipurator_ws/install/server_controllers:/home/golf1234_pc/manipurator_ws/install/mobile_manipurator:/home/golf1234_pc/install/moveit_configs_utils:/home/golf1234_pc/ws_moveit/install/moveit_configs_utils:/home/golf1234_pc/project1_ws/install/server_controllers:/home/golf1234_pc/project1_ws/install/mobile_manipurator:/home/golf1234_pc/project1_ws/install/camera2_ros:/home/golf1234_pc/test1_ws/install/test1:/opt/ros/jazzy DEBUGINFOD_URLS=https://debuginfod.ubuntu.com /usr/bin/cmake --build /home/golf1234_pc/manipurator_ws/build/mtc_config1 -- -j16 -l16
[2.724s] DEBUG:colcon.colcon_core.event_handler.log_command:Invoked command in '/home/golf1234_pc/manipurator_ws/build/mtc_config1' returned '0': CMAKE_PREFIX_PATH=${CMAKE_PREFIX_PATH}:/home/golf1234_pc/manipurator_ws/install/camera2_ros:/home/golf1234_pc/manipurator_ws/install/server_controllers:/home/golf1234_pc/manipurator_ws/install/mobile_manipurator:/home/golf1234_pc/install/moveit_configs_utils:/home/golf1234_pc/ws_moveit/install/moveit_configs_utils:/home/golf1234_pc/project1_ws/install/server_controllers:/home/golf1234_pc/project1_ws/install/mobile_manipurator:/home/golf1234_pc/project1_ws/install/camera2_ros:/home/golf1234_pc/test1_ws/install/test1:/opt/ros/jazzy DEBUGINFOD_URLS=https://debuginfod.ubuntu.com /usr/bin/cmake --build /home/golf1234_pc/manipurator_ws/build/mtc_config1 -- -j16 -l16
[2.737s] DEBUG:colcon.colcon_core.event_handler.log_command:Invoking command in '/home/golf1234_pc/manipurator_ws/build/mtc_config1': CMAKE_PREFIX_PATH=${CMAKE_PREFIX_PATH}:/home/golf1234_pc/manipurator_ws/install/camera2_ros:/home/golf1234_pc/manipurator_ws/install/server_controllers:/home/golf1234_pc/manipurator_ws/install/mobile_manipurator:/home/golf1234_pc/install/moveit_configs_utils:/home/golf1234_pc/ws_moveit/install/moveit_configs_utils:/home/golf1234_pc/project1_ws/install/server_controllers:/home/golf1234_pc/project1_ws/install/mobile_manipurator:/home/golf1234_pc/project1_ws/install/camera2_ros:/home/golf1234_pc/test1_ws/install/test1:/opt/ros/jazzy DEBUGINFOD_URLS=https://debuginfod.ubuntu.com /usr/bin/cmake --install /home/golf1234_pc/manipurator_ws/build/mtc_config1
[2.779s] Level 1:colcon.colcon_core.environment:create_environment_scripts_only(mtc_config1)
[2.781s] DEBUG:colcon.colcon_core.event_handler.log_command:Invoked command in '/home/golf1234_pc/manipurator_ws/build/mtc_config1' returned '0': CMAKE_PREFIX_PATH=${CMAKE_PREFIX_PATH}:/home/golf1234_pc/manipurator_ws/install/camera2_ros:/home/golf1234_pc/manipurator_ws/install/server_controllers:/home/golf1234_pc/manipurator_ws/install/mobile_manipurator:/home/golf1234_pc/install/moveit_configs_utils:/home/golf1234_pc/ws_moveit/install/moveit_configs_utils:/home/golf1234_pc/project1_ws/install/server_controllers:/home/golf1234_pc/project1_ws/install/mobile_manipurator:/home/golf1234_pc/project1_ws/install/camera2_ros:/home/golf1234_pc/test1_ws/install/test1:/opt/ros/jazzy DEBUGINFOD_URLS=https://debuginfod.ubuntu.com /usr/bin/cmake --install /home/golf1234_pc/manipurator_ws/build/mtc_config1
[2.782s] Level 1:colcon.colcon_core.environment:checking '/home/golf1234_pc/manipurator_ws/install/mtc_config1' for CMake module files
[2.783s] Level 1:colcon.colcon_core.environment:checking '/home/golf1234_pc/manipurator_ws/install/mtc_config1' for CMake config files
[2.783s] Level 1:colcon.colcon_core.shell:create_environment_hook('mtc_config1', 'cmake_prefix_path')
[2.783s] INFO:colcon.colcon_core.shell:Creating environment hook '/home/golf1234_pc/manipurator_ws/install/mtc_config1/share/mtc_config1/hook/cmake_prefix_path.ps1'
[2.784s] INFO:colcon.colcon_core.shell:Creating environment descriptor '/home/golf1234_pc/manipurator_ws/install/mtc_config1/share/mtc_config1/hook/cmake_prefix_path.dsv'
[2.784s] INFO:colcon.colcon_core.shell:Creating environment hook '/home/golf1234_pc/manipurator_ws/install/mtc_config1/share/mtc_config1/hook/cmake_prefix_path.sh'
[2.785s] Level 1:colcon.colcon_core.environment:checking '/home/golf1234_pc/manipurator_ws/install/mtc_config1/lib'
[2.785s] Level 1:colcon.colcon_core.environment:checking '/home/golf1234_pc/manipurator_ws/install/mtc_config1/bin'
[2.785s] Level 1:colcon.colcon_core.environment:checking '/home/golf1234_pc/manipurator_ws/install/mtc_config1/lib/pkgconfig/mtc_config1.pc'
[2.786s] Level 1:colcon.colcon_core.environment:checking '/home/golf1234_pc/manipurator_ws/install/mtc_config1/lib/python3.12/site-packages'
[2.786s] Level 1:colcon.colcon_core.environment:checking '/home/golf1234_pc/manipurator_ws/install/mtc_config1/bin'
[2.786s] INFO:colcon.colcon_core.shell:Creating package script '/home/golf1234_pc/manipurator_ws/install/mtc_config1/share/mtc_config1/package.ps1'
[2.787s] INFO:colcon.colcon_core.shell:Creating package descriptor '/home/golf1234_pc/manipurator_ws/install/mtc_config1/share/mtc_config1/package.dsv'
[2.787s] INFO:colcon.colcon_core.shell:Creating package script '/home/golf1234_pc/manipurator_ws/install/mtc_config1/share/mtc_config1/package.sh'
[2.788s] INFO:colcon.colcon_core.shell:Creating package script '/home/golf1234_pc/manipurator_ws/install/mtc_config1/share/mtc_config1/package.bash'
[2.788s] INFO:colcon.colcon_core.shell:Creating package script '/home/golf1234_pc/manipurator_ws/install/mtc_config1/share/mtc_config1/package.zsh'
[2.789s] Level 1:colcon.colcon_core.environment:create_file_with_runtime_dependencies(/home/golf1234_pc/manipurator_ws/install/mtc_config1/share/colcon-core/packages/mtc_config1)
[2.789s] Level 1:colcon.colcon_core.environment:create_environment_scripts_only(mtc_config1)
[2.789s] Level 1:colcon.colcon_core.environment:checking '/home/golf1234_pc/manipurator_ws/install/mtc_config1' for CMake module files
[2.790s] Level 1:colcon.colcon_core.environment:checking '/home/golf1234_pc/manipurator_ws/install/mtc_config1' for CMake config files
[2.790s] Level 1:colcon.colcon_core.shell:create_environment_hook('mtc_config1', 'cmake_prefix_path')
[2.790s] INFO:colcon.colcon_core.shell:Creating environment hook '/home/golf1234_pc/manipurator_ws/install/mtc_config1/share/mtc_config1/hook/cmake_prefix_path.ps1'
[2.790s] INFO:colcon.colcon_core.shell:Creating environment descriptor '/home/golf1234_pc/manipurator_ws/install/mtc_config1/share/mtc_config1/hook/cmake_prefix_path.dsv'
[2.791s] INFO:colcon.colcon_core.shell:Creating environment hook '/home/golf1234_pc/manipurator_ws/install/mtc_config1/share/mtc_config1/hook/cmake_prefix_path.sh'
[2.791s] Level 1:colcon.colcon_core.environment:checking '/home/golf1234_pc/manipurator_ws/install/mtc_config1/lib'
[2.791s] Level 1:colcon.colcon_core.environment:checking '/home/golf1234_pc/manipurator_ws/install/mtc_config1/bin'
[2.791s] Level 1:colcon.colcon_core.environment:checking '/home/golf1234_pc/manipurator_ws/install/mtc_config1/lib/pkgconfig/mtc_config1.pc'
[2.791s] Level 1:colcon.colcon_core.environment:checking '/home/golf1234_pc/manipurator_ws/install/mtc_config1/lib/python3.12/site-packages'
[2.791s] Level 1:colcon.colcon_core.environment:checking '/home/golf1234_pc/manipurator_ws/install/mtc_config1/bin'
[2.791s] INFO:colcon.colcon_core.shell:Creating package script '/home/golf1234_pc/manipurator_ws/install/mtc_config1/share/mtc_config1/package.ps1'
[2.792s] INFO:colcon.colcon_core.shell:Creating package descriptor '/home/golf1234_pc/manipurator_ws/install/mtc_config1/share/mtc_config1/package.dsv'
[2.792s] INFO:colcon.colcon_core.shell:Creating package script '/home/golf1234_pc/manipurator_ws/install/mtc_config1/share/mtc_config1/package.sh'
[2.792s] INFO:colcon.colcon_core.shell:Creating package script '/home/golf1234_pc/manipurator_ws/install/mtc_config1/share/mtc_config1/package.bash'
[2.793s] INFO:colcon.colcon_core.shell:Creating package script '/home/golf1234_pc/manipurator_ws/install/mtc_config1/share/mtc_config1/package.zsh'
[2.793s] Level 1:colcon.colcon_core.environment:create_file_with_runtime_dependencies(/home/golf1234_pc/manipurator_ws/install/mtc_config1/share/colcon-core/packages/mtc_config1)
[2.793s] DEBUG:colcon.colcon_parallel_executor.executor.parallel:closing loop
[2.794s] DEBUG:colcon.colcon_parallel_executor.executor.parallel:loop closed
[2.794s] DEBUG:colcon.colcon_parallel_executor.executor.parallel:run_until_complete finished with '0'
[2.794s] DEBUG:colcon.colcon_core.event_reactor:joining thread
[2.836s] INFO:colcon.colcon_core.plugin_system:Skipping extension 'colcon_notification.desktop_notification.notify_send': Could not find 'notify-send'
[2.836s] INFO:colcon.colcon_core.plugin_system:Skipping extension 'colcon_notification.desktop_notification.terminal_notifier': Not used on non-Darwin systems
[2.836s] INFO:colcon.colcon_core.plugin_system:Skipping extension 'colcon_notification.desktop_notification.win32': Not used on non-Windows systems
[2.836s] INFO:colcon.colcon_notification.desktop_notification:Sending desktop notification using 'notify2'
[2.837s] DEBUG:colcon.colcon_notification.desktop_notification.notify2:Failed to initialize notify2: org.freedesktop.DBus.Error.ServiceUnknown: The name org.freedesktop.Notifications was not provided by any .service files
[2.837s] DEBUG:colcon.colcon_core.event_reactor:joined thread
[2.838s] INFO:colcon.colcon_core.shell:Creating prefix script '/home/golf1234_pc/manipurator_ws/install/local_setup.ps1'
[2.838s] INFO:colcon.colcon_core.shell:Creating prefix util module '/home/golf1234_pc/manipurator_ws/install/_local_setup_util_ps1.py'
[2.839s] INFO:colcon.colcon_core.shell:Creating prefix chain script '/home/golf1234_pc/manipurator_ws/install/setup.ps1'
[2.844s] INFO:colcon.colcon_core.shell:Creating prefix script '/home/golf1234_pc/manipurator_ws/install/local_setup.sh'
[2.844s] INFO:colcon.colcon_core.shell:Creating prefix util module '/home/golf1234_pc/manipurator_ws/install/_local_setup_util_sh.py'
[2.845s] INFO:colcon.colcon_core.shell:Creating prefix chain script '/home/golf1234_pc/manipurator_ws/install/setup.sh'
[2.849s] INFO:colcon.colcon_core.shell:Creating prefix script '/home/golf1234_pc/manipurator_ws/install/local_setup.bash'
[2.850s] INFO:colcon.colcon_core.shell:Creating prefix chain script '/home/golf1234_pc/manipurator_ws/install/setup.bash'
[2.854s] INFO:colcon.colcon_core.shell:Creating prefix script '/home/golf1234_pc/manipurator_ws/install/local_setup.zsh'
[2.854s] INFO:colcon.colcon_core.shell:Creating prefix chain script '/home/golf1234_pc/manipurator_ws/install/setup.zsh'
