[0.213s] DEBUG:colcon:Command line arguments: ['/usr/bin/colcon', 'build', '--symlink-install', '--packages-select', 'camera2_ros']
[0.213s] DEBUG:colcon:Parsed command line arguments: Namespace(log_base=None, log_level=None, verb_name='build', build_base='build', install_base='install', merge_install=False, symlink_install=True, test_result_base=None, continue_on_error=False, executor='parallel', parallel_workers=16, event_handlers=None, ignore_user_meta=False, metas=['./colcon.meta'], base_paths=['.'], packages_ignore=None, packages_ignore_regex=None, paths=None, packages_up_to=None, packages_up_to_regex=None, packages_above=None, packages_above_and_dependencies=None, packages_above_depth=None, packages_select_by_dep=None, packages_skip_by_dep=None, packages_skip_up_to=None, packages_select_build_failed=False, packages_skip_build_finished=False, packages_select_test_failures=False, packages_skip_test_passed=False, packages_select=['camera2_ros'], packages_skip=None, packages_select_regex=None, packages_skip_regex=None, packages_start=None, packages_end=None, allow_overriding=[], cmake_args=None, cmake_target=None, cmake_target_skip_unavailable=False, cmake_clean_cache=False, cmake_clean_first=False, cmake_force_configure=False, ament_cmake_args=None, catkin_cmake_args=None, catkin_skip_building_tests=False, mixin_files=None, mixin=None, verb_parser=<colcon_mixin.mixin.mixin_argument.MixinArgumentDecorator object at 0x7ff1c88e0320>, verb_extension=<colcon_core.verb.build.BuildVerb object at 0x7ff1c8a7b530>, main=<bound method BuildVerb.main of <colcon_core.verb.build.BuildVerb object at 0x7ff1c8a7b530>>, mixin_verb=('build',))
[0.251s] Level 1:colcon.colcon_core.package_discovery:discover_packages(colcon_meta) check parameters
[0.251s] Level 1:colcon.colcon_core.package_discovery:discover_packages(recursive) check parameters
[0.251s] Level 1:colcon.colcon_core.package_discovery:discover_packages(ignore) check parameters
[0.251s] Level 1:colcon.colcon_core.package_discovery:discover_packages(path) check parameters
[0.251s] Level 1:colcon.colcon_core.package_discovery:discover_packages(colcon_meta) discover
[0.251s] Level 1:colcon.colcon_core.package_discovery:discover_packages(recursive) discover
[0.252s] INFO:colcon.colcon_core.package_discovery:Crawling recursively for packages in '/home/golf1234_pc/manipurator_ws'
[0.252s] Level 1:colcon.colcon_core.package_identification:_identify(.) by extensions ['ignore', 'ignore_ament_install']
[0.252s] Level 1:colcon.colcon_core.package_identification:_identify(.) by extension 'ignore'
[0.252s] Level 1:colcon.colcon_core.package_identification:_identify(.) by extension 'ignore_ament_install'
[0.252s] Level 1:colcon.colcon_core.package_identification:_identify(.) by extensions ['colcon_pkg']
[0.252s] Level 1:colcon.colcon_core.package_identification:_identify(.) by extension 'colcon_pkg'
[0.252s] Level 1:colcon.colcon_core.package_identification:_identify(.) by extensions ['colcon_meta']
[0.252s] Level 1:colcon.colcon_core.package_identification:_identify(.) by extension 'colcon_meta'
[0.252s] Level 1:colcon.colcon_core.package_identification:_identify(.) by extensions ['ros']
[0.252s] Level 1:colcon.colcon_core.package_identification:_identify(.) by extension 'ros'
[0.275s] Level 1:colcon.colcon_core.package_identification:_identify(.) by extensions ['cmake', 'python']
[0.275s] Level 1:colcon.colcon_core.package_identification:_identify(.) by extension 'cmake'
[0.275s] Level 1:colcon.colcon_core.package_identification:_identify(.) by extension 'python'
[0.275s] Level 1:colcon.colcon_core.package_identification:_identify(.) by extensions ['python_setup_py']
[0.275s] Level 1:colcon.colcon_core.package_identification:_identify(.) by extension 'python_setup_py'
[0.275s] Level 1:colcon.colcon_core.package_identification:_identify(UI) by extensions ['ignore', 'ignore_ament_install']
[0.275s] Level 1:colcon.colcon_core.package_identification:_identify(UI) by extension 'ignore'
[0.275s] Level 1:colcon.colcon_core.package_identification:_identify(UI) by extension 'ignore_ament_install'
[0.275s] Level 1:colcon.colcon_core.package_identification:_identify(UI) by extensions ['colcon_pkg']
[0.275s] Level 1:colcon.colcon_core.package_identification:_identify(UI) by extension 'colcon_pkg'
[0.276s] Level 1:colcon.colcon_core.package_identification:_identify(UI) by extensions ['colcon_meta']
[0.276s] Level 1:colcon.colcon_core.package_identification:_identify(UI) by extension 'colcon_meta'
[0.276s] Level 1:colcon.colcon_core.package_identification:_identify(UI) by extensions ['ros']
[0.276s] Level 1:colcon.colcon_core.package_identification:_identify(UI) by extension 'ros'
[0.276s] Level 1:colcon.colcon_core.package_identification:_identify(UI) by extensions ['cmake', 'python']
[0.276s] Level 1:colcon.colcon_core.package_identification:_identify(UI) by extension 'cmake'
[0.276s] Level 1:colcon.colcon_core.package_identification:_identify(UI) by extension 'python'
[0.276s] Level 1:colcon.colcon_core.package_identification:_identify(UI) by extensions ['python_setup_py']
[0.276s] Level 1:colcon.colcon_core.package_identification:_identify(UI) by extension 'python_setup_py'
[0.276s] Level 1:colcon.colcon_core.package_identification:_identify(build) by extensions ['ignore', 'ignore_ament_install']
[0.276s] Level 1:colcon.colcon_core.package_identification:_identify(build) by extension 'ignore'
[0.276s] Level 1:colcon.colcon_core.package_identification:_identify(build) ignored
[0.276s] Level 1:colcon.colcon_core.package_identification:_identify(install) by extensions ['ignore', 'ignore_ament_install']
[0.276s] Level 1:colcon.colcon_core.package_identification:_identify(install) by extension 'ignore'
[0.276s] Level 1:colcon.colcon_core.package_identification:_identify(install) ignored
[0.277s] Level 1:colcon.colcon_core.package_identification:_identify(log) by extensions ['ignore', 'ignore_ament_install']
[0.277s] Level 1:colcon.colcon_core.package_identification:_identify(log) by extension 'ignore'
[0.277s] Level 1:colcon.colcon_core.package_identification:_identify(log) ignored
[0.277s] Level 1:colcon.colcon_core.package_identification:_identify(src) by extensions ['ignore', 'ignore_ament_install']
[0.277s] Level 1:colcon.colcon_core.package_identification:_identify(src) by extension 'ignore'
[0.277s] Level 1:colcon.colcon_core.package_identification:_identify(src) by extension 'ignore_ament_install'
[0.277s] Level 1:colcon.colcon_core.package_identification:_identify(src) by extensions ['colcon_pkg']
[0.277s] Level 1:colcon.colcon_core.package_identification:_identify(src) by extension 'colcon_pkg'
[0.277s] Level 1:colcon.colcon_core.package_identification:_identify(src) by extensions ['colcon_meta']
[0.277s] Level 1:colcon.colcon_core.package_identification:_identify(src) by extension 'colcon_meta'
[0.277s] Level 1:colcon.colcon_core.package_identification:_identify(src) by extensions ['ros']
[0.277s] Level 1:colcon.colcon_core.package_identification:_identify(src) by extension 'ros'
[0.277s] Level 1:colcon.colcon_core.package_identification:_identify(src) by extensions ['cmake', 'python']
[0.277s] Level 1:colcon.colcon_core.package_identification:_identify(src) by extension 'cmake'
[0.277s] Level 1:colcon.colcon_core.package_identification:_identify(src) by extension 'python'
[0.277s] Level 1:colcon.colcon_core.package_identification:_identify(src) by extensions ['python_setup_py']
[0.277s] Level 1:colcon.colcon_core.package_identification:_identify(src) by extension 'python_setup_py'
[0.277s] Level 1:colcon.colcon_core.package_identification:_identify(src/camera2_ros) by extensions ['ignore', 'ignore_ament_install']
[0.277s] Level 1:colcon.colcon_core.package_identification:_identify(src/camera2_ros) by extension 'ignore'
[0.277s] Level 1:colcon.colcon_core.package_identification:_identify(src/camera2_ros) by extension 'ignore_ament_install'
[0.278s] Level 1:colcon.colcon_core.package_identification:_identify(src/camera2_ros) by extensions ['colcon_pkg']
[0.278s] Level 1:colcon.colcon_core.package_identification:_identify(src/camera2_ros) by extension 'colcon_pkg'
[0.278s] Level 1:colcon.colcon_core.package_identification:_identify(src/camera2_ros) by extensions ['colcon_meta']
[0.278s] Level 1:colcon.colcon_core.package_identification:_identify(src/camera2_ros) by extension 'colcon_meta'
[0.278s] Level 1:colcon.colcon_core.package_identification:_identify(src/camera2_ros) by extensions ['ros']
[0.278s] Level 1:colcon.colcon_core.package_identification:_identify(src/camera2_ros) by extension 'ros'
[0.280s] DEBUG:colcon.colcon_core.package_identification:Package 'src/camera2_ros' with type 'ros.ament_python' and name 'camera2_ros'
[0.280s] Level 1:colcon.colcon_core.package_identification:_identify(src/car_urdf) by extensions ['ignore', 'ignore_ament_install']
[0.280s] Level 1:colcon.colcon_core.package_identification:_identify(src/car_urdf) by extension 'ignore'
[0.280s] Level 1:colcon.colcon_core.package_identification:_identify(src/car_urdf) by extension 'ignore_ament_install'
[0.280s] Level 1:colcon.colcon_core.package_identification:_identify(src/car_urdf) by extensions ['colcon_pkg']
[0.280s] Level 1:colcon.colcon_core.package_identification:_identify(src/car_urdf) by extension 'colcon_pkg'
[0.280s] Level 1:colcon.colcon_core.package_identification:_identify(src/car_urdf) by extensions ['colcon_meta']
[0.280s] Level 1:colcon.colcon_core.package_identification:_identify(src/car_urdf) by extension 'colcon_meta'
[0.280s] Level 1:colcon.colcon_core.package_identification:_identify(src/car_urdf) by extensions ['ros']
[0.280s] Level 1:colcon.colcon_core.package_identification:_identify(src/car_urdf) by extension 'ros'
[0.281s] DEBUG:colcon.colcon_core.package_identification:Package 'src/car_urdf' with type 'ros.ament_cmake' and name 'car_urdf'
[0.281s] Level 1:colcon.colcon_core.package_identification:_identify(src/config1) by extensions ['ignore', 'ignore_ament_install']
[0.281s] Level 1:colcon.colcon_core.package_identification:_identify(src/config1) by extension 'ignore'
[0.281s] Level 1:colcon.colcon_core.package_identification:_identify(src/config1) by extension 'ignore_ament_install'
[0.281s] Level 1:colcon.colcon_core.package_identification:_identify(src/config1) by extensions ['colcon_pkg']
[0.281s] Level 1:colcon.colcon_core.package_identification:_identify(src/config1) by extension 'colcon_pkg'
[0.281s] Level 1:colcon.colcon_core.package_identification:_identify(src/config1) by extensions ['colcon_meta']
[0.281s] Level 1:colcon.colcon_core.package_identification:_identify(src/config1) by extension 'colcon_meta'
[0.281s] Level 1:colcon.colcon_core.package_identification:_identify(src/config1) by extensions ['ros']
[0.281s] Level 1:colcon.colcon_core.package_identification:_identify(src/config1) by extension 'ros'
[0.281s] DEBUG:colcon.colcon_core.package_identification:Package 'src/config1' with type 'ros.ament_cmake' and name 'config1'
[0.281s] Level 1:colcon.colcon_core.package_identification:_identify(src/interface_manipurator) by extensions ['ignore', 'ignore_ament_install']
[0.282s] Level 1:colcon.colcon_core.package_identification:_identify(src/interface_manipurator) by extension 'ignore'
[0.282s] Level 1:colcon.colcon_core.package_identification:_identify(src/interface_manipurator) by extension 'ignore_ament_install'
[0.282s] Level 1:colcon.colcon_core.package_identification:_identify(src/interface_manipurator) by extensions ['colcon_pkg']
[0.282s] Level 1:colcon.colcon_core.package_identification:_identify(src/interface_manipurator) by extension 'colcon_pkg'
[0.282s] Level 1:colcon.colcon_core.package_identification:_identify(src/interface_manipurator) by extensions ['colcon_meta']
[0.282s] Level 1:colcon.colcon_core.package_identification:_identify(src/interface_manipurator) by extension 'colcon_meta'
[0.282s] Level 1:colcon.colcon_core.package_identification:_identify(src/interface_manipurator) by extensions ['ros']
[0.282s] Level 1:colcon.colcon_core.package_identification:_identify(src/interface_manipurator) by extension 'ros'
[0.282s] DEBUG:colcon.colcon_core.package_identification:Package 'src/interface_manipurator' with type 'ros.ament_cmake' and name 'interface_manipurator'
[0.282s] Level 1:colcon.colcon_core.package_identification:_identify(src/mobile_manipurator) by extensions ['ignore', 'ignore_ament_install']
[0.282s] Level 1:colcon.colcon_core.package_identification:_identify(src/mobile_manipurator) by extension 'ignore'
[0.282s] Level 1:colcon.colcon_core.package_identification:_identify(src/mobile_manipurator) by extension 'ignore_ament_install'
[0.283s] Level 1:colcon.colcon_core.package_identification:_identify(src/mobile_manipurator) by extensions ['colcon_pkg']
[0.283s] Level 1:colcon.colcon_core.package_identification:_identify(src/mobile_manipurator) by extension 'colcon_pkg'
[0.283s] Level 1:colcon.colcon_core.package_identification:_identify(src/mobile_manipurator) by extensions ['colcon_meta']
[0.283s] Level 1:colcon.colcon_core.package_identification:_identify(src/mobile_manipurator) by extension 'colcon_meta'
[0.283s] Level 1:colcon.colcon_core.package_identification:_identify(src/mobile_manipurator) by extensions ['ros']
[0.283s] Level 1:colcon.colcon_core.package_identification:_identify(src/mobile_manipurator) by extension 'ros'
[0.283s] DEBUG:colcon.colcon_core.package_identification:Package 'src/mobile_manipurator' with type 'ros.ament_python' and name 'mobile_manipurator'
[0.283s] Level 1:colcon.colcon_core.package_identification:_identify(src/mtc_config1) by extensions ['ignore', 'ignore_ament_install']
[0.283s] Level 1:colcon.colcon_core.package_identification:_identify(src/mtc_config1) by extension 'ignore'
[0.283s] Level 1:colcon.colcon_core.package_identification:_identify(src/mtc_config1) by extension 'ignore_ament_install'
[0.283s] Level 1:colcon.colcon_core.package_identification:_identify(src/mtc_config1) by extensions ['colcon_pkg']
[0.283s] Level 1:colcon.colcon_core.package_identification:_identify(src/mtc_config1) by extension 'colcon_pkg'
[0.284s] Level 1:colcon.colcon_core.package_identification:_identify(src/mtc_config1) by extensions ['colcon_meta']
[0.284s] Level 1:colcon.colcon_core.package_identification:_identify(src/mtc_config1) by extension 'colcon_meta'
[0.284s] Level 1:colcon.colcon_core.package_identification:_identify(src/mtc_config1) by extensions ['ros']
[0.284s] Level 1:colcon.colcon_core.package_identification:_identify(src/mtc_config1) by extension 'ros'
[0.284s] DEBUG:colcon.colcon_core.package_identification:Package 'src/mtc_config1' with type 'ros.ament_cmake' and name 'mtc_config1'
[0.284s] Level 1:colcon.colcon_core.package_identification:_identify(src/server_controllers) by extensions ['ignore', 'ignore_ament_install']
[0.284s] Level 1:colcon.colcon_core.package_identification:_identify(src/server_controllers) by extension 'ignore'
[0.284s] Level 1:colcon.colcon_core.package_identification:_identify(src/server_controllers) by extension 'ignore_ament_install'
[0.284s] Level 1:colcon.colcon_core.package_identification:_identify(src/server_controllers) by extensions ['colcon_pkg']
[0.284s] Level 1:colcon.colcon_core.package_identification:_identify(src/server_controllers) by extension 'colcon_pkg'
[0.284s] Level 1:colcon.colcon_core.package_identification:_identify(src/server_controllers) by extensions ['colcon_meta']
[0.284s] Level 1:colcon.colcon_core.package_identification:_identify(src/server_controllers) by extension 'colcon_meta'
[0.284s] Level 1:colcon.colcon_core.package_identification:_identify(src/server_controllers) by extensions ['ros']
[0.284s] Level 1:colcon.colcon_core.package_identification:_identify(src/server_controllers) by extension 'ros'
[0.285s] DEBUG:colcon.colcon_core.package_identification:Package 'src/server_controllers' with type 'ros.ament_python' and name 'server_controllers'
[0.285s] Level 1:colcon.colcon_core.package_identification:_identify(src/urdf1) by extensions ['ignore', 'ignore_ament_install']
[0.285s] Level 1:colcon.colcon_core.package_identification:_identify(src/urdf1) by extension 'ignore'
[0.285s] Level 1:colcon.colcon_core.package_identification:_identify(src/urdf1) by extension 'ignore_ament_install'
[0.285s] Level 1:colcon.colcon_core.package_identification:_identify(src/urdf1) by extensions ['colcon_pkg']
[0.285s] Level 1:colcon.colcon_core.package_identification:_identify(src/urdf1) by extension 'colcon_pkg'
[0.285s] Level 1:colcon.colcon_core.package_identification:_identify(src/urdf1) by extensions ['colcon_meta']
[0.285s] Level 1:colcon.colcon_core.package_identification:_identify(src/urdf1) by extension 'colcon_meta'
[0.285s] Level 1:colcon.colcon_core.package_identification:_identify(src/urdf1) by extensions ['ros']
[0.285s] Level 1:colcon.colcon_core.package_identification:_identify(src/urdf1) by extension 'ros'
[0.285s] DEBUG:colcon.colcon_core.package_identification:Package 'src/urdf1' with type 'ros.ament_cmake' and name 'urdf1'
[0.285s] Level 1:colcon.colcon_core.package_identification:_identify(trained_model) by extensions ['ignore', 'ignore_ament_install']
[0.286s] Level 1:colcon.colcon_core.package_identification:_identify(trained_model) by extension 'ignore'
[0.286s] Level 1:colcon.colcon_core.package_identification:_identify(trained_model) by extension 'ignore_ament_install'
[0.286s] Level 1:colcon.colcon_core.package_identification:_identify(trained_model) by extensions ['colcon_pkg']
[0.286s] Level 1:colcon.colcon_core.package_identification:_identify(trained_model) by extension 'colcon_pkg'
[0.286s] Level 1:colcon.colcon_core.package_identification:_identify(trained_model) by extensions ['colcon_meta']
[0.286s] Level 1:colcon.colcon_core.package_identification:_identify(trained_model) by extension 'colcon_meta'
[0.286s] Level 1:colcon.colcon_core.package_identification:_identify(trained_model) by extensions ['ros']
[0.286s] Level 1:colcon.colcon_core.package_identification:_identify(trained_model) by extension 'ros'
[0.286s] Level 1:colcon.colcon_core.package_identification:_identify(trained_model) by extensions ['cmake', 'python']
[0.286s] Level 1:colcon.colcon_core.package_identification:_identify(trained_model) by extension 'cmake'
[0.286s] Level 1:colcon.colcon_core.package_identification:_identify(trained_model) by extension 'python'
[0.286s] Level 1:colcon.colcon_core.package_identification:_identify(trained_model) by extensions ['python_setup_py']
[0.286s] Level 1:colcon.colcon_core.package_identification:_identify(trained_model) by extension 'python_setup_py'
[0.286s] Level 1:colcon.colcon_core.package_discovery:discover_packages(recursive) using defaults
[0.286s] Level 1:colcon.colcon_core.package_discovery:discover_packages(ignore) discover
[0.286s] Level 1:colcon.colcon_core.package_discovery:discover_packages(ignore) using defaults
[0.286s] Level 1:colcon.colcon_core.package_discovery:discover_packages(path) discover
[0.286s] Level 1:colcon.colcon_core.package_discovery:discover_packages(path) using defaults
[0.315s] INFO:colcon.colcon_core.package_selection:Skipping not selected package 'car_urdf' in 'src/car_urdf'
[0.315s] INFO:colcon.colcon_core.package_selection:Skipping not selected package 'interface_manipurator' in 'src/interface_manipurator'
[0.315s] INFO:colcon.colcon_core.package_selection:Skipping not selected package 'mobile_manipurator' in 'src/mobile_manipurator'
[0.315s] INFO:colcon.colcon_core.package_selection:Skipping not selected package 'mtc_config1' in 'src/mtc_config1'
[0.315s] INFO:colcon.colcon_core.package_selection:Skipping not selected package 'server_controllers' in 'src/server_controllers'
[0.315s] INFO:colcon.colcon_core.package_selection:Skipping not selected package 'urdf1' in 'src/urdf1'
[0.315s] INFO:colcon.colcon_core.package_selection:Skipping not selected package 'config1' in 'src/config1'
[0.316s] Level 1:colcon.colcon_core.package_discovery:discover_packages(prefix_path) check parameters
[0.316s] Level 1:colcon.colcon_core.package_discovery:discover_packages(prefix_path) discover
[0.358s] DEBUG:colcon.colcon_installed_package_information.package_discovery:Found 9 installed packages in /home/golf1234_pc/manipurator_ws/install
[0.360s] DEBUG:colcon.colcon_installed_package_information.package_discovery:Found 4 installed packages in /home/golf1234_pc/moveit2_obb/install
[0.362s] DEBUG:colcon.colcon_installed_package_information.package_discovery:Found 73 installed packages in /home/golf1234_pc/ws_moveit/install
[0.363s] DEBUG:colcon.colcon_installed_package_information.package_discovery:Found 33 installed packages in /home/golf1234_pc/project1_ws/install
[0.364s] DEBUG:colcon.colcon_installed_package_information.package_discovery:Found 2 installed packages in /home/golf1234_pc/test1_ws/install
[0.365s] DEBUG:colcon.colcon_installed_package_information.package_discovery:Found 1 installed packages in /home/golf1234_pc/gz_mobile/install
[0.366s] DEBUG:colcon.colcon_installed_package_information.package_discovery:Found 14 installed packages in /home/golf1234_pc/install
[0.369s] DEBUG:colcon.colcon_installed_package_information.package_discovery:Found 431 installed packages in /opt/ros/jazzy
[0.372s] Level 1:colcon.colcon_core.package_discovery:discover_packages(prefix_path) using defaults
[0.580s] Level 5:colcon.colcon_core.verb:set package 'camera2_ros' build argument 'cmake_args' from command line to 'None'
[0.580s] Level 5:colcon.colcon_core.verb:set package 'camera2_ros' build argument 'cmake_target' from command line to 'None'
[0.580s] Level 5:colcon.colcon_core.verb:set package 'camera2_ros' build argument 'cmake_target_skip_unavailable' from command line to 'False'
[0.580s] Level 5:colcon.colcon_core.verb:set package 'camera2_ros' build argument 'cmake_clean_cache' from command line to 'False'
[0.580s] Level 5:colcon.colcon_core.verb:set package 'camera2_ros' build argument 'cmake_clean_first' from command line to 'False'
[0.580s] Level 5:colcon.colcon_core.verb:set package 'camera2_ros' build argument 'cmake_force_configure' from command line to 'False'
[0.580s] Level 5:colcon.colcon_core.verb:set package 'camera2_ros' build argument 'ament_cmake_args' from command line to 'None'
[0.580s] Level 5:colcon.colcon_core.verb:set package 'camera2_ros' build argument 'catkin_cmake_args' from command line to 'None'
[0.580s] Level 5:colcon.colcon_core.verb:set package 'camera2_ros' build argument 'catkin_skip_building_tests' from command line to 'False'
[0.580s] DEBUG:colcon.colcon_core.verb:Building package 'camera2_ros' with the following arguments: {'ament_cmake_args': None, 'build_base': '/home/golf1234_pc/manipurator_ws/build/camera2_ros', 'catkin_cmake_args': None, 'catkin_skip_building_tests': False, 'cmake_args': None, 'cmake_clean_cache': False, 'cmake_clean_first': False, 'cmake_force_configure': False, 'cmake_target': None, 'cmake_target_skip_unavailable': False, 'install_base': '/home/golf1234_pc/manipurator_ws/install/camera2_ros', 'merge_install': False, 'path': '/home/golf1234_pc/manipurator_ws/src/camera2_ros', 'symlink_install': True, 'test_result_base': None}
[0.580s] INFO:colcon.colcon_core.executor:Executing jobs using 'parallel' executor
[0.581s] DEBUG:colcon.colcon_parallel_executor.executor.parallel:run_until_complete
[0.582s] INFO:colcon.colcon_ros.task.ament_python.build:Building ROS package in '/home/golf1234_pc/manipurator_ws/src/camera2_ros' with build type 'ament_python'
[0.582s] Level 1:colcon.colcon_core.shell:create_environment_hook('camera2_ros', 'ament_prefix_path')
[0.588s] INFO:colcon.colcon_core.plugin_system:Skipping extension 'colcon_core.shell.bat': Not used on non-Windows systems
[0.588s] INFO:colcon.colcon_core.shell:Creating environment hook '/home/golf1234_pc/manipurator_ws/install/camera2_ros/share/camera2_ros/hook/ament_prefix_path.ps1'
[0.589s] INFO:colcon.colcon_core.shell:Creating environment descriptor '/home/golf1234_pc/manipurator_ws/install/camera2_ros/share/camera2_ros/hook/ament_prefix_path.dsv'
[0.590s] INFO:colcon.colcon_core.shell:Creating environment hook '/home/golf1234_pc/manipurator_ws/install/camera2_ros/share/camera2_ros/hook/ament_prefix_path.sh'
[0.591s] INFO:colcon.colcon_core.shell:Skip shell extension 'powershell' for command environment: Not usable outside of PowerShell
[0.591s] DEBUG:colcon.colcon_core.shell:Skip shell extension 'dsv' for command environment
[0.904s] INFO:colcon.colcon_core.task.python.build:Building Python package in '/home/golf1234_pc/manipurator_ws/src/camera2_ros'
[0.904s] INFO:colcon.colcon_core.shell:Skip shell extension 'powershell' for command environment: Not usable outside of PowerShell
[0.905s] DEBUG:colcon.colcon_core.shell:Skip shell extension 'dsv' for command environment
[2.012s] DEBUG:colcon.colcon_core.event_handler.log_command:Invoking command in '/home/golf1234_pc/manipurator_ws/build/camera2_ros': DEBUGINFOD_URLS=https://debuginfod.ubuntu.com PYTHONPATH=/home/golf1234_pc/manipurator_ws/build/camera2_ros/prefix_override:/usr/lib/python3/dist-packages/colcon_core/task/python/colcon_distutils_commands:/home/golf1234_pc/manipurator_ws/install/camera2_ros/lib/python3.12/site-packages:${PYTHONPATH} /usr/bin/python3 -W ignore:setup.py install is deprecated -W ignore:easy_install command is deprecated setup.py develop --editable --build-directory /home/golf1234_pc/manipurator_ws/build/camera2_ros/build --no-deps symlink_data
[2.909s] Level 1:colcon.colcon_core.shell:create_environment_hook('camera2_ros', 'pythonpath_develop')
[2.910s] INFO:colcon.colcon_core.shell:Creating environment hook '/home/golf1234_pc/manipurator_ws/build/camera2_ros/share/camera2_ros/hook/pythonpath_develop.ps1'
[2.910s] DEBUG:colcon.colcon_core.event_handler.log_command:Invoked command in '/home/golf1234_pc/manipurator_ws/build/camera2_ros' returned '0': DEBUGINFOD_URLS=https://debuginfod.ubuntu.com PYTHONPATH=/home/golf1234_pc/manipurator_ws/build/camera2_ros/prefix_override:/usr/lib/python3/dist-packages/colcon_core/task/python/colcon_distutils_commands:/home/golf1234_pc/manipurator_ws/install/camera2_ros/lib/python3.12/site-packages:${PYTHONPATH} /usr/bin/python3 -W ignore:setup.py install is deprecated -W ignore:easy_install command is deprecated setup.py develop --editable --build-directory /home/golf1234_pc/manipurator_ws/build/camera2_ros/build --no-deps symlink_data
[2.911s] INFO:colcon.colcon_core.shell:Creating environment descriptor '/home/golf1234_pc/manipurator_ws/build/camera2_ros/share/camera2_ros/hook/pythonpath_develop.dsv'
[2.911s] INFO:colcon.colcon_core.shell:Creating environment hook '/home/golf1234_pc/manipurator_ws/build/camera2_ros/share/camera2_ros/hook/pythonpath_develop.sh'
[2.918s] Level 1:colcon.colcon_core.environment:checking '/home/golf1234_pc/manipurator_ws/install/camera2_ros' for CMake module files
[2.919s] Level 1:colcon.colcon_core.environment:checking '/home/golf1234_pc/manipurator_ws/install/camera2_ros' for CMake config files
[2.922s] Level 1:colcon.colcon_core.environment:checking '/home/golf1234_pc/manipurator_ws/install/camera2_ros/lib'
[2.922s] Level 1:colcon.colcon_core.environment:checking '/home/golf1234_pc/manipurator_ws/install/camera2_ros/bin'
[2.922s] Level 1:colcon.colcon_core.environment:checking '/home/golf1234_pc/manipurator_ws/install/camera2_ros/lib/pkgconfig/camera2_ros.pc'
[2.922s] Level 1:colcon.colcon_core.environment:checking '/home/golf1234_pc/manipurator_ws/install/camera2_ros/lib/python3.12/site-packages'
[2.923s] Level 1:colcon.colcon_core.shell:create_environment_hook('camera2_ros', 'pythonpath')
[2.923s] INFO:colcon.colcon_core.shell:Creating environment hook '/home/golf1234_pc/manipurator_ws/install/camera2_ros/share/camera2_ros/hook/pythonpath.ps1'
[2.923s] INFO:colcon.colcon_core.shell:Creating environment descriptor '/home/golf1234_pc/manipurator_ws/install/camera2_ros/share/camera2_ros/hook/pythonpath.dsv'
[2.924s] INFO:colcon.colcon_core.shell:Creating environment hook '/home/golf1234_pc/manipurator_ws/install/camera2_ros/share/camera2_ros/hook/pythonpath.sh'
[2.924s] Level 1:colcon.colcon_core.environment:checking '/home/golf1234_pc/manipurator_ws/install/camera2_ros/bin'
[2.924s] Level 1:colcon.colcon_core.environment:create_environment_scripts_only(camera2_ros)
[2.925s] INFO:colcon.colcon_core.shell:Creating package script '/home/golf1234_pc/manipurator_ws/install/camera2_ros/share/camera2_ros/package.ps1'
[2.925s] INFO:colcon.colcon_core.shell:Creating package descriptor '/home/golf1234_pc/manipurator_ws/install/camera2_ros/share/camera2_ros/package.dsv'
[2.926s] INFO:colcon.colcon_core.shell:Creating package script '/home/golf1234_pc/manipurator_ws/install/camera2_ros/share/camera2_ros/package.sh'
[2.927s] INFO:colcon.colcon_core.shell:Creating package script '/home/golf1234_pc/manipurator_ws/install/camera2_ros/share/camera2_ros/package.bash'
[2.927s] INFO:colcon.colcon_core.shell:Creating package script '/home/golf1234_pc/manipurator_ws/install/camera2_ros/share/camera2_ros/package.zsh'
[2.928s] Level 1:colcon.colcon_core.environment:create_file_with_runtime_dependencies(/home/golf1234_pc/manipurator_ws/install/camera2_ros/share/colcon-core/packages/camera2_ros)
[2.929s] DEBUG:colcon.colcon_parallel_executor.executor.parallel:closing loop
[2.929s] DEBUG:colcon.colcon_parallel_executor.executor.parallel:loop closed
[2.929s] DEBUG:colcon.colcon_parallel_executor.executor.parallel:run_until_complete finished with '0'
[2.929s] DEBUG:colcon.colcon_core.event_reactor:joining thread
[2.973s] INFO:colcon.colcon_core.plugin_system:Skipping extension 'colcon_notification.desktop_notification.notify_send': Could not find 'notify-send'
[2.973s] INFO:colcon.colcon_core.plugin_system:Skipping extension 'colcon_notification.desktop_notification.terminal_notifier': Not used on non-Darwin systems
[2.974s] INFO:colcon.colcon_core.plugin_system:Skipping extension 'colcon_notification.desktop_notification.win32': Not used on non-Windows systems
[2.974s] INFO:colcon.colcon_notification.desktop_notification:Sending desktop notification using 'notify2'
[2.976s] DEBUG:colcon.colcon_notification.desktop_notification.notify2:Failed to initialize notify2: org.freedesktop.DBus.Error.ServiceUnknown: The name org.freedesktop.Notifications was not provided by any .service files
[2.976s] DEBUG:colcon.colcon_core.event_reactor:joined thread
[2.977s] INFO:colcon.colcon_core.shell:Creating prefix script '/home/golf1234_pc/manipurator_ws/install/local_setup.ps1'
[2.979s] INFO:colcon.colcon_core.shell:Creating prefix util module '/home/golf1234_pc/manipurator_ws/install/_local_setup_util_ps1.py'
[2.981s] INFO:colcon.colcon_core.shell:Creating prefix chain script '/home/golf1234_pc/manipurator_ws/install/setup.ps1'
[2.987s] INFO:colcon.colcon_core.shell:Creating prefix script '/home/golf1234_pc/manipurator_ws/install/local_setup.sh'
[2.988s] INFO:colcon.colcon_core.shell:Creating prefix util module '/home/golf1234_pc/manipurator_ws/install/_local_setup_util_sh.py'
[2.989s] INFO:colcon.colcon_core.shell:Creating prefix chain script '/home/golf1234_pc/manipurator_ws/install/setup.sh'
[2.994s] INFO:colcon.colcon_core.shell:Creating prefix script '/home/golf1234_pc/manipurator_ws/install/local_setup.bash'
[2.995s] INFO:colcon.colcon_core.shell:Creating prefix chain script '/home/golf1234_pc/manipurator_ws/install/setup.bash'
[3.000s] INFO:colcon.colcon_core.shell:Creating prefix script '/home/golf1234_pc/manipurator_ws/install/local_setup.zsh'
[3.001s] INFO:colcon.colcon_core.shell:Creating prefix chain script '/home/golf1234_pc/manipurator_ws/install/setup.zsh'
