[0.026s] Invoking command in '/home/golf1234_pc/manipurator_ws/build/mtc_config1': CMAKE_PREFIX_PATH=${CMAKE_PREFIX_PATH}:/home/golf1234_pc/install/moveit_configs_utils:/home/golf1234_pc/manipurator_ws/install/server_controllers:/home/golf1234_pc/manipurator_ws/install/mobile_manipurator:/home/golf1234_pc/manipurator_ws/install/camera2_ros:/home/golf1234_pc/ws_moveit/install/moveit_configs_utils:/home/golf1234_pc/project1_ws/install/server_controllers:/home/golf1234_pc/project1_ws/install/mobile_manipurator:/home/golf1234_pc/project1_ws/install/camera2_ros:/home/golf1234_pc/test1_ws/install/test1:/opt/ros/jazzy DEBUGINFOD_URLS=https://debuginfod.ubuntu.com /usr/bin/cmake --build /home/golf1234_pc/manipurator_ws/build/mtc_config1 -- -j16 -l16
[0.147s] [ 28%] Built target moveit_controller
[0.147s] [ 28%] Built target mtc_pub
[0.152s] [ 42%] Built target mtc_node
[0.156s] [ 57%] Built target start_mtc
[0.156s] [ 78%] Built target place_node
[0.157s] [ 85%] Built target mtc_place
[0.170s] [ 92%] [32mBuilding CXX object CMakeFiles/mtc_node_test.dir/src/mtc_node_test.cpp.o[0m
[17.540s] [100%] [32m[1mLinking CXX executable mtc_node_test[0m
[18.347s] [100%] Built target mtc_node_test
[18.364s] Invoked command in '/home/golf1234_pc/manipurator_ws/build/mtc_config1' returned '0': CMAKE_PREFIX_PATH=${CMAKE_PREFIX_PATH}:/home/golf1234_pc/install/moveit_configs_utils:/home/golf1234_pc/manipurator_ws/install/server_controllers:/home/golf1234_pc/manipurator_ws/install/mobile_manipurator:/home/golf1234_pc/manipurator_ws/install/camera2_ros:/home/golf1234_pc/ws_moveit/install/moveit_configs_utils:/home/golf1234_pc/project1_ws/install/server_controllers:/home/golf1234_pc/project1_ws/install/mobile_manipurator:/home/golf1234_pc/project1_ws/install/camera2_ros:/home/golf1234_pc/test1_ws/install/test1:/opt/ros/jazzy DEBUGINFOD_URLS=https://debuginfod.ubuntu.com /usr/bin/cmake --build /home/golf1234_pc/manipurator_ws/build/mtc_config1 -- -j16 -l16
[18.379s] Invoking command in '/home/golf1234_pc/manipurator_ws/build/mtc_config1': CMAKE_PREFIX_PATH=${CMAKE_PREFIX_PATH}:/home/golf1234_pc/install/moveit_configs_utils:/home/golf1234_pc/manipurator_ws/install/server_controllers:/home/golf1234_pc/manipurator_ws/install/mobile_manipurator:/home/golf1234_pc/manipurator_ws/install/camera2_ros:/home/golf1234_pc/ws_moveit/install/moveit_configs_utils:/home/golf1234_pc/project1_ws/install/server_controllers:/home/golf1234_pc/project1_ws/install/mobile_manipurator:/home/golf1234_pc/project1_ws/install/camera2_ros:/home/golf1234_pc/test1_ws/install/test1:/opt/ros/jazzy DEBUGINFOD_URLS=https://debuginfod.ubuntu.com /usr/bin/cmake --install /home/golf1234_pc/manipurator_ws/build/mtc_config1
[18.391s] -- Install configuration: ""
[18.392s] -- Execute custom install script
[18.392s] -- Up-to-date symlink: /home/golf1234_pc/manipurator_ws/install/mtc_config1/lib/mtc_config1/mtc_node
[18.392s] -- Up-to-date symlink: /home/golf1234_pc/manipurator_ws/install/mtc_config1/lib/mtc_config1/mtc_node_test
[18.392s] -- Up-to-date symlink: /home/golf1234_pc/manipurator_ws/install/mtc_config1/lib/mtc_config1/mtc_pub
[18.393s] -- Up-to-date symlink: /home/golf1234_pc/manipurator_ws/install/mtc_config1/lib/mtc_config1/start_mtc
[18.393s] -- Up-to-date symlink: /home/golf1234_pc/manipurator_ws/install/mtc_config1/lib/mtc_config1/place_node
[18.393s] -- Up-to-date symlink: /home/golf1234_pc/manipurator_ws/install/mtc_config1/lib/mtc_config1/moveit_controller
[18.393s] -- Up-to-date symlink: /home/golf1234_pc/manipurator_ws/install/mtc_config1/lib/mtc_config1/mtc_place
[18.393s] -- Up-to-date symlink: /home/golf1234_pc/manipurator_ws/install/mtc_config1/share/mtc_config1/launch/mtc.rviz
[18.394s] -- Up-to-date symlink: /home/golf1234_pc/manipurator_ws/install/mtc_config1/share/mtc_config1/launch/mtc_config1.launch.py
[18.394s] -- Up-to-date symlink: /home/golf1234_pc/manipurator_ws/install/mtc_config1/share/mtc_config1/launch/mtc_config1.rviz
[18.394s] -- Up-to-date symlink: /home/golf1234_pc/manipurator_ws/install/mtc_config1/share/mtc_config1/launch/mtc_demo.launch.py
[18.394s] -- Up-to-date symlink: /home/golf1234_pc/manipurator_ws/install/mtc_config1/share/mtc_config1/launch/mtc_pick.launch.py
[18.394s] -- Up-to-date symlink: /home/golf1234_pc/manipurator_ws/install/mtc_config1/share/mtc_config1/launch/mtc_place.launch.py
[18.395s] -- Up-to-date symlink: /home/golf1234_pc/manipurator_ws/install/mtc_config1/share/mtc_config1/launch/server.launch.py
[18.395s] -- Up-to-date symlink: /home/golf1234_pc/manipurator_ws/install/mtc_config1/share/mtc_config1/launch/start_mtc.launch.py
[18.395s] -- Up-to-date symlink: /home/golf1234_pc/manipurator_ws/install/mtc_config1/share/ament_index/resource_index/package_run_dependencies/mtc_config1
[18.395s] -- Up-to-date symlink: /home/golf1234_pc/manipurator_ws/install/mtc_config1/share/ament_index/resource_index/parent_prefix_path/mtc_config1
[18.395s] -- Up-to-date symlink: /home/golf1234_pc/manipurator_ws/install/mtc_config1/share/mtc_config1/environment/ament_prefix_path.sh
[18.395s] -- Up-to-date symlink: /home/golf1234_pc/manipurator_ws/install/mtc_config1/share/mtc_config1/environment/ament_prefix_path.dsv
[18.395s] -- Up-to-date symlink: /home/golf1234_pc/manipurator_ws/install/mtc_config1/share/mtc_config1/environment/path.sh
[18.395s] -- Up-to-date symlink: /home/golf1234_pc/manipurator_ws/install/mtc_config1/share/mtc_config1/environment/path.dsv
[18.395s] -- Up-to-date symlink: /home/golf1234_pc/manipurator_ws/install/mtc_config1/share/mtc_config1/local_setup.bash
[18.396s] -- Up-to-date symlink: /home/golf1234_pc/manipurator_ws/install/mtc_config1/share/mtc_config1/local_setup.sh
[18.396s] -- Up-to-date symlink: /home/golf1234_pc/manipurator_ws/install/mtc_config1/share/mtc_config1/local_setup.zsh
[18.396s] -- Up-to-date symlink: /home/golf1234_pc/manipurator_ws/install/mtc_config1/share/mtc_config1/local_setup.dsv
[18.396s] -- Symlinking: /home/golf1234_pc/manipurator_ws/install/mtc_config1/share/mtc_config1/package.dsv
[18.409s] -- Up-to-date symlink: /home/golf1234_pc/manipurator_ws/install/mtc_config1/share/ament_index/resource_index/packages/mtc_config1
[18.409s] -- Up-to-date symlink: /home/golf1234_pc/manipurator_ws/install/mtc_config1/share/mtc_config1/cmake/mtc_config1Config.cmake
[18.410s] -- Up-to-date symlink: /home/golf1234_pc/manipurator_ws/install/mtc_config1/share/mtc_config1/cmake/mtc_config1Config-version.cmake
[18.410s] -- Up-to-date symlink: /home/golf1234_pc/manipurator_ws/install/mtc_config1/share/mtc_config1/package.xml
[18.412s] Invoked command in '/home/golf1234_pc/manipurator_ws/build/mtc_config1' returned '0': CMAKE_PREFIX_PATH=${CMAKE_PREFIX_PATH}:/home/golf1234_pc/install/moveit_configs_utils:/home/golf1234_pc/manipurator_ws/install/server_controllers:/home/golf1234_pc/manipurator_ws/install/mobile_manipurator:/home/golf1234_pc/manipurator_ws/install/camera2_ros:/home/golf1234_pc/ws_moveit/install/moveit_configs_utils:/home/golf1234_pc/project1_ws/install/server_controllers:/home/golf1234_pc/project1_ws/install/mobile_manipurator:/home/golf1234_pc/project1_ws/install/camera2_ros:/home/golf1234_pc/test1_ws/install/test1:/opt/ros/jazzy DEBUGINFOD_URLS=https://debuginfod.ubuntu.com /usr/bin/cmake --install /home/golf1234_pc/manipurator_ws/build/mtc_config1
