[1.520s] Invoking command in '/home/golf1234_pc/manipurator_ws/src/camera2_ros': DEBUGINFOD_URLS=https://debuginfod.ubuntu.com PYTHONPATH=/home/golf1234_pc/manipurator_ws/build/camera2_ros/prefix_override:/usr/lib/python3/dist-packages/colcon_core/task/python/colcon_distutils_commands:/home/golf1234_pc/manipurator_ws/install/camera2_ros/lib/python3.12/site-packages:${PYTHONPATH} /usr/bin/python3 -W ignore:setup.py install is deprecated -W ignore:easy_install command is deprecated setup.py egg_info --egg-base ../../build/camera2_ros build --build-base /home/golf1234_pc/manipurator_ws/build/camera2_ros/build install --record /home/golf1234_pc/manipurator_ws/build/camera2_ros/install.log --single-version-externally-managed install_data
[1.830s] running egg_info
[1.856s] writing ../../build/camera2_ros/camera2_ros.egg-info/PKG-INFO
[1.856s] writing dependency_links to ../../build/camera2_ros/camera2_ros.egg-info/dependency_links.txt
[1.857s] writing entry points to ../../build/camera2_ros/camera2_ros.egg-info/entry_points.txt
[1.857s] writing requirements to ../../build/camera2_ros/camera2_ros.egg-info/requires.txt
[1.857s] writing top-level names to ../../build/camera2_ros/camera2_ros.egg-info/top_level.txt
[1.910s] reading manifest file '../../build/camera2_ros/camera2_ros.egg-info/SOURCES.txt'
[1.911s] writing manifest file '../../build/camera2_ros/camera2_ros.egg-info/SOURCES.txt'
[1.912s] running build
[1.912s] running build_py
[1.912s] running install
[1.917s] running install_lib
[1.944s] running install_data
[1.944s] running install_egg_info
[1.972s] removing '/home/golf1234_pc/manipurator_ws/install/camera2_ros/lib/python3.12/site-packages/camera2_ros-0.0.0-py3.12.egg-info' (and everything under it)
[1.972s] Copying ../../build/camera2_ros/camera2_ros.egg-info to /home/golf1234_pc/manipurator_ws/install/camera2_ros/lib/python3.12/site-packages/camera2_ros-0.0.0-py3.12.egg-info
[1.973s] running install_scripts
[2.136s] Installing camera2_node script to /home/golf1234_pc/manipurator_ws/install/camera2_ros/lib/camera2_ros
[2.136s] Installing sub_yolo script to /home/golf1234_pc/manipurator_ws/install/camera2_ros/lib/camera2_ros
[2.136s] writing list of installed files to '/home/golf1234_pc/manipurator_ws/build/camera2_ros/install.log'
[2.167s] Invoked command in '/home/golf1234_pc/manipurator_ws/src/camera2_ros' returned '0': DEBUGINFOD_URLS=https://debuginfod.ubuntu.com PYTHONPATH=/home/golf1234_pc/manipurator_ws/build/camera2_ros/prefix_override:/usr/lib/python3/dist-packages/colcon_core/task/python/colcon_distutils_commands:/home/golf1234_pc/manipurator_ws/install/camera2_ros/lib/python3.12/site-packages:${PYTHONPATH} /usr/bin/python3 -W ignore:setup.py install is deprecated -W ignore:easy_install command is deprecated setup.py egg_info --egg-base ../../build/camera2_ros build --build-base /home/golf1234_pc/manipurator_ws/build/camera2_ros/build install --record /home/golf1234_pc/manipurator_ws/build/camera2_ros/install.log --single-version-externally-managed install_data
