[0.215s] DEBUG:colcon:Command line arguments: ['/usr/bin/colcon', 'build', '--symlink-install', '--packages-select', 'interface_manipurator']
[0.215s] DEBUG:colcon:Parsed command line arguments: Namespace(log_base=None, log_level=None, verb_name='build', build_base='build', install_base='install', merge_install=False, symlink_install=True, test_result_base=None, continue_on_error=False, executor='parallel', parallel_workers=16, event_handlers=None, ignore_user_meta=False, metas=['./colcon.meta'], base_paths=['.'], packages_ignore=None, packages_ignore_regex=None, paths=None, packages_up_to=None, packages_up_to_regex=None, packages_above=None, packages_above_and_dependencies=None, packages_above_depth=None, packages_select_by_dep=None, packages_skip_by_dep=None, packages_skip_up_to=None, packages_select_build_failed=False, packages_skip_build_finished=False, packages_select_test_failures=False, packages_skip_test_passed=False, packages_select=['interface_manipurator'], packages_skip=None, packages_select_regex=None, packages_skip_regex=None, packages_start=None, packages_end=None, allow_overriding=[], cmake_args=None, cmake_target=None, cmake_target_skip_unavailable=False, cmake_clean_cache=False, cmake_clean_first=False, cmake_force_configure=False, ament_cmake_args=None, catkin_cmake_args=None, catkin_skip_building_tests=False, mixin_files=None, mixin=None, verb_parser=<colcon_mixin.mixin.mixin_argument.MixinArgumentDecorator object at 0x7f93af490380>, verb_extension=<colcon_core.verb.build.BuildVerb object at 0x7f93af62b800>, main=<bound method BuildVerb.main of <colcon_core.verb.build.BuildVerb object at 0x7f93af62b800>>, mixin_verb=('build',))
[0.248s] Level 1:colcon.colcon_core.package_discovery:discover_packages(colcon_meta) check parameters
[0.248s] Level 1:colcon.colcon_core.package_discovery:discover_packages(recursive) check parameters
[0.248s] Level 1:colcon.colcon_core.package_discovery:discover_packages(ignore) check parameters
[0.248s] Level 1:colcon.colcon_core.package_discovery:discover_packages(path) check parameters
[0.248s] Level 1:colcon.colcon_core.package_discovery:discover_packages(colcon_meta) discover
[0.248s] Level 1:colcon.colcon_core.package_discovery:discover_packages(recursive) discover
[0.248s] INFO:colcon.colcon_core.package_discovery:Crawling recursively for packages in '/home/golf1234_pc/manipurator_ws'
[0.248s] Level 1:colcon.colcon_core.package_identification:_identify(.) by extensions ['ignore', 'ignore_ament_install']
[0.248s] Level 1:colcon.colcon_core.package_identification:_identify(.) by extension 'ignore'
[0.248s] Level 1:colcon.colcon_core.package_identification:_identify(.) by extension 'ignore_ament_install'
[0.248s] Level 1:colcon.colcon_core.package_identification:_identify(.) by extensions ['colcon_pkg']
[0.248s] Level 1:colcon.colcon_core.package_identification:_identify(.) by extension 'colcon_pkg'
[0.248s] Level 1:colcon.colcon_core.package_identification:_identify(.) by extensions ['colcon_meta']
[0.248s] Level 1:colcon.colcon_core.package_identification:_identify(.) by extension 'colcon_meta'
[0.248s] Level 1:colcon.colcon_core.package_identification:_identify(.) by extensions ['ros']
[0.248s] Level 1:colcon.colcon_core.package_identification:_identify(.) by extension 'ros'
[0.271s] Level 1:colcon.colcon_core.package_identification:_identify(.) by extensions ['cmake', 'python']
[0.271s] Level 1:colcon.colcon_core.package_identification:_identify(.) by extension 'cmake'
[0.271s] Level 1:colcon.colcon_core.package_identification:_identify(.) by extension 'python'
[0.271s] Level 1:colcon.colcon_core.package_identification:_identify(.) by extensions ['python_setup_py']
[0.271s] Level 1:colcon.colcon_core.package_identification:_identify(.) by extension 'python_setup_py'
[0.271s] Level 1:colcon.colcon_core.package_identification:_identify(UI) by extensions ['ignore', 'ignore_ament_install']
[0.272s] Level 1:colcon.colcon_core.package_identification:_identify(UI) by extension 'ignore'
[0.272s] Level 1:colcon.colcon_core.package_identification:_identify(UI) by extension 'ignore_ament_install'
[0.272s] Level 1:colcon.colcon_core.package_identification:_identify(UI) by extensions ['colcon_pkg']
[0.272s] Level 1:colcon.colcon_core.package_identification:_identify(UI) by extension 'colcon_pkg'
[0.272s] Level 1:colcon.colcon_core.package_identification:_identify(UI) by extensions ['colcon_meta']
[0.272s] Level 1:colcon.colcon_core.package_identification:_identify(UI) by extension 'colcon_meta'
[0.272s] Level 1:colcon.colcon_core.package_identification:_identify(UI) by extensions ['ros']
[0.272s] Level 1:colcon.colcon_core.package_identification:_identify(UI) by extension 'ros'
[0.272s] Level 1:colcon.colcon_core.package_identification:_identify(UI) by extensions ['cmake', 'python']
[0.272s] Level 1:colcon.colcon_core.package_identification:_identify(UI) by extension 'cmake'
[0.272s] Level 1:colcon.colcon_core.package_identification:_identify(UI) by extension 'python'
[0.272s] Level 1:colcon.colcon_core.package_identification:_identify(UI) by extensions ['python_setup_py']
[0.272s] Level 1:colcon.colcon_core.package_identification:_identify(UI) by extension 'python_setup_py'
[0.272s] Level 1:colcon.colcon_core.package_identification:_identify(build) by extensions ['ignore', 'ignore_ament_install']
[0.272s] Level 1:colcon.colcon_core.package_identification:_identify(build) by extension 'ignore'
[0.272s] Level 1:colcon.colcon_core.package_identification:_identify(build) ignored
[0.273s] Level 1:colcon.colcon_core.package_identification:_identify(install) by extensions ['ignore', 'ignore_ament_install']
[0.273s] Level 1:colcon.colcon_core.package_identification:_identify(install) by extension 'ignore'
[0.273s] Level 1:colcon.colcon_core.package_identification:_identify(install) ignored
[0.273s] Level 1:colcon.colcon_core.package_identification:_identify(log) by extensions ['ignore', 'ignore_ament_install']
[0.273s] Level 1:colcon.colcon_core.package_identification:_identify(log) by extension 'ignore'
[0.273s] Level 1:colcon.colcon_core.package_identification:_identify(log) ignored
[0.273s] Level 1:colcon.colcon_core.package_identification:_identify(src) by extensions ['ignore', 'ignore_ament_install']
[0.273s] Level 1:colcon.colcon_core.package_identification:_identify(src) by extension 'ignore'
[0.273s] Level 1:colcon.colcon_core.package_identification:_identify(src) by extension 'ignore_ament_install'
[0.273s] Level 1:colcon.colcon_core.package_identification:_identify(src) by extensions ['colcon_pkg']
[0.273s] Level 1:colcon.colcon_core.package_identification:_identify(src) by extension 'colcon_pkg'
[0.274s] Level 1:colcon.colcon_core.package_identification:_identify(src) by extensions ['colcon_meta']
[0.274s] Level 1:colcon.colcon_core.package_identification:_identify(src) by extension 'colcon_meta'
[0.274s] Level 1:colcon.colcon_core.package_identification:_identify(src) by extensions ['ros']
[0.274s] Level 1:colcon.colcon_core.package_identification:_identify(src) by extension 'ros'
[0.274s] Level 1:colcon.colcon_core.package_identification:_identify(src) by extensions ['cmake', 'python']
[0.274s] Level 1:colcon.colcon_core.package_identification:_identify(src) by extension 'cmake'
[0.274s] Level 1:colcon.colcon_core.package_identification:_identify(src) by extension 'python'
[0.274s] Level 1:colcon.colcon_core.package_identification:_identify(src) by extensions ['python_setup_py']
[0.274s] Level 1:colcon.colcon_core.package_identification:_identify(src) by extension 'python_setup_py'
[0.274s] Level 1:colcon.colcon_core.package_identification:_identify(src/camera2_ros) by extensions ['ignore', 'ignore_ament_install']
[0.274s] Level 1:colcon.colcon_core.package_identification:_identify(src/camera2_ros) by extension 'ignore'
[0.274s] Level 1:colcon.colcon_core.package_identification:_identify(src/camera2_ros) by extension 'ignore_ament_install'
[0.274s] Level 1:colcon.colcon_core.package_identification:_identify(src/camera2_ros) by extensions ['colcon_pkg']
[0.274s] Level 1:colcon.colcon_core.package_identification:_identify(src/camera2_ros) by extension 'colcon_pkg'
[0.274s] Level 1:colcon.colcon_core.package_identification:_identify(src/camera2_ros) by extensions ['colcon_meta']
[0.274s] Level 1:colcon.colcon_core.package_identification:_identify(src/camera2_ros) by extension 'colcon_meta'
[0.274s] Level 1:colcon.colcon_core.package_identification:_identify(src/camera2_ros) by extensions ['ros']
[0.274s] Level 1:colcon.colcon_core.package_identification:_identify(src/camera2_ros) by extension 'ros'
[0.277s] DEBUG:colcon.colcon_core.package_identification:Package 'src/camera2_ros' with type 'ros.ament_python' and name 'camera2_ros'
[0.277s] Level 1:colcon.colcon_core.package_identification:_identify(src/car_urdf) by extensions ['ignore', 'ignore_ament_install']
[0.277s] Level 1:colcon.colcon_core.package_identification:_identify(src/car_urdf) by extension 'ignore'
[0.277s] Level 1:colcon.colcon_core.package_identification:_identify(src/car_urdf) by extension 'ignore_ament_install'
[0.277s] Level 1:colcon.colcon_core.package_identification:_identify(src/car_urdf) by extensions ['colcon_pkg']
[0.277s] Level 1:colcon.colcon_core.package_identification:_identify(src/car_urdf) by extension 'colcon_pkg'
[0.277s] Level 1:colcon.colcon_core.package_identification:_identify(src/car_urdf) by extensions ['colcon_meta']
[0.277s] Level 1:colcon.colcon_core.package_identification:_identify(src/car_urdf) by extension 'colcon_meta'
[0.277s] Level 1:colcon.colcon_core.package_identification:_identify(src/car_urdf) by extensions ['ros']
[0.277s] Level 1:colcon.colcon_core.package_identification:_identify(src/car_urdf) by extension 'ros'
[0.277s] DEBUG:colcon.colcon_core.package_identification:Package 'src/car_urdf' with type 'ros.ament_cmake' and name 'car_urdf'
[0.278s] Level 1:colcon.colcon_core.package_identification:_identify(src/config1) by extensions ['ignore', 'ignore_ament_install']
[0.278s] Level 1:colcon.colcon_core.package_identification:_identify(src/config1) by extension 'ignore'
[0.278s] Level 1:colcon.colcon_core.package_identification:_identify(src/config1) by extension 'ignore_ament_install'
[0.278s] Level 1:colcon.colcon_core.package_identification:_identify(src/config1) by extensions ['colcon_pkg']
[0.278s] Level 1:colcon.colcon_core.package_identification:_identify(src/config1) by extension 'colcon_pkg'
[0.278s] Level 1:colcon.colcon_core.package_identification:_identify(src/config1) by extensions ['colcon_meta']
[0.278s] Level 1:colcon.colcon_core.package_identification:_identify(src/config1) by extension 'colcon_meta'
[0.278s] Level 1:colcon.colcon_core.package_identification:_identify(src/config1) by extensions ['ros']
[0.278s] Level 1:colcon.colcon_core.package_identification:_identify(src/config1) by extension 'ros'
[0.278s] DEBUG:colcon.colcon_core.package_identification:Package 'src/config1' with type 'ros.ament_cmake' and name 'config1'
[0.279s] Level 1:colcon.colcon_core.package_identification:_identify(src/interface_manipurator) by extensions ['ignore', 'ignore_ament_install']
[0.279s] Level 1:colcon.colcon_core.package_identification:_identify(src/interface_manipurator) by extension 'ignore'
[0.279s] Level 1:colcon.colcon_core.package_identification:_identify(src/interface_manipurator) by extension 'ignore_ament_install'
[0.279s] Level 1:colcon.colcon_core.package_identification:_identify(src/interface_manipurator) by extensions ['colcon_pkg']
[0.279s] Level 1:colcon.colcon_core.package_identification:_identify(src/interface_manipurator) by extension 'colcon_pkg'
[0.279s] Level 1:colcon.colcon_core.package_identification:_identify(src/interface_manipurator) by extensions ['colcon_meta']
[0.279s] Level 1:colcon.colcon_core.package_identification:_identify(src/interface_manipurator) by extension 'colcon_meta'
[0.279s] Level 1:colcon.colcon_core.package_identification:_identify(src/interface_manipurator) by extensions ['ros']
[0.279s] Level 1:colcon.colcon_core.package_identification:_identify(src/interface_manipurator) by extension 'ros'
[0.279s] DEBUG:colcon.colcon_core.package_identification:Package 'src/interface_manipurator' with type 'ros.ament_cmake' and name 'interface_manipurator'
[0.279s] Level 1:colcon.colcon_core.package_identification:_identify(src/mobile_manipurator) by extensions ['ignore', 'ignore_ament_install']
[0.279s] Level 1:colcon.colcon_core.package_identification:_identify(src/mobile_manipurator) by extension 'ignore'
[0.280s] Level 1:colcon.colcon_core.package_identification:_identify(src/mobile_manipurator) by extension 'ignore_ament_install'
[0.280s] Level 1:colcon.colcon_core.package_identification:_identify(src/mobile_manipurator) by extensions ['colcon_pkg']
[0.280s] Level 1:colcon.colcon_core.package_identification:_identify(src/mobile_manipurator) by extension 'colcon_pkg'
[0.280s] Level 1:colcon.colcon_core.package_identification:_identify(src/mobile_manipurator) by extensions ['colcon_meta']
[0.280s] Level 1:colcon.colcon_core.package_identification:_identify(src/mobile_manipurator) by extension 'colcon_meta'
[0.280s] Level 1:colcon.colcon_core.package_identification:_identify(src/mobile_manipurator) by extensions ['ros']
[0.280s] Level 1:colcon.colcon_core.package_identification:_identify(src/mobile_manipurator) by extension 'ros'
[0.280s] DEBUG:colcon.colcon_core.package_identification:Package 'src/mobile_manipurator' with type 'ros.ament_python' and name 'mobile_manipurator'
[0.280s] Level 1:colcon.colcon_core.package_identification:_identify(src/mtc_config1) by extensions ['ignore', 'ignore_ament_install']
[0.280s] Level 1:colcon.colcon_core.package_identification:_identify(src/mtc_config1) by extension 'ignore'
[0.281s] Level 1:colcon.colcon_core.package_identification:_identify(src/mtc_config1) by extension 'ignore_ament_install'
[0.281s] Level 1:colcon.colcon_core.package_identification:_identify(src/mtc_config1) by extensions ['colcon_pkg']
[0.281s] Level 1:colcon.colcon_core.package_identification:_identify(src/mtc_config1) by extension 'colcon_pkg'
[0.281s] Level 1:colcon.colcon_core.package_identification:_identify(src/mtc_config1) by extensions ['colcon_meta']
[0.281s] Level 1:colcon.colcon_core.package_identification:_identify(src/mtc_config1) by extension 'colcon_meta'
[0.281s] Level 1:colcon.colcon_core.package_identification:_identify(src/mtc_config1) by extensions ['ros']
[0.281s] Level 1:colcon.colcon_core.package_identification:_identify(src/mtc_config1) by extension 'ros'
[0.281s] DEBUG:colcon.colcon_core.package_identification:Package 'src/mtc_config1' with type 'ros.ament_cmake' and name 'mtc_config1'
[0.281s] Level 1:colcon.colcon_core.package_identification:_identify(src/server_controllers) by extensions ['ignore', 'ignore_ament_install']
[0.281s] Level 1:colcon.colcon_core.package_identification:_identify(src/server_controllers) by extension 'ignore'
[0.281s] Level 1:colcon.colcon_core.package_identification:_identify(src/server_controllers) by extension 'ignore_ament_install'
[0.281s] Level 1:colcon.colcon_core.package_identification:_identify(src/server_controllers) by extensions ['colcon_pkg']
[0.281s] Level 1:colcon.colcon_core.package_identification:_identify(src/server_controllers) by extension 'colcon_pkg'
[0.282s] Level 1:colcon.colcon_core.package_identification:_identify(src/server_controllers) by extensions ['colcon_meta']
[0.282s] Level 1:colcon.colcon_core.package_identification:_identify(src/server_controllers) by extension 'colcon_meta'
[0.282s] Level 1:colcon.colcon_core.package_identification:_identify(src/server_controllers) by extensions ['ros']
[0.282s] Level 1:colcon.colcon_core.package_identification:_identify(src/server_controllers) by extension 'ros'
[0.282s] DEBUG:colcon.colcon_core.package_identification:Package 'src/server_controllers' with type 'ros.ament_python' and name 'server_controllers'
[0.282s] Level 1:colcon.colcon_core.package_identification:_identify(src/urdf1) by extensions ['ignore', 'ignore_ament_install']
[0.282s] Level 1:colcon.colcon_core.package_identification:_identify(src/urdf1) by extension 'ignore'
[0.282s] Level 1:colcon.colcon_core.package_identification:_identify(src/urdf1) by extension 'ignore_ament_install'
[0.282s] Level 1:colcon.colcon_core.package_identification:_identify(src/urdf1) by extensions ['colcon_pkg']
[0.282s] Level 1:colcon.colcon_core.package_identification:_identify(src/urdf1) by extension 'colcon_pkg'
[0.283s] Level 1:colcon.colcon_core.package_identification:_identify(src/urdf1) by extensions ['colcon_meta']
[0.283s] Level 1:colcon.colcon_core.package_identification:_identify(src/urdf1) by extension 'colcon_meta'
[0.283s] Level 1:colcon.colcon_core.package_identification:_identify(src/urdf1) by extensions ['ros']
[0.283s] Level 1:colcon.colcon_core.package_identification:_identify(src/urdf1) by extension 'ros'
[0.283s] DEBUG:colcon.colcon_core.package_identification:Package 'src/urdf1' with type 'ros.ament_cmake' and name 'urdf1'
[0.283s] Level 1:colcon.colcon_core.package_identification:_identify(trained_model) by extensions ['ignore', 'ignore_ament_install']
[0.283s] Level 1:colcon.colcon_core.package_identification:_identify(trained_model) by extension 'ignore'
[0.283s] Level 1:colcon.colcon_core.package_identification:_identify(trained_model) by extension 'ignore_ament_install'
[0.283s] Level 1:colcon.colcon_core.package_identification:_identify(trained_model) by extensions ['colcon_pkg']
[0.283s] Level 1:colcon.colcon_core.package_identification:_identify(trained_model) by extension 'colcon_pkg'
[0.283s] Level 1:colcon.colcon_core.package_identification:_identify(trained_model) by extensions ['colcon_meta']
[0.283s] Level 1:colcon.colcon_core.package_identification:_identify(trained_model) by extension 'colcon_meta'
[0.283s] Level 1:colcon.colcon_core.package_identification:_identify(trained_model) by extensions ['ros']
[0.283s] Level 1:colcon.colcon_core.package_identification:_identify(trained_model) by extension 'ros'
[0.284s] Level 1:colcon.colcon_core.package_identification:_identify(trained_model) by extensions ['cmake', 'python']
[0.284s] Level 1:colcon.colcon_core.package_identification:_identify(trained_model) by extension 'cmake'
[0.284s] Level 1:colcon.colcon_core.package_identification:_identify(trained_model) by extension 'python'
[0.284s] Level 1:colcon.colcon_core.package_identification:_identify(trained_model) by extensions ['python_setup_py']
[0.284s] Level 1:colcon.colcon_core.package_identification:_identify(trained_model) by extension 'python_setup_py'
[0.284s] Level 1:colcon.colcon_core.package_discovery:discover_packages(recursive) using defaults
[0.284s] Level 1:colcon.colcon_core.package_discovery:discover_packages(ignore) discover
[0.284s] Level 1:colcon.colcon_core.package_discovery:discover_packages(ignore) using defaults
[0.284s] Level 1:colcon.colcon_core.package_discovery:discover_packages(path) discover
[0.284s] Level 1:colcon.colcon_core.package_discovery:discover_packages(path) using defaults
[0.301s] INFO:colcon.colcon_core.package_selection:Skipping not selected package 'camera2_ros' in 'src/camera2_ros'
[0.301s] INFO:colcon.colcon_core.package_selection:Skipping not selected package 'car_urdf' in 'src/car_urdf'
[0.301s] INFO:colcon.colcon_core.package_selection:Skipping not selected package 'mobile_manipurator' in 'src/mobile_manipurator'
[0.301s] INFO:colcon.colcon_core.package_selection:Skipping not selected package 'mtc_config1' in 'src/mtc_config1'
[0.301s] INFO:colcon.colcon_core.package_selection:Skipping not selected package 'server_controllers' in 'src/server_controllers'
[0.301s] INFO:colcon.colcon_core.package_selection:Skipping not selected package 'urdf1' in 'src/urdf1'
[0.302s] INFO:colcon.colcon_core.package_selection:Skipping not selected package 'config1' in 'src/config1'
[0.302s] Level 1:colcon.colcon_core.package_discovery:discover_packages(prefix_path) check parameters
[0.302s] Level 1:colcon.colcon_core.package_discovery:discover_packages(prefix_path) discover
[0.345s] DEBUG:colcon.colcon_installed_package_information.package_discovery:Found 8 installed packages in /home/golf1234_pc/manipurator_ws/install
[0.345s] DEBUG:colcon.colcon_installed_package_information.package_discovery:Found 4 installed packages in /home/golf1234_pc/moveit2_obb/install
[0.347s] DEBUG:colcon.colcon_installed_package_information.package_discovery:Found 73 installed packages in /home/golf1234_pc/ws_moveit/install
[0.348s] DEBUG:colcon.colcon_installed_package_information.package_discovery:Found 33 installed packages in /home/golf1234_pc/project1_ws/install
[0.349s] DEBUG:colcon.colcon_installed_package_information.package_discovery:Found 2 installed packages in /home/golf1234_pc/test1_ws/install
[0.349s] DEBUG:colcon.colcon_installed_package_information.package_discovery:Found 1 installed packages in /home/golf1234_pc/gz_mobile/install
[0.350s] DEBUG:colcon.colcon_installed_package_information.package_discovery:Found 14 installed packages in /home/golf1234_pc/install
[0.352s] DEBUG:colcon.colcon_installed_package_information.package_discovery:Found 431 installed packages in /opt/ros/jazzy
[0.355s] Level 1:colcon.colcon_core.package_discovery:discover_packages(prefix_path) using defaults
[0.468s] Level 5:colcon.colcon_core.verb:set package 'interface_manipurator' build argument 'cmake_args' from command line to 'None'
[0.468s] Level 5:colcon.colcon_core.verb:set package 'interface_manipurator' build argument 'cmake_target' from command line to 'None'
[0.468s] Level 5:colcon.colcon_core.verb:set package 'interface_manipurator' build argument 'cmake_target_skip_unavailable' from command line to 'False'
[0.468s] Level 5:colcon.colcon_core.verb:set package 'interface_manipurator' build argument 'cmake_clean_cache' from command line to 'False'
[0.468s] Level 5:colcon.colcon_core.verb:set package 'interface_manipurator' build argument 'cmake_clean_first' from command line to 'False'
[0.468s] Level 5:colcon.colcon_core.verb:set package 'interface_manipurator' build argument 'cmake_force_configure' from command line to 'False'
[0.468s] Level 5:colcon.colcon_core.verb:set package 'interface_manipurator' build argument 'ament_cmake_args' from command line to 'None'
[0.468s] Level 5:colcon.colcon_core.verb:set package 'interface_manipurator' build argument 'catkin_cmake_args' from command line to 'None'
[0.468s] Level 5:colcon.colcon_core.verb:set package 'interface_manipurator' build argument 'catkin_skip_building_tests' from command line to 'False'
[0.468s] DEBUG:colcon.colcon_core.verb:Building package 'interface_manipurator' with the following arguments: {'ament_cmake_args': None, 'build_base': '/home/golf1234_pc/manipurator_ws/build/interface_manipurator', 'catkin_cmake_args': None, 'catkin_skip_building_tests': False, 'cmake_args': None, 'cmake_clean_cache': False, 'cmake_clean_first': False, 'cmake_force_configure': False, 'cmake_target': None, 'cmake_target_skip_unavailable': False, 'install_base': '/home/golf1234_pc/manipurator_ws/install/interface_manipurator', 'merge_install': False, 'path': '/home/golf1234_pc/manipurator_ws/src/interface_manipurator', 'symlink_install': True, 'test_result_base': None}
[0.468s] INFO:colcon.colcon_core.executor:Executing jobs using 'parallel' executor
[0.469s] DEBUG:colcon.colcon_parallel_executor.executor.parallel:run_until_complete
[0.470s] INFO:colcon.colcon_ros.task.ament_cmake.build:Building ROS package in '/home/golf1234_pc/manipurator_ws/src/interface_manipurator' with build type 'ament_cmake'
[0.470s] INFO:colcon.colcon_cmake.task.cmake.build:Building CMake package in '/home/golf1234_pc/manipurator_ws/src/interface_manipurator'
[0.475s] INFO:colcon.colcon_core.plugin_system:Skipping extension 'colcon_core.shell.bat': Not used on non-Windows systems
[0.475s] INFO:colcon.colcon_core.shell:Skip shell extension 'powershell' for command environment: Not usable outside of PowerShell
[0.475s] DEBUG:colcon.colcon_core.shell:Skip shell extension 'dsv' for command environment
[0.496s] DEBUG:colcon.colcon_core.event_handler.log_command:Invoking command in '/home/golf1234_pc/manipurator_ws/build/interface_manipurator': CMAKE_PREFIX_PATH=${CMAKE_PREFIX_PATH}:/home/golf1234_pc/install/moveit_configs_utils:/home/golf1234_pc/manipurator_ws/install/server_controllers:/home/golf1234_pc/manipurator_ws/install/mobile_manipurator:/home/golf1234_pc/manipurator_ws/install/camera2_ros:/home/golf1234_pc/ws_moveit/install/moveit_configs_utils:/home/golf1234_pc/project1_ws/install/server_controllers:/home/golf1234_pc/project1_ws/install/mobile_manipurator:/home/golf1234_pc/project1_ws/install/camera2_ros:/home/golf1234_pc/test1_ws/install/test1:/opt/ros/jazzy DEBUGINFOD_URLS=https://debuginfod.ubuntu.com /usr/bin/cmake /home/golf1234_pc/manipurator_ws/src/interface_manipurator -DAMENT_CMAKE_SYMLINK_INSTALL=1 -DCMAKE_INSTALL_PREFIX=/home/golf1234_pc/manipurator_ws/install/interface_manipurator
[7.058s] DEBUG:colcon.colcon_core.event_handler.log_command:Invoked command in '/home/golf1234_pc/manipurator_ws/build/interface_manipurator' returned '0': CMAKE_PREFIX_PATH=${CMAKE_PREFIX_PATH}:/home/golf1234_pc/install/moveit_configs_utils:/home/golf1234_pc/manipurator_ws/install/server_controllers:/home/golf1234_pc/manipurator_ws/install/mobile_manipurator:/home/golf1234_pc/manipurator_ws/install/camera2_ros:/home/golf1234_pc/ws_moveit/install/moveit_configs_utils:/home/golf1234_pc/project1_ws/install/server_controllers:/home/golf1234_pc/project1_ws/install/mobile_manipurator:/home/golf1234_pc/project1_ws/install/camera2_ros:/home/golf1234_pc/test1_ws/install/test1:/opt/ros/jazzy DEBUGINFOD_URLS=https://debuginfod.ubuntu.com /usr/bin/cmake /home/golf1234_pc/manipurator_ws/src/interface_manipurator -DAMENT_CMAKE_SYMLINK_INSTALL=1 -DCMAKE_INSTALL_PREFIX=/home/golf1234_pc/manipurator_ws/install/interface_manipurator
[7.059s] DEBUG:colcon.colcon_core.event_handler.log_command:Invoking command in '/home/golf1234_pc/manipurator_ws/build/interface_manipurator': CMAKE_PREFIX_PATH=${CMAKE_PREFIX_PATH}:/home/golf1234_pc/install/moveit_configs_utils:/home/golf1234_pc/manipurator_ws/install/server_controllers:/home/golf1234_pc/manipurator_ws/install/mobile_manipurator:/home/golf1234_pc/manipurator_ws/install/camera2_ros:/home/golf1234_pc/ws_moveit/install/moveit_configs_utils:/home/golf1234_pc/project1_ws/install/server_controllers:/home/golf1234_pc/project1_ws/install/mobile_manipurator:/home/golf1234_pc/project1_ws/install/camera2_ros:/home/golf1234_pc/test1_ws/install/test1:/opt/ros/jazzy DEBUGINFOD_URLS=https://debuginfod.ubuntu.com /usr/bin/cmake --build /home/golf1234_pc/manipurator_ws/build/interface_manipurator -- -j16 -l16
[9.737s] DEBUG:colcon.colcon_core.event_handler.log_command:Invoked command in '/home/golf1234_pc/manipurator_ws/build/interface_manipurator' returned '0': CMAKE_PREFIX_PATH=${CMAKE_PREFIX_PATH}:/home/golf1234_pc/install/moveit_configs_utils:/home/golf1234_pc/manipurator_ws/install/server_controllers:/home/golf1234_pc/manipurator_ws/install/mobile_manipurator:/home/golf1234_pc/manipurator_ws/install/camera2_ros:/home/golf1234_pc/ws_moveit/install/moveit_configs_utils:/home/golf1234_pc/project1_ws/install/server_controllers:/home/golf1234_pc/project1_ws/install/mobile_manipurator:/home/golf1234_pc/project1_ws/install/camera2_ros:/home/golf1234_pc/test1_ws/install/test1:/opt/ros/jazzy DEBUGINFOD_URLS=https://debuginfod.ubuntu.com /usr/bin/cmake --build /home/golf1234_pc/manipurator_ws/build/interface_manipurator -- -j16 -l16
[9.752s] DEBUG:colcon.colcon_core.event_handler.log_command:Invoking command in '/home/golf1234_pc/manipurator_ws/build/interface_manipurator': CMAKE_PREFIX_PATH=${CMAKE_PREFIX_PATH}:/home/golf1234_pc/install/moveit_configs_utils:/home/golf1234_pc/manipurator_ws/install/server_controllers:/home/golf1234_pc/manipurator_ws/install/mobile_manipurator:/home/golf1234_pc/manipurator_ws/install/camera2_ros:/home/golf1234_pc/ws_moveit/install/moveit_configs_utils:/home/golf1234_pc/project1_ws/install/server_controllers:/home/golf1234_pc/project1_ws/install/mobile_manipurator:/home/golf1234_pc/project1_ws/install/camera2_ros:/home/golf1234_pc/test1_ws/install/test1:/opt/ros/jazzy DEBUGINFOD_URLS=https://debuginfod.ubuntu.com /usr/bin/cmake --install /home/golf1234_pc/manipurator_ws/build/interface_manipurator
[10.768s] Level 1:colcon.colcon_core.environment:create_environment_scripts_only(interface_manipurator)
[10.769s] DEBUG:colcon.colcon_core.event_handler.log_command:Invoked command in '/home/golf1234_pc/manipurator_ws/build/interface_manipurator' returned '0': CMAKE_PREFIX_PATH=${CMAKE_PREFIX_PATH}:/home/golf1234_pc/install/moveit_configs_utils:/home/golf1234_pc/manipurator_ws/install/server_controllers:/home/golf1234_pc/manipurator_ws/install/mobile_manipurator:/home/golf1234_pc/manipurator_ws/install/camera2_ros:/home/golf1234_pc/ws_moveit/install/moveit_configs_utils:/home/golf1234_pc/project1_ws/install/server_controllers:/home/golf1234_pc/project1_ws/install/mobile_manipurator:/home/golf1234_pc/project1_ws/install/camera2_ros:/home/golf1234_pc/test1_ws/install/test1:/opt/ros/jazzy DEBUGINFOD_URLS=https://debuginfod.ubuntu.com /usr/bin/cmake --install /home/golf1234_pc/manipurator_ws/build/interface_manipurator
[10.775s] Level 1:colcon.colcon_core.environment:checking '/home/golf1234_pc/manipurator_ws/install/interface_manipurator' for CMake module files
[10.775s] Level 1:colcon.colcon_core.environment:checking '/home/golf1234_pc/manipurator_ws/install/interface_manipurator' for CMake config files
[10.776s] Level 1:colcon.colcon_core.shell:create_environment_hook('interface_manipurator', 'cmake_prefix_path')
[10.776s] INFO:colcon.colcon_core.shell:Creating environment hook '/home/golf1234_pc/manipurator_ws/install/interface_manipurator/share/interface_manipurator/hook/cmake_prefix_path.ps1'
[10.777s] INFO:colcon.colcon_core.shell:Creating environment descriptor '/home/golf1234_pc/manipurator_ws/install/interface_manipurator/share/interface_manipurator/hook/cmake_prefix_path.dsv'
[10.778s] INFO:colcon.colcon_core.shell:Creating environment hook '/home/golf1234_pc/manipurator_ws/install/interface_manipurator/share/interface_manipurator/hook/cmake_prefix_path.sh'
[10.779s] Level 1:colcon.colcon_core.environment:checking '/home/golf1234_pc/manipurator_ws/install/interface_manipurator/lib'
[10.779s] Level 1:colcon.colcon_core.shell:create_environment_hook('interface_manipurator', 'ld_library_path_lib')
[10.780s] INFO:colcon.colcon_core.shell:Creating environment hook '/home/golf1234_pc/manipurator_ws/install/interface_manipurator/share/interface_manipurator/hook/ld_library_path_lib.ps1'
[10.780s] INFO:colcon.colcon_core.shell:Creating environment descriptor '/home/golf1234_pc/manipurator_ws/install/interface_manipurator/share/interface_manipurator/hook/ld_library_path_lib.dsv'
[10.780s] INFO:colcon.colcon_core.shell:Creating environment hook '/home/golf1234_pc/manipurator_ws/install/interface_manipurator/share/interface_manipurator/hook/ld_library_path_lib.sh'
[10.781s] Level 1:colcon.colcon_core.environment:checking '/home/golf1234_pc/manipurator_ws/install/interface_manipurator/bin'
[10.781s] Level 1:colcon.colcon_core.environment:checking '/home/golf1234_pc/manipurator_ws/install/interface_manipurator/lib/pkgconfig/interface_manipurator.pc'
[10.781s] Level 1:colcon.colcon_core.environment:checking '/home/golf1234_pc/manipurator_ws/install/interface_manipurator/lib/python3.12/site-packages'
[10.781s] Level 1:colcon.colcon_core.shell:create_environment_hook('interface_manipurator', 'pythonpath')
[10.781s] INFO:colcon.colcon_core.shell:Creating environment hook '/home/golf1234_pc/manipurator_ws/install/interface_manipurator/share/interface_manipurator/hook/pythonpath.ps1'
[10.782s] INFO:colcon.colcon_core.shell:Creating environment descriptor '/home/golf1234_pc/manipurator_ws/install/interface_manipurator/share/interface_manipurator/hook/pythonpath.dsv'
[10.782s] INFO:colcon.colcon_core.shell:Creating environment hook '/home/golf1234_pc/manipurator_ws/install/interface_manipurator/share/interface_manipurator/hook/pythonpath.sh'
[10.783s] Level 1:colcon.colcon_core.environment:checking '/home/golf1234_pc/manipurator_ws/install/interface_manipurator/bin'
[10.783s] INFO:colcon.colcon_core.shell:Creating package script '/home/golf1234_pc/manipurator_ws/install/interface_manipurator/share/interface_manipurator/package.ps1'
[10.784s] INFO:colcon.colcon_core.shell:Creating package descriptor '/home/golf1234_pc/manipurator_ws/install/interface_manipurator/share/interface_manipurator/package.dsv'
[10.785s] INFO:colcon.colcon_core.shell:Creating package script '/home/golf1234_pc/manipurator_ws/install/interface_manipurator/share/interface_manipurator/package.sh'
[10.786s] INFO:colcon.colcon_core.shell:Creating package script '/home/golf1234_pc/manipurator_ws/install/interface_manipurator/share/interface_manipurator/package.bash'
[10.787s] INFO:colcon.colcon_core.shell:Creating package script '/home/golf1234_pc/manipurator_ws/install/interface_manipurator/share/interface_manipurator/package.zsh'
[10.788s] Level 1:colcon.colcon_core.environment:create_file_with_runtime_dependencies(/home/golf1234_pc/manipurator_ws/install/interface_manipurator/share/colcon-core/packages/interface_manipurator)
[10.789s] Level 1:colcon.colcon_core.environment:create_environment_scripts_only(interface_manipurator)
[10.789s] Level 1:colcon.colcon_core.environment:checking '/home/golf1234_pc/manipurator_ws/install/interface_manipurator' for CMake module files
[10.790s] Level 1:colcon.colcon_core.environment:checking '/home/golf1234_pc/manipurator_ws/install/interface_manipurator' for CMake config files
[10.790s] Level 1:colcon.colcon_core.shell:create_environment_hook('interface_manipurator', 'cmake_prefix_path')
[10.790s] INFO:colcon.colcon_core.shell:Creating environment hook '/home/golf1234_pc/manipurator_ws/install/interface_manipurator/share/interface_manipurator/hook/cmake_prefix_path.ps1'
[10.791s] INFO:colcon.colcon_core.shell:Creating environment descriptor '/home/golf1234_pc/manipurator_ws/install/interface_manipurator/share/interface_manipurator/hook/cmake_prefix_path.dsv'
[10.791s] INFO:colcon.colcon_core.shell:Creating environment hook '/home/golf1234_pc/manipurator_ws/install/interface_manipurator/share/interface_manipurator/hook/cmake_prefix_path.sh'
[10.792s] Level 1:colcon.colcon_core.environment:checking '/home/golf1234_pc/manipurator_ws/install/interface_manipurator/lib'
[10.792s] Level 1:colcon.colcon_core.shell:create_environment_hook('interface_manipurator', 'ld_library_path_lib')
[10.792s] INFO:colcon.colcon_core.shell:Creating environment hook '/home/golf1234_pc/manipurator_ws/install/interface_manipurator/share/interface_manipurator/hook/ld_library_path_lib.ps1'
[10.793s] INFO:colcon.colcon_core.shell:Creating environment descriptor '/home/golf1234_pc/manipurator_ws/install/interface_manipurator/share/interface_manipurator/hook/ld_library_path_lib.dsv'
[10.793s] INFO:colcon.colcon_core.shell:Creating environment hook '/home/golf1234_pc/manipurator_ws/install/interface_manipurator/share/interface_manipurator/hook/ld_library_path_lib.sh'
[10.793s] Level 1:colcon.colcon_core.environment:checking '/home/golf1234_pc/manipurator_ws/install/interface_manipurator/bin'
[10.793s] Level 1:colcon.colcon_core.environment:checking '/home/golf1234_pc/manipurator_ws/install/interface_manipurator/lib/pkgconfig/interface_manipurator.pc'
[10.794s] Level 1:colcon.colcon_core.environment:checking '/home/golf1234_pc/manipurator_ws/install/interface_manipurator/lib/python3.12/site-packages'
[10.794s] Level 1:colcon.colcon_core.shell:create_environment_hook('interface_manipurator', 'pythonpath')
[10.794s] INFO:colcon.colcon_core.shell:Creating environment hook '/home/golf1234_pc/manipurator_ws/install/interface_manipurator/share/interface_manipurator/hook/pythonpath.ps1'
[10.794s] INFO:colcon.colcon_core.shell:Creating environment descriptor '/home/golf1234_pc/manipurator_ws/install/interface_manipurator/share/interface_manipurator/hook/pythonpath.dsv'
[10.795s] INFO:colcon.colcon_core.shell:Creating environment hook '/home/golf1234_pc/manipurator_ws/install/interface_manipurator/share/interface_manipurator/hook/pythonpath.sh'
[10.795s] Level 1:colcon.colcon_core.environment:checking '/home/golf1234_pc/manipurator_ws/install/interface_manipurator/bin'
[10.795s] INFO:colcon.colcon_core.shell:Creating package script '/home/golf1234_pc/manipurator_ws/install/interface_manipurator/share/interface_manipurator/package.ps1'
[10.796s] INFO:colcon.colcon_core.shell:Creating package descriptor '/home/golf1234_pc/manipurator_ws/install/interface_manipurator/share/interface_manipurator/package.dsv'
[10.797s] INFO:colcon.colcon_core.shell:Creating package script '/home/golf1234_pc/manipurator_ws/install/interface_manipurator/share/interface_manipurator/package.sh'
[10.797s] INFO:colcon.colcon_core.shell:Creating package script '/home/golf1234_pc/manipurator_ws/install/interface_manipurator/share/interface_manipurator/package.bash'
[10.798s] INFO:colcon.colcon_core.shell:Creating package script '/home/golf1234_pc/manipurator_ws/install/interface_manipurator/share/interface_manipurator/package.zsh'
[10.799s] Level 1:colcon.colcon_core.environment:create_file_with_runtime_dependencies(/home/golf1234_pc/manipurator_ws/install/interface_manipurator/share/colcon-core/packages/interface_manipurator)
[10.799s] DEBUG:colcon.colcon_parallel_executor.executor.parallel:closing loop
[10.800s] DEBUG:colcon.colcon_parallel_executor.executor.parallel:loop closed
[10.800s] DEBUG:colcon.colcon_parallel_executor.executor.parallel:run_until_complete finished with '0'
[10.800s] DEBUG:colcon.colcon_core.event_reactor:joining thread
[10.857s] INFO:colcon.colcon_core.plugin_system:Skipping extension 'colcon_notification.desktop_notification.notify_send': Could not find 'notify-send'
[10.857s] INFO:colcon.colcon_core.plugin_system:Skipping extension 'colcon_notification.desktop_notification.terminal_notifier': Not used on non-Darwin systems
[10.857s] INFO:colcon.colcon_core.plugin_system:Skipping extension 'colcon_notification.desktop_notification.win32': Not used on non-Windows systems
[10.857s] INFO:colcon.colcon_notification.desktop_notification:Sending desktop notification using 'notify2'
[10.859s] DEBUG:colcon.colcon_notification.desktop_notification.notify2:Failed to initialize notify2: org.freedesktop.DBus.Error.ServiceUnknown: The name org.freedesktop.Notifications was not provided by any .service files
[10.859s] DEBUG:colcon.colcon_core.event_reactor:joined thread
[10.859s] INFO:colcon.colcon_core.shell:Creating prefix script '/home/golf1234_pc/manipurator_ws/install/local_setup.ps1'
[10.861s] INFO:colcon.colcon_core.shell:Creating prefix util module '/home/golf1234_pc/manipurator_ws/install/_local_setup_util_ps1.py'
[10.862s] INFO:colcon.colcon_core.shell:Creating prefix chain script '/home/golf1234_pc/manipurator_ws/install/setup.ps1'
[10.867s] INFO:colcon.colcon_core.shell:Creating prefix script '/home/golf1234_pc/manipurator_ws/install/local_setup.sh'
[10.869s] INFO:colcon.colcon_core.shell:Creating prefix util module '/home/golf1234_pc/manipurator_ws/install/_local_setup_util_sh.py'
[10.869s] INFO:colcon.colcon_core.shell:Creating prefix chain script '/home/golf1234_pc/manipurator_ws/install/setup.sh'
[10.874s] INFO:colcon.colcon_core.shell:Creating prefix script '/home/golf1234_pc/manipurator_ws/install/local_setup.bash'
[10.875s] INFO:colcon.colcon_core.shell:Creating prefix chain script '/home/golf1234_pc/manipurator_ws/install/setup.bash'
[10.880s] INFO:colcon.colcon_core.shell:Creating prefix script '/home/golf1234_pc/manipurator_ws/install/local_setup.zsh'
[10.881s] INFO:colcon.colcon_core.shell:Creating prefix chain script '/home/golf1234_pc/manipurator_ws/install/setup.zsh'
