[2.040s] Invoking command in '/home/golf1234_pc/manipurator_ws/build/mobile_manipurator': DEBUGINFOD_URLS=https://debuginfod.ubuntu.com PYTHONPATH=/home/golf1234_pc/manipurator_ws/build/mobile_manipurator/prefix_override:/usr/lib/python3/dist-packages/colcon_core/task/python/colcon_distutils_commands:/home/golf1234_pc/manipurator_ws/install/mobile_manipurator/lib/python3.12/site-packages:${PYTHONPATH} /usr/bin/python3 -W ignore:setup.py install is deprecated -W ignore:easy_install command is deprecated setup.py develop --editable --build-directory /home/golf1234_pc/manipurator_ws/build/mobile_manipurator/build --no-deps symlink_data
[2.558s] running develop
[2.879s] running egg_info
[2.909s] writing mobile_manipurator.egg-info/PKG-INFO
[2.909s] writing dependency_links to mobile_manipurator.egg-info/dependency_links.txt
[2.910s] writing entry points to mobile_manipurator.egg-info/entry_points.txt
[2.910s] writing requirements to mobile_manipurator.egg-info/requires.txt
[2.910s] writing top-level names to mobile_manipurator.egg-info/top_level.txt
[2.991s] reading manifest file 'mobile_manipurator.egg-info/SOURCES.txt'
[2.991s] writing manifest file 'mobile_manipurator.egg-info/SOURCES.txt'
[3.037s] running build_ext
[3.037s] Creating /home/golf1234_pc/manipurator_ws/install/mobile_manipurator/lib/python3.12/site-packages/mobile-manipurator.egg-link (link to .)
[3.038s] Installing listener script to /home/golf1234_pc/manipurator_ws/install/mobile_manipurator/lib/mobile_manipurator
[3.038s] Installing project1 script to /home/golf1234_pc/manipurator_ws/install/mobile_manipurator/lib/mobile_manipurator
[3.039s] Installing real_robot script to /home/golf1234_pc/manipurator_ws/install/mobile_manipurator/lib/mobile_manipurator
[3.039s] Installing servo_test1 script to /home/golf1234_pc/manipurator_ws/install/mobile_manipurator/lib/mobile_manipurator
[3.039s] Installing subscriber1_node script to /home/golf1234_pc/manipurator_ws/install/mobile_manipurator/lib/mobile_manipurator
[3.039s] Installing subscriber_node script to /home/golf1234_pc/manipurator_ws/install/mobile_manipurator/lib/mobile_manipurator
[3.039s] Installing talker script to /home/golf1234_pc/manipurator_ws/install/mobile_manipurator/lib/mobile_manipurator
[3.040s] Installing web_test1_node script to /home/golf1234_pc/manipurator_ws/install/mobile_manipurator/lib/mobile_manipurator
[3.040s] 
[3.040s] Installed /home/golf1234_pc/manipurator_ws/build/mobile_manipurator
[3.040s] running symlink_data
[3.172s] Invoked command in '/home/golf1234_pc/manipurator_ws/build/mobile_manipurator' returned '0': DEBUGINFOD_URLS=https://debuginfod.ubuntu.com PYTHONPATH=/home/golf1234_pc/manipurator_ws/build/mobile_manipurator/prefix_override:/usr/lib/python3/dist-packages/colcon_core/task/python/colcon_distutils_commands:/home/golf1234_pc/manipurator_ws/install/mobile_manipurator/lib/python3.12/site-packages:${PYTHONPATH} /usr/bin/python3 -W ignore:setup.py install is deprecated -W ignore:easy_install command is deprecated setup.py develop --editable --build-directory /home/golf1234_pc/manipurator_ws/build/mobile_manipurator/build --no-deps symlink_data
