[2.803s] Invoking command in '/home/golf1234_pc/manipurator_ws/build/camera2_ros': DEBUGINFOD_URLS=https://debuginfod.ubuntu.com PYTHONPATH=/home/golf1234_pc/manipurator_ws/build/camera2_ros/prefix_override:/usr/lib/python3/dist-packages/colcon_core/task/python/colcon_distutils_commands:/home/golf1234_pc/manipurator_ws/install/camera2_ros/lib/python3.12/site-packages:${PYTHONPATH} /usr/bin/python3 -W ignore:setup.py install is deprecated -W ignore:easy_install command is deprecated setup.py develop --editable --build-directory /home/golf1234_pc/manipurator_ws/build/camera2_ros/build --no-deps symlink_data
[3.451s] running develop
[3.858s] running egg_info
[3.895s] writing camera2_ros.egg-info/PKG-INFO
[3.895s] writing dependency_links to camera2_ros.egg-info/dependency_links.txt
[3.895s] writing entry points to camera2_ros.egg-info/entry_points.txt
[3.896s] writing requirements to camera2_ros.egg-info/requires.txt
[3.896s] writing top-level names to camera2_ros.egg-info/top_level.txt
[3.974s] reading manifest file 'camera2_ros.egg-info/SOURCES.txt'
[3.975s] writing manifest file 'camera2_ros.egg-info/SOURCES.txt'
[4.017s] running build_ext
[4.017s] Creating /home/golf1234_pc/manipurator_ws/install/camera2_ros/lib/python3.12/site-packages/camera2-ros.egg-link (link to .)
[4.018s] Installing arduino_comunication script to /home/golf1234_pc/manipurator_ws/install/camera2_ros/lib/camera2_ros
[4.019s] Installing box_dectection_pick script to /home/golf1234_pc/manipurator_ws/install/camera2_ros/lib/camera2_ros
[4.019s] Installing camera2_node script to /home/golf1234_pc/manipurator_ws/install/camera2_ros/lib/camera2_ros
[4.019s] Installing lane_detection script to /home/golf1234_pc/manipurator_ws/install/camera2_ros/lib/camera2_ros
[4.019s] Installing pub_yolo script to /home/golf1234_pc/manipurator_ws/install/camera2_ros/lib/camera2_ros
[4.020s] Installing sub_yolo script to /home/golf1234_pc/manipurator_ws/install/camera2_ros/lib/camera2_ros
[4.020s] 
[4.021s] Installed /home/golf1234_pc/manipurator_ws/build/camera2_ros
[4.021s] running symlink_data
[4.189s] Invoked command in '/home/golf1234_pc/manipurator_ws/build/camera2_ros' returned '0': DEBUGINFOD_URLS=https://debuginfod.ubuntu.com PYTHONPATH=/home/golf1234_pc/manipurator_ws/build/camera2_ros/prefix_override:/usr/lib/python3/dist-packages/colcon_core/task/python/colcon_distutils_commands:/home/golf1234_pc/manipurator_ws/install/camera2_ros/lib/python3.12/site-packages:${PYTHONPATH} /usr/bin/python3 -W ignore:setup.py install is deprecated -W ignore:easy_install command is deprecated setup.py develop --editable --build-directory /home/golf1234_pc/manipurator_ws/build/camera2_ros/build --no-deps symlink_data
