[0.577s] Invoking command in '/home/golf1234_pc/manipurator_ws/build/mtc_config1': CMAKE_PREFIX_PATH=${CMAKE_PREFIX_PATH}:/home/golf1234_pc/install/moveit_configs_utils:/home/golf1234_pc/manipurator_ws/install/server_controllers:/home/golf1234_pc/manipurator_ws/install/mobile_manipurator:/home/golf1234_pc/manipurator_ws/install/camera2_ros:/home/golf1234_pc/ws_moveit/install/moveit_configs_utils:/home/golf1234_pc/project1_ws/install/server_controllers:/home/golf1234_pc/project1_ws/install/mobile_manipurator:/home/golf1234_pc/project1_ws/install/camera2_ros:/home/golf1234_pc/test1_ws/install/test1:/opt/ros/jazzy DEBUGINFOD_URLS=https://debuginfod.ubuntu.com /usr/bin/cmake --build /home/golf1234_pc/manipurator_ws/build/mtc_config1 -- -j16 -l16
[0.665s] [ 21%] Built target moveit_controller
[0.665s] [ 28%] Built target mtc_pub
[0.674s] [ 42%] Built target start_mtc
[0.675s] [ 57%] Built target place_node
[0.688s] [ 71%] Built target mtc_node
[0.689s] [ 85%] Built target mtc_node_test
[0.691s] [ 92%] [32mBuilding CXX object CMakeFiles/mtc_place.dir/src/mtc_place.cpp.o[0m
[16.234s] [100%] [32m[1mLinking CXX executable mtc_place[0m
[17.423s] [100%] Built target mtc_place
[17.441s] Invoked command in '/home/golf1234_pc/manipurator_ws/build/mtc_config1' returned '0': CMAKE_PREFIX_PATH=${CMAKE_PREFIX_PATH}:/home/golf1234_pc/install/moveit_configs_utils:/home/golf1234_pc/manipurator_ws/install/server_controllers:/home/golf1234_pc/manipurator_ws/install/mobile_manipurator:/home/golf1234_pc/manipurator_ws/install/camera2_ros:/home/golf1234_pc/ws_moveit/install/moveit_configs_utils:/home/golf1234_pc/project1_ws/install/server_controllers:/home/golf1234_pc/project1_ws/install/mobile_manipurator:/home/golf1234_pc/project1_ws/install/camera2_ros:/home/golf1234_pc/test1_ws/install/test1:/opt/ros/jazzy DEBUGINFOD_URLS=https://debuginfod.ubuntu.com /usr/bin/cmake --build /home/golf1234_pc/manipurator_ws/build/mtc_config1 -- -j16 -l16
[17.443s] Invoking command in '/home/golf1234_pc/manipurator_ws/build/mtc_config1': CMAKE_PREFIX_PATH=${CMAKE_PREFIX_PATH}:/home/golf1234_pc/install/moveit_configs_utils:/home/golf1234_pc/manipurator_ws/install/server_controllers:/home/golf1234_pc/manipurator_ws/install/mobile_manipurator:/home/golf1234_pc/manipurator_ws/install/camera2_ros:/home/golf1234_pc/ws_moveit/install/moveit_configs_utils:/home/golf1234_pc/project1_ws/install/server_controllers:/home/golf1234_pc/project1_ws/install/mobile_manipurator:/home/golf1234_pc/project1_ws/install/camera2_ros:/home/golf1234_pc/test1_ws/install/test1:/opt/ros/jazzy DEBUGINFOD_URLS=https://debuginfod.ubuntu.com /usr/bin/cmake --install /home/golf1234_pc/manipurator_ws/build/mtc_config1
[17.457s] -- Install configuration: ""
[17.457s] -- Execute custom install script
[17.457s] -- Up-to-date symlink: /home/golf1234_pc/manipurator_ws/install/mtc_config1/lib/mtc_config1/mtc_node
[17.458s] -- Up-to-date symlink: /home/golf1234_pc/manipurator_ws/install/mtc_config1/lib/mtc_config1/mtc_node_test
[17.458s] -- Up-to-date symlink: /home/golf1234_pc/manipurator_ws/install/mtc_config1/lib/mtc_config1/mtc_pub
[17.458s] -- Up-to-date symlink: /home/golf1234_pc/manipurator_ws/install/mtc_config1/lib/mtc_config1/start_mtc
[17.458s] -- Up-to-date symlink: /home/golf1234_pc/manipurator_ws/install/mtc_config1/lib/mtc_config1/place_node
[17.458s] -- Up-to-date symlink: /home/golf1234_pc/manipurator_ws/install/mtc_config1/lib/mtc_config1/moveit_controller
[17.458s] -- Up-to-date symlink: /home/golf1234_pc/manipurator_ws/install/mtc_config1/lib/mtc_config1/mtc_place
[17.459s] -- Up-to-date symlink: /home/golf1234_pc/manipurator_ws/install/mtc_config1/share/mtc_config1/launch/mtc.rviz
[17.459s] -- Up-to-date symlink: /home/golf1234_pc/manipurator_ws/install/mtc_config1/share/mtc_config1/launch/mtc_config1.launch.py
[17.459s] -- Up-to-date symlink: /home/golf1234_pc/manipurator_ws/install/mtc_config1/share/mtc_config1/launch/mtc_config1.rviz
[17.460s] -- Up-to-date symlink: /home/golf1234_pc/manipurator_ws/install/mtc_config1/share/mtc_config1/launch/mtc_demo.launch.py
[17.460s] -- Up-to-date symlink: /home/golf1234_pc/manipurator_ws/install/mtc_config1/share/mtc_config1/launch/mtc_pick.launch.py
[17.460s] -- Up-to-date symlink: /home/golf1234_pc/manipurator_ws/install/mtc_config1/share/mtc_config1/launch/mtc_place.launch.py
[17.460s] -- Up-to-date symlink: /home/golf1234_pc/manipurator_ws/install/mtc_config1/share/mtc_config1/launch/server.launch.py
[17.460s] -- Up-to-date symlink: /home/golf1234_pc/manipurator_ws/install/mtc_config1/share/mtc_config1/launch/start_mtc.launch.py
[17.460s] -- Up-to-date symlink: /home/golf1234_pc/manipurator_ws/install/mtc_config1/share/ament_index/resource_index/package_run_dependencies/mtc_config1
[17.460s] -- Up-to-date symlink: /home/golf1234_pc/manipurator_ws/install/mtc_config1/share/ament_index/resource_index/parent_prefix_path/mtc_config1
[17.461s] -- Up-to-date symlink: /home/golf1234_pc/manipurator_ws/install/mtc_config1/share/mtc_config1/environment/ament_prefix_path.sh
[17.461s] -- Up-to-date symlink: /home/golf1234_pc/manipurator_ws/install/mtc_config1/share/mtc_config1/environment/ament_prefix_path.dsv
[17.461s] -- Up-to-date symlink: /home/golf1234_pc/manipurator_ws/install/mtc_config1/share/mtc_config1/environment/path.sh
[17.461s] -- Up-to-date symlink: /home/golf1234_pc/manipurator_ws/install/mtc_config1/share/mtc_config1/environment/path.dsv
[17.461s] -- Up-to-date symlink: /home/golf1234_pc/manipurator_ws/install/mtc_config1/share/mtc_config1/local_setup.bash
[17.462s] -- Up-to-date symlink: /home/golf1234_pc/manipurator_ws/install/mtc_config1/share/mtc_config1/local_setup.sh
[17.462s] -- Up-to-date symlink: /home/golf1234_pc/manipurator_ws/install/mtc_config1/share/mtc_config1/local_setup.zsh
[17.462s] -- Up-to-date symlink: /home/golf1234_pc/manipurator_ws/install/mtc_config1/share/mtc_config1/local_setup.dsv
[17.462s] -- Symlinking: /home/golf1234_pc/manipurator_ws/install/mtc_config1/share/mtc_config1/package.dsv
[17.481s] -- Up-to-date symlink: /home/golf1234_pc/manipurator_ws/install/mtc_config1/share/ament_index/resource_index/packages/mtc_config1
[17.481s] -- Up-to-date symlink: /home/golf1234_pc/manipurator_ws/install/mtc_config1/share/mtc_config1/cmake/mtc_config1Config.cmake
[17.481s] -- Up-to-date symlink: /home/golf1234_pc/manipurator_ws/install/mtc_config1/share/mtc_config1/cmake/mtc_config1Config-version.cmake
[17.481s] -- Up-to-date symlink: /home/golf1234_pc/manipurator_ws/install/mtc_config1/share/mtc_config1/package.xml
[17.484s] Invoked command in '/home/golf1234_pc/manipurator_ws/build/mtc_config1' returned '0': CMAKE_PREFIX_PATH=${CMAKE_PREFIX_PATH}:/home/golf1234_pc/install/moveit_configs_utils:/home/golf1234_pc/manipurator_ws/install/server_controllers:/home/golf1234_pc/manipurator_ws/install/mobile_manipurator:/home/golf1234_pc/manipurator_ws/install/camera2_ros:/home/golf1234_pc/ws_moveit/install/moveit_configs_utils:/home/golf1234_pc/project1_ws/install/server_controllers:/home/golf1234_pc/project1_ws/install/mobile_manipurator:/home/golf1234_pc/project1_ws/install/camera2_ros:/home/golf1234_pc/test1_ws/install/test1:/opt/ros/jazzy DEBUGINFOD_URLS=https://debuginfod.ubuntu.com /usr/bin/cmake --install /home/golf1234_pc/manipurator_ws/build/mtc_config1
