'import warnings' failed; traceback:
Traceback (most recent call last):
  File "/usr/lib/python3.12/warnings.py", line 585, in <module>
    _processoptions(sys.warnoptions)
  File "/usr/lib/python3.12/warnings.py", line 209, in _processoptions
    _setoption(arg)
  File "/usr/lib/python3.12/warnings.py", line 225, in _setoption
    import re
  File "/usr/lib/python3.12/re/__init__.py", line 338, in <module>
    import copyreg
  File "<frozen importlib._bootstrap>", line 1360, in _find_and_load
  File "<frozen importlib._bootstrap>", line 1322, in _find_and_load_unlocked
  File "<frozen importlib._bootstrap>", line 1262, in _find_spec
  File "<frozen importlib._bootstrap_external>", line 1528, in find_spec
  File "<frozen importlib._bootstrap_external>", line 1502, in _get_spec
  File "<frozen importlib._bootstrap_external>", line 1601, in find_spec
  File "<frozen importlib._bootstrap_external>", line 147, in _path_stat
KeyboardInterrupt
running develop
running egg_info
writing server_controllers.egg-info/PKG-INFO
writing dependency_links to server_controllers.egg-info/dependency_links.txt
writing entry points to server_controllers.egg-info/entry_points.txt
writing requirements to server_controllers.egg-info/requires.txt
writing top-level names to server_controllers.egg-info/top_level.txt
reading manifest file 'server_controllers.egg-info/SOURCES.txt'
writing manifest file 'server_controllers.egg-info/SOURCES.txt'
running build_ext
Creating /home/golf1234_pc/manipurator_ws/install/server_controllers/lib/python3.12/site-packages/server-controllers.egg-link (link to .)
Installing node1 script to /home/golf1234_pc/manipurator_ws/install/server_controllers/lib/server_controllers
Installing node2 script to /home/golf1234_pc/manipurator_ws/install/server_controllers/lib/server_controllers
Installing node_manager script to /home/golf1234_pc/manipurator_ws/install/server_controllers/lib/server_controllers

Installed /home/golf1234_pc/manipurator_ws/build/server_controllers
running symlink_data
