[2.731s] Invoking command in '/home/golf1234_pc/manipurator_ws/build/server_controllers': DEBUGINFOD_URLS=https://debuginfod.ubuntu.com PYTHONPATH=/home/golf1234_pc/manipurator_ws/build/server_controllers/prefix_override:/usr/lib/python3/dist-packages/colcon_core/task/python/colcon_distutils_commands:/home/golf1234_pc/manipurator_ws/install/server_controllers/lib/python3.12/site-packages:${PYTHONPATH} /usr/bin/python3 -W ignore:setup.py install is deprecated -W ignore:easy_install command is deprecated setup.py develop --editable --build-directory /home/golf1234_pc/manipurator_ws/build/server_controllers/build --no-deps symlink_data
[2.757s] 'import warnings' failed; traceback:
[2.758s] Traceback (most recent call last):
[2.758s]   File "/usr/lib/python3.12/warnings.py", line 585, in <module>
[2.758s]     _processoptions(sys.warnoptions)
[2.759s]   File "/usr/lib/python3.12/warnings.py", line 209, in _processoptions
[2.760s]     _setoption(arg)
[2.760s]   File "/usr/lib/python3.12/warnings.py", line 225, in _setoption
[2.761s]     import re
[2.761s]   File "/usr/lib/python3.12/re/__init__.py", line 338, in <module>
[2.762s]     import copyreg
[2.762s]   File "<frozen importlib._bootstrap>", line 1360, in _find_and_load
[2.762s]   File "<frozen importlib._bootstrap>", line 1322, in _find_and_load_unlocked
[2.762s]   File "<frozen importlib._bootstrap>", line 1262, in _find_spec
[2.762s]   File "<frozen importlib._bootstrap_external>", line 1528, in find_spec
[2.763s]   File "<frozen importlib._bootstrap_external>", line 1502, in _get_spec
[2.763s]   File "<frozen importlib._bootstrap_external>", line 1601, in find_spec
[2.763s]   File "<frozen importlib._bootstrap_external>", line 147, in _path_stat
[2.763s] KeyboardInterrupt
[3.291s] running develop
[3.629s] running egg_info
[3.663s] writing server_controllers.egg-info/PKG-INFO
[3.664s] writing dependency_links to server_controllers.egg-info/dependency_links.txt
[3.664s] writing entry points to server_controllers.egg-info/entry_points.txt
[3.664s] writing requirements to server_controllers.egg-info/requires.txt
[3.665s] writing top-level names to server_controllers.egg-info/top_level.txt
[3.732s] reading manifest file 'server_controllers.egg-info/SOURCES.txt'
[3.733s] writing manifest file 'server_controllers.egg-info/SOURCES.txt'
[3.765s] running build_ext
[3.765s] Creating /home/golf1234_pc/manipurator_ws/install/server_controllers/lib/python3.12/site-packages/server-controllers.egg-link (link to .)
[3.766s] Installing node1 script to /home/golf1234_pc/manipurator_ws/install/server_controllers/lib/server_controllers
[3.766s] Installing node2 script to /home/golf1234_pc/manipurator_ws/install/server_controllers/lib/server_controllers
[3.767s] Installing node_manager script to /home/golf1234_pc/manipurator_ws/install/server_controllers/lib/server_controllers
[3.767s] 
[3.767s] Installed /home/golf1234_pc/manipurator_ws/build/server_controllers
[3.767s] running symlink_data
