[0.019s] Invoking command in '/home/golf1234_pc/manipurator_ws/build/mtc_config1': CMAKE_PREFIX_PATH=${CMAKE_PREFIX_PATH}:/home/golf1234_pc/manipurator_ws/install/server_controllers:/home/golf1234_pc/manipurator_ws/install/mobile_manipurator:/home/golf1234_pc/manipurator_ws/install/camera2_ros:/home/golf1234_pc/install/moveit_configs_utils:/home/golf1234_pc/ws_moveit/install/moveit_configs_utils:/home/golf1234_pc/project1_ws/install/server_controllers:/home/golf1234_pc/project1_ws/install/mobile_manipurator:/home/golf1234_pc/project1_ws/install/camera2_ros:/home/golf1234_pc/test1_ws/install/test1:/opt/ros/jazzy DEBUGINFOD_URLS=https://debuginfod.ubuntu.com /usr/bin/cmake --build /home/golf1234_pc/manipurator_ws/build/mtc_config1 -- -j16 -l16
[0.105s] [ 40%] Built target mtc_pub
[0.105s] [ 40%] Built target moveit_controller
[0.111s] [ 80%] Built target start_mtc
[0.111s] [ 80%] Built target mtc_node
[0.132s] [100%] Built target mtc_node_test
[0.150s] Invoked command in '/home/golf1234_pc/manipurator_ws/build/mtc_config1' returned '0': CMAKE_PREFIX_PATH=${CMAKE_PREFIX_PATH}:/home/golf1234_pc/manipurator_ws/install/server_controllers:/home/golf1234_pc/manipurator_ws/install/mobile_manipurator:/home/golf1234_pc/manipurator_ws/install/camera2_ros:/home/golf1234_pc/install/moveit_configs_utils:/home/golf1234_pc/ws_moveit/install/moveit_configs_utils:/home/golf1234_pc/project1_ws/install/server_controllers:/home/golf1234_pc/project1_ws/install/mobile_manipurator:/home/golf1234_pc/project1_ws/install/camera2_ros:/home/golf1234_pc/test1_ws/install/test1:/opt/ros/jazzy DEBUGINFOD_URLS=https://debuginfod.ubuntu.com /usr/bin/cmake --build /home/golf1234_pc/manipurator_ws/build/mtc_config1 -- -j16 -l16
[0.164s] Invoking command in '/home/golf1234_pc/manipurator_ws/build/mtc_config1': CMAKE_PREFIX_PATH=${CMAKE_PREFIX_PATH}:/home/golf1234_pc/manipurator_ws/install/server_controllers:/home/golf1234_pc/manipurator_ws/install/mobile_manipurator:/home/golf1234_pc/manipurator_ws/install/camera2_ros:/home/golf1234_pc/install/moveit_configs_utils:/home/golf1234_pc/ws_moveit/install/moveit_configs_utils:/home/golf1234_pc/project1_ws/install/server_controllers:/home/golf1234_pc/project1_ws/install/mobile_manipurator:/home/golf1234_pc/project1_ws/install/camera2_ros:/home/golf1234_pc/test1_ws/install/test1:/opt/ros/jazzy DEBUGINFOD_URLS=https://debuginfod.ubuntu.com /usr/bin/cmake --install /home/golf1234_pc/manipurator_ws/build/mtc_config1
[0.177s] -- Install configuration: ""
[0.178s] -- Execute custom install script
[0.178s] -- Up-to-date symlink: /home/golf1234_pc/manipurator_ws/install/mtc_config1/share/mtc_config1/launch/mtc.rviz
[0.179s] -- Up-to-date symlink: /home/golf1234_pc/manipurator_ws/install/mtc_config1/share/mtc_config1/launch/mtc_config1.launch.py
[0.179s] -- Up-to-date symlink: /home/golf1234_pc/manipurator_ws/install/mtc_config1/share/mtc_config1/launch/mtc_config1.rviz
[0.179s] -- Up-to-date symlink: /home/golf1234_pc/manipurator_ws/install/mtc_config1/share/mtc_config1/launch/mtc_demo.launch.py
[0.179s] -- Up-to-date symlink: /home/golf1234_pc/manipurator_ws/install/mtc_config1/share/mtc_config1/launch/mtc_real.launch.py
[0.179s] -- Up-to-date symlink: /home/golf1234_pc/manipurator_ws/install/mtc_config1/share/mtc_config1/launch/start_mtc.launch.py
[0.180s] -- Up-to-date symlink: /home/golf1234_pc/manipurator_ws/install/mtc_config1/share/mtc_config1/launch/test.launch.py
[0.180s] -- Up-to-date symlink: /home/golf1234_pc/manipurator_ws/install/mtc_config1/lib/mtc_config1/mtc_node
[0.180s] -- Up-to-date symlink: /home/golf1234_pc/manipurator_ws/install/mtc_config1/lib/mtc_config1/mtc_pub
[0.180s] -- Up-to-date symlink: /home/golf1234_pc/manipurator_ws/install/mtc_config1/lib/mtc_config1/mtc_node_test
[0.180s] -- Up-to-date symlink: /home/golf1234_pc/manipurator_ws/install/mtc_config1/lib/mtc_config1/moveit_controller
[0.180s] -- Up-to-date symlink: /home/golf1234_pc/manipurator_ws/install/mtc_config1/lib/mtc_config1/start_mtc
[0.181s] -- Up-to-date symlink: /home/golf1234_pc/manipurator_ws/install/mtc_config1/share/ament_index/resource_index/package_run_dependencies/mtc_config1
[0.181s] -- Up-to-date symlink: /home/golf1234_pc/manipurator_ws/install/mtc_config1/share/ament_index/resource_index/parent_prefix_path/mtc_config1
[0.181s] -- Up-to-date symlink: /home/golf1234_pc/manipurator_ws/install/mtc_config1/share/mtc_config1/environment/ament_prefix_path.sh
[0.181s] -- Up-to-date symlink: /home/golf1234_pc/manipurator_ws/install/mtc_config1/share/mtc_config1/environment/ament_prefix_path.dsv
[0.181s] -- Up-to-date symlink: /home/golf1234_pc/manipurator_ws/install/mtc_config1/share/mtc_config1/environment/path.sh
[0.181s] -- Up-to-date symlink: /home/golf1234_pc/manipurator_ws/install/mtc_config1/share/mtc_config1/environment/path.dsv
[0.181s] -- Up-to-date symlink: /home/golf1234_pc/manipurator_ws/install/mtc_config1/share/mtc_config1/local_setup.bash
[0.181s] -- Up-to-date symlink: /home/golf1234_pc/manipurator_ws/install/mtc_config1/share/mtc_config1/local_setup.sh
[0.182s] -- Up-to-date symlink: /home/golf1234_pc/manipurator_ws/install/mtc_config1/share/mtc_config1/local_setup.zsh
[0.182s] -- Up-to-date symlink: /home/golf1234_pc/manipurator_ws/install/mtc_config1/share/mtc_config1/local_setup.dsv
[0.182s] -- Symlinking: /home/golf1234_pc/manipurator_ws/install/mtc_config1/share/mtc_config1/package.dsv
[0.196s] -- Up-to-date symlink: /home/golf1234_pc/manipurator_ws/install/mtc_config1/share/ament_index/resource_index/packages/mtc_config1
[0.197s] -- Up-to-date symlink: /home/golf1234_pc/manipurator_ws/install/mtc_config1/share/mtc_config1/cmake/mtc_config1Config.cmake
[0.197s] -- Up-to-date symlink: /home/golf1234_pc/manipurator_ws/install/mtc_config1/share/mtc_config1/cmake/mtc_config1Config-version.cmake
[0.197s] -- Up-to-date symlink: /home/golf1234_pc/manipurator_ws/install/mtc_config1/share/mtc_config1/package.xml
[0.199s] Invoked command in '/home/golf1234_pc/manipurator_ws/build/mtc_config1' returned '0': CMAKE_PREFIX_PATH=${CMAKE_PREFIX_PATH}:/home/golf1234_pc/manipurator_ws/install/server_controllers:/home/golf1234_pc/manipurator_ws/install/mobile_manipurator:/home/golf1234_pc/manipurator_ws/install/camera2_ros:/home/golf1234_pc/install/moveit_configs_utils:/home/golf1234_pc/ws_moveit/install/moveit_configs_utils:/home/golf1234_pc/project1_ws/install/server_controllers:/home/golf1234_pc/project1_ws/install/mobile_manipurator:/home/golf1234_pc/project1_ws/install/camera2_ros:/home/golf1234_pc/test1_ws/install/test1:/opt/ros/jazzy DEBUGINFOD_URLS=https://debuginfod.ubuntu.com /usr/bin/cmake --install /home/golf1234_pc/manipurator_ws/build/mtc_config1
