[1.789s] Invoking command in '/home/golf1234_pc/manipurator_ws/build/camera2_ros': DEBUGINFOD_URLS=https://debuginfod.ubuntu.com PYTHONPATH=/home/golf1234_pc/manipurator_ws/build/camera2_ros/prefix_override:/usr/lib/python3/dist-packages/colcon_core/task/python/colcon_distutils_commands:/home/golf1234_pc/manipurator_ws/install/camera2_ros/lib/python3.12/site-packages:${PYTHONPATH} /usr/bin/python3 -W ignore:setup.py install is deprecated -W ignore:easy_install command is deprecated setup.py develop --editable --build-directory /home/golf1234_pc/manipurator_ws/build/camera2_ros/build --no-deps symlink_data
[2.163s] running develop
[2.470s] running egg_info
[2.499s] writing camera2_ros.egg-info/PKG-INFO
[2.499s] writing dependency_links to camera2_ros.egg-info/dependency_links.txt
[2.499s] writing entry points to camera2_ros.egg-info/entry_points.txt
[2.499s] writing requirements to camera2_ros.egg-info/requires.txt
[2.499s] writing top-level names to camera2_ros.egg-info/top_level.txt
[2.555s] reading manifest file 'camera2_ros.egg-info/SOURCES.txt'
[2.556s] writing manifest file 'camera2_ros.egg-info/SOURCES.txt'
[2.584s] running build_ext
[2.585s] Creating /home/golf1234_pc/manipurator_ws/install/camera2_ros/lib/python3.12/site-packages/camera2-ros.egg-link (link to .)
[2.585s] Installing arduino_comunication script to /home/golf1234_pc/manipurator_ws/install/camera2_ros/lib/camera2_ros
[2.586s] Installing box_dectection script to /home/golf1234_pc/manipurator_ws/install/camera2_ros/lib/camera2_ros
[2.586s] Installing camera2_node script to /home/golf1234_pc/manipurator_ws/install/camera2_ros/lib/camera2_ros
[2.587s] Installing pub_yolo script to /home/golf1234_pc/manipurator_ws/install/camera2_ros/lib/camera2_ros
[2.587s] Installing sub_yolo script to /home/golf1234_pc/manipurator_ws/install/camera2_ros/lib/camera2_ros
[2.587s] 
[2.587s] Installed /home/golf1234_pc/manipurator_ws/build/camera2_ros
[2.587s] running symlink_data
[2.632s] Invoked command in '/home/golf1234_pc/manipurator_ws/build/camera2_ros' returned '0': DEBUGINFOD_URLS=https://debuginfod.ubuntu.com PYTHONPATH=/home/golf1234_pc/manipurator_ws/build/camera2_ros/prefix_override:/usr/lib/python3/dist-packages/colcon_core/task/python/colcon_distutils_commands:/home/golf1234_pc/manipurator_ws/install/camera2_ros/lib/python3.12/site-packages:${PYTHONPATH} /usr/bin/python3 -W ignore:setup.py install is deprecated -W ignore:easy_install command is deprecated setup.py develop --editable --build-directory /home/golf1234_pc/manipurator_ws/build/camera2_ros/build --no-deps symlink_data
