[2.416s] Invoking command in '/home/golf1234_pc/manipurator_ws/build/mobile_manipurator': DEBUGINFOD_URLS=https://debuginfod.ubuntu.com PYTHONPATH=/home/golf1234_pc/manipurator_ws/build/mobile_manipurator/prefix_override:/usr/lib/python3/dist-packages/colcon_core/task/python/colcon_distutils_commands:/home/golf1234_pc/manipurator_ws/install/mobile_manipurator/lib/python3.12/site-packages:${PYTHONPATH} /usr/bin/python3 -W ignore:setup.py install is deprecated -W ignore:easy_install command is deprecated setup.py develop --editable --build-directory /home/golf1234_pc/manipurator_ws/build/mobile_manipurator/build --no-deps symlink_data --force
[2.848s] running develop
[3.150s] running egg_info
[3.181s] writing mobile_manipurator.egg-info/PKG-INFO
[3.182s] writing dependency_links to mobile_manipurator.egg-info/dependency_links.txt
[3.182s] writing entry points to mobile_manipurator.egg-info/entry_points.txt
[3.182s] writing requirements to mobile_manipurator.egg-info/requires.txt
[3.182s] writing top-level names to mobile_manipurator.egg-info/top_level.txt
[3.243s] reading manifest file 'mobile_manipurator.egg-info/SOURCES.txt'
[3.244s] writing manifest file 'mobile_manipurator.egg-info/SOURCES.txt'
[3.280s] running build_ext
[3.280s] Creating /home/golf1234_pc/manipurator_ws/install/mobile_manipurator/lib/python3.12/site-packages/mobile-manipurator.egg-link (link to .)
[3.281s] Installing listener script to /home/golf1234_pc/manipurator_ws/install/mobile_manipurator/lib/mobile_manipurator
[3.281s] Installing project1 script to /home/golf1234_pc/manipurator_ws/install/mobile_manipurator/lib/mobile_manipurator
[3.281s] Installing servo_test1 script to /home/golf1234_pc/manipurator_ws/install/mobile_manipurator/lib/mobile_manipurator
[3.282s] Installing subscriber1_node script to /home/golf1234_pc/manipurator_ws/install/mobile_manipurator/lib/mobile_manipurator
[3.282s] Installing subscriber_node script to /home/golf1234_pc/manipurator_ws/install/mobile_manipurator/lib/mobile_manipurator
[3.282s] Installing talker script to /home/golf1234_pc/manipurator_ws/install/mobile_manipurator/lib/mobile_manipurator
[3.282s] Installing web_test1_node script to /home/golf1234_pc/manipurator_ws/install/mobile_manipurator/lib/mobile_manipurator
[3.282s] 
[3.282s] Installed /home/golf1234_pc/manipurator_ws/build/mobile_manipurator
[3.283s] running symlink_data
[3.283s] symbolically linking /home/golf1234_pc/manipurator_ws/build/mobile_manipurator/resource/mobile_manipurator -> /home/golf1234_pc/manipurator_ws/install/mobile_manipurator/share/ament_index/resource_index/packages
[3.283s] symbolically linking /home/golf1234_pc/manipurator_ws/build/mobile_manipurator/package.xml -> /home/golf1234_pc/manipurator_ws/install/mobile_manipurator/share/mobile_manipurator
[3.353s] Invoked command in '/home/golf1234_pc/manipurator_ws/build/mobile_manipurator' returned '0': DEBUGINFOD_URLS=https://debuginfod.ubuntu.com PYTHONPATH=/home/golf1234_pc/manipurator_ws/build/mobile_manipurator/prefix_override:/usr/lib/python3/dist-packages/colcon_core/task/python/colcon_distutils_commands:/home/golf1234_pc/manipurator_ws/install/mobile_manipurator/lib/python3.12/site-packages:${PYTHONPATH} /usr/bin/python3 -W ignore:setup.py install is deprecated -W ignore:easy_install command is deprecated setup.py develop --editable --build-directory /home/golf1234_pc/manipurator_ws/build/mobile_manipurator/build --no-deps symlink_data --force
