[0.318s] Invoking command in '/home/golf1234_pc/manipurator_ws/build/car_urdf': CMAKE_PREFIX_PATH=${CMAKE_PREFIX_PATH}:/home/golf1234_pc/manipurator_ws/install/server_controllers:/home/golf1234_pc/manipurator_ws/install/mobile_manipurator:/home/golf1234_pc/manipurator_ws/install/camera2_ros:/home/golf1234_pc/install/moveit_configs_utils:/home/golf1234_pc/ws_moveit/install/moveit_configs_utils:/home/golf1234_pc/project1_ws/install/server_controllers:/home/golf1234_pc/project1_ws/install/mobile_manipurator:/home/golf1234_pc/project1_ws/install/camera2_ros:/home/golf1234_pc/test1_ws/install/test1:/opt/ros/jazzy DEBUGINFOD_URLS=https://debuginfod.ubuntu.com /usr/bin/cmake --build /home/golf1234_pc/manipurator_ws/build/car_urdf -- -j16 -l16
[0.595s] Invoked command in '/home/golf1234_pc/manipurator_ws/build/car_urdf' returned '0': CMAKE_PREFIX_PATH=${CMAKE_PREFIX_PATH}:/home/golf1234_pc/manipurator_ws/install/server_controllers:/home/golf1234_pc/manipurator_ws/install/mobile_manipurator:/home/golf1234_pc/manipurator_ws/install/camera2_ros:/home/golf1234_pc/install/moveit_configs_utils:/home/golf1234_pc/ws_moveit/install/moveit_configs_utils:/home/golf1234_pc/project1_ws/install/server_controllers:/home/golf1234_pc/project1_ws/install/mobile_manipurator:/home/golf1234_pc/project1_ws/install/camera2_ros:/home/golf1234_pc/test1_ws/install/test1:/opt/ros/jazzy DEBUGINFOD_URLS=https://debuginfod.ubuntu.com /usr/bin/cmake --build /home/golf1234_pc/manipurator_ws/build/car_urdf -- -j16 -l16
[0.596s] Invoking command in '/home/golf1234_pc/manipurator_ws/build/car_urdf': CMAKE_PREFIX_PATH=${CMAKE_PREFIX_PATH}:/home/golf1234_pc/manipurator_ws/install/server_controllers:/home/golf1234_pc/manipurator_ws/install/mobile_manipurator:/home/golf1234_pc/manipurator_ws/install/camera2_ros:/home/golf1234_pc/install/moveit_configs_utils:/home/golf1234_pc/ws_moveit/install/moveit_configs_utils:/home/golf1234_pc/project1_ws/install/server_controllers:/home/golf1234_pc/project1_ws/install/mobile_manipurator:/home/golf1234_pc/project1_ws/install/camera2_ros:/home/golf1234_pc/test1_ws/install/test1:/opt/ros/jazzy DEBUGINFOD_URLS=https://debuginfod.ubuntu.com /usr/bin/cmake --install /home/golf1234_pc/manipurator_ws/build/car_urdf
[0.854s] -- Install configuration: ""
[0.854s] -- Execute custom install script
[0.855s] -- Up-to-date symlink: /home/golf1234_pc/manipurator_ws/install/car_urdf/share/car_urdf/launch/display.launch.py
[0.855s] -- Up-to-date symlink: /home/golf1234_pc/manipurator_ws/install/car_urdf/share/car_urdf/urdf/car_urdf.urdf
[0.856s] -- Up-to-date symlink: /home/golf1234_pc/manipurator_ws/install/car_urdf/share/car_urdf/meshes/back_left_wheel.STL
[0.856s] -- Up-to-date symlink: /home/golf1234_pc/manipurator_ws/install/car_urdf/share/car_urdf/meshes/back_right_wheel.STL
[0.856s] -- Up-to-date symlink: /home/golf1234_pc/manipurator_ws/install/car_urdf/share/car_urdf/meshes/base_link.STL
[0.857s] -- Up-to-date symlink: /home/golf1234_pc/manipurator_ws/install/car_urdf/share/car_urdf/meshes/front_left_wheel.STL
[0.857s] -- Up-to-date symlink: /home/golf1234_pc/manipurator_ws/install/car_urdf/share/car_urdf/meshes/front_right_wheel.STL
[0.859s] -- Up-to-date symlink: /home/golf1234_pc/manipurator_ws/install/car_urdf/share/car_urdf/meshes/turn_left_wheel.STL
[0.859s] -- Up-to-date symlink: /home/golf1234_pc/manipurator_ws/install/car_urdf/share/car_urdf/meshes/turn_right_wheel.STL
[0.859s] -- Up-to-date symlink: /home/golf1234_pc/manipurator_ws/install/car_urdf/share/ament_index/resource_index/package_run_dependencies/car_urdf
[0.859s] -- Up-to-date symlink: /home/golf1234_pc/manipurator_ws/install/car_urdf/share/ament_index/resource_index/parent_prefix_path/car_urdf
[0.859s] -- Up-to-date symlink: /home/golf1234_pc/manipurator_ws/install/car_urdf/share/car_urdf/environment/ament_prefix_path.sh
[0.860s] -- Up-to-date symlink: /home/golf1234_pc/manipurator_ws/install/car_urdf/share/car_urdf/environment/ament_prefix_path.dsv
[0.860s] -- Up-to-date symlink: /home/golf1234_pc/manipurator_ws/install/car_urdf/share/car_urdf/environment/path.sh
[0.860s] -- Up-to-date symlink: /home/golf1234_pc/manipurator_ws/install/car_urdf/share/car_urdf/environment/path.dsv
[0.860s] -- Up-to-date symlink: /home/golf1234_pc/manipurator_ws/install/car_urdf/share/car_urdf/local_setup.bash
[0.861s] -- Up-to-date symlink: /home/golf1234_pc/manipurator_ws/install/car_urdf/share/car_urdf/local_setup.sh
[0.862s] -- Up-to-date symlink: /home/golf1234_pc/manipurator_ws/install/car_urdf/share/car_urdf/local_setup.zsh
[0.862s] -- Up-to-date symlink: /home/golf1234_pc/manipurator_ws/install/car_urdf/share/car_urdf/local_setup.dsv
[0.862s] -- Symlinking: /home/golf1234_pc/manipurator_ws/install/car_urdf/share/car_urdf/package.dsv
[0.862s] -- Up-to-date symlink: /home/golf1234_pc/manipurator_ws/install/car_urdf/share/ament_index/resource_index/packages/car_urdf
[0.862s] -- Up-to-date symlink: /home/golf1234_pc/manipurator_ws/install/car_urdf/share/car_urdf/cmake/car_urdfConfig.cmake
[0.863s] -- Up-to-date symlink: /home/golf1234_pc/manipurator_ws/install/car_urdf/share/car_urdf/cmake/car_urdfConfig-version.cmake
[0.863s] -- Up-to-date symlink: /home/golf1234_pc/manipurator_ws/install/car_urdf/share/car_urdf/package.xml
[0.879s] Invoked command in '/home/golf1234_pc/manipurator_ws/build/car_urdf' returned '0': CMAKE_PREFIX_PATH=${CMAKE_PREFIX_PATH}:/home/golf1234_pc/manipurator_ws/install/server_controllers:/home/golf1234_pc/manipurator_ws/install/mobile_manipurator:/home/golf1234_pc/manipurator_ws/install/camera2_ros:/home/golf1234_pc/install/moveit_configs_utils:/home/golf1234_pc/ws_moveit/install/moveit_configs_utils:/home/golf1234_pc/project1_ws/install/server_controllers:/home/golf1234_pc/project1_ws/install/mobile_manipurator:/home/golf1234_pc/project1_ws/install/camera2_ros:/home/golf1234_pc/test1_ws/install/test1:/opt/ros/jazzy DEBUGINFOD_URLS=https://debuginfod.ubuntu.com /usr/bin/cmake --install /home/golf1234_pc/manipurator_ws/build/car_urdf
