[0.190s] DEBUG:colcon:Command line arguments: ['/usr/bin/colcon', 'build', '--symlink-install']
[0.190s] DEBUG:colcon:Parsed command line arguments: Namespace(log_base=None, log_level=None, verb_name='build', build_base='build', install_base='install', merge_install=False, symlink_install=True, test_result_base=None, continue_on_error=False, executor='parallel', parallel_workers=16, event_handlers=None, ignore_user_meta=False, metas=['./colcon.meta'], base_paths=['.'], packages_ignore=None, packages_ignore_regex=None, paths=None, packages_up_to=None, packages_up_to_regex=None, packages_above=None, packages_above_and_dependencies=None, packages_above_depth=None, packages_select_by_dep=None, packages_skip_by_dep=None, packages_skip_up_to=None, packages_select_build_failed=False, packages_skip_build_finished=False, packages_select_test_failures=False, packages_skip_test_passed=False, packages_select=None, packages_skip=None, packages_select_regex=None, packages_skip_regex=None, packages_start=None, packages_end=None, allow_overriding=[], cmake_args=None, cmake_target=None, cmake_target_skip_unavailable=False, cmake_clean_cache=False, cmake_clean_first=False, cmake_force_configure=False, ament_cmake_args=None, catkin_cmake_args=None, catkin_skip_building_tests=False, mixin_files=None, mixin=None, verb_parser=<colcon_mixin.mixin.mixin_argument.MixinArgumentDecorator object at 0x7f086905a7b0>, verb_extension=<colcon_core.verb.build.BuildVerb object at 0x7f0869058e30>, main=<bound method BuildVerb.main of <colcon_core.verb.build.BuildVerb object at 0x7f0869058e30>>, mixin_verb=('build',))
[0.222s] Level 1:colcon.colcon_core.package_discovery:discover_packages(colcon_meta) check parameters
[0.222s] Level 1:colcon.colcon_core.package_discovery:discover_packages(recursive) check parameters
[0.222s] Level 1:colcon.colcon_core.package_discovery:discover_packages(ignore) check parameters
[0.222s] Level 1:colcon.colcon_core.package_discovery:discover_packages(path) check parameters
[0.222s] Level 1:colcon.colcon_core.package_discovery:discover_packages(colcon_meta) discover
[0.222s] Level 1:colcon.colcon_core.package_discovery:discover_packages(recursive) discover
[0.222s] INFO:colcon.colcon_core.package_discovery:Crawling recursively for packages in '/home/golf1234_pc/manipurator_ws'
[0.223s] Level 1:colcon.colcon_core.package_identification:_identify(.) by extensions ['ignore', 'ignore_ament_install']
[0.223s] Level 1:colcon.colcon_core.package_identification:_identify(.) by extension 'ignore'
[0.223s] Level 1:colcon.colcon_core.package_identification:_identify(.) by extension 'ignore_ament_install'
[0.223s] Level 1:colcon.colcon_core.package_identification:_identify(.) by extensions ['colcon_pkg']
[0.223s] Level 1:colcon.colcon_core.package_identification:_identify(.) by extension 'colcon_pkg'
[0.223s] Level 1:colcon.colcon_core.package_identification:_identify(.) by extensions ['colcon_meta']
[0.223s] Level 1:colcon.colcon_core.package_identification:_identify(.) by extension 'colcon_meta'
[0.223s] Level 1:colcon.colcon_core.package_identification:_identify(.) by extensions ['ros']
[0.223s] Level 1:colcon.colcon_core.package_identification:_identify(.) by extension 'ros'
[0.244s] Level 1:colcon.colcon_core.package_identification:_identify(.) by extensions ['cmake', 'python']
[0.244s] Level 1:colcon.colcon_core.package_identification:_identify(.) by extension 'cmake'
[0.244s] Level 1:colcon.colcon_core.package_identification:_identify(.) by extension 'python'
[0.244s] Level 1:colcon.colcon_core.package_identification:_identify(.) by extensions ['python_setup_py']
[0.244s] Level 1:colcon.colcon_core.package_identification:_identify(.) by extension 'python_setup_py'
[0.244s] Level 1:colcon.colcon_core.package_identification:_identify(build) by extensions ['ignore', 'ignore_ament_install']
[0.245s] Level 1:colcon.colcon_core.package_identification:_identify(build) by extension 'ignore'
[0.245s] Level 1:colcon.colcon_core.package_identification:_identify(build) ignored
[0.245s] Level 1:colcon.colcon_core.package_identification:_identify(install) by extensions ['ignore', 'ignore_ament_install']
[0.245s] Level 1:colcon.colcon_core.package_identification:_identify(install) by extension 'ignore'
[0.245s] Level 1:colcon.colcon_core.package_identification:_identify(install) ignored
[0.245s] Level 1:colcon.colcon_core.package_identification:_identify(log) by extensions ['ignore', 'ignore_ament_install']
[0.245s] Level 1:colcon.colcon_core.package_identification:_identify(log) by extension 'ignore'
[0.245s] Level 1:colcon.colcon_core.package_identification:_identify(log) ignored
[0.245s] Level 1:colcon.colcon_core.package_identification:_identify(src) by extensions ['ignore', 'ignore_ament_install']
[0.245s] Level 1:colcon.colcon_core.package_identification:_identify(src) by extension 'ignore'
[0.245s] Level 1:colcon.colcon_core.package_identification:_identify(src) by extension 'ignore_ament_install'
[0.245s] Level 1:colcon.colcon_core.package_identification:_identify(src) by extensions ['colcon_pkg']
[0.245s] Level 1:colcon.colcon_core.package_identification:_identify(src) by extension 'colcon_pkg'
[0.245s] Level 1:colcon.colcon_core.package_identification:_identify(src) by extensions ['colcon_meta']
[0.245s] Level 1:colcon.colcon_core.package_identification:_identify(src) by extension 'colcon_meta'
[0.245s] Level 1:colcon.colcon_core.package_identification:_identify(src) by extensions ['ros']
[0.245s] Level 1:colcon.colcon_core.package_identification:_identify(src) by extension 'ros'
[0.245s] Level 1:colcon.colcon_core.package_identification:_identify(src) by extensions ['cmake', 'python']
[0.245s] Level 1:colcon.colcon_core.package_identification:_identify(src) by extension 'cmake'
[0.245s] Level 1:colcon.colcon_core.package_identification:_identify(src) by extension 'python'
[0.245s] Level 1:colcon.colcon_core.package_identification:_identify(src) by extensions ['python_setup_py']
[0.245s] Level 1:colcon.colcon_core.package_identification:_identify(src) by extension 'python_setup_py'
[0.246s] Level 1:colcon.colcon_core.package_identification:_identify(src/config1) by extensions ['ignore', 'ignore_ament_install']
[0.246s] Level 1:colcon.colcon_core.package_identification:_identify(src/config1) by extension 'ignore'
[0.246s] Level 1:colcon.colcon_core.package_identification:_identify(src/config1) by extension 'ignore_ament_install'
[0.246s] Level 1:colcon.colcon_core.package_identification:_identify(src/config1) by extensions ['colcon_pkg']
[0.246s] Level 1:colcon.colcon_core.package_identification:_identify(src/config1) by extension 'colcon_pkg'
[0.246s] Level 1:colcon.colcon_core.package_identification:_identify(src/config1) by extensions ['colcon_meta']
[0.246s] Level 1:colcon.colcon_core.package_identification:_identify(src/config1) by extension 'colcon_meta'
[0.246s] Level 1:colcon.colcon_core.package_identification:_identify(src/config1) by extensions ['ros']
[0.246s] Level 1:colcon.colcon_core.package_identification:_identify(src/config1) by extension 'ros'
[0.248s] DEBUG:colcon.colcon_core.package_identification:Package 'src/config1' with type 'ros.ament_cmake' and name 'config1'
[0.248s] Level 1:colcon.colcon_core.package_identification:_identify(src/mtc_config1) by extensions ['ignore', 'ignore_ament_install']
[0.248s] Level 1:colcon.colcon_core.package_identification:_identify(src/mtc_config1) by extension 'ignore'
[0.248s] Level 1:colcon.colcon_core.package_identification:_identify(src/mtc_config1) by extension 'ignore_ament_install'
[0.248s] Level 1:colcon.colcon_core.package_identification:_identify(src/mtc_config1) by extensions ['colcon_pkg']
[0.248s] Level 1:colcon.colcon_core.package_identification:_identify(src/mtc_config1) by extension 'colcon_pkg'
[0.248s] Level 1:colcon.colcon_core.package_identification:_identify(src/mtc_config1) by extensions ['colcon_meta']
[0.248s] Level 1:colcon.colcon_core.package_identification:_identify(src/mtc_config1) by extension 'colcon_meta'
[0.248s] Level 1:colcon.colcon_core.package_identification:_identify(src/mtc_config1) by extensions ['ros']
[0.248s] Level 1:colcon.colcon_core.package_identification:_identify(src/mtc_config1) by extension 'ros'
[0.248s] DEBUG:colcon.colcon_core.package_identification:Package 'src/mtc_config1' with type 'ros.ament_cmake' and name 'mtc_config1'
[0.249s] Level 1:colcon.colcon_core.package_identification:_identify(src/urdf1) by extensions ['ignore', 'ignore_ament_install']
[0.249s] Level 1:colcon.colcon_core.package_identification:_identify(src/urdf1) by extension 'ignore'
[0.249s] Level 1:colcon.colcon_core.package_identification:_identify(src/urdf1) by extension 'ignore_ament_install'
[0.249s] Level 1:colcon.colcon_core.package_identification:_identify(src/urdf1) by extensions ['colcon_pkg']
[0.249s] Level 1:colcon.colcon_core.package_identification:_identify(src/urdf1) by extension 'colcon_pkg'
[0.249s] Level 1:colcon.colcon_core.package_identification:_identify(src/urdf1) by extensions ['colcon_meta']
[0.249s] Level 1:colcon.colcon_core.package_identification:_identify(src/urdf1) by extension 'colcon_meta'
[0.249s] Level 1:colcon.colcon_core.package_identification:_identify(src/urdf1) by extensions ['ros']
[0.249s] Level 1:colcon.colcon_core.package_identification:_identify(src/urdf1) by extension 'ros'
[0.249s] DEBUG:colcon.colcon_core.package_identification:Package 'src/urdf1' with type 'ros.ament_cmake' and name 'urdf1'
[0.249s] Level 1:colcon.colcon_core.package_discovery:discover_packages(recursive) using defaults
[0.249s] Level 1:colcon.colcon_core.package_discovery:discover_packages(ignore) discover
[0.249s] Level 1:colcon.colcon_core.package_discovery:discover_packages(ignore) using defaults
[0.249s] Level 1:colcon.colcon_core.package_discovery:discover_packages(path) discover
[0.249s] Level 1:colcon.colcon_core.package_discovery:discover_packages(path) using defaults
[0.264s] Level 1:colcon.colcon_core.package_discovery:discover_packages(prefix_path) check parameters
[0.264s] Level 1:colcon.colcon_core.package_discovery:discover_packages(prefix_path) discover
[0.265s] WARNING:colcon.colcon_ros.prefix_path.ament:The path '/home/golf1234_pc/manipurator_ws/install/config1' in the environment variable AMENT_PREFIX_PATH doesn't exist
[0.265s] WARNING:colcon.colcon_ros.prefix_path.ament:The path '/home/golf1234_pc/manipurator_ws/install/urdf1' in the environment variable AMENT_PREFIX_PATH doesn't exist
[0.269s] WARNING:colcon.colcon_ros.prefix_path.catkin:The path '/home/golf1234_pc/manipurator_ws/install/config1' in the environment variable CMAKE_PREFIX_PATH doesn't exist
[0.269s] WARNING:colcon.colcon_ros.prefix_path.catkin:The path '/home/golf1234_pc/manipurator_ws/install/urdf1' in the environment variable CMAKE_PREFIX_PATH doesn't exist
[0.271s] DEBUG:colcon.colcon_installed_package_information.package_discovery:Found 0 installed packages in /home/golf1234_pc/manipurator_ws/install
[0.272s] DEBUG:colcon.colcon_installed_package_information.package_discovery:Found 33 installed packages in /home/golf1234_pc/project1_ws/install
[0.273s] DEBUG:colcon.colcon_installed_package_information.package_discovery:Found 73 installed packages in /home/golf1234_pc/ws_moveit/install
[0.274s] DEBUG:colcon.colcon_installed_package_information.package_discovery:Found 2 installed packages in /home/golf1234_pc/test1_ws/install
[0.275s] DEBUG:colcon.colcon_installed_package_information.package_discovery:Found 415 installed packages in /opt/ros/jazzy
[0.278s] Level 1:colcon.colcon_core.package_discovery:discover_packages(prefix_path) using defaults
[0.352s] Level 5:colcon.colcon_core.verb:set package 'mtc_config1' build argument 'cmake_args' from command line to 'None'
[0.352s] Level 5:colcon.colcon_core.verb:set package 'mtc_config1' build argument 'cmake_target' from command line to 'None'
[0.352s] Level 5:colcon.colcon_core.verb:set package 'mtc_config1' build argument 'cmake_target_skip_unavailable' from command line to 'False'
[0.352s] Level 5:colcon.colcon_core.verb:set package 'mtc_config1' build argument 'cmake_clean_cache' from command line to 'False'
[0.352s] Level 5:colcon.colcon_core.verb:set package 'mtc_config1' build argument 'cmake_clean_first' from command line to 'False'
[0.352s] Level 5:colcon.colcon_core.verb:set package 'mtc_config1' build argument 'cmake_force_configure' from command line to 'False'
[0.352s] Level 5:colcon.colcon_core.verb:set package 'mtc_config1' build argument 'ament_cmake_args' from command line to 'None'
[0.352s] Level 5:colcon.colcon_core.verb:set package 'mtc_config1' build argument 'catkin_cmake_args' from command line to 'None'
[0.352s] Level 5:colcon.colcon_core.verb:set package 'mtc_config1' build argument 'catkin_skip_building_tests' from command line to 'False'
[0.352s] DEBUG:colcon.colcon_core.verb:Building package 'mtc_config1' with the following arguments: {'ament_cmake_args': None, 'build_base': '/home/golf1234_pc/manipurator_ws/build/mtc_config1', 'catkin_cmake_args': None, 'catkin_skip_building_tests': False, 'cmake_args': None, 'cmake_clean_cache': False, 'cmake_clean_first': False, 'cmake_force_configure': False, 'cmake_target': None, 'cmake_target_skip_unavailable': False, 'install_base': '/home/golf1234_pc/manipurator_ws/install/mtc_config1', 'merge_install': False, 'path': '/home/golf1234_pc/manipurator_ws/src/mtc_config1', 'symlink_install': True, 'test_result_base': None}
[0.352s] Level 5:colcon.colcon_core.verb:set package 'urdf1' build argument 'cmake_args' from command line to 'None'
[0.352s] Level 5:colcon.colcon_core.verb:set package 'urdf1' build argument 'cmake_target' from command line to 'None'
[0.352s] Level 5:colcon.colcon_core.verb:set package 'urdf1' build argument 'cmake_target_skip_unavailable' from command line to 'False'
[0.352s] Level 5:colcon.colcon_core.verb:set package 'urdf1' build argument 'cmake_clean_cache' from command line to 'False'
[0.352s] Level 5:colcon.colcon_core.verb:set package 'urdf1' build argument 'cmake_clean_first' from command line to 'False'
[0.352s] Level 5:colcon.colcon_core.verb:set package 'urdf1' build argument 'cmake_force_configure' from command line to 'False'
[0.352s] Level 5:colcon.colcon_core.verb:set package 'urdf1' build argument 'ament_cmake_args' from command line to 'None'
[0.352s] Level 5:colcon.colcon_core.verb:set package 'urdf1' build argument 'catkin_cmake_args' from command line to 'None'
[0.352s] Level 5:colcon.colcon_core.verb:set package 'urdf1' build argument 'catkin_skip_building_tests' from command line to 'False'
[0.352s] DEBUG:colcon.colcon_core.verb:Building package 'urdf1' with the following arguments: {'ament_cmake_args': None, 'build_base': '/home/golf1234_pc/manipurator_ws/build/urdf1', 'catkin_cmake_args': None, 'catkin_skip_building_tests': False, 'cmake_args': None, 'cmake_clean_cache': False, 'cmake_clean_first': False, 'cmake_force_configure': False, 'cmake_target': None, 'cmake_target_skip_unavailable': False, 'install_base': '/home/golf1234_pc/manipurator_ws/install/urdf1', 'merge_install': False, 'path': '/home/golf1234_pc/manipurator_ws/src/urdf1', 'symlink_install': True, 'test_result_base': None}
[0.353s] Level 5:colcon.colcon_core.verb:set package 'config1' build argument 'cmake_args' from command line to 'None'
[0.353s] Level 5:colcon.colcon_core.verb:set package 'config1' build argument 'cmake_target' from command line to 'None'
[0.353s] Level 5:colcon.colcon_core.verb:set package 'config1' build argument 'cmake_target_skip_unavailable' from command line to 'False'
[0.353s] Level 5:colcon.colcon_core.verb:set package 'config1' build argument 'cmake_clean_cache' from command line to 'False'
[0.353s] Level 5:colcon.colcon_core.verb:set package 'config1' build argument 'cmake_clean_first' from command line to 'False'
[0.353s] Level 5:colcon.colcon_core.verb:set package 'config1' build argument 'cmake_force_configure' from command line to 'False'
[0.353s] Level 5:colcon.colcon_core.verb:set package 'config1' build argument 'ament_cmake_args' from command line to 'None'
[0.353s] Level 5:colcon.colcon_core.verb:set package 'config1' build argument 'catkin_cmake_args' from command line to 'None'
[0.353s] Level 5:colcon.colcon_core.verb:set package 'config1' build argument 'catkin_skip_building_tests' from command line to 'False'
[0.353s] DEBUG:colcon.colcon_core.verb:Building package 'config1' with the following arguments: {'ament_cmake_args': None, 'build_base': '/home/golf1234_pc/manipurator_ws/build/config1', 'catkin_cmake_args': None, 'catkin_skip_building_tests': False, 'cmake_args': None, 'cmake_clean_cache': False, 'cmake_clean_first': False, 'cmake_force_configure': False, 'cmake_target': None, 'cmake_target_skip_unavailable': False, 'install_base': '/home/golf1234_pc/manipurator_ws/install/config1', 'merge_install': False, 'path': '/home/golf1234_pc/manipurator_ws/src/config1', 'symlink_install': True, 'test_result_base': None}
[0.353s] INFO:colcon.colcon_core.executor:Executing jobs using 'parallel' executor
[0.354s] DEBUG:colcon.colcon_parallel_executor.executor.parallel:run_until_complete
[0.354s] INFO:colcon.colcon_ros.task.ament_cmake.build:Building ROS package in '/home/golf1234_pc/manipurator_ws/src/urdf1' with build type 'ament_cmake'
[0.354s] INFO:colcon.colcon_cmake.task.cmake.build:Building CMake package in '/home/golf1234_pc/manipurator_ws/src/urdf1'
[0.356s] INFO:colcon.colcon_core.plugin_system:Skipping extension 'colcon_core.shell.bat': Not used on non-Windows systems
[0.356s] INFO:colcon.colcon_core.shell:Skip shell extension 'powershell' for command environment: Not usable outside of PowerShell
[0.356s] DEBUG:colcon.colcon_core.shell:Skip shell extension 'dsv' for command environment
[0.367s] INFO:colcon.colcon_ros.task.ament_cmake.build:Building ROS package in '/home/golf1234_pc/manipurator_ws/src/mtc_config1' with build type 'ament_cmake'
[0.367s] INFO:colcon.colcon_cmake.task.cmake.build:Building CMake package in '/home/golf1234_pc/manipurator_ws/src/mtc_config1'
[0.367s] INFO:colcon.colcon_core.shell:Skip shell extension 'powershell' for command environment: Not usable outside of PowerShell
[0.367s] DEBUG:colcon.colcon_core.shell:Skip shell extension 'dsv' for command environment
[0.381s] DEBUG:colcon.colcon_core.event_handler.log_command:Invoking command in '/home/golf1234_pc/manipurator_ws/build/urdf1': CMAKE_PREFIX_PATH=${CMAKE_PREFIX_PATH}:/home/golf1234_pc/ws_moveit/install/moveit_configs_utils:/home/golf1234_pc/project1_ws/install/server_controllers:/home/golf1234_pc/project1_ws/install/mobile_manipurator:/home/golf1234_pc/project1_ws/install/camera2_ros:/home/golf1234_pc/test1_ws/install/test1:/opt/ros/jazzy DEBUGINFOD_URLS=https://debuginfod.ubuntu.com /usr/bin/cmake /home/golf1234_pc/manipurator_ws/src/urdf1 -DAMENT_CMAKE_SYMLINK_INSTALL=1 -DCMAKE_INSTALL_PREFIX=/home/golf1234_pc/manipurator_ws/install/urdf1
[0.386s] DEBUG:colcon.colcon_core.event_handler.log_command:Invoking command in '/home/golf1234_pc/manipurator_ws/build/mtc_config1': CMAKE_PREFIX_PATH=${CMAKE_PREFIX_PATH}:/home/golf1234_pc/ws_moveit/install/moveit_configs_utils:/home/golf1234_pc/project1_ws/install/server_controllers:/home/golf1234_pc/project1_ws/install/mobile_manipurator:/home/golf1234_pc/project1_ws/install/camera2_ros:/home/golf1234_pc/test1_ws/install/test1:/opt/ros/jazzy DEBUGINFOD_URLS=https://debuginfod.ubuntu.com /usr/bin/cmake /home/golf1234_pc/manipurator_ws/src/mtc_config1 -DAMENT_CMAKE_SYMLINK_INSTALL=1 -DCMAKE_INSTALL_PREFIX=/home/golf1234_pc/manipurator_ws/install/mtc_config1
[2.333s] DEBUG:colcon.colcon_core.event_handler.log_command:Invoked command in '/home/golf1234_pc/manipurator_ws/build/urdf1' returned '0': CMAKE_PREFIX_PATH=${CMAKE_PREFIX_PATH}:/home/golf1234_pc/ws_moveit/install/moveit_configs_utils:/home/golf1234_pc/project1_ws/install/server_controllers:/home/golf1234_pc/project1_ws/install/mobile_manipurator:/home/golf1234_pc/project1_ws/install/camera2_ros:/home/golf1234_pc/test1_ws/install/test1:/opt/ros/jazzy DEBUGINFOD_URLS=https://debuginfod.ubuntu.com /usr/bin/cmake /home/golf1234_pc/manipurator_ws/src/urdf1 -DAMENT_CMAKE_SYMLINK_INSTALL=1 -DCMAKE_INSTALL_PREFIX=/home/golf1234_pc/manipurator_ws/install/urdf1
[2.334s] DEBUG:colcon.colcon_core.event_handler.log_command:Invoking command in '/home/golf1234_pc/manipurator_ws/build/urdf1': CMAKE_PREFIX_PATH=${CMAKE_PREFIX_PATH}:/home/golf1234_pc/ws_moveit/install/moveit_configs_utils:/home/golf1234_pc/project1_ws/install/server_controllers:/home/golf1234_pc/project1_ws/install/mobile_manipurator:/home/golf1234_pc/project1_ws/install/camera2_ros:/home/golf1234_pc/test1_ws/install/test1:/opt/ros/jazzy DEBUGINFOD_URLS=https://debuginfod.ubuntu.com /usr/bin/cmake --build /home/golf1234_pc/manipurator_ws/build/urdf1 -- -j16 -l16
[2.388s] DEBUG:colcon.colcon_core.event_handler.log_command:Invoked command in '/home/golf1234_pc/manipurator_ws/build/urdf1' returned '0': CMAKE_PREFIX_PATH=${CMAKE_PREFIX_PATH}:/home/golf1234_pc/ws_moveit/install/moveit_configs_utils:/home/golf1234_pc/project1_ws/install/server_controllers:/home/golf1234_pc/project1_ws/install/mobile_manipurator:/home/golf1234_pc/project1_ws/install/camera2_ros:/home/golf1234_pc/test1_ws/install/test1:/opt/ros/jazzy DEBUGINFOD_URLS=https://debuginfod.ubuntu.com /usr/bin/cmake --build /home/golf1234_pc/manipurator_ws/build/urdf1 -- -j16 -l16
[2.402s] DEBUG:colcon.colcon_core.event_handler.log_command:Invoking command in '/home/golf1234_pc/manipurator_ws/build/urdf1': CMAKE_PREFIX_PATH=${CMAKE_PREFIX_PATH}:/home/golf1234_pc/ws_moveit/install/moveit_configs_utils:/home/golf1234_pc/project1_ws/install/server_controllers:/home/golf1234_pc/project1_ws/install/mobile_manipurator:/home/golf1234_pc/project1_ws/install/camera2_ros:/home/golf1234_pc/test1_ws/install/test1:/opt/ros/jazzy DEBUGINFOD_URLS=https://debuginfod.ubuntu.com /usr/bin/cmake --install /home/golf1234_pc/manipurator_ws/build/urdf1
[2.784s] Level 1:colcon.colcon_core.environment:create_environment_scripts_only(urdf1)
[2.785s] DEBUG:colcon.colcon_core.event_handler.log_command:Invoked command in '/home/golf1234_pc/manipurator_ws/build/urdf1' returned '0': CMAKE_PREFIX_PATH=${CMAKE_PREFIX_PATH}:/home/golf1234_pc/ws_moveit/install/moveit_configs_utils:/home/golf1234_pc/project1_ws/install/server_controllers:/home/golf1234_pc/project1_ws/install/mobile_manipurator:/home/golf1234_pc/project1_ws/install/camera2_ros:/home/golf1234_pc/test1_ws/install/test1:/opt/ros/jazzy DEBUGINFOD_URLS=https://debuginfod.ubuntu.com /usr/bin/cmake --install /home/golf1234_pc/manipurator_ws/build/urdf1
[2.786s] Level 1:colcon.colcon_core.environment:checking '/home/golf1234_pc/manipurator_ws/install/urdf1' for CMake module files
[2.787s] Level 1:colcon.colcon_core.environment:checking '/home/golf1234_pc/manipurator_ws/install/urdf1' for CMake config files
[2.787s] Level 1:colcon.colcon_core.shell:create_environment_hook('urdf1', 'cmake_prefix_path')
[2.787s] INFO:colcon.colcon_core.shell:Creating environment hook '/home/golf1234_pc/manipurator_ws/install/urdf1/share/urdf1/hook/cmake_prefix_path.ps1'
[2.788s] INFO:colcon.colcon_core.shell:Creating environment descriptor '/home/golf1234_pc/manipurator_ws/install/urdf1/share/urdf1/hook/cmake_prefix_path.dsv'
[2.788s] INFO:colcon.colcon_core.shell:Creating environment hook '/home/golf1234_pc/manipurator_ws/install/urdf1/share/urdf1/hook/cmake_prefix_path.sh'
[2.789s] Level 1:colcon.colcon_core.environment:checking '/home/golf1234_pc/manipurator_ws/install/urdf1/bin'
[2.789s] Level 1:colcon.colcon_core.environment:checking '/home/golf1234_pc/manipurator_ws/install/urdf1/lib/pkgconfig/urdf1.pc'
[2.789s] Level 1:colcon.colcon_core.environment:checking '/home/golf1234_pc/manipurator_ws/install/urdf1/lib/python3.12/site-packages'
[2.789s] Level 1:colcon.colcon_core.environment:checking '/home/golf1234_pc/manipurator_ws/install/urdf1/bin'
[2.789s] INFO:colcon.colcon_core.shell:Creating package script '/home/golf1234_pc/manipurator_ws/install/urdf1/share/urdf1/package.ps1'
[2.790s] INFO:colcon.colcon_core.shell:Creating package descriptor '/home/golf1234_pc/manipurator_ws/install/urdf1/share/urdf1/package.dsv'
[2.790s] INFO:colcon.colcon_core.shell:Creating package script '/home/golf1234_pc/manipurator_ws/install/urdf1/share/urdf1/package.sh'
[2.790s] INFO:colcon.colcon_core.shell:Creating package script '/home/golf1234_pc/manipurator_ws/install/urdf1/share/urdf1/package.bash'
[2.791s] INFO:colcon.colcon_core.shell:Creating package script '/home/golf1234_pc/manipurator_ws/install/urdf1/share/urdf1/package.zsh'
[2.791s] Level 1:colcon.colcon_core.environment:create_file_with_runtime_dependencies(/home/golf1234_pc/manipurator_ws/install/urdf1/share/colcon-core/packages/urdf1)
[2.792s] Level 1:colcon.colcon_core.environment:create_environment_scripts_only(urdf1)
[2.792s] Level 1:colcon.colcon_core.environment:checking '/home/golf1234_pc/manipurator_ws/install/urdf1' for CMake module files
[2.792s] Level 1:colcon.colcon_core.environment:checking '/home/golf1234_pc/manipurator_ws/install/urdf1' for CMake config files
[2.792s] Level 1:colcon.colcon_core.shell:create_environment_hook('urdf1', 'cmake_prefix_path')
[2.792s] INFO:colcon.colcon_core.shell:Creating environment hook '/home/golf1234_pc/manipurator_ws/install/urdf1/share/urdf1/hook/cmake_prefix_path.ps1'
[2.793s] INFO:colcon.colcon_core.shell:Creating environment descriptor '/home/golf1234_pc/manipurator_ws/install/urdf1/share/urdf1/hook/cmake_prefix_path.dsv'
[2.793s] INFO:colcon.colcon_core.shell:Creating environment hook '/home/golf1234_pc/manipurator_ws/install/urdf1/share/urdf1/hook/cmake_prefix_path.sh'
[2.793s] Level 1:colcon.colcon_core.environment:checking '/home/golf1234_pc/manipurator_ws/install/urdf1/bin'
[2.793s] Level 1:colcon.colcon_core.environment:checking '/home/golf1234_pc/manipurator_ws/install/urdf1/lib/pkgconfig/urdf1.pc'
[2.794s] Level 1:colcon.colcon_core.environment:checking '/home/golf1234_pc/manipurator_ws/install/urdf1/lib/python3.12/site-packages'
[2.794s] Level 1:colcon.colcon_core.environment:checking '/home/golf1234_pc/manipurator_ws/install/urdf1/bin'
[2.794s] INFO:colcon.colcon_core.shell:Creating package script '/home/golf1234_pc/manipurator_ws/install/urdf1/share/urdf1/package.ps1'
[2.794s] INFO:colcon.colcon_core.shell:Creating package descriptor '/home/golf1234_pc/manipurator_ws/install/urdf1/share/urdf1/package.dsv'
[2.795s] INFO:colcon.colcon_core.shell:Creating package script '/home/golf1234_pc/manipurator_ws/install/urdf1/share/urdf1/package.sh'
[2.795s] INFO:colcon.colcon_core.shell:Creating package script '/home/golf1234_pc/manipurator_ws/install/urdf1/share/urdf1/package.bash'
[2.795s] INFO:colcon.colcon_core.shell:Creating package script '/home/golf1234_pc/manipurator_ws/install/urdf1/share/urdf1/package.zsh'
[2.796s] Level 1:colcon.colcon_core.environment:create_file_with_runtime_dependencies(/home/golf1234_pc/manipurator_ws/install/urdf1/share/colcon-core/packages/urdf1)
[2.796s] INFO:colcon.colcon_ros.task.ament_cmake.build:Building ROS package in '/home/golf1234_pc/manipurator_ws/src/config1' with build type 'ament_cmake'
[2.796s] INFO:colcon.colcon_cmake.task.cmake.build:Building CMake package in '/home/golf1234_pc/manipurator_ws/src/config1'
[2.796s] INFO:colcon.colcon_core.shell:Skip shell extension 'powershell' for command environment: Not usable outside of PowerShell
[2.797s] DEBUG:colcon.colcon_core.shell:Skip shell extension 'dsv' for command environment
[2.848s] DEBUG:colcon.colcon_core.event_handler.log_command:Invoking command in '/home/golf1234_pc/manipurator_ws/build/config1': CMAKE_PREFIX_PATH=/home/golf1234_pc/manipurator_ws/install/urdf1:/home/golf1234_pc/manipurator_ws/install/config1:/home/golf1234_pc/ws_moveit/install/robotiq_hardware_tests:/home/golf1234_pc/ws_moveit/install/robotiq_driver:/home/golf1234_pc/ws_moveit/install/serial:/home/golf1234_pc/ws_moveit/install/moveit2_tutorials:/home/golf1234_pc/ws_moveit/install/moveit_visual_tools:/home/golf1234_pc/ws_moveit/install/rviz_visual_tools:/home/golf1234_pc/ws_moveit/install/mtc_tutorial:/home/golf1234_pc/ws_moveit/install/moveit_task_constructor_visualization:/home/golf1234_pc/ws_moveit/install/moveit_task_constructor_demo:/home/golf1234_pc/ws_moveit/install/moveit_task_constructor_capabilities:/home/golf1234_pc/ws_moveit/install/moveit_task_constructor_core:/home/golf1234_pc/ws_moveit/install/rviz_marker_tools:/home/golf1234_pc/ws_moveit/install/kortex_bringup:/home/golf1234_pc/ws_moveit/install/kinova_gen3_lite_moveit_config:/home/golf1234_pc/ws_moveit/install/kinova_gen3_7dof_robotiq_2f_85_moveit_config:/home/golf1234_pc/ws_moveit/install/kinova_gen3_6dof_robotiq_2f_85_moveit_config:/home/golf1234_pc/ws_moveit/install/kortex_description:/home/golf1234_pc/ws_moveit/install/robotiq_description:/home/golf1234_pc/ws_moveit/install/robotiq_controllers:/home/golf1234_pc/ws_moveit/install/pilz_industrial_motion_planner_testutils:/home/golf1234_pc/ws_moveit/install/moveit_runtime:/home/golf1234_pc/ws_moveit/install/moveit:/home/golf1234_pc/ws_moveit/install/moveit_planners:/home/golf1234_pc/ws_moveit/install/pilz_industrial_motion_planner:/home/golf1234_pc/ws_moveit/install/picknik_twist_controller:/home/golf1234_pc/ws_moveit/install/picknik_reset_fault_controller:/home/golf1234_pc/ws_moveit/install/moveit_task_constructor_msgs:/home/golf1234_pc/ws_moveit/install/moveit_ros_control_interface:/home/golf1234_pc/ws_moveit/install/moveit_plugins:/home/golf1234_pc/ws_moveit/install/moveit_simple_controller_manager:/home/golf1234_pc/ws_moveit/install/moveit_setup_assistant:/home/golf1234_pc/ws_moveit/install/moveit_setup_srdf_plugins:/home/golf1234_pc/ws_moveit/install/moveit_setup_core_plugins:/home/golf1234_pc/ws_moveit/install/moveit_setup_controllers:/home/golf1234_pc/ws_moveit/install/moveit_setup_app_plugins:/home/golf1234_pc/ws_moveit/install/moveit_setup_framework:/home/golf1234_pc/ws_moveit/install/moveit_servo:/home/golf1234_pc/ws_moveit/install/moveit_ros_trajectory_cache:/home/golf1234_pc/ws_moveit/install/moveit_ros:/home/golf1234_pc/ws_moveit/install/moveit_ros_visualization:/home/golf1234_pc/ws_moveit/install/moveit_py:/home/golf1234_pc/ws_moveit/install/moveit_hybrid_planning:/home/golf1234_pc/ws_moveit/install/moveit_ros_planning_interface:/home/golf1234_pc/ws_moveit/install/moveit_ros_benchmarks:/home/golf1234_pc/ws_moveit/install/moveit_ros_warehouse:/home/golf1234_pc/ws_moveit/install/moveit_ros_robot_interaction:/home/golf1234_pc/ws_moveit/install/moveit_ros_perception:/home/golf1234_pc/ws_moveit/install/moveit_resources_prbt_pg70_support:/home/golf1234_pc/ws_moveit/install/moveit_resources_prbt_moveit_config:/home/golf1234_pc/ws_moveit/install/moveit_ros_move_group:/home/golf1234_pc/ws_moveit/install/moveit_planners_ompl:/home/golf1234_pc/ws_moveit/install/moveit_kinematics:/home/golf1234_pc/ws_moveit/install/moveit_ros_planning:/home/golf1234_pc/ws_moveit/install/moveit_ros_occupancy_map_monitor:/home/golf1234_pc/ws_moveit/install/moveit_resources_prbt_support:/home/golf1234_pc/ws_moveit/install/moveit_resources_prbt_ikfast_manipulator_plugin:/home/golf1234_pc/ws_moveit/install/moveit_resources:/home/golf1234_pc/ws_moveit/install/moveit_resources_pr2_description:/home/golf1234_pc/ws_moveit/install/moveit_resources_panda_moveit_config:/home/golf1234_pc/ws_moveit/install/dual_arm_panda_moveit_config:/home/golf1234_pc/ws_moveit/install/moveit_resources_panda_description:/home/golf1234_pc/ws_moveit/install/moveit_resources_fanuc_moveit_config:/home/golf1234_pc/ws_moveit/install/moveit_resources_fanuc_description:/home/golf1234_pc/ws_moveit/install/moveit_planners_stomp:/home/golf1234_pc/ws_moveit/install/moveit_planners_chomp:/home/golf1234_pc/ws_moveit/install/chomp_motion_planner:/home/golf1234_pc/ws_moveit/install/moveit_core:/home/golf1234_pc/ws_moveit/install/moveit_msgs:/home/golf1234_pc/ws_moveit/install/moveit_common:/home/golf1234_pc/ws_moveit/install/kortex_driver:/home/golf1234_pc/ws_moveit/install/kortex_api:/home/golf1234_pc/project1_ws/install/project_assem_urdf_meshes:/home/golf1234_pc/project1_ws/install/p9_config:/home/golf1234_pc/project1_ws/install/p8_config:/home/golf1234_pc/project1_ws/install/p7_config:/home/golf1234_pc/project1_ws/install/p6_config:/home/golf1234_pc/project1_ws/install/p5_config:/home/golf1234_pc/project1_ws/install/p4_config:/home/golf1234_pc/project1_ws/install/p3_config:/home/golf1234_pc/project1_ws/install/p2_config:/home/golf1234_pc/project1_ws/install/p1_config:/home/golf1234_pc/project1_ws/install/p18_config:/home/golf1234_pc/project1_ws/install/p17_config:/home/golf1234_pc/project1_ws/install/p15_config:/home/golf1234_pc/project1_ws/install/p14_config:/home/golf1234_pc/project1_ws/install/p13_config:/home/golf1234_pc/project1_ws/install/p12_config:/home/golf1234_pc/project1_ws/install/p11_config:/home/golf1234_pc/project1_ws/install/p10_config:/home/golf1234_pc/project1_ws/install/mtc_p18_real:/home/golf1234_pc/project1_ws/install/mtc_p18_config:/home/golf1234_pc/project1_ws/install/mtc_p17_config:/home/golf1234_pc/project1_ws/install/mtc_p14_config:/home/golf1234_pc/project1_ws/install/for_test:/home/golf1234_pc/project1_ws/install/ffinall:/home/golf1234_pc/project1_ws/install/f2:/home/golf1234_pc/project1_ws/install/f17:/home/golf1234_pc/project1_ws/install/f16:/home/golf1234_pc/project1_ws/install/f15:/home/golf1234_pc/project1_ws/install/f10:/home/golf1234_pc/project1_ws/install/car1:/home/golf1234_pc/test1_ws/install/cpp_pubsub:/opt/ros/jazzy/opt/gz_sim_vendor:/opt/ros/jazzy/opt/gz_sensors_vendor:/opt/ros/jazzy/opt/gz_physics_vendor:/opt/ros/jazzy/opt/sdformat_vendor:/opt/ros/jazzy/opt/gz_gui_vendor:/opt/ros/jazzy/opt/gz_transport_vendor:/opt/ros/jazzy/opt/gz_rendering_vendor:/opt/ros/jazzy/opt/gz_plugin_vendor:/opt/ros/jazzy/opt/gz_fuel_tools_vendor:/opt/ros/jazzy/opt/gz_msgs_vendor:/opt/ros/jazzy/opt/gz_common_vendor:/opt/ros/jazzy/opt/gz_math_vendor:/opt/ros/jazzy/opt/gz_utils_vendor:/opt/ros/jazzy/opt/gz_tools_vendor:/opt/ros/jazzy/opt/gz_ogre_next_vendor:/opt/ros/jazzy/opt/gz_dartsim_vendor:/opt/ros/jazzy/opt/gz_cmake_vendor:/home/golf1234_pc/ws_moveit/install/moveit_configs_utils:/home/golf1234_pc/project1_ws/install/server_controllers:/home/golf1234_pc/project1_ws/install/mobile_manipurator:/home/golf1234_pc/project1_ws/install/camera2_ros:/home/golf1234_pc/test1_ws/install/test1:/opt/ros/jazzy DEBUGINFOD_URLS=https://debuginfod.ubuntu.com /usr/bin/cmake /home/golf1234_pc/manipurator_ws/src/config1 -DAMENT_CMAKE_SYMLINK_INSTALL=1 -DCMAKE_INSTALL_PREFIX=/home/golf1234_pc/manipurator_ws/install/config1
[4.706s] DEBUG:colcon.colcon_core.event_handler.log_command:Invoked command in '/home/golf1234_pc/manipurator_ws/build/config1' returned '0': CMAKE_PREFIX_PATH=/home/golf1234_pc/manipurator_ws/install/urdf1:/home/golf1234_pc/manipurator_ws/install/config1:/home/golf1234_pc/ws_moveit/install/robotiq_hardware_tests:/home/golf1234_pc/ws_moveit/install/robotiq_driver:/home/golf1234_pc/ws_moveit/install/serial:/home/golf1234_pc/ws_moveit/install/moveit2_tutorials:/home/golf1234_pc/ws_moveit/install/moveit_visual_tools:/home/golf1234_pc/ws_moveit/install/rviz_visual_tools:/home/golf1234_pc/ws_moveit/install/mtc_tutorial:/home/golf1234_pc/ws_moveit/install/moveit_task_constructor_visualization:/home/golf1234_pc/ws_moveit/install/moveit_task_constructor_demo:/home/golf1234_pc/ws_moveit/install/moveit_task_constructor_capabilities:/home/golf1234_pc/ws_moveit/install/moveit_task_constructor_core:/home/golf1234_pc/ws_moveit/install/rviz_marker_tools:/home/golf1234_pc/ws_moveit/install/kortex_bringup:/home/golf1234_pc/ws_moveit/install/kinova_gen3_lite_moveit_config:/home/golf1234_pc/ws_moveit/install/kinova_gen3_7dof_robotiq_2f_85_moveit_config:/home/golf1234_pc/ws_moveit/install/kinova_gen3_6dof_robotiq_2f_85_moveit_config:/home/golf1234_pc/ws_moveit/install/kortex_description:/home/golf1234_pc/ws_moveit/install/robotiq_description:/home/golf1234_pc/ws_moveit/install/robotiq_controllers:/home/golf1234_pc/ws_moveit/install/pilz_industrial_motion_planner_testutils:/home/golf1234_pc/ws_moveit/install/moveit_runtime:/home/golf1234_pc/ws_moveit/install/moveit:/home/golf1234_pc/ws_moveit/install/moveit_planners:/home/golf1234_pc/ws_moveit/install/pilz_industrial_motion_planner:/home/golf1234_pc/ws_moveit/install/picknik_twist_controller:/home/golf1234_pc/ws_moveit/install/picknik_reset_fault_controller:/home/golf1234_pc/ws_moveit/install/moveit_task_constructor_msgs:/home/golf1234_pc/ws_moveit/install/moveit_ros_control_interface:/home/golf1234_pc/ws_moveit/install/moveit_plugins:/home/golf1234_pc/ws_moveit/install/moveit_simple_controller_manager:/home/golf1234_pc/ws_moveit/install/moveit_setup_assistant:/home/golf1234_pc/ws_moveit/install/moveit_setup_srdf_plugins:/home/golf1234_pc/ws_moveit/install/moveit_setup_core_plugins:/home/golf1234_pc/ws_moveit/install/moveit_setup_controllers:/home/golf1234_pc/ws_moveit/install/moveit_setup_app_plugins:/home/golf1234_pc/ws_moveit/install/moveit_setup_framework:/home/golf1234_pc/ws_moveit/install/moveit_servo:/home/golf1234_pc/ws_moveit/install/moveit_ros_trajectory_cache:/home/golf1234_pc/ws_moveit/install/moveit_ros:/home/golf1234_pc/ws_moveit/install/moveit_ros_visualization:/home/golf1234_pc/ws_moveit/install/moveit_py:/home/golf1234_pc/ws_moveit/install/moveit_hybrid_planning:/home/golf1234_pc/ws_moveit/install/moveit_ros_planning_interface:/home/golf1234_pc/ws_moveit/install/moveit_ros_benchmarks:/home/golf1234_pc/ws_moveit/install/moveit_ros_warehouse:/home/golf1234_pc/ws_moveit/install/moveit_ros_robot_interaction:/home/golf1234_pc/ws_moveit/install/moveit_ros_perception:/home/golf1234_pc/ws_moveit/install/moveit_resources_prbt_pg70_support:/home/golf1234_pc/ws_moveit/install/moveit_resources_prbt_moveit_config:/home/golf1234_pc/ws_moveit/install/moveit_ros_move_group:/home/golf1234_pc/ws_moveit/install/moveit_planners_ompl:/home/golf1234_pc/ws_moveit/install/moveit_kinematics:/home/golf1234_pc/ws_moveit/install/moveit_ros_planning:/home/golf1234_pc/ws_moveit/install/moveit_ros_occupancy_map_monitor:/home/golf1234_pc/ws_moveit/install/moveit_resources_prbt_support:/home/golf1234_pc/ws_moveit/install/moveit_resources_prbt_ikfast_manipulator_plugin:/home/golf1234_pc/ws_moveit/install/moveit_resources:/home/golf1234_pc/ws_moveit/install/moveit_resources_pr2_description:/home/golf1234_pc/ws_moveit/install/moveit_resources_panda_moveit_config:/home/golf1234_pc/ws_moveit/install/dual_arm_panda_moveit_config:/home/golf1234_pc/ws_moveit/install/moveit_resources_panda_description:/home/golf1234_pc/ws_moveit/install/moveit_resources_fanuc_moveit_config:/home/golf1234_pc/ws_moveit/install/moveit_resources_fanuc_description:/home/golf1234_pc/ws_moveit/install/moveit_planners_stomp:/home/golf1234_pc/ws_moveit/install/moveit_planners_chomp:/home/golf1234_pc/ws_moveit/install/chomp_motion_planner:/home/golf1234_pc/ws_moveit/install/moveit_core:/home/golf1234_pc/ws_moveit/install/moveit_msgs:/home/golf1234_pc/ws_moveit/install/moveit_common:/home/golf1234_pc/ws_moveit/install/kortex_driver:/home/golf1234_pc/ws_moveit/install/kortex_api:/home/golf1234_pc/project1_ws/install/project_assem_urdf_meshes:/home/golf1234_pc/project1_ws/install/p9_config:/home/golf1234_pc/project1_ws/install/p8_config:/home/golf1234_pc/project1_ws/install/p7_config:/home/golf1234_pc/project1_ws/install/p6_config:/home/golf1234_pc/project1_ws/install/p5_config:/home/golf1234_pc/project1_ws/install/p4_config:/home/golf1234_pc/project1_ws/install/p3_config:/home/golf1234_pc/project1_ws/install/p2_config:/home/golf1234_pc/project1_ws/install/p1_config:/home/golf1234_pc/project1_ws/install/p18_config:/home/golf1234_pc/project1_ws/install/p17_config:/home/golf1234_pc/project1_ws/install/p15_config:/home/golf1234_pc/project1_ws/install/p14_config:/home/golf1234_pc/project1_ws/install/p13_config:/home/golf1234_pc/project1_ws/install/p12_config:/home/golf1234_pc/project1_ws/install/p11_config:/home/golf1234_pc/project1_ws/install/p10_config:/home/golf1234_pc/project1_ws/install/mtc_p18_real:/home/golf1234_pc/project1_ws/install/mtc_p18_config:/home/golf1234_pc/project1_ws/install/mtc_p17_config:/home/golf1234_pc/project1_ws/install/mtc_p14_config:/home/golf1234_pc/project1_ws/install/for_test:/home/golf1234_pc/project1_ws/install/ffinall:/home/golf1234_pc/project1_ws/install/f2:/home/golf1234_pc/project1_ws/install/f17:/home/golf1234_pc/project1_ws/install/f16:/home/golf1234_pc/project1_ws/install/f15:/home/golf1234_pc/project1_ws/install/f10:/home/golf1234_pc/project1_ws/install/car1:/home/golf1234_pc/test1_ws/install/cpp_pubsub:/opt/ros/jazzy/opt/gz_sim_vendor:/opt/ros/jazzy/opt/gz_sensors_vendor:/opt/ros/jazzy/opt/gz_physics_vendor:/opt/ros/jazzy/opt/sdformat_vendor:/opt/ros/jazzy/opt/gz_gui_vendor:/opt/ros/jazzy/opt/gz_transport_vendor:/opt/ros/jazzy/opt/gz_rendering_vendor:/opt/ros/jazzy/opt/gz_plugin_vendor:/opt/ros/jazzy/opt/gz_fuel_tools_vendor:/opt/ros/jazzy/opt/gz_msgs_vendor:/opt/ros/jazzy/opt/gz_common_vendor:/opt/ros/jazzy/opt/gz_math_vendor:/opt/ros/jazzy/opt/gz_utils_vendor:/opt/ros/jazzy/opt/gz_tools_vendor:/opt/ros/jazzy/opt/gz_ogre_next_vendor:/opt/ros/jazzy/opt/gz_dartsim_vendor:/opt/ros/jazzy/opt/gz_cmake_vendor:/home/golf1234_pc/ws_moveit/install/moveit_configs_utils:/home/golf1234_pc/project1_ws/install/server_controllers:/home/golf1234_pc/project1_ws/install/mobile_manipurator:/home/golf1234_pc/project1_ws/install/camera2_ros:/home/golf1234_pc/test1_ws/install/test1:/opt/ros/jazzy DEBUGINFOD_URLS=https://debuginfod.ubuntu.com /usr/bin/cmake /home/golf1234_pc/manipurator_ws/src/config1 -DAMENT_CMAKE_SYMLINK_INSTALL=1 -DCMAKE_INSTALL_PREFIX=/home/golf1234_pc/manipurator_ws/install/config1
[4.707s] DEBUG:colcon.colcon_core.event_handler.log_command:Invoking command in '/home/golf1234_pc/manipurator_ws/build/config1': CMAKE_PREFIX_PATH=/home/golf1234_pc/manipurator_ws/install/urdf1:/home/golf1234_pc/manipurator_ws/install/config1:/home/golf1234_pc/ws_moveit/install/robotiq_hardware_tests:/home/golf1234_pc/ws_moveit/install/robotiq_driver:/home/golf1234_pc/ws_moveit/install/serial:/home/golf1234_pc/ws_moveit/install/moveit2_tutorials:/home/golf1234_pc/ws_moveit/install/moveit_visual_tools:/home/golf1234_pc/ws_moveit/install/rviz_visual_tools:/home/golf1234_pc/ws_moveit/install/mtc_tutorial:/home/golf1234_pc/ws_moveit/install/moveit_task_constructor_visualization:/home/golf1234_pc/ws_moveit/install/moveit_task_constructor_demo:/home/golf1234_pc/ws_moveit/install/moveit_task_constructor_capabilities:/home/golf1234_pc/ws_moveit/install/moveit_task_constructor_core:/home/golf1234_pc/ws_moveit/install/rviz_marker_tools:/home/golf1234_pc/ws_moveit/install/kortex_bringup:/home/golf1234_pc/ws_moveit/install/kinova_gen3_lite_moveit_config:/home/golf1234_pc/ws_moveit/install/kinova_gen3_7dof_robotiq_2f_85_moveit_config:/home/golf1234_pc/ws_moveit/install/kinova_gen3_6dof_robotiq_2f_85_moveit_config:/home/golf1234_pc/ws_moveit/install/kortex_description:/home/golf1234_pc/ws_moveit/install/robotiq_description:/home/golf1234_pc/ws_moveit/install/robotiq_controllers:/home/golf1234_pc/ws_moveit/install/pilz_industrial_motion_planner_testutils:/home/golf1234_pc/ws_moveit/install/moveit_runtime:/home/golf1234_pc/ws_moveit/install/moveit:/home/golf1234_pc/ws_moveit/install/moveit_planners:/home/golf1234_pc/ws_moveit/install/pilz_industrial_motion_planner:/home/golf1234_pc/ws_moveit/install/picknik_twist_controller:/home/golf1234_pc/ws_moveit/install/picknik_reset_fault_controller:/home/golf1234_pc/ws_moveit/install/moveit_task_constructor_msgs:/home/golf1234_pc/ws_moveit/install/moveit_ros_control_interface:/home/golf1234_pc/ws_moveit/install/moveit_plugins:/home/golf1234_pc/ws_moveit/install/moveit_simple_controller_manager:/home/golf1234_pc/ws_moveit/install/moveit_setup_assistant:/home/golf1234_pc/ws_moveit/install/moveit_setup_srdf_plugins:/home/golf1234_pc/ws_moveit/install/moveit_setup_core_plugins:/home/golf1234_pc/ws_moveit/install/moveit_setup_controllers:/home/golf1234_pc/ws_moveit/install/moveit_setup_app_plugins:/home/golf1234_pc/ws_moveit/install/moveit_setup_framework:/home/golf1234_pc/ws_moveit/install/moveit_servo:/home/golf1234_pc/ws_moveit/install/moveit_ros_trajectory_cache:/home/golf1234_pc/ws_moveit/install/moveit_ros:/home/golf1234_pc/ws_moveit/install/moveit_ros_visualization:/home/golf1234_pc/ws_moveit/install/moveit_py:/home/golf1234_pc/ws_moveit/install/moveit_hybrid_planning:/home/golf1234_pc/ws_moveit/install/moveit_ros_planning_interface:/home/golf1234_pc/ws_moveit/install/moveit_ros_benchmarks:/home/golf1234_pc/ws_moveit/install/moveit_ros_warehouse:/home/golf1234_pc/ws_moveit/install/moveit_ros_robot_interaction:/home/golf1234_pc/ws_moveit/install/moveit_ros_perception:/home/golf1234_pc/ws_moveit/install/moveit_resources_prbt_pg70_support:/home/golf1234_pc/ws_moveit/install/moveit_resources_prbt_moveit_config:/home/golf1234_pc/ws_moveit/install/moveit_ros_move_group:/home/golf1234_pc/ws_moveit/install/moveit_planners_ompl:/home/golf1234_pc/ws_moveit/install/moveit_kinematics:/home/golf1234_pc/ws_moveit/install/moveit_ros_planning:/home/golf1234_pc/ws_moveit/install/moveit_ros_occupancy_map_monitor:/home/golf1234_pc/ws_moveit/install/moveit_resources_prbt_support:/home/golf1234_pc/ws_moveit/install/moveit_resources_prbt_ikfast_manipulator_plugin:/home/golf1234_pc/ws_moveit/install/moveit_resources:/home/golf1234_pc/ws_moveit/install/moveit_resources_pr2_description:/home/golf1234_pc/ws_moveit/install/moveit_resources_panda_moveit_config:/home/golf1234_pc/ws_moveit/install/dual_arm_panda_moveit_config:/home/golf1234_pc/ws_moveit/install/moveit_resources_panda_description:/home/golf1234_pc/ws_moveit/install/moveit_resources_fanuc_moveit_config:/home/golf1234_pc/ws_moveit/install/moveit_resources_fanuc_description:/home/golf1234_pc/ws_moveit/install/moveit_planners_stomp:/home/golf1234_pc/ws_moveit/install/moveit_planners_chomp:/home/golf1234_pc/ws_moveit/install/chomp_motion_planner:/home/golf1234_pc/ws_moveit/install/moveit_core:/home/golf1234_pc/ws_moveit/install/moveit_msgs:/home/golf1234_pc/ws_moveit/install/moveit_common:/home/golf1234_pc/ws_moveit/install/kortex_driver:/home/golf1234_pc/ws_moveit/install/kortex_api:/home/golf1234_pc/project1_ws/install/project_assem_urdf_meshes:/home/golf1234_pc/project1_ws/install/p9_config:/home/golf1234_pc/project1_ws/install/p8_config:/home/golf1234_pc/project1_ws/install/p7_config:/home/golf1234_pc/project1_ws/install/p6_config:/home/golf1234_pc/project1_ws/install/p5_config:/home/golf1234_pc/project1_ws/install/p4_config:/home/golf1234_pc/project1_ws/install/p3_config:/home/golf1234_pc/project1_ws/install/p2_config:/home/golf1234_pc/project1_ws/install/p1_config:/home/golf1234_pc/project1_ws/install/p18_config:/home/golf1234_pc/project1_ws/install/p17_config:/home/golf1234_pc/project1_ws/install/p15_config:/home/golf1234_pc/project1_ws/install/p14_config:/home/golf1234_pc/project1_ws/install/p13_config:/home/golf1234_pc/project1_ws/install/p12_config:/home/golf1234_pc/project1_ws/install/p11_config:/home/golf1234_pc/project1_ws/install/p10_config:/home/golf1234_pc/project1_ws/install/mtc_p18_real:/home/golf1234_pc/project1_ws/install/mtc_p18_config:/home/golf1234_pc/project1_ws/install/mtc_p17_config:/home/golf1234_pc/project1_ws/install/mtc_p14_config:/home/golf1234_pc/project1_ws/install/for_test:/home/golf1234_pc/project1_ws/install/ffinall:/home/golf1234_pc/project1_ws/install/f2:/home/golf1234_pc/project1_ws/install/f17:/home/golf1234_pc/project1_ws/install/f16:/home/golf1234_pc/project1_ws/install/f15:/home/golf1234_pc/project1_ws/install/f10:/home/golf1234_pc/project1_ws/install/car1:/home/golf1234_pc/test1_ws/install/cpp_pubsub:/opt/ros/jazzy/opt/gz_sim_vendor:/opt/ros/jazzy/opt/gz_sensors_vendor:/opt/ros/jazzy/opt/gz_physics_vendor:/opt/ros/jazzy/opt/sdformat_vendor:/opt/ros/jazzy/opt/gz_gui_vendor:/opt/ros/jazzy/opt/gz_transport_vendor:/opt/ros/jazzy/opt/gz_rendering_vendor:/opt/ros/jazzy/opt/gz_plugin_vendor:/opt/ros/jazzy/opt/gz_fuel_tools_vendor:/opt/ros/jazzy/opt/gz_msgs_vendor:/opt/ros/jazzy/opt/gz_common_vendor:/opt/ros/jazzy/opt/gz_math_vendor:/opt/ros/jazzy/opt/gz_utils_vendor:/opt/ros/jazzy/opt/gz_tools_vendor:/opt/ros/jazzy/opt/gz_ogre_next_vendor:/opt/ros/jazzy/opt/gz_dartsim_vendor:/opt/ros/jazzy/opt/gz_cmake_vendor:/home/golf1234_pc/ws_moveit/install/moveit_configs_utils:/home/golf1234_pc/project1_ws/install/server_controllers:/home/golf1234_pc/project1_ws/install/mobile_manipurator:/home/golf1234_pc/project1_ws/install/camera2_ros:/home/golf1234_pc/test1_ws/install/test1:/opt/ros/jazzy DEBUGINFOD_URLS=https://debuginfod.ubuntu.com /usr/bin/cmake --build /home/golf1234_pc/manipurator_ws/build/config1 -- -j16 -l16
[4.762s] DEBUG:colcon.colcon_core.event_handler.log_command:Invoked command in '/home/golf1234_pc/manipurator_ws/build/config1' returned '0': CMAKE_PREFIX_PATH=/home/golf1234_pc/manipurator_ws/install/urdf1:/home/golf1234_pc/manipurator_ws/install/config1:/home/golf1234_pc/ws_moveit/install/robotiq_hardware_tests:/home/golf1234_pc/ws_moveit/install/robotiq_driver:/home/golf1234_pc/ws_moveit/install/serial:/home/golf1234_pc/ws_moveit/install/moveit2_tutorials:/home/golf1234_pc/ws_moveit/install/moveit_visual_tools:/home/golf1234_pc/ws_moveit/install/rviz_visual_tools:/home/golf1234_pc/ws_moveit/install/mtc_tutorial:/home/golf1234_pc/ws_moveit/install/moveit_task_constructor_visualization:/home/golf1234_pc/ws_moveit/install/moveit_task_constructor_demo:/home/golf1234_pc/ws_moveit/install/moveit_task_constructor_capabilities:/home/golf1234_pc/ws_moveit/install/moveit_task_constructor_core:/home/golf1234_pc/ws_moveit/install/rviz_marker_tools:/home/golf1234_pc/ws_moveit/install/kortex_bringup:/home/golf1234_pc/ws_moveit/install/kinova_gen3_lite_moveit_config:/home/golf1234_pc/ws_moveit/install/kinova_gen3_7dof_robotiq_2f_85_moveit_config:/home/golf1234_pc/ws_moveit/install/kinova_gen3_6dof_robotiq_2f_85_moveit_config:/home/golf1234_pc/ws_moveit/install/kortex_description:/home/golf1234_pc/ws_moveit/install/robotiq_description:/home/golf1234_pc/ws_moveit/install/robotiq_controllers:/home/golf1234_pc/ws_moveit/install/pilz_industrial_motion_planner_testutils:/home/golf1234_pc/ws_moveit/install/moveit_runtime:/home/golf1234_pc/ws_moveit/install/moveit:/home/golf1234_pc/ws_moveit/install/moveit_planners:/home/golf1234_pc/ws_moveit/install/pilz_industrial_motion_planner:/home/golf1234_pc/ws_moveit/install/picknik_twist_controller:/home/golf1234_pc/ws_moveit/install/picknik_reset_fault_controller:/home/golf1234_pc/ws_moveit/install/moveit_task_constructor_msgs:/home/golf1234_pc/ws_moveit/install/moveit_ros_control_interface:/home/golf1234_pc/ws_moveit/install/moveit_plugins:/home/golf1234_pc/ws_moveit/install/moveit_simple_controller_manager:/home/golf1234_pc/ws_moveit/install/moveit_setup_assistant:/home/golf1234_pc/ws_moveit/install/moveit_setup_srdf_plugins:/home/golf1234_pc/ws_moveit/install/moveit_setup_core_plugins:/home/golf1234_pc/ws_moveit/install/moveit_setup_controllers:/home/golf1234_pc/ws_moveit/install/moveit_setup_app_plugins:/home/golf1234_pc/ws_moveit/install/moveit_setup_framework:/home/golf1234_pc/ws_moveit/install/moveit_servo:/home/golf1234_pc/ws_moveit/install/moveit_ros_trajectory_cache:/home/golf1234_pc/ws_moveit/install/moveit_ros:/home/golf1234_pc/ws_moveit/install/moveit_ros_visualization:/home/golf1234_pc/ws_moveit/install/moveit_py:/home/golf1234_pc/ws_moveit/install/moveit_hybrid_planning:/home/golf1234_pc/ws_moveit/install/moveit_ros_planning_interface:/home/golf1234_pc/ws_moveit/install/moveit_ros_benchmarks:/home/golf1234_pc/ws_moveit/install/moveit_ros_warehouse:/home/golf1234_pc/ws_moveit/install/moveit_ros_robot_interaction:/home/golf1234_pc/ws_moveit/install/moveit_ros_perception:/home/golf1234_pc/ws_moveit/install/moveit_resources_prbt_pg70_support:/home/golf1234_pc/ws_moveit/install/moveit_resources_prbt_moveit_config:/home/golf1234_pc/ws_moveit/install/moveit_ros_move_group:/home/golf1234_pc/ws_moveit/install/moveit_planners_ompl:/home/golf1234_pc/ws_moveit/install/moveit_kinematics:/home/golf1234_pc/ws_moveit/install/moveit_ros_planning:/home/golf1234_pc/ws_moveit/install/moveit_ros_occupancy_map_monitor:/home/golf1234_pc/ws_moveit/install/moveit_resources_prbt_support:/home/golf1234_pc/ws_moveit/install/moveit_resources_prbt_ikfast_manipulator_plugin:/home/golf1234_pc/ws_moveit/install/moveit_resources:/home/golf1234_pc/ws_moveit/install/moveit_resources_pr2_description:/home/golf1234_pc/ws_moveit/install/moveit_resources_panda_moveit_config:/home/golf1234_pc/ws_moveit/install/dual_arm_panda_moveit_config:/home/golf1234_pc/ws_moveit/install/moveit_resources_panda_description:/home/golf1234_pc/ws_moveit/install/moveit_resources_fanuc_moveit_config:/home/golf1234_pc/ws_moveit/install/moveit_resources_fanuc_description:/home/golf1234_pc/ws_moveit/install/moveit_planners_stomp:/home/golf1234_pc/ws_moveit/install/moveit_planners_chomp:/home/golf1234_pc/ws_moveit/install/chomp_motion_planner:/home/golf1234_pc/ws_moveit/install/moveit_core:/home/golf1234_pc/ws_moveit/install/moveit_msgs:/home/golf1234_pc/ws_moveit/install/moveit_common:/home/golf1234_pc/ws_moveit/install/kortex_driver:/home/golf1234_pc/ws_moveit/install/kortex_api:/home/golf1234_pc/project1_ws/install/project_assem_urdf_meshes:/home/golf1234_pc/project1_ws/install/p9_config:/home/golf1234_pc/project1_ws/install/p8_config:/home/golf1234_pc/project1_ws/install/p7_config:/home/golf1234_pc/project1_ws/install/p6_config:/home/golf1234_pc/project1_ws/install/p5_config:/home/golf1234_pc/project1_ws/install/p4_config:/home/golf1234_pc/project1_ws/install/p3_config:/home/golf1234_pc/project1_ws/install/p2_config:/home/golf1234_pc/project1_ws/install/p1_config:/home/golf1234_pc/project1_ws/install/p18_config:/home/golf1234_pc/project1_ws/install/p17_config:/home/golf1234_pc/project1_ws/install/p15_config:/home/golf1234_pc/project1_ws/install/p14_config:/home/golf1234_pc/project1_ws/install/p13_config:/home/golf1234_pc/project1_ws/install/p12_config:/home/golf1234_pc/project1_ws/install/p11_config:/home/golf1234_pc/project1_ws/install/p10_config:/home/golf1234_pc/project1_ws/install/mtc_p18_real:/home/golf1234_pc/project1_ws/install/mtc_p18_config:/home/golf1234_pc/project1_ws/install/mtc_p17_config:/home/golf1234_pc/project1_ws/install/mtc_p14_config:/home/golf1234_pc/project1_ws/install/for_test:/home/golf1234_pc/project1_ws/install/ffinall:/home/golf1234_pc/project1_ws/install/f2:/home/golf1234_pc/project1_ws/install/f17:/home/golf1234_pc/project1_ws/install/f16:/home/golf1234_pc/project1_ws/install/f15:/home/golf1234_pc/project1_ws/install/f10:/home/golf1234_pc/project1_ws/install/car1:/home/golf1234_pc/test1_ws/install/cpp_pubsub:/opt/ros/jazzy/opt/gz_sim_vendor:/opt/ros/jazzy/opt/gz_sensors_vendor:/opt/ros/jazzy/opt/gz_physics_vendor:/opt/ros/jazzy/opt/sdformat_vendor:/opt/ros/jazzy/opt/gz_gui_vendor:/opt/ros/jazzy/opt/gz_transport_vendor:/opt/ros/jazzy/opt/gz_rendering_vendor:/opt/ros/jazzy/opt/gz_plugin_vendor:/opt/ros/jazzy/opt/gz_fuel_tools_vendor:/opt/ros/jazzy/opt/gz_msgs_vendor:/opt/ros/jazzy/opt/gz_common_vendor:/opt/ros/jazzy/opt/gz_math_vendor:/opt/ros/jazzy/opt/gz_utils_vendor:/opt/ros/jazzy/opt/gz_tools_vendor:/opt/ros/jazzy/opt/gz_ogre_next_vendor:/opt/ros/jazzy/opt/gz_dartsim_vendor:/opt/ros/jazzy/opt/gz_cmake_vendor:/home/golf1234_pc/ws_moveit/install/moveit_configs_utils:/home/golf1234_pc/project1_ws/install/server_controllers:/home/golf1234_pc/project1_ws/install/mobile_manipurator:/home/golf1234_pc/project1_ws/install/camera2_ros:/home/golf1234_pc/test1_ws/install/test1:/opt/ros/jazzy DEBUGINFOD_URLS=https://debuginfod.ubuntu.com /usr/bin/cmake --build /home/golf1234_pc/manipurator_ws/build/config1 -- -j16 -l16
[4.763s] DEBUG:colcon.colcon_core.event_handler.log_command:Invoking command in '/home/golf1234_pc/manipurator_ws/build/config1': CMAKE_PREFIX_PATH=/home/golf1234_pc/manipurator_ws/install/urdf1:/home/golf1234_pc/manipurator_ws/install/config1:/home/golf1234_pc/ws_moveit/install/robotiq_hardware_tests:/home/golf1234_pc/ws_moveit/install/robotiq_driver:/home/golf1234_pc/ws_moveit/install/serial:/home/golf1234_pc/ws_moveit/install/moveit2_tutorials:/home/golf1234_pc/ws_moveit/install/moveit_visual_tools:/home/golf1234_pc/ws_moveit/install/rviz_visual_tools:/home/golf1234_pc/ws_moveit/install/mtc_tutorial:/home/golf1234_pc/ws_moveit/install/moveit_task_constructor_visualization:/home/golf1234_pc/ws_moveit/install/moveit_task_constructor_demo:/home/golf1234_pc/ws_moveit/install/moveit_task_constructor_capabilities:/home/golf1234_pc/ws_moveit/install/moveit_task_constructor_core:/home/golf1234_pc/ws_moveit/install/rviz_marker_tools:/home/golf1234_pc/ws_moveit/install/kortex_bringup:/home/golf1234_pc/ws_moveit/install/kinova_gen3_lite_moveit_config:/home/golf1234_pc/ws_moveit/install/kinova_gen3_7dof_robotiq_2f_85_moveit_config:/home/golf1234_pc/ws_moveit/install/kinova_gen3_6dof_robotiq_2f_85_moveit_config:/home/golf1234_pc/ws_moveit/install/kortex_description:/home/golf1234_pc/ws_moveit/install/robotiq_description:/home/golf1234_pc/ws_moveit/install/robotiq_controllers:/home/golf1234_pc/ws_moveit/install/pilz_industrial_motion_planner_testutils:/home/golf1234_pc/ws_moveit/install/moveit_runtime:/home/golf1234_pc/ws_moveit/install/moveit:/home/golf1234_pc/ws_moveit/install/moveit_planners:/home/golf1234_pc/ws_moveit/install/pilz_industrial_motion_planner:/home/golf1234_pc/ws_moveit/install/picknik_twist_controller:/home/golf1234_pc/ws_moveit/install/picknik_reset_fault_controller:/home/golf1234_pc/ws_moveit/install/moveit_task_constructor_msgs:/home/golf1234_pc/ws_moveit/install/moveit_ros_control_interface:/home/golf1234_pc/ws_moveit/install/moveit_plugins:/home/golf1234_pc/ws_moveit/install/moveit_simple_controller_manager:/home/golf1234_pc/ws_moveit/install/moveit_setup_assistant:/home/golf1234_pc/ws_moveit/install/moveit_setup_srdf_plugins:/home/golf1234_pc/ws_moveit/install/moveit_setup_core_plugins:/home/golf1234_pc/ws_moveit/install/moveit_setup_controllers:/home/golf1234_pc/ws_moveit/install/moveit_setup_app_plugins:/home/golf1234_pc/ws_moveit/install/moveit_setup_framework:/home/golf1234_pc/ws_moveit/install/moveit_servo:/home/golf1234_pc/ws_moveit/install/moveit_ros_trajectory_cache:/home/golf1234_pc/ws_moveit/install/moveit_ros:/home/golf1234_pc/ws_moveit/install/moveit_ros_visualization:/home/golf1234_pc/ws_moveit/install/moveit_py:/home/golf1234_pc/ws_moveit/install/moveit_hybrid_planning:/home/golf1234_pc/ws_moveit/install/moveit_ros_planning_interface:/home/golf1234_pc/ws_moveit/install/moveit_ros_benchmarks:/home/golf1234_pc/ws_moveit/install/moveit_ros_warehouse:/home/golf1234_pc/ws_moveit/install/moveit_ros_robot_interaction:/home/golf1234_pc/ws_moveit/install/moveit_ros_perception:/home/golf1234_pc/ws_moveit/install/moveit_resources_prbt_pg70_support:/home/golf1234_pc/ws_moveit/install/moveit_resources_prbt_moveit_config:/home/golf1234_pc/ws_moveit/install/moveit_ros_move_group:/home/golf1234_pc/ws_moveit/install/moveit_planners_ompl:/home/golf1234_pc/ws_moveit/install/moveit_kinematics:/home/golf1234_pc/ws_moveit/install/moveit_ros_planning:/home/golf1234_pc/ws_moveit/install/moveit_ros_occupancy_map_monitor:/home/golf1234_pc/ws_moveit/install/moveit_resources_prbt_support:/home/golf1234_pc/ws_moveit/install/moveit_resources_prbt_ikfast_manipulator_plugin:/home/golf1234_pc/ws_moveit/install/moveit_resources:/home/golf1234_pc/ws_moveit/install/moveit_resources_pr2_description:/home/golf1234_pc/ws_moveit/install/moveit_resources_panda_moveit_config:/home/golf1234_pc/ws_moveit/install/dual_arm_panda_moveit_config:/home/golf1234_pc/ws_moveit/install/moveit_resources_panda_description:/home/golf1234_pc/ws_moveit/install/moveit_resources_fanuc_moveit_config:/home/golf1234_pc/ws_moveit/install/moveit_resources_fanuc_description:/home/golf1234_pc/ws_moveit/install/moveit_planners_stomp:/home/golf1234_pc/ws_moveit/install/moveit_planners_chomp:/home/golf1234_pc/ws_moveit/install/chomp_motion_planner:/home/golf1234_pc/ws_moveit/install/moveit_core:/home/golf1234_pc/ws_moveit/install/moveit_msgs:/home/golf1234_pc/ws_moveit/install/moveit_common:/home/golf1234_pc/ws_moveit/install/kortex_driver:/home/golf1234_pc/ws_moveit/install/kortex_api:/home/golf1234_pc/project1_ws/install/project_assem_urdf_meshes:/home/golf1234_pc/project1_ws/install/p9_config:/home/golf1234_pc/project1_ws/install/p8_config:/home/golf1234_pc/project1_ws/install/p7_config:/home/golf1234_pc/project1_ws/install/p6_config:/home/golf1234_pc/project1_ws/install/p5_config:/home/golf1234_pc/project1_ws/install/p4_config:/home/golf1234_pc/project1_ws/install/p3_config:/home/golf1234_pc/project1_ws/install/p2_config:/home/golf1234_pc/project1_ws/install/p1_config:/home/golf1234_pc/project1_ws/install/p18_config:/home/golf1234_pc/project1_ws/install/p17_config:/home/golf1234_pc/project1_ws/install/p15_config:/home/golf1234_pc/project1_ws/install/p14_config:/home/golf1234_pc/project1_ws/install/p13_config:/home/golf1234_pc/project1_ws/install/p12_config:/home/golf1234_pc/project1_ws/install/p11_config:/home/golf1234_pc/project1_ws/install/p10_config:/home/golf1234_pc/project1_ws/install/mtc_p18_real:/home/golf1234_pc/project1_ws/install/mtc_p18_config:/home/golf1234_pc/project1_ws/install/mtc_p17_config:/home/golf1234_pc/project1_ws/install/mtc_p14_config:/home/golf1234_pc/project1_ws/install/for_test:/home/golf1234_pc/project1_ws/install/ffinall:/home/golf1234_pc/project1_ws/install/f2:/home/golf1234_pc/project1_ws/install/f17:/home/golf1234_pc/project1_ws/install/f16:/home/golf1234_pc/project1_ws/install/f15:/home/golf1234_pc/project1_ws/install/f10:/home/golf1234_pc/project1_ws/install/car1:/home/golf1234_pc/test1_ws/install/cpp_pubsub:/opt/ros/jazzy/opt/gz_sim_vendor:/opt/ros/jazzy/opt/gz_sensors_vendor:/opt/ros/jazzy/opt/gz_physics_vendor:/opt/ros/jazzy/opt/sdformat_vendor:/opt/ros/jazzy/opt/gz_gui_vendor:/opt/ros/jazzy/opt/gz_transport_vendor:/opt/ros/jazzy/opt/gz_rendering_vendor:/opt/ros/jazzy/opt/gz_plugin_vendor:/opt/ros/jazzy/opt/gz_fuel_tools_vendor:/opt/ros/jazzy/opt/gz_msgs_vendor:/opt/ros/jazzy/opt/gz_common_vendor:/opt/ros/jazzy/opt/gz_math_vendor:/opt/ros/jazzy/opt/gz_utils_vendor:/opt/ros/jazzy/opt/gz_tools_vendor:/opt/ros/jazzy/opt/gz_ogre_next_vendor:/opt/ros/jazzy/opt/gz_dartsim_vendor:/opt/ros/jazzy/opt/gz_cmake_vendor:/home/golf1234_pc/ws_moveit/install/moveit_configs_utils:/home/golf1234_pc/project1_ws/install/server_controllers:/home/golf1234_pc/project1_ws/install/mobile_manipurator:/home/golf1234_pc/project1_ws/install/camera2_ros:/home/golf1234_pc/test1_ws/install/test1:/opt/ros/jazzy DEBUGINFOD_URLS=https://debuginfod.ubuntu.com /usr/bin/cmake --install /home/golf1234_pc/manipurator_ws/build/config1
[5.255s] Level 1:colcon.colcon_core.environment:create_environment_scripts_only(config1)
[5.255s] Level 1:colcon.colcon_core.environment:checking '/home/golf1234_pc/manipurator_ws/install/config1' for CMake module files
[5.256s] DEBUG:colcon.colcon_core.event_handler.log_command:Invoked command in '/home/golf1234_pc/manipurator_ws/build/config1' returned '0': CMAKE_PREFIX_PATH=/home/golf1234_pc/manipurator_ws/install/urdf1:/home/golf1234_pc/manipurator_ws/install/config1:/home/golf1234_pc/ws_moveit/install/robotiq_hardware_tests:/home/golf1234_pc/ws_moveit/install/robotiq_driver:/home/golf1234_pc/ws_moveit/install/serial:/home/golf1234_pc/ws_moveit/install/moveit2_tutorials:/home/golf1234_pc/ws_moveit/install/moveit_visual_tools:/home/golf1234_pc/ws_moveit/install/rviz_visual_tools:/home/golf1234_pc/ws_moveit/install/mtc_tutorial:/home/golf1234_pc/ws_moveit/install/moveit_task_constructor_visualization:/home/golf1234_pc/ws_moveit/install/moveit_task_constructor_demo:/home/golf1234_pc/ws_moveit/install/moveit_task_constructor_capabilities:/home/golf1234_pc/ws_moveit/install/moveit_task_constructor_core:/home/golf1234_pc/ws_moveit/install/rviz_marker_tools:/home/golf1234_pc/ws_moveit/install/kortex_bringup:/home/golf1234_pc/ws_moveit/install/kinova_gen3_lite_moveit_config:/home/golf1234_pc/ws_moveit/install/kinova_gen3_7dof_robotiq_2f_85_moveit_config:/home/golf1234_pc/ws_moveit/install/kinova_gen3_6dof_robotiq_2f_85_moveit_config:/home/golf1234_pc/ws_moveit/install/kortex_description:/home/golf1234_pc/ws_moveit/install/robotiq_description:/home/golf1234_pc/ws_moveit/install/robotiq_controllers:/home/golf1234_pc/ws_moveit/install/pilz_industrial_motion_planner_testutils:/home/golf1234_pc/ws_moveit/install/moveit_runtime:/home/golf1234_pc/ws_moveit/install/moveit:/home/golf1234_pc/ws_moveit/install/moveit_planners:/home/golf1234_pc/ws_moveit/install/pilz_industrial_motion_planner:/home/golf1234_pc/ws_moveit/install/picknik_twist_controller:/home/golf1234_pc/ws_moveit/install/picknik_reset_fault_controller:/home/golf1234_pc/ws_moveit/install/moveit_task_constructor_msgs:/home/golf1234_pc/ws_moveit/install/moveit_ros_control_interface:/home/golf1234_pc/ws_moveit/install/moveit_plugins:/home/golf1234_pc/ws_moveit/install/moveit_simple_controller_manager:/home/golf1234_pc/ws_moveit/install/moveit_setup_assistant:/home/golf1234_pc/ws_moveit/install/moveit_setup_srdf_plugins:/home/golf1234_pc/ws_moveit/install/moveit_setup_core_plugins:/home/golf1234_pc/ws_moveit/install/moveit_setup_controllers:/home/golf1234_pc/ws_moveit/install/moveit_setup_app_plugins:/home/golf1234_pc/ws_moveit/install/moveit_setup_framework:/home/golf1234_pc/ws_moveit/install/moveit_servo:/home/golf1234_pc/ws_moveit/install/moveit_ros_trajectory_cache:/home/golf1234_pc/ws_moveit/install/moveit_ros:/home/golf1234_pc/ws_moveit/install/moveit_ros_visualization:/home/golf1234_pc/ws_moveit/install/moveit_py:/home/golf1234_pc/ws_moveit/install/moveit_hybrid_planning:/home/golf1234_pc/ws_moveit/install/moveit_ros_planning_interface:/home/golf1234_pc/ws_moveit/install/moveit_ros_benchmarks:/home/golf1234_pc/ws_moveit/install/moveit_ros_warehouse:/home/golf1234_pc/ws_moveit/install/moveit_ros_robot_interaction:/home/golf1234_pc/ws_moveit/install/moveit_ros_perception:/home/golf1234_pc/ws_moveit/install/moveit_resources_prbt_pg70_support:/home/golf1234_pc/ws_moveit/install/moveit_resources_prbt_moveit_config:/home/golf1234_pc/ws_moveit/install/moveit_ros_move_group:/home/golf1234_pc/ws_moveit/install/moveit_planners_ompl:/home/golf1234_pc/ws_moveit/install/moveit_kinematics:/home/golf1234_pc/ws_moveit/install/moveit_ros_planning:/home/golf1234_pc/ws_moveit/install/moveit_ros_occupancy_map_monitor:/home/golf1234_pc/ws_moveit/install/moveit_resources_prbt_support:/home/golf1234_pc/ws_moveit/install/moveit_resources_prbt_ikfast_manipulator_plugin:/home/golf1234_pc/ws_moveit/install/moveit_resources:/home/golf1234_pc/ws_moveit/install/moveit_resources_pr2_description:/home/golf1234_pc/ws_moveit/install/moveit_resources_panda_moveit_config:/home/golf1234_pc/ws_moveit/install/dual_arm_panda_moveit_config:/home/golf1234_pc/ws_moveit/install/moveit_resources_panda_description:/home/golf1234_pc/ws_moveit/install/moveit_resources_fanuc_moveit_config:/home/golf1234_pc/ws_moveit/install/moveit_resources_fanuc_description:/home/golf1234_pc/ws_moveit/install/moveit_planners_stomp:/home/golf1234_pc/ws_moveit/install/moveit_planners_chomp:/home/golf1234_pc/ws_moveit/install/chomp_motion_planner:/home/golf1234_pc/ws_moveit/install/moveit_core:/home/golf1234_pc/ws_moveit/install/moveit_msgs:/home/golf1234_pc/ws_moveit/install/moveit_common:/home/golf1234_pc/ws_moveit/install/kortex_driver:/home/golf1234_pc/ws_moveit/install/kortex_api:/home/golf1234_pc/project1_ws/install/project_assem_urdf_meshes:/home/golf1234_pc/project1_ws/install/p9_config:/home/golf1234_pc/project1_ws/install/p8_config:/home/golf1234_pc/project1_ws/install/p7_config:/home/golf1234_pc/project1_ws/install/p6_config:/home/golf1234_pc/project1_ws/install/p5_config:/home/golf1234_pc/project1_ws/install/p4_config:/home/golf1234_pc/project1_ws/install/p3_config:/home/golf1234_pc/project1_ws/install/p2_config:/home/golf1234_pc/project1_ws/install/p1_config:/home/golf1234_pc/project1_ws/install/p18_config:/home/golf1234_pc/project1_ws/install/p17_config:/home/golf1234_pc/project1_ws/install/p15_config:/home/golf1234_pc/project1_ws/install/p14_config:/home/golf1234_pc/project1_ws/install/p13_config:/home/golf1234_pc/project1_ws/install/p12_config:/home/golf1234_pc/project1_ws/install/p11_config:/home/golf1234_pc/project1_ws/install/p10_config:/home/golf1234_pc/project1_ws/install/mtc_p18_real:/home/golf1234_pc/project1_ws/install/mtc_p18_config:/home/golf1234_pc/project1_ws/install/mtc_p17_config:/home/golf1234_pc/project1_ws/install/mtc_p14_config:/home/golf1234_pc/project1_ws/install/for_test:/home/golf1234_pc/project1_ws/install/ffinall:/home/golf1234_pc/project1_ws/install/f2:/home/golf1234_pc/project1_ws/install/f17:/home/golf1234_pc/project1_ws/install/f16:/home/golf1234_pc/project1_ws/install/f15:/home/golf1234_pc/project1_ws/install/f10:/home/golf1234_pc/project1_ws/install/car1:/home/golf1234_pc/test1_ws/install/cpp_pubsub:/opt/ros/jazzy/opt/gz_sim_vendor:/opt/ros/jazzy/opt/gz_sensors_vendor:/opt/ros/jazzy/opt/gz_physics_vendor:/opt/ros/jazzy/opt/sdformat_vendor:/opt/ros/jazzy/opt/gz_gui_vendor:/opt/ros/jazzy/opt/gz_transport_vendor:/opt/ros/jazzy/opt/gz_rendering_vendor:/opt/ros/jazzy/opt/gz_plugin_vendor:/opt/ros/jazzy/opt/gz_fuel_tools_vendor:/opt/ros/jazzy/opt/gz_msgs_vendor:/opt/ros/jazzy/opt/gz_common_vendor:/opt/ros/jazzy/opt/gz_math_vendor:/opt/ros/jazzy/opt/gz_utils_vendor:/opt/ros/jazzy/opt/gz_tools_vendor:/opt/ros/jazzy/opt/gz_ogre_next_vendor:/opt/ros/jazzy/opt/gz_dartsim_vendor:/opt/ros/jazzy/opt/gz_cmake_vendor:/home/golf1234_pc/ws_moveit/install/moveit_configs_utils:/home/golf1234_pc/project1_ws/install/server_controllers:/home/golf1234_pc/project1_ws/install/mobile_manipurator:/home/golf1234_pc/project1_ws/install/camera2_ros:/home/golf1234_pc/test1_ws/install/test1:/opt/ros/jazzy DEBUGINFOD_URLS=https://debuginfod.ubuntu.com /usr/bin/cmake --install /home/golf1234_pc/manipurator_ws/build/config1
[5.256s] Level 1:colcon.colcon_core.environment:checking '/home/golf1234_pc/manipurator_ws/install/config1' for CMake config files
[5.256s] Level 1:colcon.colcon_core.shell:create_environment_hook('config1', 'cmake_prefix_path')
[5.257s] INFO:colcon.colcon_core.shell:Creating environment hook '/home/golf1234_pc/manipurator_ws/install/config1/share/config1/hook/cmake_prefix_path.ps1'
[5.257s] INFO:colcon.colcon_core.shell:Creating environment descriptor '/home/golf1234_pc/manipurator_ws/install/config1/share/config1/hook/cmake_prefix_path.dsv'
[5.258s] INFO:colcon.colcon_core.shell:Creating environment hook '/home/golf1234_pc/manipurator_ws/install/config1/share/config1/hook/cmake_prefix_path.sh'
[5.258s] Level 1:colcon.colcon_core.environment:checking '/home/golf1234_pc/manipurator_ws/install/config1/bin'
[5.258s] Level 1:colcon.colcon_core.environment:checking '/home/golf1234_pc/manipurator_ws/install/config1/lib/pkgconfig/config1.pc'
[5.258s] Level 1:colcon.colcon_core.environment:checking '/home/golf1234_pc/manipurator_ws/install/config1/lib/python3.12/site-packages'
[5.259s] Level 1:colcon.colcon_core.environment:checking '/home/golf1234_pc/manipurator_ws/install/config1/bin'
[5.259s] INFO:colcon.colcon_core.shell:Creating package script '/home/golf1234_pc/manipurator_ws/install/config1/share/config1/package.ps1'
[5.259s] INFO:colcon.colcon_core.shell:Creating package descriptor '/home/golf1234_pc/manipurator_ws/install/config1/share/config1/package.dsv'
[5.260s] INFO:colcon.colcon_core.shell:Creating package script '/home/golf1234_pc/manipurator_ws/install/config1/share/config1/package.sh'
[5.260s] INFO:colcon.colcon_core.shell:Creating package script '/home/golf1234_pc/manipurator_ws/install/config1/share/config1/package.bash'
[5.260s] INFO:colcon.colcon_core.shell:Creating package script '/home/golf1234_pc/manipurator_ws/install/config1/share/config1/package.zsh'
[5.261s] Level 1:colcon.colcon_core.environment:create_file_with_runtime_dependencies(/home/golf1234_pc/manipurator_ws/install/config1/share/colcon-core/packages/config1)
[5.263s] Level 1:colcon.colcon_core.environment:create_environment_scripts_only(config1)
[5.263s] Level 1:colcon.colcon_core.environment:checking '/home/golf1234_pc/manipurator_ws/install/config1' for CMake module files
[5.263s] Level 1:colcon.colcon_core.environment:checking '/home/golf1234_pc/manipurator_ws/install/config1' for CMake config files
[5.264s] Level 1:colcon.colcon_core.shell:create_environment_hook('config1', 'cmake_prefix_path')
[5.264s] INFO:colcon.colcon_core.shell:Creating environment hook '/home/golf1234_pc/manipurator_ws/install/config1/share/config1/hook/cmake_prefix_path.ps1'
[5.265s] INFO:colcon.colcon_core.shell:Creating environment descriptor '/home/golf1234_pc/manipurator_ws/install/config1/share/config1/hook/cmake_prefix_path.dsv'
[5.265s] INFO:colcon.colcon_core.shell:Creating environment hook '/home/golf1234_pc/manipurator_ws/install/config1/share/config1/hook/cmake_prefix_path.sh'
[5.266s] Level 1:colcon.colcon_core.environment:checking '/home/golf1234_pc/manipurator_ws/install/config1/bin'
[5.266s] Level 1:colcon.colcon_core.environment:checking '/home/golf1234_pc/manipurator_ws/install/config1/lib/pkgconfig/config1.pc'
[5.266s] Level 1:colcon.colcon_core.environment:checking '/home/golf1234_pc/manipurator_ws/install/config1/lib/python3.12/site-packages'
[5.266s] Level 1:colcon.colcon_core.environment:checking '/home/golf1234_pc/manipurator_ws/install/config1/bin'
[5.267s] INFO:colcon.colcon_core.shell:Creating package script '/home/golf1234_pc/manipurator_ws/install/config1/share/config1/package.ps1'
[5.267s] INFO:colcon.colcon_core.shell:Creating package descriptor '/home/golf1234_pc/manipurator_ws/install/config1/share/config1/package.dsv'
[5.268s] INFO:colcon.colcon_core.shell:Creating package script '/home/golf1234_pc/manipurator_ws/install/config1/share/config1/package.sh'
[5.268s] INFO:colcon.colcon_core.shell:Creating package script '/home/golf1234_pc/manipurator_ws/install/config1/share/config1/package.bash'
[5.269s] INFO:colcon.colcon_core.shell:Creating package script '/home/golf1234_pc/manipurator_ws/install/config1/share/config1/package.zsh'
[5.269s] Level 1:colcon.colcon_core.environment:create_file_with_runtime_dependencies(/home/golf1234_pc/manipurator_ws/install/config1/share/colcon-core/packages/config1)
[6.298s] DEBUG:colcon.colcon_core.event_handler.log_command:Invoked command in '/home/golf1234_pc/manipurator_ws/build/mtc_config1' returned '0': CMAKE_PREFIX_PATH=${CMAKE_PREFIX_PATH}:/home/golf1234_pc/ws_moveit/install/moveit_configs_utils:/home/golf1234_pc/project1_ws/install/server_controllers:/home/golf1234_pc/project1_ws/install/mobile_manipurator:/home/golf1234_pc/project1_ws/install/camera2_ros:/home/golf1234_pc/test1_ws/install/test1:/opt/ros/jazzy DEBUGINFOD_URLS=https://debuginfod.ubuntu.com /usr/bin/cmake /home/golf1234_pc/manipurator_ws/src/mtc_config1 -DAMENT_CMAKE_SYMLINK_INSTALL=1 -DCMAKE_INSTALL_PREFIX=/home/golf1234_pc/manipurator_ws/install/mtc_config1
[6.299s] DEBUG:colcon.colcon_core.event_handler.log_command:Invoking command in '/home/golf1234_pc/manipurator_ws/build/mtc_config1': CMAKE_PREFIX_PATH=${CMAKE_PREFIX_PATH}:/home/golf1234_pc/ws_moveit/install/moveit_configs_utils:/home/golf1234_pc/project1_ws/install/server_controllers:/home/golf1234_pc/project1_ws/install/mobile_manipurator:/home/golf1234_pc/project1_ws/install/camera2_ros:/home/golf1234_pc/test1_ws/install/test1:/opt/ros/jazzy DEBUGINFOD_URLS=https://debuginfod.ubuntu.com /usr/bin/cmake --build /home/golf1234_pc/manipurator_ws/build/mtc_config1 -- -j16 -l16
[16.391s] DEBUG:colcon.colcon_core.event_handler.log_command:Invoked command in '/home/golf1234_pc/manipurator_ws/build/mtc_config1' returned '0': CMAKE_PREFIX_PATH=${CMAKE_PREFIX_PATH}:/home/golf1234_pc/ws_moveit/install/moveit_configs_utils:/home/golf1234_pc/project1_ws/install/server_controllers:/home/golf1234_pc/project1_ws/install/mobile_manipurator:/home/golf1234_pc/project1_ws/install/camera2_ros:/home/golf1234_pc/test1_ws/install/test1:/opt/ros/jazzy DEBUGINFOD_URLS=https://debuginfod.ubuntu.com /usr/bin/cmake --build /home/golf1234_pc/manipurator_ws/build/mtc_config1 -- -j16 -l16
[16.393s] DEBUG:colcon.colcon_core.event_handler.log_command:Invoking command in '/home/golf1234_pc/manipurator_ws/build/mtc_config1': CMAKE_PREFIX_PATH=${CMAKE_PREFIX_PATH}:/home/golf1234_pc/ws_moveit/install/moveit_configs_utils:/home/golf1234_pc/project1_ws/install/server_controllers:/home/golf1234_pc/project1_ws/install/mobile_manipurator:/home/golf1234_pc/project1_ws/install/camera2_ros:/home/golf1234_pc/test1_ws/install/test1:/opt/ros/jazzy DEBUGINFOD_URLS=https://debuginfod.ubuntu.com /usr/bin/cmake --install /home/golf1234_pc/manipurator_ws/build/mtc_config1
[16.610s] Level 1:colcon.colcon_core.environment:create_environment_scripts_only(mtc_config1)
[16.610s] Level 1:colcon.colcon_core.environment:checking '/home/golf1234_pc/manipurator_ws/install/mtc_config1' for CMake module files
[16.611s] DEBUG:colcon.colcon_core.event_handler.log_command:Invoked command in '/home/golf1234_pc/manipurator_ws/build/mtc_config1' returned '0': CMAKE_PREFIX_PATH=${CMAKE_PREFIX_PATH}:/home/golf1234_pc/ws_moveit/install/moveit_configs_utils:/home/golf1234_pc/project1_ws/install/server_controllers:/home/golf1234_pc/project1_ws/install/mobile_manipurator:/home/golf1234_pc/project1_ws/install/camera2_ros:/home/golf1234_pc/test1_ws/install/test1:/opt/ros/jazzy DEBUGINFOD_URLS=https://debuginfod.ubuntu.com /usr/bin/cmake --install /home/golf1234_pc/manipurator_ws/build/mtc_config1
[16.611s] Level 1:colcon.colcon_core.environment:checking '/home/golf1234_pc/manipurator_ws/install/mtc_config1' for CMake config files
[16.611s] Level 1:colcon.colcon_core.shell:create_environment_hook('mtc_config1', 'cmake_prefix_path')
[16.611s] INFO:colcon.colcon_core.shell:Creating environment hook '/home/golf1234_pc/manipurator_ws/install/mtc_config1/share/mtc_config1/hook/cmake_prefix_path.ps1'
[16.612s] INFO:colcon.colcon_core.shell:Creating environment descriptor '/home/golf1234_pc/manipurator_ws/install/mtc_config1/share/mtc_config1/hook/cmake_prefix_path.dsv'
[16.612s] INFO:colcon.colcon_core.shell:Creating environment hook '/home/golf1234_pc/manipurator_ws/install/mtc_config1/share/mtc_config1/hook/cmake_prefix_path.sh'
[16.612s] Level 1:colcon.colcon_core.environment:checking '/home/golf1234_pc/manipurator_ws/install/mtc_config1/lib'
[16.613s] Level 1:colcon.colcon_core.environment:checking '/home/golf1234_pc/manipurator_ws/install/mtc_config1/bin'
[16.613s] Level 1:colcon.colcon_core.environment:checking '/home/golf1234_pc/manipurator_ws/install/mtc_config1/lib/pkgconfig/mtc_config1.pc'
[16.613s] Level 1:colcon.colcon_core.environment:checking '/home/golf1234_pc/manipurator_ws/install/mtc_config1/lib/python3.12/site-packages'
[16.613s] Level 1:colcon.colcon_core.environment:checking '/home/golf1234_pc/manipurator_ws/install/mtc_config1/bin'
[16.613s] INFO:colcon.colcon_core.shell:Creating package script '/home/golf1234_pc/manipurator_ws/install/mtc_config1/share/mtc_config1/package.ps1'
[16.613s] INFO:colcon.colcon_core.shell:Creating package descriptor '/home/golf1234_pc/manipurator_ws/install/mtc_config1/share/mtc_config1/package.dsv'
[16.614s] INFO:colcon.colcon_core.shell:Creating package script '/home/golf1234_pc/manipurator_ws/install/mtc_config1/share/mtc_config1/package.sh'
[16.614s] INFO:colcon.colcon_core.shell:Creating package script '/home/golf1234_pc/manipurator_ws/install/mtc_config1/share/mtc_config1/package.bash'
[16.614s] INFO:colcon.colcon_core.shell:Creating package script '/home/golf1234_pc/manipurator_ws/install/mtc_config1/share/mtc_config1/package.zsh'
[16.614s] Level 1:colcon.colcon_core.environment:create_file_with_runtime_dependencies(/home/golf1234_pc/manipurator_ws/install/mtc_config1/share/colcon-core/packages/mtc_config1)
[16.615s] Level 1:colcon.colcon_core.environment:create_environment_scripts_only(mtc_config1)
[16.615s] Level 1:colcon.colcon_core.environment:checking '/home/golf1234_pc/manipurator_ws/install/mtc_config1' for CMake module files
[16.615s] Level 1:colcon.colcon_core.environment:checking '/home/golf1234_pc/manipurator_ws/install/mtc_config1' for CMake config files
[16.616s] Level 1:colcon.colcon_core.shell:create_environment_hook('mtc_config1', 'cmake_prefix_path')
[16.616s] INFO:colcon.colcon_core.shell:Creating environment hook '/home/golf1234_pc/manipurator_ws/install/mtc_config1/share/mtc_config1/hook/cmake_prefix_path.ps1'
[16.616s] INFO:colcon.colcon_core.shell:Creating environment descriptor '/home/golf1234_pc/manipurator_ws/install/mtc_config1/share/mtc_config1/hook/cmake_prefix_path.dsv'
[16.616s] INFO:colcon.colcon_core.shell:Creating environment hook '/home/golf1234_pc/manipurator_ws/install/mtc_config1/share/mtc_config1/hook/cmake_prefix_path.sh'
[16.617s] Level 1:colcon.colcon_core.environment:checking '/home/golf1234_pc/manipurator_ws/install/mtc_config1/lib'
[16.617s] Level 1:colcon.colcon_core.environment:checking '/home/golf1234_pc/manipurator_ws/install/mtc_config1/bin'
[16.617s] Level 1:colcon.colcon_core.environment:checking '/home/golf1234_pc/manipurator_ws/install/mtc_config1/lib/pkgconfig/mtc_config1.pc'
[16.617s] Level 1:colcon.colcon_core.environment:checking '/home/golf1234_pc/manipurator_ws/install/mtc_config1/lib/python3.12/site-packages'
[16.617s] Level 1:colcon.colcon_core.environment:checking '/home/golf1234_pc/manipurator_ws/install/mtc_config1/bin'
[16.617s] INFO:colcon.colcon_core.shell:Creating package script '/home/golf1234_pc/manipurator_ws/install/mtc_config1/share/mtc_config1/package.ps1'
[16.617s] INFO:colcon.colcon_core.shell:Creating package descriptor '/home/golf1234_pc/manipurator_ws/install/mtc_config1/share/mtc_config1/package.dsv'
[16.618s] INFO:colcon.colcon_core.shell:Creating package script '/home/golf1234_pc/manipurator_ws/install/mtc_config1/share/mtc_config1/package.sh'
[16.618s] INFO:colcon.colcon_core.shell:Creating package script '/home/golf1234_pc/manipurator_ws/install/mtc_config1/share/mtc_config1/package.bash'
[16.618s] INFO:colcon.colcon_core.shell:Creating package script '/home/golf1234_pc/manipurator_ws/install/mtc_config1/share/mtc_config1/package.zsh'
[16.618s] Level 1:colcon.colcon_core.environment:create_file_with_runtime_dependencies(/home/golf1234_pc/manipurator_ws/install/mtc_config1/share/colcon-core/packages/mtc_config1)
[16.619s] DEBUG:colcon.colcon_parallel_executor.executor.parallel:closing loop
[16.619s] DEBUG:colcon.colcon_parallel_executor.executor.parallel:loop closed
[16.619s] DEBUG:colcon.colcon_parallel_executor.executor.parallel:run_until_complete finished with '0'
[16.619s] DEBUG:colcon.colcon_core.event_reactor:joining thread
[16.653s] INFO:colcon.colcon_core.plugin_system:Skipping extension 'colcon_notification.desktop_notification.notify_send': Could not find 'notify-send'
[16.653s] INFO:colcon.colcon_core.plugin_system:Skipping extension 'colcon_notification.desktop_notification.terminal_notifier': Not used on non-Darwin systems
[16.653s] INFO:colcon.colcon_core.plugin_system:Skipping extension 'colcon_notification.desktop_notification.win32': Not used on non-Windows systems
[16.653s] INFO:colcon.colcon_notification.desktop_notification:Sending desktop notification using 'notify2'
[16.654s] DEBUG:colcon.colcon_notification.desktop_notification.notify2:Failed to initialize notify2: org.freedesktop.DBus.Error.ServiceUnknown: The name org.freedesktop.Notifications was not provided by any .service files
[16.654s] DEBUG:colcon.colcon_core.event_reactor:joined thread
[16.654s] INFO:colcon.colcon_core.shell:Creating prefix script '/home/golf1234_pc/manipurator_ws/install/local_setup.ps1'
[16.655s] INFO:colcon.colcon_core.shell:Creating prefix util module '/home/golf1234_pc/manipurator_ws/install/_local_setup_util_ps1.py'
[16.656s] INFO:colcon.colcon_core.shell:Creating prefix chain script '/home/golf1234_pc/manipurator_ws/install/setup.ps1'
[16.660s] INFO:colcon.colcon_core.shell:Creating prefix script '/home/golf1234_pc/manipurator_ws/install/local_setup.sh'
[16.660s] INFO:colcon.colcon_core.shell:Creating prefix util module '/home/golf1234_pc/manipurator_ws/install/_local_setup_util_sh.py'
[16.661s] INFO:colcon.colcon_core.shell:Creating prefix chain script '/home/golf1234_pc/manipurator_ws/install/setup.sh'
[16.665s] INFO:colcon.colcon_core.shell:Creating prefix script '/home/golf1234_pc/manipurator_ws/install/local_setup.bash'
[16.665s] INFO:colcon.colcon_core.shell:Creating prefix chain script '/home/golf1234_pc/manipurator_ws/install/setup.bash'
[16.669s] INFO:colcon.colcon_core.shell:Creating prefix script '/home/golf1234_pc/manipurator_ws/install/local_setup.zsh'
[16.669s] INFO:colcon.colcon_core.shell:Creating prefix chain script '/home/golf1234_pc/manipurator_ws/install/setup.zsh'
