Traceback (most recent call last):
  File "/home/golf1234_pc/manipurator_ws/build/camera2_ros/setup.py", line 1, in <module>
    from setuptools import find_packages, setup
  File "/usr/lib/python3/dist-packages/setuptools/__init__.py", line 7, in <module>
    import _distutils_hack.override  # noqa: F401
    ^^^^^^^^^^^^^^^^^^^^^^^^^^^^^^^
  File "/usr/lib/python3/dist-packages/_distutils_hack/override.py", line 1, in <module>
    __import__('_distutils_hack').do_override()
  File "/usr/lib/python3/dist-packages/_distutils_hack/__init__.py", line 77, in do_override
    ensure_local_distutils()
  File "/usr/lib/python3/dist-packages/_distutils_hack/__init__.py", line 60, in ensure_local_distutils
    importlib.import_module('distutils')
  File "/usr/lib/python3.12/importlib/__init__.py", line 90, in import_module
    return _bootstrap._gcd_import(name[level:], package, level)
           ^^^^^^^^^^^^^^^^^^^^^^^^^^^^^^^^^^^^^^^^^^^^^^^^^^^^
  File "<frozen importlib._bootstrap>", line 1387, in _gcd_import
  File "<frozen importlib._bootstrap>", line 1360, in _find_and_load
  File "<frozen importlib._bootstrap>", line 1322, in _find_and_load_unlocked
  File "<frozen importlib._bootstrap>", line 1262, in _find_spec
  File "/usr/lib/python3/dist-packages/_distutils_hack/__init__.py", line 97, in find_spec
    return method()
           ^^^^^^^^
  File "/usr/lib/python3/dist-packages/_distutils_hack/__init__.py", line 108, in spec_for_distutils
    mod = importlib.import_module('setuptools._distutils')
          ^^^^^^^^^^^^^^^^^^^^^^^^^^^^^^^^^^^^^^^^^^^^^^^^
  File "/usr/lib/python3.12/importlib/__init__.py", line 90, in import_module
    return _bootstrap._gcd_import(name[level:], package, level)
           ^^^^^^^^^^^^^^^^^^^^^^^^^^^^^^^^^^^^^^^^^^^^^^^^^^^^
  File "/usr/lib/python3/dist-packages/setuptools/_distutils/__init__.py", line 12, in <module>
    importlib.import_module('_distutils_system_mod')
  File "/usr/lib/python3.12/importlib/__init__.py", line 90, in import_module
    return _bootstrap._gcd_import(name[level:], package, level)
           ^^^^^^^^^^^^^^^^^^^^^^^^^^^^^^^^^^^^^^^^^^^^^^^^^^^^
  File "/usr/lib/python3.12/_distutils_system_mod.py", line 15, in <module>
    import distutils.command.install as orig_install
  File "/usr/lib/python3/dist-packages/setuptools/_distutils/command/install.py", line 12, in <module>
    from ..core import Command
  File "/usr/lib/python3/dist-packages/setuptools/_distutils/core.py", line 22, in <module>
    from .dist import Distribution
  File "/usr/lib/python3/dist-packages/setuptools/_distutils/dist.py", line 27, in <module>
    from .util import check_environ, strtobool, rfc822_escape
  File "/usr/lib/python3/dist-packages/setuptools/_distutils/util.py", line 11, in <module>
    import subprocess
  File "/usr/lib/python3.12/subprocess.py", line 49, in <module>
    import signal
  File "<frozen importlib._bootstrap>", line 1360, in _find_and_load
  File "<frozen importlib._bootstrap>", line 1322, in _find_and_load_unlocked
  File "<frozen importlib._bootstrap>", line 1262, in _find_spec
  File "<frozen importlib._bootstrap_external>", line 1528, in find_spec
  File "<frozen importlib._bootstrap_external>", line 1502, in _get_spec
  File "<frozen importlib._bootstrap_external>", line 1632, in find_spec
  File "<frozen importlib._bootstrap>", line 491, in _verbose_message
KeyboardInterrupt
