running develop
Removing /home/golf1234_pc/manipurator_ws/install/server_controllers/lib/python3.12/site-packages/server-controllers.egg-link (link to .)
running egg_info
writing ../../build/server_controllers/server_controllers.egg-info/PKG-INFO
writing dependency_links to ../../build/server_controllers/server_controllers.egg-info/dependency_links.txt
writing entry points to ../../build/server_controllers/server_controllers.egg-info/entry_points.txt
writing requirements to ../../build/server_controllers/server_controllers.egg-info/requires.txt
writing top-level names to ../../build/server_controllers/server_controllers.egg-info/top_level.txt
reading manifest file '../../build/server_controllers/server_controllers.egg-info/SOURCES.txt'
writing manifest file '../../build/server_controllers/server_controllers.egg-info/SOURCES.txt'
running build
running build_py
creating /home/golf1234_pc/manipurator_ws/build/server_controllers/build
creating /home/golf1234_pc/manipurator_ws/build/server_controllers/build/lib
creating /home/golf1234_pc/manipurator_ws/build/server_controllers/build/lib/server_controllers
copying server_controllers/node2.py -> /home/golf1234_pc/manipurator_ws/build/server_controllers/build/lib/server_controllers
copying server_controllers/node_manager.py -> /home/golf1234_pc/manipurator_ws/build/server_controllers/build/lib/server_controllers
copying server_controllers/server1.py -> /home/golf1234_pc/manipurator_ws/build/server_controllers/build/lib/server_controllers
copying server_controllers/node1.py -> /home/golf1234_pc/manipurator_ws/build/server_controllers/build/lib/server_controllers
copying server_controllers/__init__.py -> /home/golf1234_pc/manipurator_ws/build/server_controllers/build/lib/server_controllers
running install
running install_lib
creating /home/golf1234_pc/manipurator_ws/install/server_controllers/lib/python3.12/site-packages/server_controllers
copying /home/golf1234_pc/manipurator_ws/build/server_controllers/build/lib/server_controllers/node2.py -> /home/golf1234_pc/manipurator_ws/install/server_controllers/lib/python3.12/site-packages/server_controllers
copying /home/golf1234_pc/manipurator_ws/build/server_controllers/build/lib/server_controllers/node_manager.py -> /home/golf1234_pc/manipurator_ws/install/server_controllers/lib/python3.12/site-packages/server_controllers
copying /home/golf1234_pc/manipurator_ws/build/server_controllers/build/lib/server_controllers/server1.py -> /home/golf1234_pc/manipurator_ws/install/server_controllers/lib/python3.12/site-packages/server_controllers
copying /home/golf1234_pc/manipurator_ws/build/server_controllers/build/lib/server_controllers/node1.py -> /home/golf1234_pc/manipurator_ws/install/server_controllers/lib/python3.12/site-packages/server_controllers
copying /home/golf1234_pc/manipurator_ws/build/server_controllers/build/lib/server_controllers/__init__.py -> /home/golf1234_pc/manipurator_ws/install/server_controllers/lib/python3.12/site-packages/server_controllers
byte-compiling /home/golf1234_pc/manipurator_ws/install/server_controllers/lib/python3.12/site-packages/server_controllers/node2.py to node2.cpython-312.pyc
byte-compiling /home/golf1234_pc/manipurator_ws/install/server_controllers/lib/python3.12/site-packages/server_controllers/node_manager.py to node_manager.cpython-312.pyc
byte-compiling /home/golf1234_pc/manipurator_ws/install/server_controllers/lib/python3.12/site-packages/server_controllers/server1.py to server1.cpython-312.pyc
byte-compiling /home/golf1234_pc/manipurator_ws/install/server_controllers/lib/python3.12/site-packages/server_controllers/node1.py to node1.cpython-312.pyc
byte-compiling /home/golf1234_pc/manipurator_ws/install/server_controllers/lib/python3.12/site-packages/server_controllers/__init__.py to __init__.cpython-312.pyc
running install_data
copying resource/server_controllers -> /home/golf1234_pc/manipurator_ws/install/server_controllers/share/ament_index/resource_index/packages
copying package.xml -> /home/golf1234_pc/manipurator_ws/install/server_controllers/share/server_controllers
running install_egg_info
Copying ../../build/server_controllers/server_controllers.egg-info to /home/golf1234_pc/manipurator_ws/install/server_controllers/lib/python3.12/site-packages/server_controllers-0.0.0-py3.12.egg-info
running install_scripts
Installing node1 script to /home/golf1234_pc/manipurator_ws/install/server_controllers/lib/server_controllers
Installing node2 script to /home/golf1234_pc/manipurator_ws/install/server_controllers/lib/server_controllers
Installing node_manager script to /home/golf1234_pc/manipurator_ws/install/server_controllers/lib/server_controllers
writing list of installed files to '/home/golf1234_pc/manipurator_ws/build/server_controllers/install.log'
