[1.523s] Invoking command in '/home/golf1234_pc/manipurator_ws/build/server_controllers': DEBUGINFOD_URLS=https://debuginfod.ubuntu.com PYTHONPATH=/home/golf1234_pc/manipurator_ws/build/server_controllers/prefix_override:/usr/lib/python3/dist-packages/colcon_core/task/python/colcon_distutils_commands:/home/golf1234_pc/manipurator_ws/install/server_controllers/lib/python3.12/site-packages:${PYTHONPATH} /usr/bin/python3 -W ignore:setup.py install is deprecated -W ignore:easy_install command is deprecated setup.py develop --uninstall --editable --build-directory /home/golf1234_pc/manipurator_ws/build/server_controllers/build
[1.875s] running develop
[2.150s] Removing /home/golf1234_pc/manipurator_ws/install/server_controllers/lib/python3.12/site-packages/server-controllers.egg-link (link to .)
[2.202s] Invoked command in '/home/golf1234_pc/manipurator_ws/build/server_controllers' returned '0': DEBUGINFOD_URLS=https://debuginfod.ubuntu.com PYTHONPATH=/home/golf1234_pc/manipurator_ws/build/server_controllers/prefix_override:/usr/lib/python3/dist-packages/colcon_core/task/python/colcon_distutils_commands:/home/golf1234_pc/manipurator_ws/install/server_controllers/lib/python3.12/site-packages:${PYTHONPATH} /usr/bin/python3 -W ignore:setup.py install is deprecated -W ignore:easy_install command is deprecated setup.py develop --uninstall --editable --build-directory /home/golf1234_pc/manipurator_ws/build/server_controllers/build
[2.203s] Invoking command in '/home/golf1234_pc/manipurator_ws/src/server_controllers': DEBUGINFOD_URLS=https://debuginfod.ubuntu.com PYTHONPATH=/home/golf1234_pc/manipurator_ws/build/server_controllers/prefix_override:/usr/lib/python3/dist-packages/colcon_core/task/python/colcon_distutils_commands:/home/golf1234_pc/manipurator_ws/install/server_controllers/lib/python3.12/site-packages:${PYTHONPATH} /usr/bin/python3 -W ignore:setup.py install is deprecated -W ignore:easy_install command is deprecated setup.py egg_info --egg-base ../../build/server_controllers build --build-base /home/golf1234_pc/manipurator_ws/build/server_controllers/build install --record /home/golf1234_pc/manipurator_ws/build/server_controllers/install.log --single-version-externally-managed install_data --force
[2.561s] running egg_info
[2.587s] writing ../../build/server_controllers/server_controllers.egg-info/PKG-INFO
[2.587s] writing dependency_links to ../../build/server_controllers/server_controllers.egg-info/dependency_links.txt
[2.587s] writing entry points to ../../build/server_controllers/server_controllers.egg-info/entry_points.txt
[2.588s] writing requirements to ../../build/server_controllers/server_controllers.egg-info/requires.txt
[2.588s] writing top-level names to ../../build/server_controllers/server_controllers.egg-info/top_level.txt
[2.640s] reading manifest file '../../build/server_controllers/server_controllers.egg-info/SOURCES.txt'
[2.640s] writing manifest file '../../build/server_controllers/server_controllers.egg-info/SOURCES.txt'
[2.640s] running build
[2.641s] running build_py
[2.641s] creating /home/golf1234_pc/manipurator_ws/build/server_controllers/build
[2.641s] creating /home/golf1234_pc/manipurator_ws/build/server_controllers/build/lib
[2.641s] creating /home/golf1234_pc/manipurator_ws/build/server_controllers/build/lib/server_controllers
[2.641s] copying server_controllers/node2.py -> /home/golf1234_pc/manipurator_ws/build/server_controllers/build/lib/server_controllers
[2.642s] copying server_controllers/node_manager.py -> /home/golf1234_pc/manipurator_ws/build/server_controllers/build/lib/server_controllers
[2.642s] copying server_controllers/server1.py -> /home/golf1234_pc/manipurator_ws/build/server_controllers/build/lib/server_controllers
[2.642s] copying server_controllers/node1.py -> /home/golf1234_pc/manipurator_ws/build/server_controllers/build/lib/server_controllers
[2.642s] copying server_controllers/__init__.py -> /home/golf1234_pc/manipurator_ws/build/server_controllers/build/lib/server_controllers
[2.642s] running install
[2.647s] running install_lib
[2.676s] creating /home/golf1234_pc/manipurator_ws/install/server_controllers/lib/python3.12/site-packages/server_controllers
[2.676s] copying /home/golf1234_pc/manipurator_ws/build/server_controllers/build/lib/server_controllers/node2.py -> /home/golf1234_pc/manipurator_ws/install/server_controllers/lib/python3.12/site-packages/server_controllers
[2.676s] copying /home/golf1234_pc/manipurator_ws/build/server_controllers/build/lib/server_controllers/node_manager.py -> /home/golf1234_pc/manipurator_ws/install/server_controllers/lib/python3.12/site-packages/server_controllers
[2.677s] copying /home/golf1234_pc/manipurator_ws/build/server_controllers/build/lib/server_controllers/server1.py -> /home/golf1234_pc/manipurator_ws/install/server_controllers/lib/python3.12/site-packages/server_controllers
[2.677s] copying /home/golf1234_pc/manipurator_ws/build/server_controllers/build/lib/server_controllers/node1.py -> /home/golf1234_pc/manipurator_ws/install/server_controllers/lib/python3.12/site-packages/server_controllers
[2.677s] copying /home/golf1234_pc/manipurator_ws/build/server_controllers/build/lib/server_controllers/__init__.py -> /home/golf1234_pc/manipurator_ws/install/server_controllers/lib/python3.12/site-packages/server_controllers
[2.678s] byte-compiling /home/golf1234_pc/manipurator_ws/install/server_controllers/lib/python3.12/site-packages/server_controllers/node2.py to node2.cpython-312.pyc
[2.678s] byte-compiling /home/golf1234_pc/manipurator_ws/install/server_controllers/lib/python3.12/site-packages/server_controllers/node_manager.py to node_manager.cpython-312.pyc
[2.679s] byte-compiling /home/golf1234_pc/manipurator_ws/install/server_controllers/lib/python3.12/site-packages/server_controllers/server1.py to server1.cpython-312.pyc
[2.679s] byte-compiling /home/golf1234_pc/manipurator_ws/install/server_controllers/lib/python3.12/site-packages/server_controllers/node1.py to node1.cpython-312.pyc
[2.679s] byte-compiling /home/golf1234_pc/manipurator_ws/install/server_controllers/lib/python3.12/site-packages/server_controllers/__init__.py to __init__.cpython-312.pyc
[2.679s] running install_data
[2.680s] copying resource/server_controllers -> /home/golf1234_pc/manipurator_ws/install/server_controllers/share/ament_index/resource_index/packages
[2.680s] copying package.xml -> /home/golf1234_pc/manipurator_ws/install/server_controllers/share/server_controllers
[2.680s] running install_egg_info
[2.708s] Copying ../../build/server_controllers/server_controllers.egg-info to /home/golf1234_pc/manipurator_ws/install/server_controllers/lib/python3.12/site-packages/server_controllers-0.0.0-py3.12.egg-info
[2.710s] running install_scripts
[2.885s] Installing node1 script to /home/golf1234_pc/manipurator_ws/install/server_controllers/lib/server_controllers
[2.885s] Installing node2 script to /home/golf1234_pc/manipurator_ws/install/server_controllers/lib/server_controllers
[2.885s] Installing node_manager script to /home/golf1234_pc/manipurator_ws/install/server_controllers/lib/server_controllers
[2.885s] writing list of installed files to '/home/golf1234_pc/manipurator_ws/build/server_controllers/install.log'
[2.942s] Invoked command in '/home/golf1234_pc/manipurator_ws/src/server_controllers' returned '0': DEBUGINFOD_URLS=https://debuginfod.ubuntu.com PYTHONPATH=/home/golf1234_pc/manipurator_ws/build/server_controllers/prefix_override:/usr/lib/python3/dist-packages/colcon_core/task/python/colcon_distutils_commands:/home/golf1234_pc/manipurator_ws/install/server_controllers/lib/python3.12/site-packages:${PYTHONPATH} /usr/bin/python3 -W ignore:setup.py install is deprecated -W ignore:easy_install command is deprecated setup.py egg_info --egg-base ../../build/server_controllers build --build-base /home/golf1234_pc/manipurator_ws/build/server_controllers/build install --record /home/golf1234_pc/manipurator_ws/build/server_controllers/install.log --single-version-externally-managed install_data --force
