-- The C compiler identification is GNU 13.3.0
-- The CXX compiler identification is GNU 13.3.0
-- Detecting C compiler ABI info
-- Detecting C compiler ABI info - done
-- Check for working C compiler: /usr/bin/cc - skipped
-- Detecting C compile features
-- Detecting C compile features - done
-- Detecting CXX compiler ABI info
-- Detecting CXX compiler ABI info - done
-- Check for working CXX compiler: /usr/bin/c++ - skipped
-- Detecting CXX compile features
-- Detecting CXX compile features - done
-- Found ament_cmake: 2.5.3 (/opt/ros/jazzy/share/ament_cmake/cmake)
-- Found Python3: /usr/bin/python3 (found version "3.12.3") found components: Interpreter 
-- Override CMake install command with custom implementation using symlinks instead of copying resources
-- Found ament_lint_auto: 0.17.1 (/opt/ros/jazzy/share/ament_lint_auto/cmake)
-- Added test 'flake8' to check Python code syntax and style conventions
-- Configured 'flake8' exclude dirs and/or files: 
-- Added test 'lint_cmake' to check CMake code style
-- Added test 'pep257' to check Python code against some of the docstring style conventions in PEP 257
-- Added test 'xmllint' to check XML markup files
-- Configuring done (1.9s)
-- Generating done (0.0s)
-- Build files have been written to: /home/golf1234_pc/manipurator_ws/build/urdf1
-- Install configuration: ""
-- Execute custom install script
-- Symlinking: /home/golf1234_pc/manipurator_ws/install/urdf1/share/urdf1/launch/display.launch.py
-- Symlinking: /home/golf1234_pc/manipurator_ws/install/urdf1/share/urdf1/urdf/urdf1.urdf
-- Symlinking: /home/golf1234_pc/manipurator_ws/install/urdf1/share/urdf1/meshes/arm1_link.STL
-- Symlinking: /home/golf1234_pc/manipurator_ws/install/urdf1/share/urdf1/meshes/arm2_link.STL
-- Symlinking: /home/golf1234_pc/manipurator_ws/install/urdf1/share/urdf1/meshes/base_link.STL
-- Symlinking: /home/golf1234_pc/manipurator_ws/install/urdf1/share/urdf1/meshes/headbase_link.STL
-- Symlinking: /home/golf1234_pc/manipurator_ws/install/urdf1/share/urdf1/meshes/left_Link.STL
-- Symlinking: /home/golf1234_pc/manipurator_ws/install/urdf1/share/urdf1/meshes/left_finger.STL
-- Symlinking: /home/golf1234_pc/manipurator_ws/install/urdf1/share/urdf1/meshes/left_gear.STL
-- Symlinking: /home/golf1234_pc/manipurator_ws/install/urdf1/share/urdf1/meshes/right_Link.STL
-- Symlinking: /home/golf1234_pc/manipurator_ws/install/urdf1/share/urdf1/meshes/right_finger.STL
-- Symlinking: /home/golf1234_pc/manipurator_ws/install/urdf1/share/urdf1/meshes/right_gear.STL
-- Symlinking: /home/golf1234_pc/manipurator_ws/install/urdf1/share/urdf1/meshes/rotating_base.STL
-- Symlinking: /home/golf1234_pc/manipurator_ws/install/urdf1/share/ament_index/resource_index/package_run_dependencies/urdf1
-- Symlinking: /home/golf1234_pc/manipurator_ws/install/urdf1/share/ament_index/resource_index/parent_prefix_path/urdf1
-- Symlinking: /home/golf1234_pc/manipurator_ws/install/urdf1/share/urdf1/environment/ament_prefix_path.sh
-- Symlinking: /home/golf1234_pc/manipurator_ws/install/urdf1/share/urdf1/environment/ament_prefix_path.dsv
-- Symlinking: /home/golf1234_pc/manipurator_ws/install/urdf1/share/urdf1/environment/path.sh
-- Symlinking: /home/golf1234_pc/manipurator_ws/install/urdf1/share/urdf1/environment/path.dsv
-- Symlinking: /home/golf1234_pc/manipurator_ws/install/urdf1/share/urdf1/local_setup.bash
-- Symlinking: /home/golf1234_pc/manipurator_ws/install/urdf1/share/urdf1/local_setup.sh
-- Symlinking: /home/golf1234_pc/manipurator_ws/install/urdf1/share/urdf1/local_setup.zsh
-- Symlinking: /home/golf1234_pc/manipurator_ws/install/urdf1/share/urdf1/local_setup.dsv
-- Symlinking: /home/golf1234_pc/manipurator_ws/install/urdf1/share/urdf1/package.dsv
-- Symlinking: /home/golf1234_pc/manipurator_ws/install/urdf1/share/ament_index/resource_index/packages/urdf1
-- Symlinking: /home/golf1234_pc/manipurator_ws/install/urdf1/share/urdf1/cmake/urdf1Config.cmake
-- Symlinking: /home/golf1234_pc/manipurator_ws/install/urdf1/share/urdf1/cmake/urdf1Config-version.cmake
-- Symlinking: /home/golf1234_pc/manipurator_ws/install/urdf1/share/urdf1/package.xml
