[1.666s] Invoking command in '/home/golf1234_pc/manipurator_ws/build/camera2_ros': DEBUGINFOD_URLS=https://debuginfod.ubuntu.com PYTHONPATH=/home/golf1234_pc/manipurator_ws/build/camera2_ros/prefix_override:/usr/lib/python3/dist-packages/colcon_core/task/python/colcon_distutils_commands:/home/golf1234_pc/manipurator_ws/install/camera2_ros/lib/python3.12/site-packages:${PYTHONPATH} /usr/bin/python3 -W ignore:setup.py install is deprecated -W ignore:easy_install command is deprecated setup.py develop --editable --build-directory /home/golf1234_pc/manipurator_ws/build/camera2_ros/build --no-deps symlink_data
[2.029s] running develop
[2.309s] running egg_info
[2.309s] creating camera2_ros.egg-info
[2.336s] writing camera2_ros.egg-info/PKG-INFO
[2.336s] writing dependency_links to camera2_ros.egg-info/dependency_links.txt
[2.336s] writing entry points to camera2_ros.egg-info/entry_points.txt
[2.337s] writing requirements to camera2_ros.egg-info/requires.txt
[2.337s] writing top-level names to camera2_ros.egg-info/top_level.txt
[2.337s] writing manifest file 'camera2_ros.egg-info/SOURCES.txt'
[2.390s] reading manifest file 'camera2_ros.egg-info/SOURCES.txt'
[2.390s] writing manifest file 'camera2_ros.egg-info/SOURCES.txt'
[2.419s] running build_ext
[2.419s] Creating /home/golf1234_pc/manipurator_ws/install/camera2_ros/lib/python3.12/site-packages/camera2-ros.egg-link (link to .)
[2.419s] Installing camera2_node script to /home/golf1234_pc/manipurator_ws/install/camera2_ros/lib/camera2_ros
[2.420s] 
[2.420s] Installed /home/golf1234_pc/manipurator_ws/build/camera2_ros
[2.420s] running symlink_data
[2.420s] creating /home/golf1234_pc/manipurator_ws/install/camera2_ros/share/ament_index
[2.420s] creating /home/golf1234_pc/manipurator_ws/install/camera2_ros/share/ament_index/resource_index
[2.420s] creating /home/golf1234_pc/manipurator_ws/install/camera2_ros/share/ament_index/resource_index/packages
[2.421s] symbolically linking /home/golf1234_pc/manipurator_ws/build/camera2_ros/resource/camera2_ros -> /home/golf1234_pc/manipurator_ws/install/camera2_ros/share/ament_index/resource_index/packages
[2.421s] symbolically linking /home/golf1234_pc/manipurator_ws/build/camera2_ros/package.xml -> /home/golf1234_pc/manipurator_ws/install/camera2_ros/share/camera2_ros
[2.469s] Invoked command in '/home/golf1234_pc/manipurator_ws/build/camera2_ros' returned '0': DEBUGINFOD_URLS=https://debuginfod.ubuntu.com PYTHONPATH=/home/golf1234_pc/manipurator_ws/build/camera2_ros/prefix_override:/usr/lib/python3/dist-packages/colcon_core/task/python/colcon_distutils_commands:/home/golf1234_pc/manipurator_ws/install/camera2_ros/lib/python3.12/site-packages:${PYTHONPATH} /usr/bin/python3 -W ignore:setup.py install is deprecated -W ignore:easy_install command is deprecated setup.py develop --editable --build-directory /home/golf1234_pc/manipurator_ws/build/camera2_ros/build --no-deps symlink_data
