[0.387s] Invoking command in '/home/golf1234_pc/manipurator_ws/build/car_urdf': CMAKE_PREFIX_PATH=${CMAKE_PREFIX_PATH}:/home/golf1234_pc/manipurator_ws/install/server_controllers:/home/golf1234_pc/manipurator_ws/install/mobile_manipurator:/home/golf1234_pc/manipurator_ws/install/camera2_ros:/home/golf1234_pc/install/moveit_configs_utils:/home/golf1234_pc/ws_moveit/install/moveit_configs_utils:/home/golf1234_pc/project1_ws/install/server_controllers:/home/golf1234_pc/project1_ws/install/mobile_manipurator:/home/golf1234_pc/project1_ws/install/camera2_ros:/home/golf1234_pc/test1_ws/install/test1:/opt/ros/jazzy DEBUGINFOD_URLS=https://debuginfod.ubuntu.com /usr/bin/cmake /home/golf1234_pc/manipurator_ws/src/car_urdf -DAMENT_CMAKE_SYMLINK_INSTALL=1 -DCMAKE_INSTALL_PREFIX=/home/golf1234_pc/manipurator_ws/install/car_urdf
[0.696s] -- Found ament_cmake: 2.5.3 (/opt/ros/jazzy/share/ament_cmake/cmake)
[0.696s] -- Override CMake install command with custom implementation using symlinks instead of copying resources
[0.697s] -- Found ament_lint_auto: 0.17.1 (/opt/ros/jazzy/share/ament_lint_auto/cmake)
[0.783s] -- Added test 'flake8' to check Python code syntax and style conventions
[0.783s] -- Configured 'flake8' exclude dirs and/or files: 
[0.783s] -- Added test 'lint_cmake' to check CMake code style
[0.783s] -- Added test 'pep257' to check Python code against some of the docstring style conventions in PEP 257
[0.785s] -- Added test 'xmllint' to check XML markup files
[0.788s] -- Configuring done (0.4s)
[0.797s] -- Generating done (0.0s)
[0.800s] -- Build files have been written to: /home/golf1234_pc/manipurator_ws/build/car_urdf
[1.039s] Invoked command in '/home/golf1234_pc/manipurator_ws/build/car_urdf' returned '0': CMAKE_PREFIX_PATH=${CMAKE_PREFIX_PATH}:/home/golf1234_pc/manipurator_ws/install/server_controllers:/home/golf1234_pc/manipurator_ws/install/mobile_manipurator:/home/golf1234_pc/manipurator_ws/install/camera2_ros:/home/golf1234_pc/install/moveit_configs_utils:/home/golf1234_pc/ws_moveit/install/moveit_configs_utils:/home/golf1234_pc/project1_ws/install/server_controllers:/home/golf1234_pc/project1_ws/install/mobile_manipurator:/home/golf1234_pc/project1_ws/install/camera2_ros:/home/golf1234_pc/test1_ws/install/test1:/opt/ros/jazzy DEBUGINFOD_URLS=https://debuginfod.ubuntu.com /usr/bin/cmake /home/golf1234_pc/manipurator_ws/src/car_urdf -DAMENT_CMAKE_SYMLINK_INSTALL=1 -DCMAKE_INSTALL_PREFIX=/home/golf1234_pc/manipurator_ws/install/car_urdf
[1.040s] Invoking command in '/home/golf1234_pc/manipurator_ws/build/car_urdf': CMAKE_PREFIX_PATH=${CMAKE_PREFIX_PATH}:/home/golf1234_pc/manipurator_ws/install/server_controllers:/home/golf1234_pc/manipurator_ws/install/mobile_manipurator:/home/golf1234_pc/manipurator_ws/install/camera2_ros:/home/golf1234_pc/install/moveit_configs_utils:/home/golf1234_pc/ws_moveit/install/moveit_configs_utils:/home/golf1234_pc/project1_ws/install/server_controllers:/home/golf1234_pc/project1_ws/install/mobile_manipurator:/home/golf1234_pc/project1_ws/install/camera2_ros:/home/golf1234_pc/test1_ws/install/test1:/opt/ros/jazzy DEBUGINFOD_URLS=https://debuginfod.ubuntu.com /usr/bin/cmake --build /home/golf1234_pc/manipurator_ws/build/car_urdf -- -j16 -l16
[1.184s] Invoked command in '/home/golf1234_pc/manipurator_ws/build/car_urdf' returned '0': CMAKE_PREFIX_PATH=${CMAKE_PREFIX_PATH}:/home/golf1234_pc/manipurator_ws/install/server_controllers:/home/golf1234_pc/manipurator_ws/install/mobile_manipurator:/home/golf1234_pc/manipurator_ws/install/camera2_ros:/home/golf1234_pc/install/moveit_configs_utils:/home/golf1234_pc/ws_moveit/install/moveit_configs_utils:/home/golf1234_pc/project1_ws/install/server_controllers:/home/golf1234_pc/project1_ws/install/mobile_manipurator:/home/golf1234_pc/project1_ws/install/camera2_ros:/home/golf1234_pc/test1_ws/install/test1:/opt/ros/jazzy DEBUGINFOD_URLS=https://debuginfod.ubuntu.com /usr/bin/cmake --build /home/golf1234_pc/manipurator_ws/build/car_urdf -- -j16 -l16
[1.186s] Invoking command in '/home/golf1234_pc/manipurator_ws/build/car_urdf': CMAKE_PREFIX_PATH=${CMAKE_PREFIX_PATH}:/home/golf1234_pc/manipurator_ws/install/server_controllers:/home/golf1234_pc/manipurator_ws/install/mobile_manipurator:/home/golf1234_pc/manipurator_ws/install/camera2_ros:/home/golf1234_pc/install/moveit_configs_utils:/home/golf1234_pc/ws_moveit/install/moveit_configs_utils:/home/golf1234_pc/project1_ws/install/server_controllers:/home/golf1234_pc/project1_ws/install/mobile_manipurator:/home/golf1234_pc/project1_ws/install/camera2_ros:/home/golf1234_pc/test1_ws/install/test1:/opt/ros/jazzy DEBUGINFOD_URLS=https://debuginfod.ubuntu.com /usr/bin/cmake --install /home/golf1234_pc/manipurator_ws/build/car_urdf
[1.204s] -- Install configuration: ""
[1.204s] -- Execute custom install script
[1.205s] -- Up-to-date symlink: /home/golf1234_pc/manipurator_ws/install/car_urdf/share/car_urdf/launch/display.launch.py
[1.205s] -- Up-to-date symlink: /home/golf1234_pc/manipurator_ws/install/car_urdf/share/car_urdf/urdf/car_urdf.urdf
[1.205s] -- Up-to-date symlink: /home/golf1234_pc/manipurator_ws/install/car_urdf/share/car_urdf/meshes/back_left_wheel.STL
[1.206s] -- Up-to-date symlink: /home/golf1234_pc/manipurator_ws/install/car_urdf/share/car_urdf/meshes/back_right_wheel.STL
[1.206s] -- Up-to-date symlink: /home/golf1234_pc/manipurator_ws/install/car_urdf/share/car_urdf/meshes/base_link.STL
[1.206s] -- Up-to-date symlink: /home/golf1234_pc/manipurator_ws/install/car_urdf/share/car_urdf/meshes/front_left_wheel.STL
[1.206s] -- Up-to-date symlink: /home/golf1234_pc/manipurator_ws/install/car_urdf/share/car_urdf/meshes/front_right_wheel.STL
[1.207s] -- Up-to-date symlink: /home/golf1234_pc/manipurator_ws/install/car_urdf/share/car_urdf/meshes/turn_left_wheel.STL
[1.207s] -- Up-to-date symlink: /home/golf1234_pc/manipurator_ws/install/car_urdf/share/car_urdf/meshes/turn_right_wheel.STL
[1.207s] -- Up-to-date symlink: /home/golf1234_pc/manipurator_ws/install/car_urdf/share/ament_index/resource_index/package_run_dependencies/car_urdf
[1.207s] -- Up-to-date symlink: /home/golf1234_pc/manipurator_ws/install/car_urdf/share/ament_index/resource_index/parent_prefix_path/car_urdf
[1.208s] -- Up-to-date symlink: /home/golf1234_pc/manipurator_ws/install/car_urdf/share/car_urdf/environment/ament_prefix_path.sh
[1.208s] -- Up-to-date symlink: /home/golf1234_pc/manipurator_ws/install/car_urdf/share/car_urdf/environment/ament_prefix_path.dsv
[1.208s] -- Up-to-date symlink: /home/golf1234_pc/manipurator_ws/install/car_urdf/share/car_urdf/environment/path.sh
[1.208s] -- Up-to-date symlink: /home/golf1234_pc/manipurator_ws/install/car_urdf/share/car_urdf/environment/path.dsv
[1.209s] -- Up-to-date symlink: /home/golf1234_pc/manipurator_ws/install/car_urdf/share/car_urdf/local_setup.bash
[1.209s] -- Up-to-date symlink: /home/golf1234_pc/manipurator_ws/install/car_urdf/share/car_urdf/local_setup.sh
[1.209s] -- Up-to-date symlink: /home/golf1234_pc/manipurator_ws/install/car_urdf/share/car_urdf/local_setup.zsh
[1.209s] -- Up-to-date symlink: /home/golf1234_pc/manipurator_ws/install/car_urdf/share/car_urdf/local_setup.dsv
[1.209s] -- Symlinking: /home/golf1234_pc/manipurator_ws/install/car_urdf/share/car_urdf/package.dsv
[1.232s] -- Up-to-date symlink: /home/golf1234_pc/manipurator_ws/install/car_urdf/share/ament_index/resource_index/packages/car_urdf
[1.232s] -- Up-to-date symlink: /home/golf1234_pc/manipurator_ws/install/car_urdf/share/car_urdf/cmake/car_urdfConfig.cmake
[1.232s] -- Up-to-date symlink: /home/golf1234_pc/manipurator_ws/install/car_urdf/share/car_urdf/cmake/car_urdfConfig-version.cmake
[1.232s] -- Up-to-date symlink: /home/golf1234_pc/manipurator_ws/install/car_urdf/share/car_urdf/package.xml
[1.237s] Invoked command in '/home/golf1234_pc/manipurator_ws/build/car_urdf' returned '0': CMAKE_PREFIX_PATH=${CMAKE_PREFIX_PATH}:/home/golf1234_pc/manipurator_ws/install/server_controllers:/home/golf1234_pc/manipurator_ws/install/mobile_manipurator:/home/golf1234_pc/manipurator_ws/install/camera2_ros:/home/golf1234_pc/install/moveit_configs_utils:/home/golf1234_pc/ws_moveit/install/moveit_configs_utils:/home/golf1234_pc/project1_ws/install/server_controllers:/home/golf1234_pc/project1_ws/install/mobile_manipurator:/home/golf1234_pc/project1_ws/install/camera2_ros:/home/golf1234_pc/test1_ws/install/test1:/opt/ros/jazzy DEBUGINFOD_URLS=https://debuginfod.ubuntu.com /usr/bin/cmake --install /home/golf1234_pc/manipurator_ws/build/car_urdf
