[0.365s] DEBUG:colcon:Command line arguments: ['/usr/bin/colcon', 'list', '-p', '--base-paths', '/home/golf1234_pc/manipurator_ws']
[0.365s] DEBUG:colcon:Parsed command line arguments: Namespace(log_base=None, log_level=None, verb_name='list', build_base='build', ignore_user_meta=False, metas=['./colcon.meta'], base_paths=['/home/golf1234_pc/manipurator_ws'], packages_ignore=None, packages_ignore_regex=None, paths=None, packages_up_to=None, packages_up_to_regex=None, packages_above=None, packages_above_and_dependencies=None, packages_above_depth=None, packages_select_by_dep=None, packages_skip_by_dep=None, packages_skip_up_to=None, packages_select_build_failed=False, packages_skip_build_finished=False, packages_select_test_failures=False, packages_skip_test_passed=False, packages_select=None, packages_skip=None, packages_select_regex=None, packages_skip_regex=None, packages_start=None, packages_end=None, allow_overriding=[], topological_order=False, names_only=False, paths_only=True, topological_graph=False, topological_graph_dot=False, topological_graph_density=False, topological_graph_legend=False, topological_graph_dot_cluster=False, topological_graph_dot_include_skipped=False, mixin_files=None, mixin=None, verb_parser=<colcon_mixin.mixin.mixin_argument.MixinArgumentDecorator object at 0x7f3b5a9a4140>, verb_extension=<colcon_package_information.verb.list.ListVerb object at 0x7f3b5a97f140>, main=<bound method ListVerb.main of <colcon_package_information.verb.list.ListVerb object at 0x7f3b5a97f140>>, mixin_verb=('list',))
[0.433s] Level 1:colcon.colcon_core.package_discovery:discover_packages(colcon_meta) check parameters
[0.433s] Level 1:colcon.colcon_core.package_discovery:discover_packages(recursive) check parameters
[0.434s] Level 1:colcon.colcon_core.package_discovery:discover_packages(ignore) check parameters
[0.434s] Level 1:colcon.colcon_core.package_discovery:discover_packages(path) check parameters
[0.434s] Level 1:colcon.colcon_core.package_discovery:discover_packages(recursive) discover
[0.434s] INFO:colcon.colcon_core.package_discovery:Crawling recursively for packages in '/home/golf1234_pc/manipurator_ws'
[0.434s] Level 1:colcon.colcon_core.package_identification:_identify(/home/golf1234_pc/manipurator_ws) by extensions ['ignore', 'ignore_ament_install']
[0.435s] Level 1:colcon.colcon_core.package_identification:_identify(/home/golf1234_pc/manipurator_ws) by extension 'ignore'
[0.435s] Level 1:colcon.colcon_core.package_identification:_identify(/home/golf1234_pc/manipurator_ws) by extension 'ignore_ament_install'
[0.435s] Level 1:colcon.colcon_core.package_identification:_identify(/home/golf1234_pc/manipurator_ws) by extensions ['colcon_pkg']
[0.435s] Level 1:colcon.colcon_core.package_identification:_identify(/home/golf1234_pc/manipurator_ws) by extension 'colcon_pkg'
[0.435s] Level 1:colcon.colcon_core.package_identification:_identify(/home/golf1234_pc/manipurator_ws) by extensions ['colcon_meta']
[0.435s] Level 1:colcon.colcon_core.package_identification:_identify(/home/golf1234_pc/manipurator_ws) by extension 'colcon_meta'
[0.435s] Level 1:colcon.colcon_core.package_identification:_identify(/home/golf1234_pc/manipurator_ws) by extensions ['ros']
[0.435s] Level 1:colcon.colcon_core.package_identification:_identify(/home/golf1234_pc/manipurator_ws) by extension 'ros'
[0.486s] Level 1:colcon.colcon_core.package_identification:_identify(/home/golf1234_pc/manipurator_ws) by extensions ['cmake', 'python']
[0.486s] Level 1:colcon.colcon_core.package_identification:_identify(/home/golf1234_pc/manipurator_ws) by extension 'cmake'
[0.486s] Level 1:colcon.colcon_core.package_identification:_identify(/home/golf1234_pc/manipurator_ws) by extension 'python'
[0.486s] Level 1:colcon.colcon_core.package_identification:_identify(/home/golf1234_pc/manipurator_ws) by extensions ['python_setup_py']
[0.486s] Level 1:colcon.colcon_core.package_identification:_identify(/home/golf1234_pc/manipurator_ws) by extension 'python_setup_py'
[0.486s] Level 1:colcon.colcon_core.package_identification:_identify(/home/golf1234_pc/manipurator_ws/UI) by extensions ['ignore', 'ignore_ament_install']
[0.486s] Level 1:colcon.colcon_core.package_identification:_identify(/home/golf1234_pc/manipurator_ws/UI) by extension 'ignore'
[0.486s] Level 1:colcon.colcon_core.package_identification:_identify(/home/golf1234_pc/manipurator_ws/UI) by extension 'ignore_ament_install'
[0.487s] Level 1:colcon.colcon_core.package_identification:_identify(/home/golf1234_pc/manipurator_ws/UI) by extensions ['colcon_pkg']
[0.487s] Level 1:colcon.colcon_core.package_identification:_identify(/home/golf1234_pc/manipurator_ws/UI) by extension 'colcon_pkg'
[0.487s] Level 1:colcon.colcon_core.package_identification:_identify(/home/golf1234_pc/manipurator_ws/UI) by extensions ['colcon_meta']
[0.487s] Level 1:colcon.colcon_core.package_identification:_identify(/home/golf1234_pc/manipurator_ws/UI) by extension 'colcon_meta'
[0.487s] Level 1:colcon.colcon_core.package_identification:_identify(/home/golf1234_pc/manipurator_ws/UI) by extensions ['ros']
[0.487s] Level 1:colcon.colcon_core.package_identification:_identify(/home/golf1234_pc/manipurator_ws/UI) by extension 'ros'
[0.487s] Level 1:colcon.colcon_core.package_identification:_identify(/home/golf1234_pc/manipurator_ws/UI) by extensions ['cmake', 'python']
[0.487s] Level 1:colcon.colcon_core.package_identification:_identify(/home/golf1234_pc/manipurator_ws/UI) by extension 'cmake'
[0.487s] Level 1:colcon.colcon_core.package_identification:_identify(/home/golf1234_pc/manipurator_ws/UI) by extension 'python'
[0.487s] Level 1:colcon.colcon_core.package_identification:_identify(/home/golf1234_pc/manipurator_ws/UI) by extensions ['python_setup_py']
[0.487s] Level 1:colcon.colcon_core.package_identification:_identify(/home/golf1234_pc/manipurator_ws/UI) by extension 'python_setup_py'
[0.487s] Level 1:colcon.colcon_core.package_identification:_identify(/home/golf1234_pc/manipurator_ws/build) by extensions ['ignore', 'ignore_ament_install']
[0.487s] Level 1:colcon.colcon_core.package_identification:_identify(/home/golf1234_pc/manipurator_ws/build) by extension 'ignore'
[0.487s] Level 1:colcon.colcon_core.package_identification:_identify(/home/golf1234_pc/manipurator_ws/build) ignored
[0.487s] Level 1:colcon.colcon_core.package_identification:_identify(/home/golf1234_pc/manipurator_ws/install) by extensions ['ignore', 'ignore_ament_install']
[0.488s] Level 1:colcon.colcon_core.package_identification:_identify(/home/golf1234_pc/manipurator_ws/install) by extension 'ignore'
[0.488s] Level 1:colcon.colcon_core.package_identification:_identify(/home/golf1234_pc/manipurator_ws/install) ignored
[0.488s] Level 1:colcon.colcon_core.package_identification:_identify(/home/golf1234_pc/manipurator_ws/log) by extensions ['ignore', 'ignore_ament_install']
[0.488s] Level 1:colcon.colcon_core.package_identification:_identify(/home/golf1234_pc/manipurator_ws/log) by extension 'ignore'
[0.488s] Level 1:colcon.colcon_core.package_identification:_identify(/home/golf1234_pc/manipurator_ws/log) ignored
[0.488s] Level 1:colcon.colcon_core.package_identification:_identify(/home/golf1234_pc/manipurator_ws/src) by extensions ['ignore', 'ignore_ament_install']
[0.488s] Level 1:colcon.colcon_core.package_identification:_identify(/home/golf1234_pc/manipurator_ws/src) by extension 'ignore'
[0.488s] Level 1:colcon.colcon_core.package_identification:_identify(/home/golf1234_pc/manipurator_ws/src) by extension 'ignore_ament_install'
[0.488s] Level 1:colcon.colcon_core.package_identification:_identify(/home/golf1234_pc/manipurator_ws/src) by extensions ['colcon_pkg']
[0.488s] Level 1:colcon.colcon_core.package_identification:_identify(/home/golf1234_pc/manipurator_ws/src) by extension 'colcon_pkg'
[0.488s] Level 1:colcon.colcon_core.package_identification:_identify(/home/golf1234_pc/manipurator_ws/src) by extensions ['colcon_meta']
[0.488s] Level 1:colcon.colcon_core.package_identification:_identify(/home/golf1234_pc/manipurator_ws/src) by extension 'colcon_meta'
[0.488s] Level 1:colcon.colcon_core.package_identification:_identify(/home/golf1234_pc/manipurator_ws/src) by extensions ['ros']
[0.488s] Level 1:colcon.colcon_core.package_identification:_identify(/home/golf1234_pc/manipurator_ws/src) by extension 'ros'
[0.489s] Level 1:colcon.colcon_core.package_identification:_identify(/home/golf1234_pc/manipurator_ws/src) by extensions ['cmake', 'python']
[0.489s] Level 1:colcon.colcon_core.package_identification:_identify(/home/golf1234_pc/manipurator_ws/src) by extension 'cmake'
[0.489s] Level 1:colcon.colcon_core.package_identification:_identify(/home/golf1234_pc/manipurator_ws/src) by extension 'python'
[0.489s] Level 1:colcon.colcon_core.package_identification:_identify(/home/golf1234_pc/manipurator_ws/src) by extensions ['python_setup_py']
[0.489s] Level 1:colcon.colcon_core.package_identification:_identify(/home/golf1234_pc/manipurator_ws/src) by extension 'python_setup_py'
[0.489s] Level 1:colcon.colcon_core.package_identification:_identify(/home/golf1234_pc/manipurator_ws/src/config1) by extensions ['ignore', 'ignore_ament_install']
[0.489s] Level 1:colcon.colcon_core.package_identification:_identify(/home/golf1234_pc/manipurator_ws/src/config1) by extension 'ignore'
[0.489s] Level 1:colcon.colcon_core.package_identification:_identify(/home/golf1234_pc/manipurator_ws/src/config1) by extension 'ignore_ament_install'
[0.489s] Level 1:colcon.colcon_core.package_identification:_identify(/home/golf1234_pc/manipurator_ws/src/config1) by extensions ['colcon_pkg']
[0.489s] Level 1:colcon.colcon_core.package_identification:_identify(/home/golf1234_pc/manipurator_ws/src/config1) by extension 'colcon_pkg'
[0.489s] Level 1:colcon.colcon_core.package_identification:_identify(/home/golf1234_pc/manipurator_ws/src/config1) by extensions ['colcon_meta']
[0.489s] Level 1:colcon.colcon_core.package_identification:_identify(/home/golf1234_pc/manipurator_ws/src/config1) by extension 'colcon_meta'
[0.489s] Level 1:colcon.colcon_core.package_identification:_identify(/home/golf1234_pc/manipurator_ws/src/config1) by extensions ['ros']
[0.489s] Level 1:colcon.colcon_core.package_identification:_identify(/home/golf1234_pc/manipurator_ws/src/config1) by extension 'ros'
[0.496s] DEBUG:colcon.colcon_core.package_identification:Package '/home/golf1234_pc/manipurator_ws/src/config1' with type 'ros.ament_cmake' and name 'config1'
[0.497s] Level 1:colcon.colcon_core.package_identification:_identify(/home/golf1234_pc/manipurator_ws/src/mtc_config1) by extensions ['ignore', 'ignore_ament_install']
[0.497s] Level 1:colcon.colcon_core.package_identification:_identify(/home/golf1234_pc/manipurator_ws/src/mtc_config1) by extension 'ignore'
[0.497s] Level 1:colcon.colcon_core.package_identification:_identify(/home/golf1234_pc/manipurator_ws/src/mtc_config1) by extension 'ignore_ament_install'
[0.497s] Level 1:colcon.colcon_core.package_identification:_identify(/home/golf1234_pc/manipurator_ws/src/mtc_config1) by extensions ['colcon_pkg']
[0.497s] Level 1:colcon.colcon_core.package_identification:_identify(/home/golf1234_pc/manipurator_ws/src/mtc_config1) by extension 'colcon_pkg'
[0.497s] Level 1:colcon.colcon_core.package_identification:_identify(/home/golf1234_pc/manipurator_ws/src/mtc_config1) by extensions ['colcon_meta']
[0.497s] Level 1:colcon.colcon_core.package_identification:_identify(/home/golf1234_pc/manipurator_ws/src/mtc_config1) by extension 'colcon_meta'
[0.497s] Level 1:colcon.colcon_core.package_identification:_identify(/home/golf1234_pc/manipurator_ws/src/mtc_config1) by extensions ['ros']
[0.497s] Level 1:colcon.colcon_core.package_identification:_identify(/home/golf1234_pc/manipurator_ws/src/mtc_config1) by extension 'ros'
[0.498s] DEBUG:colcon.colcon_core.package_identification:Package '/home/golf1234_pc/manipurator_ws/src/mtc_config1' with type 'ros.ament_cmake' and name 'mtc_config1'
[0.499s] Level 1:colcon.colcon_core.package_identification:_identify(/home/golf1234_pc/manipurator_ws/src/urdf1) by extensions ['ignore', 'ignore_ament_install']
[0.499s] Level 1:colcon.colcon_core.package_identification:_identify(/home/golf1234_pc/manipurator_ws/src/urdf1) by extension 'ignore'
[0.499s] Level 1:colcon.colcon_core.package_identification:_identify(/home/golf1234_pc/manipurator_ws/src/urdf1) by extension 'ignore_ament_install'
[0.499s] Level 1:colcon.colcon_core.package_identification:_identify(/home/golf1234_pc/manipurator_ws/src/urdf1) by extensions ['colcon_pkg']
[0.499s] Level 1:colcon.colcon_core.package_identification:_identify(/home/golf1234_pc/manipurator_ws/src/urdf1) by extension 'colcon_pkg'
[0.499s] Level 1:colcon.colcon_core.package_identification:_identify(/home/golf1234_pc/manipurator_ws/src/urdf1) by extensions ['colcon_meta']
[0.499s] Level 1:colcon.colcon_core.package_identification:_identify(/home/golf1234_pc/manipurator_ws/src/urdf1) by extension 'colcon_meta'
[0.499s] Level 1:colcon.colcon_core.package_identification:_identify(/home/golf1234_pc/manipurator_ws/src/urdf1) by extensions ['ros']
[0.499s] Level 1:colcon.colcon_core.package_identification:_identify(/home/golf1234_pc/manipurator_ws/src/urdf1) by extension 'ros'
[0.500s] DEBUG:colcon.colcon_core.package_identification:Package '/home/golf1234_pc/manipurator_ws/src/urdf1' with type 'ros.ament_cmake' and name 'urdf1'
[0.500s] Level 1:colcon.colcon_core.package_discovery:discover_packages(recursive) using defaults
