[0.291s] Invoking command in '/home/golf1234_pc/manipurator_ws/build/car_urdf': CMAKE_PREFIX_PATH=${CMAKE_PREFIX_PATH}:/home/golf1234_pc/manipurator_ws/install/camera2_ros:/home/golf1234_pc/manipurator_ws/install/server_controllers:/home/golf1234_pc/manipurator_ws/install/mobile_manipurator:/home/golf1234_pc/install/moveit_configs_utils:/home/golf1234_pc/ws_moveit/install/moveit_configs_utils:/home/golf1234_pc/project1_ws/install/server_controllers:/home/golf1234_pc/project1_ws/install/mobile_manipurator:/home/golf1234_pc/project1_ws/install/camera2_ros:/home/golf1234_pc/test1_ws/install/test1:/opt/ros/jazzy DEBUGINFOD_URLS=https://debuginfod.ubuntu.com /usr/bin/cmake /home/golf1234_pc/manipurator_ws/src/car_urdf -DCMAKE_INSTALL_PREFIX=/home/golf1234_pc/manipurator_ws/install/car_urdf
[0.551s] -- Found ament_cmake: 2.5.3 (/opt/ros/jazzy/share/ament_cmake/cmake)
[0.551s] -- Override CMake install command with custom implementation using symlinks instead of copying resources
[0.551s] -- Found ament_lint_auto: 0.17.1 (/opt/ros/jazzy/share/ament_lint_auto/cmake)
[0.611s] -- Added test 'flake8' to check Python code syntax and style conventions
[0.611s] -- Configured 'flake8' exclude dirs and/or files: 
[0.612s] -- Added test 'lint_cmake' to check CMake code style
[0.612s] -- Added test 'pep257' to check Python code against some of the docstring style conventions in PEP 257
[0.613s] -- Added test 'xmllint' to check XML markup files
[0.615s] -- Configuring done (0.3s)
[0.621s] -- Generating done (0.0s)
[0.622s] -- Build files have been written to: /home/golf1234_pc/manipurator_ws/build/car_urdf
[0.825s] Invoked command in '/home/golf1234_pc/manipurator_ws/build/car_urdf' returned '0': CMAKE_PREFIX_PATH=${CMAKE_PREFIX_PATH}:/home/golf1234_pc/manipurator_ws/install/camera2_ros:/home/golf1234_pc/manipurator_ws/install/server_controllers:/home/golf1234_pc/manipurator_ws/install/mobile_manipurator:/home/golf1234_pc/install/moveit_configs_utils:/home/golf1234_pc/ws_moveit/install/moveit_configs_utils:/home/golf1234_pc/project1_ws/install/server_controllers:/home/golf1234_pc/project1_ws/install/mobile_manipurator:/home/golf1234_pc/project1_ws/install/camera2_ros:/home/golf1234_pc/test1_ws/install/test1:/opt/ros/jazzy DEBUGINFOD_URLS=https://debuginfod.ubuntu.com /usr/bin/cmake /home/golf1234_pc/manipurator_ws/src/car_urdf -DCMAKE_INSTALL_PREFIX=/home/golf1234_pc/manipurator_ws/install/car_urdf
[0.826s] Invoking command in '/home/golf1234_pc/manipurator_ws/build/car_urdf': CMAKE_PREFIX_PATH=${CMAKE_PREFIX_PATH}:/home/golf1234_pc/manipurator_ws/install/camera2_ros:/home/golf1234_pc/manipurator_ws/install/server_controllers:/home/golf1234_pc/manipurator_ws/install/mobile_manipurator:/home/golf1234_pc/install/moveit_configs_utils:/home/golf1234_pc/ws_moveit/install/moveit_configs_utils:/home/golf1234_pc/project1_ws/install/server_controllers:/home/golf1234_pc/project1_ws/install/mobile_manipurator:/home/golf1234_pc/project1_ws/install/camera2_ros:/home/golf1234_pc/test1_ws/install/test1:/opt/ros/jazzy DEBUGINFOD_URLS=https://debuginfod.ubuntu.com /usr/bin/cmake --build /home/golf1234_pc/manipurator_ws/build/car_urdf -- -j16 -l16
[0.891s] Invoked command in '/home/golf1234_pc/manipurator_ws/build/car_urdf' returned '0': CMAKE_PREFIX_PATH=${CMAKE_PREFIX_PATH}:/home/golf1234_pc/manipurator_ws/install/camera2_ros:/home/golf1234_pc/manipurator_ws/install/server_controllers:/home/golf1234_pc/manipurator_ws/install/mobile_manipurator:/home/golf1234_pc/install/moveit_configs_utils:/home/golf1234_pc/ws_moveit/install/moveit_configs_utils:/home/golf1234_pc/project1_ws/install/server_controllers:/home/golf1234_pc/project1_ws/install/mobile_manipurator:/home/golf1234_pc/project1_ws/install/camera2_ros:/home/golf1234_pc/test1_ws/install/test1:/opt/ros/jazzy DEBUGINFOD_URLS=https://debuginfod.ubuntu.com /usr/bin/cmake --build /home/golf1234_pc/manipurator_ws/build/car_urdf -- -j16 -l16
[0.892s] Invoking command in '/home/golf1234_pc/manipurator_ws/build/car_urdf': CMAKE_PREFIX_PATH=${CMAKE_PREFIX_PATH}:/home/golf1234_pc/manipurator_ws/install/camera2_ros:/home/golf1234_pc/manipurator_ws/install/server_controllers:/home/golf1234_pc/manipurator_ws/install/mobile_manipurator:/home/golf1234_pc/install/moveit_configs_utils:/home/golf1234_pc/ws_moveit/install/moveit_configs_utils:/home/golf1234_pc/project1_ws/install/server_controllers:/home/golf1234_pc/project1_ws/install/mobile_manipurator:/home/golf1234_pc/project1_ws/install/camera2_ros:/home/golf1234_pc/test1_ws/install/test1:/opt/ros/jazzy DEBUGINFOD_URLS=https://debuginfod.ubuntu.com /usr/bin/cmake --install /home/golf1234_pc/manipurator_ws/build/car_urdf
[0.905s] -- Install configuration: ""
[0.905s] -- Execute custom install script
[0.906s] -- Up-to-date symlink: /home/golf1234_pc/manipurator_ws/install/car_urdf/share/car_urdf/launch/display.launch.py
[0.906s] -- Up-to-date symlink: /home/golf1234_pc/manipurator_ws/install/car_urdf/share/car_urdf/urdf/car_urdf.urdf
[0.906s] -- Up-to-date symlink: /home/golf1234_pc/manipurator_ws/install/car_urdf/share/car_urdf/meshes/back_left_wheel.STL
[0.906s] -- Up-to-date symlink: /home/golf1234_pc/manipurator_ws/install/car_urdf/share/car_urdf/meshes/back_right_wheel.STL
[0.907s] -- Up-to-date symlink: /home/golf1234_pc/manipurator_ws/install/car_urdf/share/car_urdf/meshes/base_link.STL
[0.907s] -- Up-to-date symlink: /home/golf1234_pc/manipurator_ws/install/car_urdf/share/car_urdf/meshes/front_left_wheel.STL
[0.907s] -- Up-to-date symlink: /home/golf1234_pc/manipurator_ws/install/car_urdf/share/car_urdf/meshes/front_right_wheel.STL
[0.907s] -- Up-to-date symlink: /home/golf1234_pc/manipurator_ws/install/car_urdf/share/car_urdf/meshes/turn_left_wheel.STL
[0.907s] -- Up-to-date symlink: /home/golf1234_pc/manipurator_ws/install/car_urdf/share/car_urdf/meshes/turn_right_wheel.STL
[0.907s] -- Up-to-date symlink: /home/golf1234_pc/manipurator_ws/install/car_urdf/share/ament_index/resource_index/package_run_dependencies/car_urdf
[0.908s] -- Up-to-date symlink: /home/golf1234_pc/manipurator_ws/install/car_urdf/share/ament_index/resource_index/parent_prefix_path/car_urdf
[0.908s] -- Up-to-date symlink: /home/golf1234_pc/manipurator_ws/install/car_urdf/share/car_urdf/environment/ament_prefix_path.sh
[0.908s] -- Up-to-date symlink: /home/golf1234_pc/manipurator_ws/install/car_urdf/share/car_urdf/environment/ament_prefix_path.dsv
[0.908s] -- Up-to-date symlink: /home/golf1234_pc/manipurator_ws/install/car_urdf/share/car_urdf/environment/path.sh
[0.908s] -- Up-to-date symlink: /home/golf1234_pc/manipurator_ws/install/car_urdf/share/car_urdf/environment/path.dsv
[0.909s] -- Up-to-date symlink: /home/golf1234_pc/manipurator_ws/install/car_urdf/share/car_urdf/local_setup.bash
[0.909s] -- Up-to-date symlink: /home/golf1234_pc/manipurator_ws/install/car_urdf/share/car_urdf/local_setup.sh
[0.909s] -- Up-to-date symlink: /home/golf1234_pc/manipurator_ws/install/car_urdf/share/car_urdf/local_setup.zsh
[0.909s] -- Up-to-date symlink: /home/golf1234_pc/manipurator_ws/install/car_urdf/share/car_urdf/local_setup.dsv
[0.909s] -- Symlinking: /home/golf1234_pc/manipurator_ws/install/car_urdf/share/car_urdf/package.dsv
[0.924s] -- Up-to-date symlink: /home/golf1234_pc/manipurator_ws/install/car_urdf/share/ament_index/resource_index/packages/car_urdf
[0.924s] -- Up-to-date symlink: /home/golf1234_pc/manipurator_ws/install/car_urdf/share/car_urdf/cmake/car_urdfConfig.cmake
[0.924s] -- Up-to-date symlink: /home/golf1234_pc/manipurator_ws/install/car_urdf/share/car_urdf/cmake/car_urdfConfig-version.cmake
[0.924s] -- Up-to-date symlink: /home/golf1234_pc/manipurator_ws/install/car_urdf/share/car_urdf/package.xml
[0.927s] Invoked command in '/home/golf1234_pc/manipurator_ws/build/car_urdf' returned '0': CMAKE_PREFIX_PATH=${CMAKE_PREFIX_PATH}:/home/golf1234_pc/manipurator_ws/install/camera2_ros:/home/golf1234_pc/manipurator_ws/install/server_controllers:/home/golf1234_pc/manipurator_ws/install/mobile_manipurator:/home/golf1234_pc/install/moveit_configs_utils:/home/golf1234_pc/ws_moveit/install/moveit_configs_utils:/home/golf1234_pc/project1_ws/install/server_controllers:/home/golf1234_pc/project1_ws/install/mobile_manipurator:/home/golf1234_pc/project1_ws/install/camera2_ros:/home/golf1234_pc/test1_ws/install/test1:/opt/ros/jazzy DEBUGINFOD_URLS=https://debuginfod.ubuntu.com /usr/bin/cmake --install /home/golf1234_pc/manipurator_ws/build/car_urdf
