[0.267s] DEBUG:colcon:Command line arguments: ['/usr/bin/colcon', 'build', '--symlink-install']
[0.267s] DEBUG:colcon:Parsed command line arguments: Namespace(log_base=None, log_level=None, verb_name='build', build_base='build', install_base='install', merge_install=False, symlink_install=True, test_result_base=None, continue_on_error=False, executor='parallel', parallel_workers=16, event_handlers=None, ignore_user_meta=False, metas=['./colcon.meta'], base_paths=['.'], packages_ignore=None, packages_ignore_regex=None, paths=None, packages_up_to=None, packages_up_to_regex=None, packages_above=None, packages_above_and_dependencies=None, packages_above_depth=None, packages_select_by_dep=None, packages_skip_by_dep=None, packages_skip_up_to=None, packages_select_build_failed=False, packages_skip_build_finished=False, packages_select_test_failures=False, packages_skip_test_passed=False, packages_select=None, packages_skip=None, packages_select_regex=None, packages_skip_regex=None, packages_start=None, packages_end=None, allow_overriding=[], cmake_args=None, cmake_target=None, cmake_target_skip_unavailable=False, cmake_clean_cache=False, cmake_clean_first=False, cmake_force_configure=False, ament_cmake_args=None, catkin_cmake_args=None, catkin_skip_building_tests=False, mixin_files=None, mixin=None, verb_parser=<colcon_mixin.mixin.mixin_argument.MixinArgumentDecorator object at 0x7fc4c1f78290>, verb_extension=<colcon_core.verb.build.BuildVerb object at 0x7fc4c1f4b4d0>, main=<bound method BuildVerb.main of <colcon_core.verb.build.BuildVerb object at 0x7fc4c1f4b4d0>>, mixin_verb=('build',))
[0.315s] Level 1:colcon.colcon_core.package_discovery:discover_packages(colcon_meta) check parameters
[0.315s] Level 1:colcon.colcon_core.package_discovery:discover_packages(recursive) check parameters
[0.315s] Level 1:colcon.colcon_core.package_discovery:discover_packages(ignore) check parameters
[0.315s] Level 1:colcon.colcon_core.package_discovery:discover_packages(path) check parameters
[0.315s] Level 1:colcon.colcon_core.package_discovery:discover_packages(colcon_meta) discover
[0.315s] Level 1:colcon.colcon_core.package_discovery:discover_packages(recursive) discover
[0.315s] INFO:colcon.colcon_core.package_discovery:Crawling recursively for packages in '/home/golf1234_pc/manipurator_ws'
[0.315s] Level 1:colcon.colcon_core.package_identification:_identify(.) by extensions ['ignore', 'ignore_ament_install']
[0.315s] Level 1:colcon.colcon_core.package_identification:_identify(.) by extension 'ignore'
[0.316s] Level 1:colcon.colcon_core.package_identification:_identify(.) by extension 'ignore_ament_install'
[0.316s] Level 1:colcon.colcon_core.package_identification:_identify(.) by extensions ['colcon_pkg']
[0.316s] Level 1:colcon.colcon_core.package_identification:_identify(.) by extension 'colcon_pkg'
[0.316s] Level 1:colcon.colcon_core.package_identification:_identify(.) by extensions ['colcon_meta']
[0.316s] Level 1:colcon.colcon_core.package_identification:_identify(.) by extension 'colcon_meta'
[0.316s] Level 1:colcon.colcon_core.package_identification:_identify(.) by extensions ['ros']
[0.316s] Level 1:colcon.colcon_core.package_identification:_identify(.) by extension 'ros'
[0.346s] Level 1:colcon.colcon_core.package_identification:_identify(.) by extensions ['cmake', 'python']
[0.346s] Level 1:colcon.colcon_core.package_identification:_identify(.) by extension 'cmake'
[0.346s] Level 1:colcon.colcon_core.package_identification:_identify(.) by extension 'python'
[0.346s] Level 1:colcon.colcon_core.package_identification:_identify(.) by extensions ['python_setup_py']
[0.346s] Level 1:colcon.colcon_core.package_identification:_identify(.) by extension 'python_setup_py'
[0.347s] Level 1:colcon.colcon_core.package_identification:_identify(UI) by extensions ['ignore', 'ignore_ament_install']
[0.347s] Level 1:colcon.colcon_core.package_identification:_identify(UI) by extension 'ignore'
[0.347s] Level 1:colcon.colcon_core.package_identification:_identify(UI) by extension 'ignore_ament_install'
[0.347s] Level 1:colcon.colcon_core.package_identification:_identify(UI) by extensions ['colcon_pkg']
[0.347s] Level 1:colcon.colcon_core.package_identification:_identify(UI) by extension 'colcon_pkg'
[0.347s] Level 1:colcon.colcon_core.package_identification:_identify(UI) by extensions ['colcon_meta']
[0.347s] Level 1:colcon.colcon_core.package_identification:_identify(UI) by extension 'colcon_meta'
[0.347s] Level 1:colcon.colcon_core.package_identification:_identify(UI) by extensions ['ros']
[0.347s] Level 1:colcon.colcon_core.package_identification:_identify(UI) by extension 'ros'
[0.347s] Level 1:colcon.colcon_core.package_identification:_identify(UI) by extensions ['cmake', 'python']
[0.348s] Level 1:colcon.colcon_core.package_identification:_identify(UI) by extension 'cmake'
[0.348s] Level 1:colcon.colcon_core.package_identification:_identify(UI) by extension 'python'
[0.348s] Level 1:colcon.colcon_core.package_identification:_identify(UI) by extensions ['python_setup_py']
[0.348s] Level 1:colcon.colcon_core.package_identification:_identify(UI) by extension 'python_setup_py'
[0.348s] Level 1:colcon.colcon_core.package_identification:_identify(build) by extensions ['ignore', 'ignore_ament_install']
[0.348s] Level 1:colcon.colcon_core.package_identification:_identify(build) by extension 'ignore'
[0.348s] Level 1:colcon.colcon_core.package_identification:_identify(build) ignored
[0.348s] Level 1:colcon.colcon_core.package_identification:_identify(install) by extensions ['ignore', 'ignore_ament_install']
[0.348s] Level 1:colcon.colcon_core.package_identification:_identify(install) by extension 'ignore'
[0.348s] Level 1:colcon.colcon_core.package_identification:_identify(install) ignored
[0.349s] Level 1:colcon.colcon_core.package_identification:_identify(log) by extensions ['ignore', 'ignore_ament_install']
[0.349s] Level 1:colcon.colcon_core.package_identification:_identify(log) by extension 'ignore'
[0.349s] Level 1:colcon.colcon_core.package_identification:_identify(log) ignored
[0.349s] Level 1:colcon.colcon_core.package_identification:_identify(src) by extensions ['ignore', 'ignore_ament_install']
[0.349s] Level 1:colcon.colcon_core.package_identification:_identify(src) by extension 'ignore'
[0.349s] Level 1:colcon.colcon_core.package_identification:_identify(src) by extension 'ignore_ament_install'
[0.350s] Level 1:colcon.colcon_core.package_identification:_identify(src) by extensions ['colcon_pkg']
[0.350s] Level 1:colcon.colcon_core.package_identification:_identify(src) by extension 'colcon_pkg'
[0.350s] Level 1:colcon.colcon_core.package_identification:_identify(src) by extensions ['colcon_meta']
[0.350s] Level 1:colcon.colcon_core.package_identification:_identify(src) by extension 'colcon_meta'
[0.350s] Level 1:colcon.colcon_core.package_identification:_identify(src) by extensions ['ros']
[0.350s] Level 1:colcon.colcon_core.package_identification:_identify(src) by extension 'ros'
[0.350s] Level 1:colcon.colcon_core.package_identification:_identify(src) by extensions ['cmake', 'python']
[0.350s] Level 1:colcon.colcon_core.package_identification:_identify(src) by extension 'cmake'
[0.350s] Level 1:colcon.colcon_core.package_identification:_identify(src) by extension 'python'
[0.350s] Level 1:colcon.colcon_core.package_identification:_identify(src) by extensions ['python_setup_py']
[0.350s] Level 1:colcon.colcon_core.package_identification:_identify(src) by extension 'python_setup_py'
[0.350s] Level 1:colcon.colcon_core.package_identification:_identify(src/camera2_ros) by extensions ['ignore', 'ignore_ament_install']
[0.350s] Level 1:colcon.colcon_core.package_identification:_identify(src/camera2_ros) by extension 'ignore'
[0.351s] Level 1:colcon.colcon_core.package_identification:_identify(src/camera2_ros) by extension 'ignore_ament_install'
[0.351s] Level 1:colcon.colcon_core.package_identification:_identify(src/camera2_ros) by extensions ['colcon_pkg']
[0.351s] Level 1:colcon.colcon_core.package_identification:_identify(src/camera2_ros) by extension 'colcon_pkg'
[0.351s] Level 1:colcon.colcon_core.package_identification:_identify(src/camera2_ros) by extensions ['colcon_meta']
[0.351s] Level 1:colcon.colcon_core.package_identification:_identify(src/camera2_ros) by extension 'colcon_meta'
[0.351s] Level 1:colcon.colcon_core.package_identification:_identify(src/camera2_ros) by extensions ['ros']
[0.351s] Level 1:colcon.colcon_core.package_identification:_identify(src/camera2_ros) by extension 'ros'
[0.355s] DEBUG:colcon.colcon_core.package_identification:Package 'src/camera2_ros' with type 'ros.ament_python' and name 'camera2_ros'
[0.356s] Level 1:colcon.colcon_core.package_identification:_identify(src/car_urdf) by extensions ['ignore', 'ignore_ament_install']
[0.356s] Level 1:colcon.colcon_core.package_identification:_identify(src/car_urdf) by extension 'ignore'
[0.356s] Level 1:colcon.colcon_core.package_identification:_identify(src/car_urdf) by extension 'ignore_ament_install'
[0.356s] Level 1:colcon.colcon_core.package_identification:_identify(src/car_urdf) by extensions ['colcon_pkg']
[0.356s] Level 1:colcon.colcon_core.package_identification:_identify(src/car_urdf) by extension 'colcon_pkg'
[0.356s] Level 1:colcon.colcon_core.package_identification:_identify(src/car_urdf) by extensions ['colcon_meta']
[0.356s] Level 1:colcon.colcon_core.package_identification:_identify(src/car_urdf) by extension 'colcon_meta'
[0.356s] Level 1:colcon.colcon_core.package_identification:_identify(src/car_urdf) by extensions ['ros']
[0.356s] Level 1:colcon.colcon_core.package_identification:_identify(src/car_urdf) by extension 'ros'
[0.357s] DEBUG:colcon.colcon_core.package_identification:Package 'src/car_urdf' with type 'ros.ament_cmake' and name 'car_urdf'
[0.357s] Level 1:colcon.colcon_core.package_identification:_identify(src/config1) by extensions ['ignore', 'ignore_ament_install']
[0.357s] Level 1:colcon.colcon_core.package_identification:_identify(src/config1) by extension 'ignore'
[0.357s] Level 1:colcon.colcon_core.package_identification:_identify(src/config1) by extension 'ignore_ament_install'
[0.357s] Level 1:colcon.colcon_core.package_identification:_identify(src/config1) by extensions ['colcon_pkg']
[0.357s] Level 1:colcon.colcon_core.package_identification:_identify(src/config1) by extension 'colcon_pkg'
[0.357s] Level 1:colcon.colcon_core.package_identification:_identify(src/config1) by extensions ['colcon_meta']
[0.357s] Level 1:colcon.colcon_core.package_identification:_identify(src/config1) by extension 'colcon_meta'
[0.357s] Level 1:colcon.colcon_core.package_identification:_identify(src/config1) by extensions ['ros']
[0.357s] Level 1:colcon.colcon_core.package_identification:_identify(src/config1) by extension 'ros'
[0.358s] DEBUG:colcon.colcon_core.package_identification:Package 'src/config1' with type 'ros.ament_cmake' and name 'config1'
[0.358s] Level 1:colcon.colcon_core.package_identification:_identify(src/mobile_manipurator) by extensions ['ignore', 'ignore_ament_install']
[0.358s] Level 1:colcon.colcon_core.package_identification:_identify(src/mobile_manipurator) by extension 'ignore'
[0.359s] Level 1:colcon.colcon_core.package_identification:_identify(src/mobile_manipurator) by extension 'ignore_ament_install'
[0.359s] Level 1:colcon.colcon_core.package_identification:_identify(src/mobile_manipurator) by extensions ['colcon_pkg']
[0.359s] Level 1:colcon.colcon_core.package_identification:_identify(src/mobile_manipurator) by extension 'colcon_pkg'
[0.359s] Level 1:colcon.colcon_core.package_identification:_identify(src/mobile_manipurator) by extensions ['colcon_meta']
[0.359s] Level 1:colcon.colcon_core.package_identification:_identify(src/mobile_manipurator) by extension 'colcon_meta'
[0.359s] Level 1:colcon.colcon_core.package_identification:_identify(src/mobile_manipurator) by extensions ['ros']
[0.359s] Level 1:colcon.colcon_core.package_identification:_identify(src/mobile_manipurator) by extension 'ros'
[0.359s] DEBUG:colcon.colcon_core.package_identification:Package 'src/mobile_manipurator' with type 'ros.ament_python' and name 'mobile_manipurator'
[0.359s] Level 1:colcon.colcon_core.package_identification:_identify(src/mtc_config1) by extensions ['ignore', 'ignore_ament_install']
[0.360s] Level 1:colcon.colcon_core.package_identification:_identify(src/mtc_config1) by extension 'ignore'
[0.360s] Level 1:colcon.colcon_core.package_identification:_identify(src/mtc_config1) by extension 'ignore_ament_install'
[0.360s] Level 1:colcon.colcon_core.package_identification:_identify(src/mtc_config1) by extensions ['colcon_pkg']
[0.360s] Level 1:colcon.colcon_core.package_identification:_identify(src/mtc_config1) by extension 'colcon_pkg'
[0.360s] Level 1:colcon.colcon_core.package_identification:_identify(src/mtc_config1) by extensions ['colcon_meta']
[0.360s] Level 1:colcon.colcon_core.package_identification:_identify(src/mtc_config1) by extension 'colcon_meta'
[0.360s] Level 1:colcon.colcon_core.package_identification:_identify(src/mtc_config1) by extensions ['ros']
[0.360s] Level 1:colcon.colcon_core.package_identification:_identify(src/mtc_config1) by extension 'ros'
[0.360s] DEBUG:colcon.colcon_core.package_identification:Package 'src/mtc_config1' with type 'ros.ament_cmake' and name 'mtc_config1'
[0.361s] Level 1:colcon.colcon_core.package_identification:_identify(src/server_controllers) by extensions ['ignore', 'ignore_ament_install']
[0.361s] Level 1:colcon.colcon_core.package_identification:_identify(src/server_controllers) by extension 'ignore'
[0.361s] Level 1:colcon.colcon_core.package_identification:_identify(src/server_controllers) by extension 'ignore_ament_install'
[0.361s] Level 1:colcon.colcon_core.package_identification:_identify(src/server_controllers) by extensions ['colcon_pkg']
[0.361s] Level 1:colcon.colcon_core.package_identification:_identify(src/server_controllers) by extension 'colcon_pkg'
[0.361s] Level 1:colcon.colcon_core.package_identification:_identify(src/server_controllers) by extensions ['colcon_meta']
[0.361s] Level 1:colcon.colcon_core.package_identification:_identify(src/server_controllers) by extension 'colcon_meta'
[0.361s] Level 1:colcon.colcon_core.package_identification:_identify(src/server_controllers) by extensions ['ros']
[0.361s] Level 1:colcon.colcon_core.package_identification:_identify(src/server_controllers) by extension 'ros'
[0.362s] DEBUG:colcon.colcon_core.package_identification:Package 'src/server_controllers' with type 'ros.ament_python' and name 'server_controllers'
[0.362s] Level 1:colcon.colcon_core.package_identification:_identify(src/urdf1) by extensions ['ignore', 'ignore_ament_install']
[0.362s] Level 1:colcon.colcon_core.package_identification:_identify(src/urdf1) by extension 'ignore'
[0.362s] Level 1:colcon.colcon_core.package_identification:_identify(src/urdf1) by extension 'ignore_ament_install'
[0.362s] Level 1:colcon.colcon_core.package_identification:_identify(src/urdf1) by extensions ['colcon_pkg']
[0.362s] Level 1:colcon.colcon_core.package_identification:_identify(src/urdf1) by extension 'colcon_pkg'
[0.362s] Level 1:colcon.colcon_core.package_identification:_identify(src/urdf1) by extensions ['colcon_meta']
[0.362s] Level 1:colcon.colcon_core.package_identification:_identify(src/urdf1) by extension 'colcon_meta'
[0.362s] Level 1:colcon.colcon_core.package_identification:_identify(src/urdf1) by extensions ['ros']
[0.362s] Level 1:colcon.colcon_core.package_identification:_identify(src/urdf1) by extension 'ros'
[0.363s] DEBUG:colcon.colcon_core.package_identification:Package 'src/urdf1' with type 'ros.ament_cmake' and name 'urdf1'
[0.363s] Level 1:colcon.colcon_core.package_discovery:discover_packages(recursive) using defaults
[0.363s] Level 1:colcon.colcon_core.package_discovery:discover_packages(ignore) discover
[0.363s] Level 1:colcon.colcon_core.package_discovery:discover_packages(ignore) using defaults
[0.363s] Level 1:colcon.colcon_core.package_discovery:discover_packages(path) discover
[0.363s] Level 1:colcon.colcon_core.package_discovery:discover_packages(path) using defaults
[0.392s] Level 1:colcon.colcon_core.package_discovery:discover_packages(prefix_path) check parameters
[0.392s] Level 1:colcon.colcon_core.package_discovery:discover_packages(prefix_path) discover
[0.398s] DEBUG:colcon.colcon_installed_package_information.package_discovery:Found 8 installed packages in /home/golf1234_pc/manipurator_ws/install
[0.399s] DEBUG:colcon.colcon_installed_package_information.package_discovery:Found 4 installed packages in /home/golf1234_pc/moveit2_obb/install
[0.401s] DEBUG:colcon.colcon_installed_package_information.package_discovery:Found 73 installed packages in /home/golf1234_pc/ws_moveit/install
[0.403s] DEBUG:colcon.colcon_installed_package_information.package_discovery:Found 33 installed packages in /home/golf1234_pc/project1_ws/install
[0.404s] DEBUG:colcon.colcon_installed_package_information.package_discovery:Found 2 installed packages in /home/golf1234_pc/test1_ws/install
[0.405s] DEBUG:colcon.colcon_installed_package_information.package_discovery:Found 1 installed packages in /home/golf1234_pc/gz_mobile/install
[0.406s] DEBUG:colcon.colcon_installed_package_information.package_discovery:Found 14 installed packages in /home/golf1234_pc/install
[0.408s] DEBUG:colcon.colcon_installed_package_information.package_discovery:Found 426 installed packages in /opt/ros/jazzy
[0.412s] Level 1:colcon.colcon_core.package_discovery:discover_packages(prefix_path) using defaults
[0.509s] WARNING:colcon.colcon_core.package_selection:Some selected packages are already built in one or more underlay workspaces:
	'urdf1' is in: /home/golf1234_pc/manipurator_ws/install/urdf1
If a package in a merged underlay workspace is overridden and it installs headers, then all packages in the overlay must sort their include directories by workspace order. Failure to do so may result in build failures or undefined behavior at run time.
If the overridden package is used by another package in any underlay, then the overriding package in the overlay must be API and ABI compatible or undefined behavior at run time may occur.

If you understand the risks and want to override a package anyways, add the following to the command line:
	--allow-overriding urdf1

This may be promoted to an error in a future release of colcon-override-check.
[0.514s] Level 5:colcon.colcon_core.verb:set package 'camera2_ros' build argument 'cmake_args' from command line to 'None'
[0.514s] Level 5:colcon.colcon_core.verb:set package 'camera2_ros' build argument 'cmake_target' from command line to 'None'
[0.514s] Level 5:colcon.colcon_core.verb:set package 'camera2_ros' build argument 'cmake_target_skip_unavailable' from command line to 'False'
[0.514s] Level 5:colcon.colcon_core.verb:set package 'camera2_ros' build argument 'cmake_clean_cache' from command line to 'False'
[0.514s] Level 5:colcon.colcon_core.verb:set package 'camera2_ros' build argument 'cmake_clean_first' from command line to 'False'
[0.514s] Level 5:colcon.colcon_core.verb:set package 'camera2_ros' build argument 'cmake_force_configure' from command line to 'False'
[0.514s] Level 5:colcon.colcon_core.verb:set package 'camera2_ros' build argument 'ament_cmake_args' from command line to 'None'
[0.514s] Level 5:colcon.colcon_core.verb:set package 'camera2_ros' build argument 'catkin_cmake_args' from command line to 'None'
[0.514s] Level 5:colcon.colcon_core.verb:set package 'camera2_ros' build argument 'catkin_skip_building_tests' from command line to 'False'
[0.514s] DEBUG:colcon.colcon_core.verb:Building package 'camera2_ros' with the following arguments: {'ament_cmake_args': None, 'build_base': '/home/golf1234_pc/manipurator_ws/build/camera2_ros', 'catkin_cmake_args': None, 'catkin_skip_building_tests': False, 'cmake_args': None, 'cmake_clean_cache': False, 'cmake_clean_first': False, 'cmake_force_configure': False, 'cmake_target': None, 'cmake_target_skip_unavailable': False, 'install_base': '/home/golf1234_pc/manipurator_ws/install/camera2_ros', 'merge_install': False, 'path': '/home/golf1234_pc/manipurator_ws/src/camera2_ros', 'symlink_install': True, 'test_result_base': None}
[0.515s] Level 5:colcon.colcon_core.verb:set package 'car_urdf' build argument 'cmake_args' from command line to 'None'
[0.515s] Level 5:colcon.colcon_core.verb:set package 'car_urdf' build argument 'cmake_target' from command line to 'None'
[0.515s] Level 5:colcon.colcon_core.verb:set package 'car_urdf' build argument 'cmake_target_skip_unavailable' from command line to 'False'
[0.515s] Level 5:colcon.colcon_core.verb:set package 'car_urdf' build argument 'cmake_clean_cache' from command line to 'False'
[0.515s] Level 5:colcon.colcon_core.verb:set package 'car_urdf' build argument 'cmake_clean_first' from command line to 'False'
[0.515s] Level 5:colcon.colcon_core.verb:set package 'car_urdf' build argument 'cmake_force_configure' from command line to 'False'
[0.515s] Level 5:colcon.colcon_core.verb:set package 'car_urdf' build argument 'ament_cmake_args' from command line to 'None'
[0.515s] Level 5:colcon.colcon_core.verb:set package 'car_urdf' build argument 'catkin_cmake_args' from command line to 'None'
[0.515s] Level 5:colcon.colcon_core.verb:set package 'car_urdf' build argument 'catkin_skip_building_tests' from command line to 'False'
[0.515s] DEBUG:colcon.colcon_core.verb:Building package 'car_urdf' with the following arguments: {'ament_cmake_args': None, 'build_base': '/home/golf1234_pc/manipurator_ws/build/car_urdf', 'catkin_cmake_args': None, 'catkin_skip_building_tests': False, 'cmake_args': None, 'cmake_clean_cache': False, 'cmake_clean_first': False, 'cmake_force_configure': False, 'cmake_target': None, 'cmake_target_skip_unavailable': False, 'install_base': '/home/golf1234_pc/manipurator_ws/install/car_urdf', 'merge_install': False, 'path': '/home/golf1234_pc/manipurator_ws/src/car_urdf', 'symlink_install': True, 'test_result_base': None}
[0.515s] Level 5:colcon.colcon_core.verb:set package 'mobile_manipurator' build argument 'cmake_args' from command line to 'None'
[0.515s] Level 5:colcon.colcon_core.verb:set package 'mobile_manipurator' build argument 'cmake_target' from command line to 'None'
[0.515s] Level 5:colcon.colcon_core.verb:set package 'mobile_manipurator' build argument 'cmake_target_skip_unavailable' from command line to 'False'
[0.516s] Level 5:colcon.colcon_core.verb:set package 'mobile_manipurator' build argument 'cmake_clean_cache' from command line to 'False'
[0.516s] Level 5:colcon.colcon_core.verb:set package 'mobile_manipurator' build argument 'cmake_clean_first' from command line to 'False'
[0.516s] Level 5:colcon.colcon_core.verb:set package 'mobile_manipurator' build argument 'cmake_force_configure' from command line to 'False'
[0.516s] Level 5:colcon.colcon_core.verb:set package 'mobile_manipurator' build argument 'ament_cmake_args' from command line to 'None'
[0.516s] Level 5:colcon.colcon_core.verb:set package 'mobile_manipurator' build argument 'catkin_cmake_args' from command line to 'None'
[0.516s] Level 5:colcon.colcon_core.verb:set package 'mobile_manipurator' build argument 'catkin_skip_building_tests' from command line to 'False'
[0.516s] DEBUG:colcon.colcon_core.verb:Building package 'mobile_manipurator' with the following arguments: {'ament_cmake_args': None, 'build_base': '/home/golf1234_pc/manipurator_ws/build/mobile_manipurator', 'catkin_cmake_args': None, 'catkin_skip_building_tests': False, 'cmake_args': None, 'cmake_clean_cache': False, 'cmake_clean_first': False, 'cmake_force_configure': False, 'cmake_target': None, 'cmake_target_skip_unavailable': False, 'install_base': '/home/golf1234_pc/manipurator_ws/install/mobile_manipurator', 'merge_install': False, 'path': '/home/golf1234_pc/manipurator_ws/src/mobile_manipurator', 'symlink_install': True, 'test_result_base': None}
[0.516s] Level 5:colcon.colcon_core.verb:set package 'mtc_config1' build argument 'cmake_args' from command line to 'None'
[0.516s] Level 5:colcon.colcon_core.verb:set package 'mtc_config1' build argument 'cmake_target' from command line to 'None'
[0.516s] Level 5:colcon.colcon_core.verb:set package 'mtc_config1' build argument 'cmake_target_skip_unavailable' from command line to 'False'
[0.516s] Level 5:colcon.colcon_core.verb:set package 'mtc_config1' build argument 'cmake_clean_cache' from command line to 'False'
[0.516s] Level 5:colcon.colcon_core.verb:set package 'mtc_config1' build argument 'cmake_clean_first' from command line to 'False'
[0.516s] Level 5:colcon.colcon_core.verb:set package 'mtc_config1' build argument 'cmake_force_configure' from command line to 'False'
[0.516s] Level 5:colcon.colcon_core.verb:set package 'mtc_config1' build argument 'ament_cmake_args' from command line to 'None'
[0.516s] Level 5:colcon.colcon_core.verb:set package 'mtc_config1' build argument 'catkin_cmake_args' from command line to 'None'
[0.516s] Level 5:colcon.colcon_core.verb:set package 'mtc_config1' build argument 'catkin_skip_building_tests' from command line to 'False'
[0.516s] DEBUG:colcon.colcon_core.verb:Building package 'mtc_config1' with the following arguments: {'ament_cmake_args': None, 'build_base': '/home/golf1234_pc/manipurator_ws/build/mtc_config1', 'catkin_cmake_args': None, 'catkin_skip_building_tests': False, 'cmake_args': None, 'cmake_clean_cache': False, 'cmake_clean_first': False, 'cmake_force_configure': False, 'cmake_target': None, 'cmake_target_skip_unavailable': False, 'install_base': '/home/golf1234_pc/manipurator_ws/install/mtc_config1', 'merge_install': False, 'path': '/home/golf1234_pc/manipurator_ws/src/mtc_config1', 'symlink_install': True, 'test_result_base': None}
[0.516s] Level 5:colcon.colcon_core.verb:set package 'server_controllers' build argument 'cmake_args' from command line to 'None'
[0.516s] Level 5:colcon.colcon_core.verb:set package 'server_controllers' build argument 'cmake_target' from command line to 'None'
[0.516s] Level 5:colcon.colcon_core.verb:set package 'server_controllers' build argument 'cmake_target_skip_unavailable' from command line to 'False'
[0.516s] Level 5:colcon.colcon_core.verb:set package 'server_controllers' build argument 'cmake_clean_cache' from command line to 'False'
[0.516s] Level 5:colcon.colcon_core.verb:set package 'server_controllers' build argument 'cmake_clean_first' from command line to 'False'
[0.516s] Level 5:colcon.colcon_core.verb:set package 'server_controllers' build argument 'cmake_force_configure' from command line to 'False'
[0.516s] Level 5:colcon.colcon_core.verb:set package 'server_controllers' build argument 'ament_cmake_args' from command line to 'None'
[0.516s] Level 5:colcon.colcon_core.verb:set package 'server_controllers' build argument 'catkin_cmake_args' from command line to 'None'
[0.516s] Level 5:colcon.colcon_core.verb:set package 'server_controllers' build argument 'catkin_skip_building_tests' from command line to 'False'
[0.516s] DEBUG:colcon.colcon_core.verb:Building package 'server_controllers' with the following arguments: {'ament_cmake_args': None, 'build_base': '/home/golf1234_pc/manipurator_ws/build/server_controllers', 'catkin_cmake_args': None, 'catkin_skip_building_tests': False, 'cmake_args': None, 'cmake_clean_cache': False, 'cmake_clean_first': False, 'cmake_force_configure': False, 'cmake_target': None, 'cmake_target_skip_unavailable': False, 'install_base': '/home/golf1234_pc/manipurator_ws/install/server_controllers', 'merge_install': False, 'path': '/home/golf1234_pc/manipurator_ws/src/server_controllers', 'symlink_install': True, 'test_result_base': None}
[0.517s] Level 5:colcon.colcon_core.verb:set package 'urdf1' build argument 'cmake_args' from command line to 'None'
[0.517s] Level 5:colcon.colcon_core.verb:set package 'urdf1' build argument 'cmake_target' from command line to 'None'
[0.517s] Level 5:colcon.colcon_core.verb:set package 'urdf1' build argument 'cmake_target_skip_unavailable' from command line to 'False'
[0.517s] Level 5:colcon.colcon_core.verb:set package 'urdf1' build argument 'cmake_clean_cache' from command line to 'False'
[0.517s] Level 5:colcon.colcon_core.verb:set package 'urdf1' build argument 'cmake_clean_first' from command line to 'False'
[0.517s] Level 5:colcon.colcon_core.verb:set package 'urdf1' build argument 'cmake_force_configure' from command line to 'False'
[0.517s] Level 5:colcon.colcon_core.verb:set package 'urdf1' build argument 'ament_cmake_args' from command line to 'None'
[0.517s] Level 5:colcon.colcon_core.verb:set package 'urdf1' build argument 'catkin_cmake_args' from command line to 'None'
[0.517s] Level 5:colcon.colcon_core.verb:set package 'urdf1' build argument 'catkin_skip_building_tests' from command line to 'False'
[0.517s] DEBUG:colcon.colcon_core.verb:Building package 'urdf1' with the following arguments: {'ament_cmake_args': None, 'build_base': '/home/golf1234_pc/manipurator_ws/build/urdf1', 'catkin_cmake_args': None, 'catkin_skip_building_tests': False, 'cmake_args': None, 'cmake_clean_cache': False, 'cmake_clean_first': False, 'cmake_force_configure': False, 'cmake_target': None, 'cmake_target_skip_unavailable': False, 'install_base': '/home/golf1234_pc/manipurator_ws/install/urdf1', 'merge_install': False, 'path': '/home/golf1234_pc/manipurator_ws/src/urdf1', 'symlink_install': True, 'test_result_base': None}
[0.517s] Level 5:colcon.colcon_core.verb:set package 'config1' build argument 'cmake_args' from command line to 'None'
[0.517s] Level 5:colcon.colcon_core.verb:set package 'config1' build argument 'cmake_target' from command line to 'None'
[0.517s] Level 5:colcon.colcon_core.verb:set package 'config1' build argument 'cmake_target_skip_unavailable' from command line to 'False'
[0.517s] Level 5:colcon.colcon_core.verb:set package 'config1' build argument 'cmake_clean_cache' from command line to 'False'
[0.517s] Level 5:colcon.colcon_core.verb:set package 'config1' build argument 'cmake_clean_first' from command line to 'False'
[0.517s] Level 5:colcon.colcon_core.verb:set package 'config1' build argument 'cmake_force_configure' from command line to 'False'
[0.517s] Level 5:colcon.colcon_core.verb:set package 'config1' build argument 'ament_cmake_args' from command line to 'None'
[0.517s] Level 5:colcon.colcon_core.verb:set package 'config1' build argument 'catkin_cmake_args' from command line to 'None'
[0.517s] Level 5:colcon.colcon_core.verb:set package 'config1' build argument 'catkin_skip_building_tests' from command line to 'False'
[0.517s] DEBUG:colcon.colcon_core.verb:Building package 'config1' with the following arguments: {'ament_cmake_args': None, 'build_base': '/home/golf1234_pc/manipurator_ws/build/config1', 'catkin_cmake_args': None, 'catkin_skip_building_tests': False, 'cmake_args': None, 'cmake_clean_cache': False, 'cmake_clean_first': False, 'cmake_force_configure': False, 'cmake_target': None, 'cmake_target_skip_unavailable': False, 'install_base': '/home/golf1234_pc/manipurator_ws/install/config1', 'merge_install': False, 'path': '/home/golf1234_pc/manipurator_ws/src/config1', 'symlink_install': True, 'test_result_base': None}
[0.517s] INFO:colcon.colcon_core.executor:Executing jobs using 'parallel' executor
[0.519s] DEBUG:colcon.colcon_parallel_executor.executor.parallel:run_until_complete
[0.519s] INFO:colcon.colcon_ros.task.ament_cmake.build:Building ROS package in '/home/golf1234_pc/manipurator_ws/src/urdf1' with build type 'ament_cmake'
[0.519s] INFO:colcon.colcon_cmake.task.cmake.build:Building CMake package in '/home/golf1234_pc/manipurator_ws/src/urdf1'
[0.522s] INFO:colcon.colcon_core.plugin_system:Skipping extension 'colcon_core.shell.bat': Not used on non-Windows systems
[0.523s] INFO:colcon.colcon_core.shell:Skip shell extension 'powershell' for command environment: Not usable outside of PowerShell
[0.523s] DEBUG:colcon.colcon_core.shell:Skip shell extension 'dsv' for command environment
[0.539s] INFO:colcon.colcon_ros.task.ament_python.build:Building ROS package in '/home/golf1234_pc/manipurator_ws/src/camera2_ros' with build type 'ament_python'
[0.539s] Level 1:colcon.colcon_core.shell:create_environment_hook('camera2_ros', 'ament_prefix_path')
[0.539s] INFO:colcon.colcon_core.shell:Creating environment hook '/home/golf1234_pc/manipurator_ws/install/camera2_ros/share/camera2_ros/hook/ament_prefix_path.ps1'
[0.540s] INFO:colcon.colcon_core.shell:Creating environment descriptor '/home/golf1234_pc/manipurator_ws/install/camera2_ros/share/camera2_ros/hook/ament_prefix_path.dsv'
[0.541s] INFO:colcon.colcon_core.shell:Creating environment hook '/home/golf1234_pc/manipurator_ws/install/camera2_ros/share/camera2_ros/hook/ament_prefix_path.sh'
[0.542s] INFO:colcon.colcon_core.shell:Skip shell extension 'powershell' for command environment: Not usable outside of PowerShell
[0.542s] DEBUG:colcon.colcon_core.shell:Skip shell extension 'dsv' for command environment
[0.560s] INFO:colcon.colcon_ros.task.ament_cmake.build:Building ROS package in '/home/golf1234_pc/manipurator_ws/src/car_urdf' with build type 'ament_cmake'
[0.561s] INFO:colcon.colcon_cmake.task.cmake.build:Building CMake package in '/home/golf1234_pc/manipurator_ws/src/car_urdf'
[0.561s] INFO:colcon.colcon_core.shell:Skip shell extension 'powershell' for command environment: Not usable outside of PowerShell
[0.561s] DEBUG:colcon.colcon_core.shell:Skip shell extension 'dsv' for command environment
[0.580s] INFO:colcon.colcon_ros.task.ament_python.build:Building ROS package in '/home/golf1234_pc/manipurator_ws/src/mobile_manipurator' with build type 'ament_python'
[0.580s] Level 1:colcon.colcon_core.shell:create_environment_hook('mobile_manipurator', 'ament_prefix_path')
[0.581s] INFO:colcon.colcon_core.shell:Creating environment hook '/home/golf1234_pc/manipurator_ws/install/mobile_manipurator/share/mobile_manipurator/hook/ament_prefix_path.ps1'
[0.583s] INFO:colcon.colcon_core.shell:Creating environment descriptor '/home/golf1234_pc/manipurator_ws/install/mobile_manipurator/share/mobile_manipurator/hook/ament_prefix_path.dsv'
[0.583s] INFO:colcon.colcon_core.shell:Creating environment hook '/home/golf1234_pc/manipurator_ws/install/mobile_manipurator/share/mobile_manipurator/hook/ament_prefix_path.sh'
[0.585s] INFO:colcon.colcon_core.shell:Skip shell extension 'powershell' for command environment: Not usable outside of PowerShell
[0.585s] DEBUG:colcon.colcon_core.shell:Skip shell extension 'dsv' for command environment
[0.603s] INFO:colcon.colcon_ros.task.ament_cmake.build:Building ROS package in '/home/golf1234_pc/manipurator_ws/src/mtc_config1' with build type 'ament_cmake'
[0.604s] INFO:colcon.colcon_cmake.task.cmake.build:Building CMake package in '/home/golf1234_pc/manipurator_ws/src/mtc_config1'
[0.605s] INFO:colcon.colcon_core.shell:Skip shell extension 'powershell' for command environment: Not usable outside of PowerShell
[0.605s] DEBUG:colcon.colcon_core.shell:Skip shell extension 'dsv' for command environment
[0.623s] INFO:colcon.colcon_ros.task.ament_python.build:Building ROS package in '/home/golf1234_pc/manipurator_ws/src/server_controllers' with build type 'ament_python'
[0.623s] Level 1:colcon.colcon_core.shell:create_environment_hook('server_controllers', 'ament_prefix_path')
[0.623s] INFO:colcon.colcon_core.shell:Creating environment hook '/home/golf1234_pc/manipurator_ws/install/server_controllers/share/server_controllers/hook/ament_prefix_path.ps1'
[0.624s] INFO:colcon.colcon_core.shell:Creating environment descriptor '/home/golf1234_pc/manipurator_ws/install/server_controllers/share/server_controllers/hook/ament_prefix_path.dsv'
[0.624s] INFO:colcon.colcon_core.shell:Creating environment hook '/home/golf1234_pc/manipurator_ws/install/server_controllers/share/server_controllers/hook/ament_prefix_path.sh'
[0.625s] INFO:colcon.colcon_core.shell:Skip shell extension 'powershell' for command environment: Not usable outside of PowerShell
[0.625s] DEBUG:colcon.colcon_core.shell:Skip shell extension 'dsv' for command environment
[0.647s] DEBUG:colcon.colcon_core.event_handler.log_command:Invoking command in '/home/golf1234_pc/manipurator_ws/build/urdf1': CMAKE_PREFIX_PATH=${CMAKE_PREFIX_PATH}:/home/golf1234_pc/manipurator_ws/install/server_controllers:/home/golf1234_pc/manipurator_ws/install/mobile_manipurator:/home/golf1234_pc/manipurator_ws/install/camera2_ros:/home/golf1234_pc/install/moveit_configs_utils:/home/golf1234_pc/ws_moveit/install/moveit_configs_utils:/home/golf1234_pc/project1_ws/install/server_controllers:/home/golf1234_pc/project1_ws/install/mobile_manipurator:/home/golf1234_pc/project1_ws/install/camera2_ros:/home/golf1234_pc/test1_ws/install/test1:/opt/ros/jazzy DEBUGINFOD_URLS=https://debuginfod.ubuntu.com /usr/bin/cmake --build /home/golf1234_pc/manipurator_ws/build/urdf1 -- -j16 -l16
[1.042s] INFO:colcon.colcon_core.task.python.build:Building Python package in '/home/golf1234_pc/manipurator_ws/src/camera2_ros'
[1.042s] INFO:colcon.colcon_core.shell:Skip shell extension 'powershell' for command environment: Not usable outside of PowerShell
[1.042s] DEBUG:colcon.colcon_core.shell:Skip shell extension 'dsv' for command environment
[1.063s] DEBUG:colcon.colcon_core.event_handler.log_command:Invoking command in '/home/golf1234_pc/manipurator_ws/build/car_urdf': CMAKE_PREFIX_PATH=${CMAKE_PREFIX_PATH}:/home/golf1234_pc/manipurator_ws/install/server_controllers:/home/golf1234_pc/manipurator_ws/install/mobile_manipurator:/home/golf1234_pc/manipurator_ws/install/camera2_ros:/home/golf1234_pc/install/moveit_configs_utils:/home/golf1234_pc/ws_moveit/install/moveit_configs_utils:/home/golf1234_pc/project1_ws/install/server_controllers:/home/golf1234_pc/project1_ws/install/mobile_manipurator:/home/golf1234_pc/project1_ws/install/camera2_ros:/home/golf1234_pc/test1_ws/install/test1:/opt/ros/jazzy DEBUGINFOD_URLS=https://debuginfod.ubuntu.com /usr/bin/cmake --build /home/golf1234_pc/manipurator_ws/build/car_urdf -- -j16 -l16
[1.407s] INFO:colcon.colcon_core.task.python.build:Building Python package in '/home/golf1234_pc/manipurator_ws/src/mobile_manipurator'
[1.407s] INFO:colcon.colcon_core.shell:Skip shell extension 'powershell' for command environment: Not usable outside of PowerShell
[1.407s] DEBUG:colcon.colcon_core.shell:Skip shell extension 'dsv' for command environment
[1.429s] DEBUG:colcon.colcon_core.event_handler.log_command:Invoking command in '/home/golf1234_pc/manipurator_ws/build/mtc_config1': CMAKE_PREFIX_PATH=${CMAKE_PREFIX_PATH}:/home/golf1234_pc/manipurator_ws/install/server_controllers:/home/golf1234_pc/manipurator_ws/install/mobile_manipurator:/home/golf1234_pc/manipurator_ws/install/camera2_ros:/home/golf1234_pc/install/moveit_configs_utils:/home/golf1234_pc/ws_moveit/install/moveit_configs_utils:/home/golf1234_pc/project1_ws/install/server_controllers:/home/golf1234_pc/project1_ws/install/mobile_manipurator:/home/golf1234_pc/project1_ws/install/camera2_ros:/home/golf1234_pc/test1_ws/install/test1:/opt/ros/jazzy DEBUGINFOD_URLS=https://debuginfod.ubuntu.com /usr/bin/cmake --build /home/golf1234_pc/manipurator_ws/build/mtc_config1 -- -j16 -l16
[1.431s] DEBUG:colcon.colcon_core.event_handler.log_command:Invoked command in '/home/golf1234_pc/manipurator_ws/build/urdf1' returned '0': CMAKE_PREFIX_PATH=${CMAKE_PREFIX_PATH}:/home/golf1234_pc/manipurator_ws/install/server_controllers:/home/golf1234_pc/manipurator_ws/install/mobile_manipurator:/home/golf1234_pc/manipurator_ws/install/camera2_ros:/home/golf1234_pc/install/moveit_configs_utils:/home/golf1234_pc/ws_moveit/install/moveit_configs_utils:/home/golf1234_pc/project1_ws/install/server_controllers:/home/golf1234_pc/project1_ws/install/mobile_manipurator:/home/golf1234_pc/project1_ws/install/camera2_ros:/home/golf1234_pc/test1_ws/install/test1:/opt/ros/jazzy DEBUGINFOD_URLS=https://debuginfod.ubuntu.com /usr/bin/cmake --build /home/golf1234_pc/manipurator_ws/build/urdf1 -- -j16 -l16
[1.449s] DEBUG:colcon.colcon_core.event_handler.log_command:Invoking command in '/home/golf1234_pc/manipurator_ws/build/urdf1': CMAKE_PREFIX_PATH=${CMAKE_PREFIX_PATH}:/home/golf1234_pc/manipurator_ws/install/server_controllers:/home/golf1234_pc/manipurator_ws/install/mobile_manipurator:/home/golf1234_pc/manipurator_ws/install/camera2_ros:/home/golf1234_pc/install/moveit_configs_utils:/home/golf1234_pc/ws_moveit/install/moveit_configs_utils:/home/golf1234_pc/project1_ws/install/server_controllers:/home/golf1234_pc/project1_ws/install/mobile_manipurator:/home/golf1234_pc/project1_ws/install/camera2_ros:/home/golf1234_pc/test1_ws/install/test1:/opt/ros/jazzy DEBUGINFOD_URLS=https://debuginfod.ubuntu.com /usr/bin/cmake --install /home/golf1234_pc/manipurator_ws/build/urdf1
[1.450s] DEBUG:colcon.colcon_core.event_handler.log_command:Invoked command in '/home/golf1234_pc/manipurator_ws/build/car_urdf' returned '0': CMAKE_PREFIX_PATH=${CMAKE_PREFIX_PATH}:/home/golf1234_pc/manipurator_ws/install/server_controllers:/home/golf1234_pc/manipurator_ws/install/mobile_manipurator:/home/golf1234_pc/manipurator_ws/install/camera2_ros:/home/golf1234_pc/install/moveit_configs_utils:/home/golf1234_pc/ws_moveit/install/moveit_configs_utils:/home/golf1234_pc/project1_ws/install/server_controllers:/home/golf1234_pc/project1_ws/install/mobile_manipurator:/home/golf1234_pc/project1_ws/install/camera2_ros:/home/golf1234_pc/test1_ws/install/test1:/opt/ros/jazzy DEBUGINFOD_URLS=https://debuginfod.ubuntu.com /usr/bin/cmake --build /home/golf1234_pc/manipurator_ws/build/car_urdf -- -j16 -l16
[1.451s] DEBUG:colcon.colcon_core.event_handler.log_command:Invoking command in '/home/golf1234_pc/manipurator_ws/build/car_urdf': CMAKE_PREFIX_PATH=${CMAKE_PREFIX_PATH}:/home/golf1234_pc/manipurator_ws/install/server_controllers:/home/golf1234_pc/manipurator_ws/install/mobile_manipurator:/home/golf1234_pc/manipurator_ws/install/camera2_ros:/home/golf1234_pc/install/moveit_configs_utils:/home/golf1234_pc/ws_moveit/install/moveit_configs_utils:/home/golf1234_pc/project1_ws/install/server_controllers:/home/golf1234_pc/project1_ws/install/mobile_manipurator:/home/golf1234_pc/project1_ws/install/camera2_ros:/home/golf1234_pc/test1_ws/install/test1:/opt/ros/jazzy DEBUGINFOD_URLS=https://debuginfod.ubuntu.com /usr/bin/cmake --install /home/golf1234_pc/manipurator_ws/build/car_urdf
[1.809s] INFO:colcon.colcon_core.task.python.build:Building Python package in '/home/golf1234_pc/manipurator_ws/src/server_controllers'
[1.810s] INFO:colcon.colcon_core.shell:Skip shell extension 'powershell' for command environment: Not usable outside of PowerShell
[1.810s] DEBUG:colcon.colcon_core.shell:Skip shell extension 'dsv' for command environment
[1.839s] Level 1:colcon.colcon_core.environment:create_environment_scripts_only(car_urdf)
[1.845s] DEBUG:colcon.colcon_core.event_handler.log_command:Invoked command in '/home/golf1234_pc/manipurator_ws/build/car_urdf' returned '0': CMAKE_PREFIX_PATH=${CMAKE_PREFIX_PATH}:/home/golf1234_pc/manipurator_ws/install/server_controllers:/home/golf1234_pc/manipurator_ws/install/mobile_manipurator:/home/golf1234_pc/manipurator_ws/install/camera2_ros:/home/golf1234_pc/install/moveit_configs_utils:/home/golf1234_pc/ws_moveit/install/moveit_configs_utils:/home/golf1234_pc/project1_ws/install/server_controllers:/home/golf1234_pc/project1_ws/install/mobile_manipurator:/home/golf1234_pc/project1_ws/install/camera2_ros:/home/golf1234_pc/test1_ws/install/test1:/opt/ros/jazzy DEBUGINFOD_URLS=https://debuginfod.ubuntu.com /usr/bin/cmake --install /home/golf1234_pc/manipurator_ws/build/car_urdf
[1.848s] Level 1:colcon.colcon_core.environment:checking '/home/golf1234_pc/manipurator_ws/install/car_urdf' for CMake module files
[1.849s] Level 1:colcon.colcon_core.environment:checking '/home/golf1234_pc/manipurator_ws/install/car_urdf' for CMake config files
[1.849s] Level 1:colcon.colcon_core.shell:create_environment_hook('car_urdf', 'cmake_prefix_path')
[1.850s] INFO:colcon.colcon_core.shell:Creating environment hook '/home/golf1234_pc/manipurator_ws/install/car_urdf/share/car_urdf/hook/cmake_prefix_path.ps1'
[1.850s] INFO:colcon.colcon_core.shell:Creating environment descriptor '/home/golf1234_pc/manipurator_ws/install/car_urdf/share/car_urdf/hook/cmake_prefix_path.dsv'
[1.851s] INFO:colcon.colcon_core.shell:Creating environment hook '/home/golf1234_pc/manipurator_ws/install/car_urdf/share/car_urdf/hook/cmake_prefix_path.sh'
[1.852s] Level 1:colcon.colcon_core.environment:checking '/home/golf1234_pc/manipurator_ws/install/car_urdf/bin'
[1.852s] Level 1:colcon.colcon_core.environment:checking '/home/golf1234_pc/manipurator_ws/install/car_urdf/lib/pkgconfig/car_urdf.pc'
[1.853s] Level 1:colcon.colcon_core.environment:checking '/home/golf1234_pc/manipurator_ws/install/car_urdf/lib/python3.12/site-packages'
[1.853s] Level 1:colcon.colcon_core.environment:checking '/home/golf1234_pc/manipurator_ws/install/car_urdf/bin'
[1.854s] INFO:colcon.colcon_core.shell:Creating package script '/home/golf1234_pc/manipurator_ws/install/car_urdf/share/car_urdf/package.ps1'
[1.855s] INFO:colcon.colcon_core.shell:Creating package descriptor '/home/golf1234_pc/manipurator_ws/install/car_urdf/share/car_urdf/package.dsv'
[1.856s] INFO:colcon.colcon_core.shell:Creating package script '/home/golf1234_pc/manipurator_ws/install/car_urdf/share/car_urdf/package.sh'
[1.857s] INFO:colcon.colcon_core.shell:Creating package script '/home/golf1234_pc/manipurator_ws/install/car_urdf/share/car_urdf/package.bash'
[1.858s] INFO:colcon.colcon_core.shell:Creating package script '/home/golf1234_pc/manipurator_ws/install/car_urdf/share/car_urdf/package.zsh'
[1.860s] Level 1:colcon.colcon_core.environment:create_file_with_runtime_dependencies(/home/golf1234_pc/manipurator_ws/install/car_urdf/share/colcon-core/packages/car_urdf)
[1.861s] Level 1:colcon.colcon_core.environment:create_environment_scripts_only(car_urdf)
[1.861s] Level 1:colcon.colcon_core.environment:checking '/home/golf1234_pc/manipurator_ws/install/car_urdf' for CMake module files
[1.862s] Level 1:colcon.colcon_core.environment:checking '/home/golf1234_pc/manipurator_ws/install/car_urdf' for CMake config files
[1.862s] Level 1:colcon.colcon_core.shell:create_environment_hook('car_urdf', 'cmake_prefix_path')
[1.862s] INFO:colcon.colcon_core.shell:Creating environment hook '/home/golf1234_pc/manipurator_ws/install/car_urdf/share/car_urdf/hook/cmake_prefix_path.ps1'
[1.863s] INFO:colcon.colcon_core.shell:Creating environment descriptor '/home/golf1234_pc/manipurator_ws/install/car_urdf/share/car_urdf/hook/cmake_prefix_path.dsv'
[1.864s] INFO:colcon.colcon_core.shell:Creating environment hook '/home/golf1234_pc/manipurator_ws/install/car_urdf/share/car_urdf/hook/cmake_prefix_path.sh'
[1.865s] Level 1:colcon.colcon_core.environment:checking '/home/golf1234_pc/manipurator_ws/install/car_urdf/bin'
[1.865s] Level 1:colcon.colcon_core.environment:checking '/home/golf1234_pc/manipurator_ws/install/car_urdf/lib/pkgconfig/car_urdf.pc'
[1.865s] Level 1:colcon.colcon_core.environment:checking '/home/golf1234_pc/manipurator_ws/install/car_urdf/lib/python3.12/site-packages'
[1.865s] Level 1:colcon.colcon_core.environment:checking '/home/golf1234_pc/manipurator_ws/install/car_urdf/bin'
[1.866s] INFO:colcon.colcon_core.shell:Creating package script '/home/golf1234_pc/manipurator_ws/install/car_urdf/share/car_urdf/package.ps1'
[1.866s] INFO:colcon.colcon_core.shell:Creating package descriptor '/home/golf1234_pc/manipurator_ws/install/car_urdf/share/car_urdf/package.dsv'
[1.867s] INFO:colcon.colcon_core.shell:Creating package script '/home/golf1234_pc/manipurator_ws/install/car_urdf/share/car_urdf/package.sh'
[1.868s] INFO:colcon.colcon_core.shell:Creating package script '/home/golf1234_pc/manipurator_ws/install/car_urdf/share/car_urdf/package.bash'
[1.868s] INFO:colcon.colcon_core.shell:Creating package script '/home/golf1234_pc/manipurator_ws/install/car_urdf/share/car_urdf/package.zsh'
[1.869s] Level 1:colcon.colcon_core.environment:create_file_with_runtime_dependencies(/home/golf1234_pc/manipurator_ws/install/car_urdf/share/colcon-core/packages/car_urdf)
[1.870s] Level 1:colcon.colcon_core.environment:create_environment_scripts_only(urdf1)
[1.870s] Level 1:colcon.colcon_core.environment:checking '/home/golf1234_pc/manipurator_ws/install/urdf1' for CMake module files
[1.872s] DEBUG:colcon.colcon_core.event_handler.log_command:Invoked command in '/home/golf1234_pc/manipurator_ws/build/urdf1' returned '0': CMAKE_PREFIX_PATH=${CMAKE_PREFIX_PATH}:/home/golf1234_pc/manipurator_ws/install/server_controllers:/home/golf1234_pc/manipurator_ws/install/mobile_manipurator:/home/golf1234_pc/manipurator_ws/install/camera2_ros:/home/golf1234_pc/install/moveit_configs_utils:/home/golf1234_pc/ws_moveit/install/moveit_configs_utils:/home/golf1234_pc/project1_ws/install/server_controllers:/home/golf1234_pc/project1_ws/install/mobile_manipurator:/home/golf1234_pc/project1_ws/install/camera2_ros:/home/golf1234_pc/test1_ws/install/test1:/opt/ros/jazzy DEBUGINFOD_URLS=https://debuginfod.ubuntu.com /usr/bin/cmake --install /home/golf1234_pc/manipurator_ws/build/urdf1
[1.873s] Level 1:colcon.colcon_core.environment:checking '/home/golf1234_pc/manipurator_ws/install/urdf1' for CMake config files
[1.873s] Level 1:colcon.colcon_core.shell:create_environment_hook('urdf1', 'cmake_prefix_path')
[1.874s] INFO:colcon.colcon_core.shell:Creating environment hook '/home/golf1234_pc/manipurator_ws/install/urdf1/share/urdf1/hook/cmake_prefix_path.ps1'
[1.875s] INFO:colcon.colcon_core.shell:Creating environment descriptor '/home/golf1234_pc/manipurator_ws/install/urdf1/share/urdf1/hook/cmake_prefix_path.dsv'
[1.876s] INFO:colcon.colcon_core.shell:Creating environment hook '/home/golf1234_pc/manipurator_ws/install/urdf1/share/urdf1/hook/cmake_prefix_path.sh'
[1.877s] Level 1:colcon.colcon_core.environment:checking '/home/golf1234_pc/manipurator_ws/install/urdf1/bin'
[1.877s] Level 1:colcon.colcon_core.environment:checking '/home/golf1234_pc/manipurator_ws/install/urdf1/lib/pkgconfig/urdf1.pc'
[1.878s] Level 1:colcon.colcon_core.environment:checking '/home/golf1234_pc/manipurator_ws/install/urdf1/lib/python3.12/site-packages'
[1.878s] Level 1:colcon.colcon_core.environment:checking '/home/golf1234_pc/manipurator_ws/install/urdf1/bin'
[1.879s] INFO:colcon.colcon_core.shell:Creating package script '/home/golf1234_pc/manipurator_ws/install/urdf1/share/urdf1/package.ps1'
[1.880s] INFO:colcon.colcon_core.shell:Creating package descriptor '/home/golf1234_pc/manipurator_ws/install/urdf1/share/urdf1/package.dsv'
[1.881s] INFO:colcon.colcon_core.shell:Creating package script '/home/golf1234_pc/manipurator_ws/install/urdf1/share/urdf1/package.sh'
[1.882s] INFO:colcon.colcon_core.shell:Creating package script '/home/golf1234_pc/manipurator_ws/install/urdf1/share/urdf1/package.bash'
[1.882s] INFO:colcon.colcon_core.shell:Creating package script '/home/golf1234_pc/manipurator_ws/install/urdf1/share/urdf1/package.zsh'
[1.883s] Level 1:colcon.colcon_core.environment:create_file_with_runtime_dependencies(/home/golf1234_pc/manipurator_ws/install/urdf1/share/colcon-core/packages/urdf1)
[1.884s] Level 1:colcon.colcon_core.environment:create_environment_scripts_only(urdf1)
[1.884s] Level 1:colcon.colcon_core.environment:checking '/home/golf1234_pc/manipurator_ws/install/urdf1' for CMake module files
[1.885s] Level 1:colcon.colcon_core.environment:checking '/home/golf1234_pc/manipurator_ws/install/urdf1' for CMake config files
[1.885s] Level 1:colcon.colcon_core.shell:create_environment_hook('urdf1', 'cmake_prefix_path')
[1.886s] INFO:colcon.colcon_core.shell:Creating environment hook '/home/golf1234_pc/manipurator_ws/install/urdf1/share/urdf1/hook/cmake_prefix_path.ps1'
[1.886s] INFO:colcon.colcon_core.shell:Creating environment descriptor '/home/golf1234_pc/manipurator_ws/install/urdf1/share/urdf1/hook/cmake_prefix_path.dsv'
[1.887s] INFO:colcon.colcon_core.shell:Creating environment hook '/home/golf1234_pc/manipurator_ws/install/urdf1/share/urdf1/hook/cmake_prefix_path.sh'
[1.887s] Level 1:colcon.colcon_core.environment:checking '/home/golf1234_pc/manipurator_ws/install/urdf1/bin'
[1.887s] Level 1:colcon.colcon_core.environment:checking '/home/golf1234_pc/manipurator_ws/install/urdf1/lib/pkgconfig/urdf1.pc'
[1.888s] Level 1:colcon.colcon_core.environment:checking '/home/golf1234_pc/manipurator_ws/install/urdf1/lib/python3.12/site-packages'
[1.888s] Level 1:colcon.colcon_core.environment:checking '/home/golf1234_pc/manipurator_ws/install/urdf1/bin'
[1.888s] INFO:colcon.colcon_core.shell:Creating package script '/home/golf1234_pc/manipurator_ws/install/urdf1/share/urdf1/package.ps1'
[1.889s] INFO:colcon.colcon_core.shell:Creating package descriptor '/home/golf1234_pc/manipurator_ws/install/urdf1/share/urdf1/package.dsv'
[1.890s] INFO:colcon.colcon_core.shell:Creating package script '/home/golf1234_pc/manipurator_ws/install/urdf1/share/urdf1/package.sh'
[1.890s] INFO:colcon.colcon_core.shell:Creating package script '/home/golf1234_pc/manipurator_ws/install/urdf1/share/urdf1/package.bash'
[1.891s] INFO:colcon.colcon_core.shell:Creating package script '/home/golf1234_pc/manipurator_ws/install/urdf1/share/urdf1/package.zsh'
[1.892s] Level 1:colcon.colcon_core.environment:create_file_with_runtime_dependencies(/home/golf1234_pc/manipurator_ws/install/urdf1/share/colcon-core/packages/urdf1)
[1.893s] INFO:colcon.colcon_ros.task.ament_cmake.build:Building ROS package in '/home/golf1234_pc/manipurator_ws/src/config1' with build type 'ament_cmake'
[1.893s] INFO:colcon.colcon_cmake.task.cmake.build:Building CMake package in '/home/golf1234_pc/manipurator_ws/src/config1'
[1.894s] INFO:colcon.colcon_core.shell:Skip shell extension 'powershell' for command environment: Not usable outside of PowerShell
[1.895s] DEBUG:colcon.colcon_core.shell:Skip shell extension 'dsv' for command environment
[1.986s] DEBUG:colcon.colcon_core.event_handler.log_command:Invoking command in '/home/golf1234_pc/manipurator_ws/build/config1': CMAKE_PREFIX_PATH=/home/golf1234_pc/manipurator_ws/install/urdf1:/home/golf1234_pc/manipurator_ws/install/config2:/home/golf1234_pc/manipurator_ws/install/config1:/home/golf1234_pc/manipurator_ws/install/mtc_config1:/home/golf1234_pc/manipurator_ws/install/car_urdf:/home/golf1234_pc/moveit2_obb/install/yolov8_obb:/home/golf1234_pc/moveit2_obb/install/yolov8_msgs:/home/golf1234_pc/moveit2_obb/install/robot_description:/home/golf1234_pc/moveit2_obb/install/panda_moveit_config:/home/golf1234_pc/gz_mobile/install/mobile_robot:/home/golf1234_pc/install/serial:/home/golf1234_pc/install/robotiq_description:/home/golf1234_pc/install/moveit_resources_prbt_support:/home/golf1234_pc/install/moveit_resources_panda_description:/home/golf1234_pc/install/moveit_resources_fanuc_description:/home/golf1234_pc/install/moveit_common:/home/golf1234_pc/install/ffinall:/home/golf1234_pc/install/f17:/home/golf1234_pc/install/f15:/home/golf1234_pc/ws_moveit/install/robotiq_hardware_tests:/home/golf1234_pc/ws_moveit/install/robotiq_driver:/home/golf1234_pc/ws_moveit/install/serial:/home/golf1234_pc/ws_moveit/install/moveit2_tutorials:/home/golf1234_pc/ws_moveit/install/moveit_visual_tools:/home/golf1234_pc/ws_moveit/install/rviz_visual_tools:/home/golf1234_pc/ws_moveit/install/mtc_tutorial:/home/golf1234_pc/ws_moveit/install/moveit_task_constructor_visualization:/home/golf1234_pc/ws_moveit/install/moveit_task_constructor_demo:/home/golf1234_pc/ws_moveit/install/moveit_task_constructor_capabilities:/home/golf1234_pc/ws_moveit/install/moveit_task_constructor_core:/home/golf1234_pc/ws_moveit/install/rviz_marker_tools:/home/golf1234_pc/ws_moveit/install/kortex_bringup:/home/golf1234_pc/ws_moveit/install/kinova_gen3_lite_moveit_config:/home/golf1234_pc/ws_moveit/install/kinova_gen3_7dof_robotiq_2f_85_moveit_config:/home/golf1234_pc/ws_moveit/install/kinova_gen3_6dof_robotiq_2f_85_moveit_config:/home/golf1234_pc/ws_moveit/install/kortex_description:/home/golf1234_pc/ws_moveit/install/robotiq_description:/home/golf1234_pc/ws_moveit/install/robotiq_controllers:/home/golf1234_pc/ws_moveit/install/pilz_industrial_motion_planner_testutils:/home/golf1234_pc/ws_moveit/install/moveit_runtime:/home/golf1234_pc/ws_moveit/install/moveit:/home/golf1234_pc/ws_moveit/install/moveit_planners:/home/golf1234_pc/ws_moveit/install/pilz_industrial_motion_planner:/home/golf1234_pc/ws_moveit/install/picknik_twist_controller:/home/golf1234_pc/ws_moveit/install/picknik_reset_fault_controller:/home/golf1234_pc/ws_moveit/install/moveit_task_constructor_msgs:/home/golf1234_pc/ws_moveit/install/moveit_ros_control_interface:/home/golf1234_pc/ws_moveit/install/moveit_plugins:/home/golf1234_pc/ws_moveit/install/moveit_simple_controller_manager:/home/golf1234_pc/ws_moveit/install/moveit_setup_assistant:/home/golf1234_pc/ws_moveit/install/moveit_setup_srdf_plugins:/home/golf1234_pc/ws_moveit/install/moveit_setup_core_plugins:/home/golf1234_pc/ws_moveit/install/moveit_setup_controllers:/home/golf1234_pc/ws_moveit/install/moveit_setup_app_plugins:/home/golf1234_pc/ws_moveit/install/moveit_setup_framework:/home/golf1234_pc/ws_moveit/install/moveit_servo:/home/golf1234_pc/ws_moveit/install/moveit_ros_trajectory_cache:/home/golf1234_pc/ws_moveit/install/moveit_ros:/home/golf1234_pc/ws_moveit/install/moveit_ros_visualization:/home/golf1234_pc/ws_moveit/install/moveit_py:/home/golf1234_pc/ws_moveit/install/moveit_hybrid_planning:/home/golf1234_pc/ws_moveit/install/moveit_ros_planning_interface:/home/golf1234_pc/ws_moveit/install/moveit_ros_benchmarks:/home/golf1234_pc/ws_moveit/install/moveit_ros_warehouse:/home/golf1234_pc/ws_moveit/install/moveit_ros_robot_interaction:/home/golf1234_pc/ws_moveit/install/moveit_ros_perception:/home/golf1234_pc/ws_moveit/install/moveit_resources_prbt_pg70_support:/home/golf1234_pc/ws_moveit/install/moveit_resources_prbt_moveit_config:/home/golf1234_pc/ws_moveit/install/moveit_ros_move_group:/home/golf1234_pc/ws_moveit/install/moveit_planners_ompl:/home/golf1234_pc/ws_moveit/install/moveit_kinematics:/home/golf1234_pc/ws_moveit/install/moveit_ros_planning:/home/golf1234_pc/ws_moveit/install/moveit_ros_occupancy_map_monitor:/home/golf1234_pc/ws_moveit/install/moveit_resources_prbt_support:/home/golf1234_pc/ws_moveit/install/moveit_resources_prbt_ikfast_manipulator_plugin:/home/golf1234_pc/ws_moveit/install/moveit_resources:/home/golf1234_pc/ws_moveit/install/moveit_resources_pr2_description:/home/golf1234_pc/ws_moveit/install/moveit_resources_panda_moveit_config:/home/golf1234_pc/ws_moveit/install/dual_arm_panda_moveit_config:/home/golf1234_pc/ws_moveit/install/moveit_resources_panda_description:/home/golf1234_pc/ws_moveit/install/moveit_resources_fanuc_moveit_config:/home/golf1234_pc/ws_moveit/install/moveit_resources_fanuc_description:/home/golf1234_pc/ws_moveit/install/moveit_planners_stomp:/home/golf1234_pc/ws_moveit/install/moveit_planners_chomp:/home/golf1234_pc/ws_moveit/install/chomp_motion_planner:/home/golf1234_pc/ws_moveit/install/moveit_core:/home/golf1234_pc/ws_moveit/install/moveit_msgs:/home/golf1234_pc/ws_moveit/install/moveit_common:/home/golf1234_pc/ws_moveit/install/kortex_driver:/home/golf1234_pc/ws_moveit/install/kortex_api:/home/golf1234_pc/project1_ws/install/project_assem_urdf_meshes:/home/golf1234_pc/project1_ws/install/p9_config:/home/golf1234_pc/project1_ws/install/p8_config:/home/golf1234_pc/project1_ws/install/p7_config:/home/golf1234_pc/project1_ws/install/p6_config:/home/golf1234_pc/project1_ws/install/p5_config:/home/golf1234_pc/project1_ws/install/p4_config:/home/golf1234_pc/project1_ws/install/p3_config:/home/golf1234_pc/project1_ws/install/p2_config:/home/golf1234_pc/project1_ws/install/p1_config:/home/golf1234_pc/project1_ws/install/p18_config:/home/golf1234_pc/project1_ws/install/p17_config:/home/golf1234_pc/project1_ws/install/p15_config:/home/golf1234_pc/project1_ws/install/p14_config:/home/golf1234_pc/project1_ws/install/p13_config:/home/golf1234_pc/project1_ws/install/p12_config:/home/golf1234_pc/project1_ws/install/p11_config:/home/golf1234_pc/project1_ws/install/p10_config:/home/golf1234_pc/project1_ws/install/mtc_p18_real:/home/golf1234_pc/project1_ws/install/mtc_p18_config:/home/golf1234_pc/project1_ws/install/mtc_p17_config:/home/golf1234_pc/project1_ws/install/mtc_p14_config:/home/golf1234_pc/project1_ws/install/for_test:/home/golf1234_pc/project1_ws/install/ffinall:/home/golf1234_pc/project1_ws/install/f2:/home/golf1234_pc/project1_ws/install/f17:/home/golf1234_pc/project1_ws/install/f16:/home/golf1234_pc/project1_ws/install/f15:/home/golf1234_pc/project1_ws/install/f10:/home/golf1234_pc/project1_ws/install/car1:/home/golf1234_pc/test1_ws/install/cpp_pubsub:/opt/ros/jazzy/opt/gz_sim_vendor:/opt/ros/jazzy/opt/gz_sensors_vendor:/opt/ros/jazzy/opt/gz_physics_vendor:/opt/ros/jazzy/opt/sdformat_vendor:/opt/ros/jazzy/opt/gz_gui_vendor:/opt/ros/jazzy/opt/gz_transport_vendor:/opt/ros/jazzy/opt/gz_rendering_vendor:/opt/ros/jazzy/opt/gz_plugin_vendor:/opt/ros/jazzy/opt/gz_fuel_tools_vendor:/opt/ros/jazzy/opt/gz_msgs_vendor:/opt/ros/jazzy/opt/gz_common_vendor:/opt/ros/jazzy/opt/gz_math_vendor:/opt/ros/jazzy/opt/gz_utils_vendor:/opt/ros/jazzy/opt/gz_tools_vendor:/opt/ros/jazzy/opt/gz_ogre_next_vendor:/opt/ros/jazzy/opt/gz_dartsim_vendor:/opt/ros/jazzy/opt/gz_cmake_vendor:/home/golf1234_pc/manipurator_ws/install/server_controllers:/home/golf1234_pc/manipurator_ws/install/mobile_manipurator:/home/golf1234_pc/manipurator_ws/install/camera2_ros:/home/golf1234_pc/install/moveit_configs_utils:/home/golf1234_pc/ws_moveit/install/moveit_configs_utils:/home/golf1234_pc/project1_ws/install/server_controllers:/home/golf1234_pc/project1_ws/install/mobile_manipurator:/home/golf1234_pc/project1_ws/install/camera2_ros:/home/golf1234_pc/test1_ws/install/test1:/opt/ros/jazzy DEBUGINFOD_URLS=https://debuginfod.ubuntu.com /usr/bin/cmake --build /home/golf1234_pc/manipurator_ws/build/config1 -- -j16 -l16
[2.083s] DEBUG:colcon.colcon_core.event_handler.log_command:Invoked command in '/home/golf1234_pc/manipurator_ws/build/config1' returned '0': CMAKE_PREFIX_PATH=/home/golf1234_pc/manipurator_ws/install/urdf1:/home/golf1234_pc/manipurator_ws/install/config2:/home/golf1234_pc/manipurator_ws/install/config1:/home/golf1234_pc/manipurator_ws/install/mtc_config1:/home/golf1234_pc/manipurator_ws/install/car_urdf:/home/golf1234_pc/moveit2_obb/install/yolov8_obb:/home/golf1234_pc/moveit2_obb/install/yolov8_msgs:/home/golf1234_pc/moveit2_obb/install/robot_description:/home/golf1234_pc/moveit2_obb/install/panda_moveit_config:/home/golf1234_pc/gz_mobile/install/mobile_robot:/home/golf1234_pc/install/serial:/home/golf1234_pc/install/robotiq_description:/home/golf1234_pc/install/moveit_resources_prbt_support:/home/golf1234_pc/install/moveit_resources_panda_description:/home/golf1234_pc/install/moveit_resources_fanuc_description:/home/golf1234_pc/install/moveit_common:/home/golf1234_pc/install/ffinall:/home/golf1234_pc/install/f17:/home/golf1234_pc/install/f15:/home/golf1234_pc/ws_moveit/install/robotiq_hardware_tests:/home/golf1234_pc/ws_moveit/install/robotiq_driver:/home/golf1234_pc/ws_moveit/install/serial:/home/golf1234_pc/ws_moveit/install/moveit2_tutorials:/home/golf1234_pc/ws_moveit/install/moveit_visual_tools:/home/golf1234_pc/ws_moveit/install/rviz_visual_tools:/home/golf1234_pc/ws_moveit/install/mtc_tutorial:/home/golf1234_pc/ws_moveit/install/moveit_task_constructor_visualization:/home/golf1234_pc/ws_moveit/install/moveit_task_constructor_demo:/home/golf1234_pc/ws_moveit/install/moveit_task_constructor_capabilities:/home/golf1234_pc/ws_moveit/install/moveit_task_constructor_core:/home/golf1234_pc/ws_moveit/install/rviz_marker_tools:/home/golf1234_pc/ws_moveit/install/kortex_bringup:/home/golf1234_pc/ws_moveit/install/kinova_gen3_lite_moveit_config:/home/golf1234_pc/ws_moveit/install/kinova_gen3_7dof_robotiq_2f_85_moveit_config:/home/golf1234_pc/ws_moveit/install/kinova_gen3_6dof_robotiq_2f_85_moveit_config:/home/golf1234_pc/ws_moveit/install/kortex_description:/home/golf1234_pc/ws_moveit/install/robotiq_description:/home/golf1234_pc/ws_moveit/install/robotiq_controllers:/home/golf1234_pc/ws_moveit/install/pilz_industrial_motion_planner_testutils:/home/golf1234_pc/ws_moveit/install/moveit_runtime:/home/golf1234_pc/ws_moveit/install/moveit:/home/golf1234_pc/ws_moveit/install/moveit_planners:/home/golf1234_pc/ws_moveit/install/pilz_industrial_motion_planner:/home/golf1234_pc/ws_moveit/install/picknik_twist_controller:/home/golf1234_pc/ws_moveit/install/picknik_reset_fault_controller:/home/golf1234_pc/ws_moveit/install/moveit_task_constructor_msgs:/home/golf1234_pc/ws_moveit/install/moveit_ros_control_interface:/home/golf1234_pc/ws_moveit/install/moveit_plugins:/home/golf1234_pc/ws_moveit/install/moveit_simple_controller_manager:/home/golf1234_pc/ws_moveit/install/moveit_setup_assistant:/home/golf1234_pc/ws_moveit/install/moveit_setup_srdf_plugins:/home/golf1234_pc/ws_moveit/install/moveit_setup_core_plugins:/home/golf1234_pc/ws_moveit/install/moveit_setup_controllers:/home/golf1234_pc/ws_moveit/install/moveit_setup_app_plugins:/home/golf1234_pc/ws_moveit/install/moveit_setup_framework:/home/golf1234_pc/ws_moveit/install/moveit_servo:/home/golf1234_pc/ws_moveit/install/moveit_ros_trajectory_cache:/home/golf1234_pc/ws_moveit/install/moveit_ros:/home/golf1234_pc/ws_moveit/install/moveit_ros_visualization:/home/golf1234_pc/ws_moveit/install/moveit_py:/home/golf1234_pc/ws_moveit/install/moveit_hybrid_planning:/home/golf1234_pc/ws_moveit/install/moveit_ros_planning_interface:/home/golf1234_pc/ws_moveit/install/moveit_ros_benchmarks:/home/golf1234_pc/ws_moveit/install/moveit_ros_warehouse:/home/golf1234_pc/ws_moveit/install/moveit_ros_robot_interaction:/home/golf1234_pc/ws_moveit/install/moveit_ros_perception:/home/golf1234_pc/ws_moveit/install/moveit_resources_prbt_pg70_support:/home/golf1234_pc/ws_moveit/install/moveit_resources_prbt_moveit_config:/home/golf1234_pc/ws_moveit/install/moveit_ros_move_group:/home/golf1234_pc/ws_moveit/install/moveit_planners_ompl:/home/golf1234_pc/ws_moveit/install/moveit_kinematics:/home/golf1234_pc/ws_moveit/install/moveit_ros_planning:/home/golf1234_pc/ws_moveit/install/moveit_ros_occupancy_map_monitor:/home/golf1234_pc/ws_moveit/install/moveit_resources_prbt_support:/home/golf1234_pc/ws_moveit/install/moveit_resources_prbt_ikfast_manipulator_plugin:/home/golf1234_pc/ws_moveit/install/moveit_resources:/home/golf1234_pc/ws_moveit/install/moveit_resources_pr2_description:/home/golf1234_pc/ws_moveit/install/moveit_resources_panda_moveit_config:/home/golf1234_pc/ws_moveit/install/dual_arm_panda_moveit_config:/home/golf1234_pc/ws_moveit/install/moveit_resources_panda_description:/home/golf1234_pc/ws_moveit/install/moveit_resources_fanuc_moveit_config:/home/golf1234_pc/ws_moveit/install/moveit_resources_fanuc_description:/home/golf1234_pc/ws_moveit/install/moveit_planners_stomp:/home/golf1234_pc/ws_moveit/install/moveit_planners_chomp:/home/golf1234_pc/ws_moveit/install/chomp_motion_planner:/home/golf1234_pc/ws_moveit/install/moveit_core:/home/golf1234_pc/ws_moveit/install/moveit_msgs:/home/golf1234_pc/ws_moveit/install/moveit_common:/home/golf1234_pc/ws_moveit/install/kortex_driver:/home/golf1234_pc/ws_moveit/install/kortex_api:/home/golf1234_pc/project1_ws/install/project_assem_urdf_meshes:/home/golf1234_pc/project1_ws/install/p9_config:/home/golf1234_pc/project1_ws/install/p8_config:/home/golf1234_pc/project1_ws/install/p7_config:/home/golf1234_pc/project1_ws/install/p6_config:/home/golf1234_pc/project1_ws/install/p5_config:/home/golf1234_pc/project1_ws/install/p4_config:/home/golf1234_pc/project1_ws/install/p3_config:/home/golf1234_pc/project1_ws/install/p2_config:/home/golf1234_pc/project1_ws/install/p1_config:/home/golf1234_pc/project1_ws/install/p18_config:/home/golf1234_pc/project1_ws/install/p17_config:/home/golf1234_pc/project1_ws/install/p15_config:/home/golf1234_pc/project1_ws/install/p14_config:/home/golf1234_pc/project1_ws/install/p13_config:/home/golf1234_pc/project1_ws/install/p12_config:/home/golf1234_pc/project1_ws/install/p11_config:/home/golf1234_pc/project1_ws/install/p10_config:/home/golf1234_pc/project1_ws/install/mtc_p18_real:/home/golf1234_pc/project1_ws/install/mtc_p18_config:/home/golf1234_pc/project1_ws/install/mtc_p17_config:/home/golf1234_pc/project1_ws/install/mtc_p14_config:/home/golf1234_pc/project1_ws/install/for_test:/home/golf1234_pc/project1_ws/install/ffinall:/home/golf1234_pc/project1_ws/install/f2:/home/golf1234_pc/project1_ws/install/f17:/home/golf1234_pc/project1_ws/install/f16:/home/golf1234_pc/project1_ws/install/f15:/home/golf1234_pc/project1_ws/install/f10:/home/golf1234_pc/project1_ws/install/car1:/home/golf1234_pc/test1_ws/install/cpp_pubsub:/opt/ros/jazzy/opt/gz_sim_vendor:/opt/ros/jazzy/opt/gz_sensors_vendor:/opt/ros/jazzy/opt/gz_physics_vendor:/opt/ros/jazzy/opt/sdformat_vendor:/opt/ros/jazzy/opt/gz_gui_vendor:/opt/ros/jazzy/opt/gz_transport_vendor:/opt/ros/jazzy/opt/gz_rendering_vendor:/opt/ros/jazzy/opt/gz_plugin_vendor:/opt/ros/jazzy/opt/gz_fuel_tools_vendor:/opt/ros/jazzy/opt/gz_msgs_vendor:/opt/ros/jazzy/opt/gz_common_vendor:/opt/ros/jazzy/opt/gz_math_vendor:/opt/ros/jazzy/opt/gz_utils_vendor:/opt/ros/jazzy/opt/gz_tools_vendor:/opt/ros/jazzy/opt/gz_ogre_next_vendor:/opt/ros/jazzy/opt/gz_dartsim_vendor:/opt/ros/jazzy/opt/gz_cmake_vendor:/home/golf1234_pc/manipurator_ws/install/server_controllers:/home/golf1234_pc/manipurator_ws/install/mobile_manipurator:/home/golf1234_pc/manipurator_ws/install/camera2_ros:/home/golf1234_pc/install/moveit_configs_utils:/home/golf1234_pc/ws_moveit/install/moveit_configs_utils:/home/golf1234_pc/project1_ws/install/server_controllers:/home/golf1234_pc/project1_ws/install/mobile_manipurator:/home/golf1234_pc/project1_ws/install/camera2_ros:/home/golf1234_pc/test1_ws/install/test1:/opt/ros/jazzy DEBUGINFOD_URLS=https://debuginfod.ubuntu.com /usr/bin/cmake --build /home/golf1234_pc/manipurator_ws/build/config1 -- -j16 -l16
[2.086s] DEBUG:colcon.colcon_core.event_handler.log_command:Invoking command in '/home/golf1234_pc/manipurator_ws/build/config1': CMAKE_PREFIX_PATH=/home/golf1234_pc/manipurator_ws/install/urdf1:/home/golf1234_pc/manipurator_ws/install/config2:/home/golf1234_pc/manipurator_ws/install/config1:/home/golf1234_pc/manipurator_ws/install/mtc_config1:/home/golf1234_pc/manipurator_ws/install/car_urdf:/home/golf1234_pc/moveit2_obb/install/yolov8_obb:/home/golf1234_pc/moveit2_obb/install/yolov8_msgs:/home/golf1234_pc/moveit2_obb/install/robot_description:/home/golf1234_pc/moveit2_obb/install/panda_moveit_config:/home/golf1234_pc/gz_mobile/install/mobile_robot:/home/golf1234_pc/install/serial:/home/golf1234_pc/install/robotiq_description:/home/golf1234_pc/install/moveit_resources_prbt_support:/home/golf1234_pc/install/moveit_resources_panda_description:/home/golf1234_pc/install/moveit_resources_fanuc_description:/home/golf1234_pc/install/moveit_common:/home/golf1234_pc/install/ffinall:/home/golf1234_pc/install/f17:/home/golf1234_pc/install/f15:/home/golf1234_pc/ws_moveit/install/robotiq_hardware_tests:/home/golf1234_pc/ws_moveit/install/robotiq_driver:/home/golf1234_pc/ws_moveit/install/serial:/home/golf1234_pc/ws_moveit/install/moveit2_tutorials:/home/golf1234_pc/ws_moveit/install/moveit_visual_tools:/home/golf1234_pc/ws_moveit/install/rviz_visual_tools:/home/golf1234_pc/ws_moveit/install/mtc_tutorial:/home/golf1234_pc/ws_moveit/install/moveit_task_constructor_visualization:/home/golf1234_pc/ws_moveit/install/moveit_task_constructor_demo:/home/golf1234_pc/ws_moveit/install/moveit_task_constructor_capabilities:/home/golf1234_pc/ws_moveit/install/moveit_task_constructor_core:/home/golf1234_pc/ws_moveit/install/rviz_marker_tools:/home/golf1234_pc/ws_moveit/install/kortex_bringup:/home/golf1234_pc/ws_moveit/install/kinova_gen3_lite_moveit_config:/home/golf1234_pc/ws_moveit/install/kinova_gen3_7dof_robotiq_2f_85_moveit_config:/home/golf1234_pc/ws_moveit/install/kinova_gen3_6dof_robotiq_2f_85_moveit_config:/home/golf1234_pc/ws_moveit/install/kortex_description:/home/golf1234_pc/ws_moveit/install/robotiq_description:/home/golf1234_pc/ws_moveit/install/robotiq_controllers:/home/golf1234_pc/ws_moveit/install/pilz_industrial_motion_planner_testutils:/home/golf1234_pc/ws_moveit/install/moveit_runtime:/home/golf1234_pc/ws_moveit/install/moveit:/home/golf1234_pc/ws_moveit/install/moveit_planners:/home/golf1234_pc/ws_moveit/install/pilz_industrial_motion_planner:/home/golf1234_pc/ws_moveit/install/picknik_twist_controller:/home/golf1234_pc/ws_moveit/install/picknik_reset_fault_controller:/home/golf1234_pc/ws_moveit/install/moveit_task_constructor_msgs:/home/golf1234_pc/ws_moveit/install/moveit_ros_control_interface:/home/golf1234_pc/ws_moveit/install/moveit_plugins:/home/golf1234_pc/ws_moveit/install/moveit_simple_controller_manager:/home/golf1234_pc/ws_moveit/install/moveit_setup_assistant:/home/golf1234_pc/ws_moveit/install/moveit_setup_srdf_plugins:/home/golf1234_pc/ws_moveit/install/moveit_setup_core_plugins:/home/golf1234_pc/ws_moveit/install/moveit_setup_controllers:/home/golf1234_pc/ws_moveit/install/moveit_setup_app_plugins:/home/golf1234_pc/ws_moveit/install/moveit_setup_framework:/home/golf1234_pc/ws_moveit/install/moveit_servo:/home/golf1234_pc/ws_moveit/install/moveit_ros_trajectory_cache:/home/golf1234_pc/ws_moveit/install/moveit_ros:/home/golf1234_pc/ws_moveit/install/moveit_ros_visualization:/home/golf1234_pc/ws_moveit/install/moveit_py:/home/golf1234_pc/ws_moveit/install/moveit_hybrid_planning:/home/golf1234_pc/ws_moveit/install/moveit_ros_planning_interface:/home/golf1234_pc/ws_moveit/install/moveit_ros_benchmarks:/home/golf1234_pc/ws_moveit/install/moveit_ros_warehouse:/home/golf1234_pc/ws_moveit/install/moveit_ros_robot_interaction:/home/golf1234_pc/ws_moveit/install/moveit_ros_perception:/home/golf1234_pc/ws_moveit/install/moveit_resources_prbt_pg70_support:/home/golf1234_pc/ws_moveit/install/moveit_resources_prbt_moveit_config:/home/golf1234_pc/ws_moveit/install/moveit_ros_move_group:/home/golf1234_pc/ws_moveit/install/moveit_planners_ompl:/home/golf1234_pc/ws_moveit/install/moveit_kinematics:/home/golf1234_pc/ws_moveit/install/moveit_ros_planning:/home/golf1234_pc/ws_moveit/install/moveit_ros_occupancy_map_monitor:/home/golf1234_pc/ws_moveit/install/moveit_resources_prbt_support:/home/golf1234_pc/ws_moveit/install/moveit_resources_prbt_ikfast_manipulator_plugin:/home/golf1234_pc/ws_moveit/install/moveit_resources:/home/golf1234_pc/ws_moveit/install/moveit_resources_pr2_description:/home/golf1234_pc/ws_moveit/install/moveit_resources_panda_moveit_config:/home/golf1234_pc/ws_moveit/install/dual_arm_panda_moveit_config:/home/golf1234_pc/ws_moveit/install/moveit_resources_panda_description:/home/golf1234_pc/ws_moveit/install/moveit_resources_fanuc_moveit_config:/home/golf1234_pc/ws_moveit/install/moveit_resources_fanuc_description:/home/golf1234_pc/ws_moveit/install/moveit_planners_stomp:/home/golf1234_pc/ws_moveit/install/moveit_planners_chomp:/home/golf1234_pc/ws_moveit/install/chomp_motion_planner:/home/golf1234_pc/ws_moveit/install/moveit_core:/home/golf1234_pc/ws_moveit/install/moveit_msgs:/home/golf1234_pc/ws_moveit/install/moveit_common:/home/golf1234_pc/ws_moveit/install/kortex_driver:/home/golf1234_pc/ws_moveit/install/kortex_api:/home/golf1234_pc/project1_ws/install/project_assem_urdf_meshes:/home/golf1234_pc/project1_ws/install/p9_config:/home/golf1234_pc/project1_ws/install/p8_config:/home/golf1234_pc/project1_ws/install/p7_config:/home/golf1234_pc/project1_ws/install/p6_config:/home/golf1234_pc/project1_ws/install/p5_config:/home/golf1234_pc/project1_ws/install/p4_config:/home/golf1234_pc/project1_ws/install/p3_config:/home/golf1234_pc/project1_ws/install/p2_config:/home/golf1234_pc/project1_ws/install/p1_config:/home/golf1234_pc/project1_ws/install/p18_config:/home/golf1234_pc/project1_ws/install/p17_config:/home/golf1234_pc/project1_ws/install/p15_config:/home/golf1234_pc/project1_ws/install/p14_config:/home/golf1234_pc/project1_ws/install/p13_config:/home/golf1234_pc/project1_ws/install/p12_config:/home/golf1234_pc/project1_ws/install/p11_config:/home/golf1234_pc/project1_ws/install/p10_config:/home/golf1234_pc/project1_ws/install/mtc_p18_real:/home/golf1234_pc/project1_ws/install/mtc_p18_config:/home/golf1234_pc/project1_ws/install/mtc_p17_config:/home/golf1234_pc/project1_ws/install/mtc_p14_config:/home/golf1234_pc/project1_ws/install/for_test:/home/golf1234_pc/project1_ws/install/ffinall:/home/golf1234_pc/project1_ws/install/f2:/home/golf1234_pc/project1_ws/install/f17:/home/golf1234_pc/project1_ws/install/f16:/home/golf1234_pc/project1_ws/install/f15:/home/golf1234_pc/project1_ws/install/f10:/home/golf1234_pc/project1_ws/install/car1:/home/golf1234_pc/test1_ws/install/cpp_pubsub:/opt/ros/jazzy/opt/gz_sim_vendor:/opt/ros/jazzy/opt/gz_sensors_vendor:/opt/ros/jazzy/opt/gz_physics_vendor:/opt/ros/jazzy/opt/sdformat_vendor:/opt/ros/jazzy/opt/gz_gui_vendor:/opt/ros/jazzy/opt/gz_transport_vendor:/opt/ros/jazzy/opt/gz_rendering_vendor:/opt/ros/jazzy/opt/gz_plugin_vendor:/opt/ros/jazzy/opt/gz_fuel_tools_vendor:/opt/ros/jazzy/opt/gz_msgs_vendor:/opt/ros/jazzy/opt/gz_common_vendor:/opt/ros/jazzy/opt/gz_math_vendor:/opt/ros/jazzy/opt/gz_utils_vendor:/opt/ros/jazzy/opt/gz_tools_vendor:/opt/ros/jazzy/opt/gz_ogre_next_vendor:/opt/ros/jazzy/opt/gz_dartsim_vendor:/opt/ros/jazzy/opt/gz_cmake_vendor:/home/golf1234_pc/manipurator_ws/install/server_controllers:/home/golf1234_pc/manipurator_ws/install/mobile_manipurator:/home/golf1234_pc/manipurator_ws/install/camera2_ros:/home/golf1234_pc/install/moveit_configs_utils:/home/golf1234_pc/ws_moveit/install/moveit_configs_utils:/home/golf1234_pc/project1_ws/install/server_controllers:/home/golf1234_pc/project1_ws/install/mobile_manipurator:/home/golf1234_pc/project1_ws/install/camera2_ros:/home/golf1234_pc/test1_ws/install/test1:/opt/ros/jazzy DEBUGINFOD_URLS=https://debuginfod.ubuntu.com /usr/bin/cmake --install /home/golf1234_pc/manipurator_ws/build/config1
[2.143s] Level 1:colcon.colcon_core.environment:create_environment_scripts_only(config1)
[2.143s] Level 1:colcon.colcon_core.environment:checking '/home/golf1234_pc/manipurator_ws/install/config1' for CMake module files
[2.145s] DEBUG:colcon.colcon_core.event_handler.log_command:Invoked command in '/home/golf1234_pc/manipurator_ws/build/config1' returned '0': CMAKE_PREFIX_PATH=/home/golf1234_pc/manipurator_ws/install/urdf1:/home/golf1234_pc/manipurator_ws/install/config2:/home/golf1234_pc/manipurator_ws/install/config1:/home/golf1234_pc/manipurator_ws/install/mtc_config1:/home/golf1234_pc/manipurator_ws/install/car_urdf:/home/golf1234_pc/moveit2_obb/install/yolov8_obb:/home/golf1234_pc/moveit2_obb/install/yolov8_msgs:/home/golf1234_pc/moveit2_obb/install/robot_description:/home/golf1234_pc/moveit2_obb/install/panda_moveit_config:/home/golf1234_pc/gz_mobile/install/mobile_robot:/home/golf1234_pc/install/serial:/home/golf1234_pc/install/robotiq_description:/home/golf1234_pc/install/moveit_resources_prbt_support:/home/golf1234_pc/install/moveit_resources_panda_description:/home/golf1234_pc/install/moveit_resources_fanuc_description:/home/golf1234_pc/install/moveit_common:/home/golf1234_pc/install/ffinall:/home/golf1234_pc/install/f17:/home/golf1234_pc/install/f15:/home/golf1234_pc/ws_moveit/install/robotiq_hardware_tests:/home/golf1234_pc/ws_moveit/install/robotiq_driver:/home/golf1234_pc/ws_moveit/install/serial:/home/golf1234_pc/ws_moveit/install/moveit2_tutorials:/home/golf1234_pc/ws_moveit/install/moveit_visual_tools:/home/golf1234_pc/ws_moveit/install/rviz_visual_tools:/home/golf1234_pc/ws_moveit/install/mtc_tutorial:/home/golf1234_pc/ws_moveit/install/moveit_task_constructor_visualization:/home/golf1234_pc/ws_moveit/install/moveit_task_constructor_demo:/home/golf1234_pc/ws_moveit/install/moveit_task_constructor_capabilities:/home/golf1234_pc/ws_moveit/install/moveit_task_constructor_core:/home/golf1234_pc/ws_moveit/install/rviz_marker_tools:/home/golf1234_pc/ws_moveit/install/kortex_bringup:/home/golf1234_pc/ws_moveit/install/kinova_gen3_lite_moveit_config:/home/golf1234_pc/ws_moveit/install/kinova_gen3_7dof_robotiq_2f_85_moveit_config:/home/golf1234_pc/ws_moveit/install/kinova_gen3_6dof_robotiq_2f_85_moveit_config:/home/golf1234_pc/ws_moveit/install/kortex_description:/home/golf1234_pc/ws_moveit/install/robotiq_description:/home/golf1234_pc/ws_moveit/install/robotiq_controllers:/home/golf1234_pc/ws_moveit/install/pilz_industrial_motion_planner_testutils:/home/golf1234_pc/ws_moveit/install/moveit_runtime:/home/golf1234_pc/ws_moveit/install/moveit:/home/golf1234_pc/ws_moveit/install/moveit_planners:/home/golf1234_pc/ws_moveit/install/pilz_industrial_motion_planner:/home/golf1234_pc/ws_moveit/install/picknik_twist_controller:/home/golf1234_pc/ws_moveit/install/picknik_reset_fault_controller:/home/golf1234_pc/ws_moveit/install/moveit_task_constructor_msgs:/home/golf1234_pc/ws_moveit/install/moveit_ros_control_interface:/home/golf1234_pc/ws_moveit/install/moveit_plugins:/home/golf1234_pc/ws_moveit/install/moveit_simple_controller_manager:/home/golf1234_pc/ws_moveit/install/moveit_setup_assistant:/home/golf1234_pc/ws_moveit/install/moveit_setup_srdf_plugins:/home/golf1234_pc/ws_moveit/install/moveit_setup_core_plugins:/home/golf1234_pc/ws_moveit/install/moveit_setup_controllers:/home/golf1234_pc/ws_moveit/install/moveit_setup_app_plugins:/home/golf1234_pc/ws_moveit/install/moveit_setup_framework:/home/golf1234_pc/ws_moveit/install/moveit_servo:/home/golf1234_pc/ws_moveit/install/moveit_ros_trajectory_cache:/home/golf1234_pc/ws_moveit/install/moveit_ros:/home/golf1234_pc/ws_moveit/install/moveit_ros_visualization:/home/golf1234_pc/ws_moveit/install/moveit_py:/home/golf1234_pc/ws_moveit/install/moveit_hybrid_planning:/home/golf1234_pc/ws_moveit/install/moveit_ros_planning_interface:/home/golf1234_pc/ws_moveit/install/moveit_ros_benchmarks:/home/golf1234_pc/ws_moveit/install/moveit_ros_warehouse:/home/golf1234_pc/ws_moveit/install/moveit_ros_robot_interaction:/home/golf1234_pc/ws_moveit/install/moveit_ros_perception:/home/golf1234_pc/ws_moveit/install/moveit_resources_prbt_pg70_support:/home/golf1234_pc/ws_moveit/install/moveit_resources_prbt_moveit_config:/home/golf1234_pc/ws_moveit/install/moveit_ros_move_group:/home/golf1234_pc/ws_moveit/install/moveit_planners_ompl:/home/golf1234_pc/ws_moveit/install/moveit_kinematics:/home/golf1234_pc/ws_moveit/install/moveit_ros_planning:/home/golf1234_pc/ws_moveit/install/moveit_ros_occupancy_map_monitor:/home/golf1234_pc/ws_moveit/install/moveit_resources_prbt_support:/home/golf1234_pc/ws_moveit/install/moveit_resources_prbt_ikfast_manipulator_plugin:/home/golf1234_pc/ws_moveit/install/moveit_resources:/home/golf1234_pc/ws_moveit/install/moveit_resources_pr2_description:/home/golf1234_pc/ws_moveit/install/moveit_resources_panda_moveit_config:/home/golf1234_pc/ws_moveit/install/dual_arm_panda_moveit_config:/home/golf1234_pc/ws_moveit/install/moveit_resources_panda_description:/home/golf1234_pc/ws_moveit/install/moveit_resources_fanuc_moveit_config:/home/golf1234_pc/ws_moveit/install/moveit_resources_fanuc_description:/home/golf1234_pc/ws_moveit/install/moveit_planners_stomp:/home/golf1234_pc/ws_moveit/install/moveit_planners_chomp:/home/golf1234_pc/ws_moveit/install/chomp_motion_planner:/home/golf1234_pc/ws_moveit/install/moveit_core:/home/golf1234_pc/ws_moveit/install/moveit_msgs:/home/golf1234_pc/ws_moveit/install/moveit_common:/home/golf1234_pc/ws_moveit/install/kortex_driver:/home/golf1234_pc/ws_moveit/install/kortex_api:/home/golf1234_pc/project1_ws/install/project_assem_urdf_meshes:/home/golf1234_pc/project1_ws/install/p9_config:/home/golf1234_pc/project1_ws/install/p8_config:/home/golf1234_pc/project1_ws/install/p7_config:/home/golf1234_pc/project1_ws/install/p6_config:/home/golf1234_pc/project1_ws/install/p5_config:/home/golf1234_pc/project1_ws/install/p4_config:/home/golf1234_pc/project1_ws/install/p3_config:/home/golf1234_pc/project1_ws/install/p2_config:/home/golf1234_pc/project1_ws/install/p1_config:/home/golf1234_pc/project1_ws/install/p18_config:/home/golf1234_pc/project1_ws/install/p17_config:/home/golf1234_pc/project1_ws/install/p15_config:/home/golf1234_pc/project1_ws/install/p14_config:/home/golf1234_pc/project1_ws/install/p13_config:/home/golf1234_pc/project1_ws/install/p12_config:/home/golf1234_pc/project1_ws/install/p11_config:/home/golf1234_pc/project1_ws/install/p10_config:/home/golf1234_pc/project1_ws/install/mtc_p18_real:/home/golf1234_pc/project1_ws/install/mtc_p18_config:/home/golf1234_pc/project1_ws/install/mtc_p17_config:/home/golf1234_pc/project1_ws/install/mtc_p14_config:/home/golf1234_pc/project1_ws/install/for_test:/home/golf1234_pc/project1_ws/install/ffinall:/home/golf1234_pc/project1_ws/install/f2:/home/golf1234_pc/project1_ws/install/f17:/home/golf1234_pc/project1_ws/install/f16:/home/golf1234_pc/project1_ws/install/f15:/home/golf1234_pc/project1_ws/install/f10:/home/golf1234_pc/project1_ws/install/car1:/home/golf1234_pc/test1_ws/install/cpp_pubsub:/opt/ros/jazzy/opt/gz_sim_vendor:/opt/ros/jazzy/opt/gz_sensors_vendor:/opt/ros/jazzy/opt/gz_physics_vendor:/opt/ros/jazzy/opt/sdformat_vendor:/opt/ros/jazzy/opt/gz_gui_vendor:/opt/ros/jazzy/opt/gz_transport_vendor:/opt/ros/jazzy/opt/gz_rendering_vendor:/opt/ros/jazzy/opt/gz_plugin_vendor:/opt/ros/jazzy/opt/gz_fuel_tools_vendor:/opt/ros/jazzy/opt/gz_msgs_vendor:/opt/ros/jazzy/opt/gz_common_vendor:/opt/ros/jazzy/opt/gz_math_vendor:/opt/ros/jazzy/opt/gz_utils_vendor:/opt/ros/jazzy/opt/gz_tools_vendor:/opt/ros/jazzy/opt/gz_ogre_next_vendor:/opt/ros/jazzy/opt/gz_dartsim_vendor:/opt/ros/jazzy/opt/gz_cmake_vendor:/home/golf1234_pc/manipurator_ws/install/server_controllers:/home/golf1234_pc/manipurator_ws/install/mobile_manipurator:/home/golf1234_pc/manipurator_ws/install/camera2_ros:/home/golf1234_pc/install/moveit_configs_utils:/home/golf1234_pc/ws_moveit/install/moveit_configs_utils:/home/golf1234_pc/project1_ws/install/server_controllers:/home/golf1234_pc/project1_ws/install/mobile_manipurator:/home/golf1234_pc/project1_ws/install/camera2_ros:/home/golf1234_pc/test1_ws/install/test1:/opt/ros/jazzy DEBUGINFOD_URLS=https://debuginfod.ubuntu.com /usr/bin/cmake --install /home/golf1234_pc/manipurator_ws/build/config1
[2.146s] Level 1:colcon.colcon_core.environment:checking '/home/golf1234_pc/manipurator_ws/install/config1' for CMake config files
[2.147s] Level 1:colcon.colcon_core.shell:create_environment_hook('config1', 'cmake_prefix_path')
[2.147s] INFO:colcon.colcon_core.shell:Creating environment hook '/home/golf1234_pc/manipurator_ws/install/config1/share/config1/hook/cmake_prefix_path.ps1'
[2.149s] INFO:colcon.colcon_core.shell:Creating environment descriptor '/home/golf1234_pc/manipurator_ws/install/config1/share/config1/hook/cmake_prefix_path.dsv'
[2.150s] INFO:colcon.colcon_core.shell:Creating environment hook '/home/golf1234_pc/manipurator_ws/install/config1/share/config1/hook/cmake_prefix_path.sh'
[2.150s] Level 1:colcon.colcon_core.environment:checking '/home/golf1234_pc/manipurator_ws/install/config1/bin'
[2.151s] Level 1:colcon.colcon_core.environment:checking '/home/golf1234_pc/manipurator_ws/install/config1/lib/pkgconfig/config1.pc'
[2.151s] Level 1:colcon.colcon_core.environment:checking '/home/golf1234_pc/manipurator_ws/install/config1/lib/python3.12/site-packages'
[2.151s] Level 1:colcon.colcon_core.environment:checking '/home/golf1234_pc/manipurator_ws/install/config1/bin'
[2.152s] INFO:colcon.colcon_core.shell:Creating package script '/home/golf1234_pc/manipurator_ws/install/config1/share/config1/package.ps1'
[2.152s] INFO:colcon.colcon_core.shell:Creating package descriptor '/home/golf1234_pc/manipurator_ws/install/config1/share/config1/package.dsv'
[2.154s] INFO:colcon.colcon_core.shell:Creating package script '/home/golf1234_pc/manipurator_ws/install/config1/share/config1/package.sh'
[2.155s] INFO:colcon.colcon_core.shell:Creating package script '/home/golf1234_pc/manipurator_ws/install/config1/share/config1/package.bash'
[2.155s] INFO:colcon.colcon_core.shell:Creating package script '/home/golf1234_pc/manipurator_ws/install/config1/share/config1/package.zsh'
[2.156s] Level 1:colcon.colcon_core.environment:create_file_with_runtime_dependencies(/home/golf1234_pc/manipurator_ws/install/config1/share/colcon-core/packages/config1)
[2.158s] Level 1:colcon.colcon_core.environment:create_environment_scripts_only(config1)
[2.159s] Level 1:colcon.colcon_core.environment:checking '/home/golf1234_pc/manipurator_ws/install/config1' for CMake module files
[2.160s] Level 1:colcon.colcon_core.environment:checking '/home/golf1234_pc/manipurator_ws/install/config1' for CMake config files
[2.160s] Level 1:colcon.colcon_core.shell:create_environment_hook('config1', 'cmake_prefix_path')
[2.160s] INFO:colcon.colcon_core.shell:Creating environment hook '/home/golf1234_pc/manipurator_ws/install/config1/share/config1/hook/cmake_prefix_path.ps1'
[2.161s] INFO:colcon.colcon_core.shell:Creating environment descriptor '/home/golf1234_pc/manipurator_ws/install/config1/share/config1/hook/cmake_prefix_path.dsv'
[2.161s] INFO:colcon.colcon_core.shell:Creating environment hook '/home/golf1234_pc/manipurator_ws/install/config1/share/config1/hook/cmake_prefix_path.sh'
[2.162s] Level 1:colcon.colcon_core.environment:checking '/home/golf1234_pc/manipurator_ws/install/config1/bin'
[2.162s] Level 1:colcon.colcon_core.environment:checking '/home/golf1234_pc/manipurator_ws/install/config1/lib/pkgconfig/config1.pc'
[2.163s] Level 1:colcon.colcon_core.environment:checking '/home/golf1234_pc/manipurator_ws/install/config1/lib/python3.12/site-packages'
[2.163s] Level 1:colcon.colcon_core.environment:checking '/home/golf1234_pc/manipurator_ws/install/config1/bin'
[2.163s] INFO:colcon.colcon_core.shell:Creating package script '/home/golf1234_pc/manipurator_ws/install/config1/share/config1/package.ps1'
[2.164s] INFO:colcon.colcon_core.shell:Creating package descriptor '/home/golf1234_pc/manipurator_ws/install/config1/share/config1/package.dsv'
[2.164s] INFO:colcon.colcon_core.shell:Creating package script '/home/golf1234_pc/manipurator_ws/install/config1/share/config1/package.sh'
[2.165s] INFO:colcon.colcon_core.shell:Creating package script '/home/golf1234_pc/manipurator_ws/install/config1/share/config1/package.bash'
[2.165s] INFO:colcon.colcon_core.shell:Creating package script '/home/golf1234_pc/manipurator_ws/install/config1/share/config1/package.zsh'
[2.166s] Level 1:colcon.colcon_core.environment:create_file_with_runtime_dependencies(/home/golf1234_pc/manipurator_ws/install/config1/share/colcon-core/packages/config1)
[3.241s] DEBUG:colcon.colcon_core.event_handler.log_command:Invoking command in '/home/golf1234_pc/manipurator_ws/build/mobile_manipurator': DEBUGINFOD_URLS=https://debuginfod.ubuntu.com PYTHONPATH=/home/golf1234_pc/manipurator_ws/build/mobile_manipurator/prefix_override:/usr/lib/python3/dist-packages/colcon_core/task/python/colcon_distutils_commands:/home/golf1234_pc/manipurator_ws/install/mobile_manipurator/lib/python3.12/site-packages:${PYTHONPATH} /usr/bin/python3 -W ignore:setup.py install is deprecated -W ignore:easy_install command is deprecated setup.py develop --editable --build-directory /home/golf1234_pc/manipurator_ws/build/mobile_manipurator/build --no-deps symlink_data
[3.260s] DEBUG:colcon.colcon_core.event_handler.log_command:Invoking command in '/home/golf1234_pc/manipurator_ws/build/camera2_ros': DEBUGINFOD_URLS=https://debuginfod.ubuntu.com PYTHONPATH=/home/golf1234_pc/manipurator_ws/build/camera2_ros/prefix_override:/usr/lib/python3/dist-packages/colcon_core/task/python/colcon_distutils_commands:/home/golf1234_pc/manipurator_ws/install/camera2_ros/lib/python3.12/site-packages:${PYTHONPATH} /usr/bin/python3 -W ignore:setup.py install is deprecated -W ignore:easy_install command is deprecated setup.py develop --editable --build-directory /home/golf1234_pc/manipurator_ws/build/camera2_ros/build --no-deps symlink_data
[3.354s] DEBUG:colcon.colcon_core.event_handler.log_command:Invoking command in '/home/golf1234_pc/manipurator_ws/build/server_controllers': DEBUGINFOD_URLS=https://debuginfod.ubuntu.com PYTHONPATH=/home/golf1234_pc/manipurator_ws/build/server_controllers/prefix_override:/usr/lib/python3/dist-packages/colcon_core/task/python/colcon_distutils_commands:/home/golf1234_pc/manipurator_ws/install/server_controllers/lib/python3.12/site-packages:${PYTHONPATH} /usr/bin/python3 -W ignore:setup.py install is deprecated -W ignore:easy_install command is deprecated setup.py develop --editable --build-directory /home/golf1234_pc/manipurator_ws/build/server_controllers/build --no-deps symlink_data
[3.379s] DEBUG:colcon.colcon_parallel_executor.executor.parallel:run_until_complete was interrupted
[3.379s] DEBUG:colcon.colcon_parallel_executor.executor.parallel:run_until_complete again
[3.393s] Level 1:colcon.colcon_core.environment:create_environment_scripts_only(mtc_config1)
[3.393s] Level 1:colcon.colcon_core.environment:checking '/home/golf1234_pc/manipurator_ws/install/mtc_config1' for CMake module files
[3.399s] Level 1:colcon.colcon_core.environment:checking '/home/golf1234_pc/manipurator_ws/install/mtc_config1' for CMake config files
[3.406s] DEBUG:colcon.colcon_core.event_handler.log_command:Invoked command in '/home/golf1234_pc/manipurator_ws/build/mtc_config1' returned '-2': CMAKE_PREFIX_PATH=${CMAKE_PREFIX_PATH}:/home/golf1234_pc/manipurator_ws/install/server_controllers:/home/golf1234_pc/manipurator_ws/install/mobile_manipurator:/home/golf1234_pc/manipurator_ws/install/camera2_ros:/home/golf1234_pc/install/moveit_configs_utils:/home/golf1234_pc/ws_moveit/install/moveit_configs_utils:/home/golf1234_pc/project1_ws/install/server_controllers:/home/golf1234_pc/project1_ws/install/mobile_manipurator:/home/golf1234_pc/project1_ws/install/camera2_ros:/home/golf1234_pc/test1_ws/install/test1:/opt/ros/jazzy DEBUGINFOD_URLS=https://debuginfod.ubuntu.com /usr/bin/cmake --build /home/golf1234_pc/manipurator_ws/build/mtc_config1 -- -j16 -l16
[3.406s] Level 1:colcon.colcon_core.shell:create_environment_hook('mtc_config1', 'cmake_prefix_path')
[3.407s] INFO:colcon.colcon_core.shell:Creating environment hook '/home/golf1234_pc/manipurator_ws/install/mtc_config1/share/mtc_config1/hook/cmake_prefix_path.ps1'
[3.408s] INFO:colcon.colcon_core.shell:Creating environment descriptor '/home/golf1234_pc/manipurator_ws/install/mtc_config1/share/mtc_config1/hook/cmake_prefix_path.dsv'
[3.410s] INFO:colcon.colcon_core.shell:Creating environment hook '/home/golf1234_pc/manipurator_ws/install/mtc_config1/share/mtc_config1/hook/cmake_prefix_path.sh'
[3.412s] Level 1:colcon.colcon_core.environment:checking '/home/golf1234_pc/manipurator_ws/install/mtc_config1/lib'
[3.413s] Level 1:colcon.colcon_core.environment:checking '/home/golf1234_pc/manipurator_ws/install/mtc_config1/bin'
[3.413s] Level 1:colcon.colcon_core.environment:checking '/home/golf1234_pc/manipurator_ws/install/mtc_config1/lib/pkgconfig/mtc_config1.pc'
[3.413s] Level 1:colcon.colcon_core.environment:checking '/home/golf1234_pc/manipurator_ws/install/mtc_config1/lib/python3.12/site-packages'
[3.414s] Level 1:colcon.colcon_core.environment:checking '/home/golf1234_pc/manipurator_ws/install/mtc_config1/bin'
[3.414s] INFO:colcon.colcon_core.shell:Creating package script '/home/golf1234_pc/manipurator_ws/install/mtc_config1/share/mtc_config1/package.ps1'
[3.415s] INFO:colcon.colcon_core.shell:Creating package descriptor '/home/golf1234_pc/manipurator_ws/install/mtc_config1/share/mtc_config1/package.dsv'
[3.416s] INFO:colcon.colcon_core.shell:Creating package script '/home/golf1234_pc/manipurator_ws/install/mtc_config1/share/mtc_config1/package.sh'
[3.417s] INFO:colcon.colcon_core.shell:Creating package script '/home/golf1234_pc/manipurator_ws/install/mtc_config1/share/mtc_config1/package.bash'
[3.417s] INFO:colcon.colcon_core.shell:Creating package script '/home/golf1234_pc/manipurator_ws/install/mtc_config1/share/mtc_config1/package.zsh'
[3.418s] Level 1:colcon.colcon_core.environment:create_file_with_runtime_dependencies(/home/golf1234_pc/manipurator_ws/install/mtc_config1/share/colcon-core/packages/mtc_config1)
[4.503s] DEBUG:colcon.colcon_parallel_executor.executor.parallel:run_until_complete finished
[4.503s] DEBUG:colcon.colcon_parallel_executor.executor.parallel:closing loop
[4.503s] DEBUG:colcon.colcon_parallel_executor.executor.parallel:loop closed
[4.504s] DEBUG:colcon.colcon_core.event_reactor:joining thread
[4.567s] INFO:colcon.colcon_core.plugin_system:Skipping extension 'colcon_notification.desktop_notification.notify_send': Could not find 'notify-send'
[4.567s] INFO:colcon.colcon_core.plugin_system:Skipping extension 'colcon_notification.desktop_notification.terminal_notifier': Not used on non-Darwin systems
[4.567s] INFO:colcon.colcon_core.plugin_system:Skipping extension 'colcon_notification.desktop_notification.win32': Not used on non-Windows systems
[4.567s] INFO:colcon.colcon_notification.desktop_notification:Sending desktop notification using 'notify2'
[4.569s] DEBUG:colcon.colcon_notification.desktop_notification.notify2:Failed to initialize notify2: org.freedesktop.DBus.Error.ServiceUnknown: The name org.freedesktop.Notifications was not provided by any .service files
[4.569s] DEBUG:colcon.colcon_core.event_reactor:joined thread
[4.570s] INFO:colcon.colcon_core.shell:Creating prefix script '/home/golf1234_pc/manipurator_ws/install/local_setup.ps1'
[4.571s] INFO:colcon.colcon_core.shell:Creating prefix util module '/home/golf1234_pc/manipurator_ws/install/_local_setup_util_ps1.py'
[4.572s] INFO:colcon.colcon_core.shell:Creating prefix chain script '/home/golf1234_pc/manipurator_ws/install/setup.ps1'
[4.578s] INFO:colcon.colcon_core.shell:Creating prefix script '/home/golf1234_pc/manipurator_ws/install/local_setup.sh'
[4.578s] INFO:colcon.colcon_core.shell:Creating prefix util module '/home/golf1234_pc/manipurator_ws/install/_local_setup_util_sh.py'
[4.579s] INFO:colcon.colcon_core.shell:Creating prefix chain script '/home/golf1234_pc/manipurator_ws/install/setup.sh'
[4.584s] INFO:colcon.colcon_core.shell:Creating prefix script '/home/golf1234_pc/manipurator_ws/install/local_setup.bash'
[4.585s] INFO:colcon.colcon_core.shell:Creating prefix chain script '/home/golf1234_pc/manipurator_ws/install/setup.bash'
[4.591s] INFO:colcon.colcon_core.shell:Creating prefix script '/home/golf1234_pc/manipurator_ws/install/local_setup.zsh'
[4.591s] INFO:colcon.colcon_core.shell:Creating prefix chain script '/home/golf1234_pc/manipurator_ws/install/setup.zsh'
